[2023-12-24T00:16:11.932+0000] {processor.py:157} INFO - Started process (PID=6220) to work on /home/airflow/.local/lib/python3.8/site-packages/airflow/example_dags/example_params_trigger_ui.py
[2023-12-24T00:16:11.934+0000] {processor.py:829} INFO - Processing file /home/airflow/.local/lib/python3.8/site-packages/airflow/example_dags/example_params_trigger_ui.py for tasks to queue
[2023-12-24T00:16:11.938+0000] {logging_mixin.py:154} INFO - [2023-12-24T00:16:11.937+0000] {dagbag.py:536} INFO - Filling up the DagBag from /home/airflow/.local/lib/python3.8/site-packages/airflow/example_dags/example_params_trigger_ui.py
[2023-12-24T00:16:11.955+0000] {processor.py:839} INFO - DAG(s) dict_keys(['example_params_trigger_ui']) retrieved from /home/airflow/.local/lib/python3.8/site-packages/airflow/example_dags/example_params_trigger_ui.py
[2023-12-24T00:16:11.986+0000] {logging_mixin.py:154} INFO - [2023-12-24T00:16:11.986+0000] {dag.py:2941} INFO - Sync 1 DAGs
[2023-12-24T00:16:11.995+0000] {logging_mixin.py:154} INFO - [2023-12-24T00:16:11.995+0000] {dag.py:3722} INFO - Setting next_dagrun for example_params_trigger_ui to None, run_after=None
[2023-12-24T00:16:12.008+0000] {processor.py:179} INFO - Processing /home/airflow/.local/lib/python3.8/site-packages/airflow/example_dags/example_params_trigger_ui.py took 0.080 seconds
[2023-12-24T00:16:42.316+0000] {processor.py:157} INFO - Started process (PID=6276) to work on /home/airflow/.local/lib/python3.8/site-packages/airflow/example_dags/example_params_trigger_ui.py
[2023-12-24T00:16:42.317+0000] {processor.py:829} INFO - Processing file /home/airflow/.local/lib/python3.8/site-packages/airflow/example_dags/example_params_trigger_ui.py for tasks to queue
[2023-12-24T00:16:42.319+0000] {logging_mixin.py:154} INFO - [2023-12-24T00:16:42.319+0000] {dagbag.py:536} INFO - Filling up the DagBag from /home/airflow/.local/lib/python3.8/site-packages/airflow/example_dags/example_params_trigger_ui.py
[2023-12-24T00:16:42.329+0000] {processor.py:839} INFO - DAG(s) dict_keys(['example_params_trigger_ui']) retrieved from /home/airflow/.local/lib/python3.8/site-packages/airflow/example_dags/example_params_trigger_ui.py
[2023-12-24T00:16:42.353+0000] {logging_mixin.py:154} INFO - [2023-12-24T00:16:42.353+0000] {dag.py:2941} INFO - Sync 1 DAGs
[2023-12-24T00:16:42.361+0000] {logging_mixin.py:154} INFO - [2023-12-24T00:16:42.361+0000] {dag.py:3722} INFO - Setting next_dagrun for example_params_trigger_ui to None, run_after=None
[2023-12-24T00:16:42.371+0000] {processor.py:179} INFO - Processing /home/airflow/.local/lib/python3.8/site-packages/airflow/example_dags/example_params_trigger_ui.py took 0.057 seconds
[2023-12-24T00:33:51.179+0000] {processor.py:157} INFO - Started process (PID=6332) to work on /home/airflow/.local/lib/python3.8/site-packages/airflow/example_dags/example_params_trigger_ui.py
[2023-12-24T00:33:51.180+0000] {processor.py:829} INFO - Processing file /home/airflow/.local/lib/python3.8/site-packages/airflow/example_dags/example_params_trigger_ui.py for tasks to queue
[2023-12-24T00:33:51.182+0000] {logging_mixin.py:154} INFO - [2023-12-24T00:33:51.182+0000] {dagbag.py:536} INFO - Filling up the DagBag from /home/airflow/.local/lib/python3.8/site-packages/airflow/example_dags/example_params_trigger_ui.py
[2023-12-24T00:33:51.193+0000] {processor.py:839} INFO - DAG(s) dict_keys(['example_params_trigger_ui']) retrieved from /home/airflow/.local/lib/python3.8/site-packages/airflow/example_dags/example_params_trigger_ui.py
[2023-12-24T00:33:51.217+0000] {logging_mixin.py:154} INFO - [2023-12-24T00:33:51.217+0000] {dag.py:2941} INFO - Sync 1 DAGs
[2023-12-24T00:33:51.224+0000] {logging_mixin.py:154} INFO - [2023-12-24T00:33:51.224+0000] {dag.py:3722} INFO - Setting next_dagrun for example_params_trigger_ui to None, run_after=None
[2023-12-24T00:33:51.236+0000] {processor.py:179} INFO - Processing /home/airflow/.local/lib/python3.8/site-packages/airflow/example_dags/example_params_trigger_ui.py took 0.059 seconds
[2023-12-24T00:34:21.436+0000] {processor.py:157} INFO - Started process (PID=6388) to work on /home/airflow/.local/lib/python3.8/site-packages/airflow/example_dags/example_params_trigger_ui.py
[2023-12-24T00:34:21.438+0000] {processor.py:829} INFO - Processing file /home/airflow/.local/lib/python3.8/site-packages/airflow/example_dags/example_params_trigger_ui.py for tasks to queue
[2023-12-24T00:34:21.440+0000] {logging_mixin.py:154} INFO - [2023-12-24T00:34:21.440+0000] {dagbag.py:536} INFO - Filling up the DagBag from /home/airflow/.local/lib/python3.8/site-packages/airflow/example_dags/example_params_trigger_ui.py
[2023-12-24T00:34:21.451+0000] {processor.py:839} INFO - DAG(s) dict_keys(['example_params_trigger_ui']) retrieved from /home/airflow/.local/lib/python3.8/site-packages/airflow/example_dags/example_params_trigger_ui.py
[2023-12-24T00:34:21.475+0000] {logging_mixin.py:154} INFO - [2023-12-24T00:34:21.474+0000] {dag.py:2941} INFO - Sync 1 DAGs
[2023-12-24T00:34:21.482+0000] {logging_mixin.py:154} INFO - [2023-12-24T00:34:21.482+0000] {dag.py:3722} INFO - Setting next_dagrun for example_params_trigger_ui to None, run_after=None
[2023-12-24T00:34:21.492+0000] {processor.py:179} INFO - Processing /home/airflow/.local/lib/python3.8/site-packages/airflow/example_dags/example_params_trigger_ui.py took 0.057 seconds
[2023-12-24T00:51:36.557+0000] {processor.py:157} INFO - Started process (PID=6443) to work on /home/airflow/.local/lib/python3.8/site-packages/airflow/example_dags/example_params_trigger_ui.py
[2023-12-24T00:51:36.558+0000] {processor.py:829} INFO - Processing file /home/airflow/.local/lib/python3.8/site-packages/airflow/example_dags/example_params_trigger_ui.py for tasks to queue
[2023-12-24T00:51:36.561+0000] {logging_mixin.py:154} INFO - [2023-12-24T00:51:36.561+0000] {dagbag.py:536} INFO - Filling up the DagBag from /home/airflow/.local/lib/python3.8/site-packages/airflow/example_dags/example_params_trigger_ui.py
[2023-12-24T00:51:36.573+0000] {processor.py:839} INFO - DAG(s) dict_keys(['example_params_trigger_ui']) retrieved from /home/airflow/.local/lib/python3.8/site-packages/airflow/example_dags/example_params_trigger_ui.py
[2023-12-24T00:51:36.605+0000] {logging_mixin.py:154} INFO - [2023-12-24T00:51:36.604+0000] {dag.py:2941} INFO - Sync 1 DAGs
[2023-12-24T00:51:36.614+0000] {logging_mixin.py:154} INFO - [2023-12-24T00:51:36.614+0000] {dag.py:3722} INFO - Setting next_dagrun for example_params_trigger_ui to None, run_after=None
[2023-12-24T00:51:36.626+0000] {processor.py:179} INFO - Processing /home/airflow/.local/lib/python3.8/site-packages/airflow/example_dags/example_params_trigger_ui.py took 0.073 seconds
[2023-12-24T00:52:06.973+0000] {processor.py:157} INFO - Started process (PID=6498) to work on /home/airflow/.local/lib/python3.8/site-packages/airflow/example_dags/example_params_trigger_ui.py
[2023-12-24T00:52:06.974+0000] {processor.py:829} INFO - Processing file /home/airflow/.local/lib/python3.8/site-packages/airflow/example_dags/example_params_trigger_ui.py for tasks to queue
[2023-12-24T00:52:06.977+0000] {logging_mixin.py:154} INFO - [2023-12-24T00:52:06.976+0000] {dagbag.py:536} INFO - Filling up the DagBag from /home/airflow/.local/lib/python3.8/site-packages/airflow/example_dags/example_params_trigger_ui.py
[2023-12-24T00:52:06.986+0000] {processor.py:839} INFO - DAG(s) dict_keys(['example_params_trigger_ui']) retrieved from /home/airflow/.local/lib/python3.8/site-packages/airflow/example_dags/example_params_trigger_ui.py
[2023-12-24T00:52:07.011+0000] {logging_mixin.py:154} INFO - [2023-12-24T00:52:07.011+0000] {dag.py:2941} INFO - Sync 1 DAGs
[2023-12-24T00:52:07.018+0000] {logging_mixin.py:154} INFO - [2023-12-24T00:52:07.018+0000] {dag.py:3722} INFO - Setting next_dagrun for example_params_trigger_ui to None, run_after=None
[2023-12-24T00:52:07.029+0000] {processor.py:179} INFO - Processing /home/airflow/.local/lib/python3.8/site-packages/airflow/example_dags/example_params_trigger_ui.py took 0.058 seconds
[2023-12-24T01:08:53.318+0000] {processor.py:157} INFO - Started process (PID=6553) to work on /home/airflow/.local/lib/python3.8/site-packages/airflow/example_dags/example_params_trigger_ui.py
[2023-12-24T01:08:53.320+0000] {processor.py:829} INFO - Processing file /home/airflow/.local/lib/python3.8/site-packages/airflow/example_dags/example_params_trigger_ui.py for tasks to queue
[2023-12-24T01:08:53.322+0000] {logging_mixin.py:154} INFO - [2023-12-24T01:08:53.322+0000] {dagbag.py:536} INFO - Filling up the DagBag from /home/airflow/.local/lib/python3.8/site-packages/airflow/example_dags/example_params_trigger_ui.py
[2023-12-24T01:08:53.332+0000] {processor.py:839} INFO - DAG(s) dict_keys(['example_params_trigger_ui']) retrieved from /home/airflow/.local/lib/python3.8/site-packages/airflow/example_dags/example_params_trigger_ui.py
[2023-12-24T01:08:53.355+0000] {logging_mixin.py:154} INFO - [2023-12-24T01:08:53.355+0000] {dag.py:2941} INFO - Sync 1 DAGs
[2023-12-24T01:08:53.362+0000] {logging_mixin.py:154} INFO - [2023-12-24T01:08:53.362+0000] {dag.py:3722} INFO - Setting next_dagrun for example_params_trigger_ui to None, run_after=None
[2023-12-24T01:08:53.372+0000] {processor.py:179} INFO - Processing /home/airflow/.local/lib/python3.8/site-packages/airflow/example_dags/example_params_trigger_ui.py took 0.056 seconds
[2023-12-24T01:26:17.504+0000] {processor.py:157} INFO - Started process (PID=6609) to work on /home/airflow/.local/lib/python3.8/site-packages/airflow/example_dags/example_params_trigger_ui.py
[2023-12-24T01:26:17.505+0000] {processor.py:829} INFO - Processing file /home/airflow/.local/lib/python3.8/site-packages/airflow/example_dags/example_params_trigger_ui.py for tasks to queue
[2023-12-24T01:26:17.507+0000] {logging_mixin.py:154} INFO - [2023-12-24T01:26:17.507+0000] {dagbag.py:536} INFO - Filling up the DagBag from /home/airflow/.local/lib/python3.8/site-packages/airflow/example_dags/example_params_trigger_ui.py
[2023-12-24T01:26:17.517+0000] {processor.py:839} INFO - DAG(s) dict_keys(['example_params_trigger_ui']) retrieved from /home/airflow/.local/lib/python3.8/site-packages/airflow/example_dags/example_params_trigger_ui.py
[2023-12-24T01:26:17.542+0000] {logging_mixin.py:154} INFO - [2023-12-24T01:26:17.541+0000] {dag.py:2941} INFO - Sync 1 DAGs
[2023-12-24T01:26:17.549+0000] {logging_mixin.py:154} INFO - [2023-12-24T01:26:17.548+0000] {dag.py:3722} INFO - Setting next_dagrun for example_params_trigger_ui to None, run_after=None
[2023-12-24T01:26:17.558+0000] {processor.py:179} INFO - Processing /home/airflow/.local/lib/python3.8/site-packages/airflow/example_dags/example_params_trigger_ui.py took 0.057 seconds
[2023-12-24T01:26:47.770+0000] {processor.py:157} INFO - Started process (PID=6665) to work on /home/airflow/.local/lib/python3.8/site-packages/airflow/example_dags/example_params_trigger_ui.py
[2023-12-24T01:26:47.771+0000] {processor.py:829} INFO - Processing file /home/airflow/.local/lib/python3.8/site-packages/airflow/example_dags/example_params_trigger_ui.py for tasks to queue
[2023-12-24T01:26:47.773+0000] {logging_mixin.py:154} INFO - [2023-12-24T01:26:47.773+0000] {dagbag.py:536} INFO - Filling up the DagBag from /home/airflow/.local/lib/python3.8/site-packages/airflow/example_dags/example_params_trigger_ui.py
[2023-12-24T01:26:47.783+0000] {processor.py:839} INFO - DAG(s) dict_keys(['example_params_trigger_ui']) retrieved from /home/airflow/.local/lib/python3.8/site-packages/airflow/example_dags/example_params_trigger_ui.py
[2023-12-24T01:26:47.809+0000] {logging_mixin.py:154} INFO - [2023-12-24T01:26:47.809+0000] {dag.py:2941} INFO - Sync 1 DAGs
[2023-12-24T01:26:47.816+0000] {logging_mixin.py:154} INFO - [2023-12-24T01:26:47.816+0000] {dag.py:3722} INFO - Setting next_dagrun for example_params_trigger_ui to None, run_after=None
[2023-12-24T01:26:47.827+0000] {processor.py:179} INFO - Processing /home/airflow/.local/lib/python3.8/site-packages/airflow/example_dags/example_params_trigger_ui.py took 0.059 seconds
[2023-12-24T01:39:27.396+0000] {processor.py:157} INFO - Started process (PID=6722) to work on /home/airflow/.local/lib/python3.8/site-packages/airflow/example_dags/example_params_trigger_ui.py
[2023-12-24T01:39:27.397+0000] {processor.py:829} INFO - Processing file /home/airflow/.local/lib/python3.8/site-packages/airflow/example_dags/example_params_trigger_ui.py for tasks to queue
[2023-12-24T01:39:27.400+0000] {logging_mixin.py:154} INFO - [2023-12-24T01:39:27.400+0000] {dagbag.py:536} INFO - Filling up the DagBag from /home/airflow/.local/lib/python3.8/site-packages/airflow/example_dags/example_params_trigger_ui.py
[2023-12-24T01:39:27.411+0000] {processor.py:839} INFO - DAG(s) dict_keys(['example_params_trigger_ui']) retrieved from /home/airflow/.local/lib/python3.8/site-packages/airflow/example_dags/example_params_trigger_ui.py
[2023-12-24T01:39:27.436+0000] {logging_mixin.py:154} INFO - [2023-12-24T01:39:27.436+0000] {dag.py:2941} INFO - Sync 1 DAGs
[2023-12-24T01:39:27.443+0000] {logging_mixin.py:154} INFO - [2023-12-24T01:39:27.443+0000] {dag.py:3722} INFO - Setting next_dagrun for example_params_trigger_ui to None, run_after=None
[2023-12-24T01:39:27.453+0000] {processor.py:179} INFO - Processing /home/airflow/.local/lib/python3.8/site-packages/airflow/example_dags/example_params_trigger_ui.py took 0.060 seconds
[2023-12-24T01:39:57.664+0000] {processor.py:157} INFO - Started process (PID=6777) to work on /home/airflow/.local/lib/python3.8/site-packages/airflow/example_dags/example_params_trigger_ui.py
[2023-12-24T01:39:57.666+0000] {processor.py:829} INFO - Processing file /home/airflow/.local/lib/python3.8/site-packages/airflow/example_dags/example_params_trigger_ui.py for tasks to queue
[2023-12-24T01:39:57.668+0000] {logging_mixin.py:154} INFO - [2023-12-24T01:39:57.668+0000] {dagbag.py:536} INFO - Filling up the DagBag from /home/airflow/.local/lib/python3.8/site-packages/airflow/example_dags/example_params_trigger_ui.py
[2023-12-24T01:39:57.679+0000] {processor.py:839} INFO - DAG(s) dict_keys(['example_params_trigger_ui']) retrieved from /home/airflow/.local/lib/python3.8/site-packages/airflow/example_dags/example_params_trigger_ui.py
[2023-12-24T01:39:57.703+0000] {logging_mixin.py:154} INFO - [2023-12-24T01:39:57.703+0000] {dag.py:2941} INFO - Sync 1 DAGs
[2023-12-24T01:39:57.710+0000] {logging_mixin.py:154} INFO - [2023-12-24T01:39:57.710+0000] {dag.py:3722} INFO - Setting next_dagrun for example_params_trigger_ui to None, run_after=None
[2023-12-24T01:39:57.721+0000] {processor.py:179} INFO - Processing /home/airflow/.local/lib/python3.8/site-packages/airflow/example_dags/example_params_trigger_ui.py took 0.060 seconds
[2023-12-24T01:40:27.965+0000] {processor.py:157} INFO - Started process (PID=6832) to work on /home/airflow/.local/lib/python3.8/site-packages/airflow/example_dags/example_params_trigger_ui.py
[2023-12-24T01:40:27.966+0000] {processor.py:829} INFO - Processing file /home/airflow/.local/lib/python3.8/site-packages/airflow/example_dags/example_params_trigger_ui.py for tasks to queue
[2023-12-24T01:40:27.968+0000] {logging_mixin.py:154} INFO - [2023-12-24T01:40:27.967+0000] {dagbag.py:536} INFO - Filling up the DagBag from /home/airflow/.local/lib/python3.8/site-packages/airflow/example_dags/example_params_trigger_ui.py
[2023-12-24T01:40:27.978+0000] {processor.py:839} INFO - DAG(s) dict_keys(['example_params_trigger_ui']) retrieved from /home/airflow/.local/lib/python3.8/site-packages/airflow/example_dags/example_params_trigger_ui.py
[2023-12-24T01:40:28.004+0000] {logging_mixin.py:154} INFO - [2023-12-24T01:40:28.003+0000] {dag.py:2941} INFO - Sync 1 DAGs
[2023-12-24T01:40:28.011+0000] {logging_mixin.py:154} INFO - [2023-12-24T01:40:28.011+0000] {dag.py:3722} INFO - Setting next_dagrun for example_params_trigger_ui to None, run_after=None
[2023-12-24T01:40:28.021+0000] {processor.py:179} INFO - Processing /home/airflow/.local/lib/python3.8/site-packages/airflow/example_dags/example_params_trigger_ui.py took 0.059 seconds
[2023-12-24T01:41:30.544+0000] {processor.py:157} INFO - Started process (PID=59) to work on /home/airflow/.local/lib/python3.8/site-packages/airflow/example_dags/example_params_trigger_ui.py
[2023-12-24T01:41:30.546+0000] {processor.py:829} INFO - Processing file /home/airflow/.local/lib/python3.8/site-packages/airflow/example_dags/example_params_trigger_ui.py for tasks to queue
[2023-12-24T01:41:30.550+0000] {logging_mixin.py:154} INFO - [2023-12-24T01:41:30.549+0000] {dagbag.py:536} INFO - Filling up the DagBag from /home/airflow/.local/lib/python3.8/site-packages/airflow/example_dags/example_params_trigger_ui.py
[2023-12-24T01:41:30.564+0000] {processor.py:839} INFO - DAG(s) dict_keys(['example_params_trigger_ui']) retrieved from /home/airflow/.local/lib/python3.8/site-packages/airflow/example_dags/example_params_trigger_ui.py
[2023-12-24T01:41:30.576+0000] {logging_mixin.py:154} INFO - [2023-12-24T01:41:30.576+0000] {dag.py:2941} INFO - Sync 1 DAGs
[2023-12-24T01:41:30.585+0000] {logging_mixin.py:154} INFO - [2023-12-24T01:41:30.585+0000] {dag.py:3722} INFO - Setting next_dagrun for example_params_trigger_ui to None, run_after=None
[2023-12-24T01:41:30.601+0000] {processor.py:179} INFO - Processing /home/airflow/.local/lib/python3.8/site-packages/airflow/example_dags/example_params_trigger_ui.py took 0.060 seconds
[2023-12-24T01:42:01.047+0000] {processor.py:157} INFO - Started process (PID=115) to work on /home/airflow/.local/lib/python3.8/site-packages/airflow/example_dags/example_params_trigger_ui.py
[2023-12-24T01:42:01.048+0000] {processor.py:829} INFO - Processing file /home/airflow/.local/lib/python3.8/site-packages/airflow/example_dags/example_params_trigger_ui.py for tasks to queue
[2023-12-24T01:42:01.050+0000] {logging_mixin.py:154} INFO - [2023-12-24T01:42:01.050+0000] {dagbag.py:536} INFO - Filling up the DagBag from /home/airflow/.local/lib/python3.8/site-packages/airflow/example_dags/example_params_trigger_ui.py
[2023-12-24T01:42:01.059+0000] {processor.py:839} INFO - DAG(s) dict_keys(['example_params_trigger_ui']) retrieved from /home/airflow/.local/lib/python3.8/site-packages/airflow/example_dags/example_params_trigger_ui.py
[2023-12-24T01:42:01.083+0000] {logging_mixin.py:154} INFO - [2023-12-24T01:42:01.083+0000] {dag.py:2941} INFO - Sync 1 DAGs
[2023-12-24T01:42:01.090+0000] {logging_mixin.py:154} INFO - [2023-12-24T01:42:01.090+0000] {dag.py:3722} INFO - Setting next_dagrun for example_params_trigger_ui to None, run_after=None
[2023-12-24T01:42:01.101+0000] {processor.py:179} INFO - Processing /home/airflow/.local/lib/python3.8/site-packages/airflow/example_dags/example_params_trigger_ui.py took 0.056 seconds
[2023-12-24T01:42:31.274+0000] {processor.py:157} INFO - Started process (PID=170) to work on /home/airflow/.local/lib/python3.8/site-packages/airflow/example_dags/example_params_trigger_ui.py
[2023-12-24T01:42:31.275+0000] {processor.py:829} INFO - Processing file /home/airflow/.local/lib/python3.8/site-packages/airflow/example_dags/example_params_trigger_ui.py for tasks to queue
[2023-12-24T01:42:31.277+0000] {logging_mixin.py:154} INFO - [2023-12-24T01:42:31.277+0000] {dagbag.py:536} INFO - Filling up the DagBag from /home/airflow/.local/lib/python3.8/site-packages/airflow/example_dags/example_params_trigger_ui.py
[2023-12-24T01:42:31.286+0000] {processor.py:839} INFO - DAG(s) dict_keys(['example_params_trigger_ui']) retrieved from /home/airflow/.local/lib/python3.8/site-packages/airflow/example_dags/example_params_trigger_ui.py
[2023-12-24T01:42:31.312+0000] {logging_mixin.py:154} INFO - [2023-12-24T01:42:31.311+0000] {dag.py:2941} INFO - Sync 1 DAGs
[2023-12-24T01:42:31.319+0000] {logging_mixin.py:154} INFO - [2023-12-24T01:42:31.319+0000] {dag.py:3722} INFO - Setting next_dagrun for example_params_trigger_ui to None, run_after=None
[2023-12-24T01:42:31.331+0000] {processor.py:179} INFO - Processing /home/airflow/.local/lib/python3.8/site-packages/airflow/example_dags/example_params_trigger_ui.py took 0.059 seconds
[2023-12-24T01:43:02.652+0000] {processor.py:157} INFO - Started process (PID=225) to work on /home/airflow/.local/lib/python3.8/site-packages/airflow/example_dags/example_params_trigger_ui.py
[2023-12-24T01:43:02.653+0000] {processor.py:829} INFO - Processing file /home/airflow/.local/lib/python3.8/site-packages/airflow/example_dags/example_params_trigger_ui.py for tasks to queue
[2023-12-24T01:43:02.656+0000] {logging_mixin.py:154} INFO - [2023-12-24T01:43:02.656+0000] {dagbag.py:536} INFO - Filling up the DagBag from /home/airflow/.local/lib/python3.8/site-packages/airflow/example_dags/example_params_trigger_ui.py
[2023-12-24T01:43:02.666+0000] {processor.py:839} INFO - DAG(s) dict_keys(['example_params_trigger_ui']) retrieved from /home/airflow/.local/lib/python3.8/site-packages/airflow/example_dags/example_params_trigger_ui.py
[2023-12-24T01:43:02.691+0000] {logging_mixin.py:154} INFO - [2023-12-24T01:43:02.691+0000] {dag.py:2941} INFO - Sync 1 DAGs
[2023-12-24T01:43:02.699+0000] {logging_mixin.py:154} INFO - [2023-12-24T01:43:02.699+0000] {dag.py:3722} INFO - Setting next_dagrun for example_params_trigger_ui to None, run_after=None
[2023-12-24T01:43:02.710+0000] {processor.py:179} INFO - Processing /home/airflow/.local/lib/python3.8/site-packages/airflow/example_dags/example_params_trigger_ui.py took 0.060 seconds
[2023-12-24T01:43:33.271+0000] {processor.py:157} INFO - Started process (PID=280) to work on /home/airflow/.local/lib/python3.8/site-packages/airflow/example_dags/example_params_trigger_ui.py
[2023-12-24T01:43:33.272+0000] {processor.py:829} INFO - Processing file /home/airflow/.local/lib/python3.8/site-packages/airflow/example_dags/example_params_trigger_ui.py for tasks to queue
[2023-12-24T01:43:33.274+0000] {logging_mixin.py:154} INFO - [2023-12-24T01:43:33.274+0000] {dagbag.py:536} INFO - Filling up the DagBag from /home/airflow/.local/lib/python3.8/site-packages/airflow/example_dags/example_params_trigger_ui.py
[2023-12-24T01:43:33.285+0000] {processor.py:839} INFO - DAG(s) dict_keys(['example_params_trigger_ui']) retrieved from /home/airflow/.local/lib/python3.8/site-packages/airflow/example_dags/example_params_trigger_ui.py
[2023-12-24T01:43:33.310+0000] {logging_mixin.py:154} INFO - [2023-12-24T01:43:33.310+0000] {dag.py:2941} INFO - Sync 1 DAGs
[2023-12-24T01:43:33.317+0000] {logging_mixin.py:154} INFO - [2023-12-24T01:43:33.317+0000] {dag.py:3722} INFO - Setting next_dagrun for example_params_trigger_ui to None, run_after=None
[2023-12-24T01:43:33.431+0000] {processor.py:179} INFO - Processing /home/airflow/.local/lib/python3.8/site-packages/airflow/example_dags/example_params_trigger_ui.py took 0.162 seconds
[2023-12-24T01:44:04.466+0000] {processor.py:157} INFO - Started process (PID=336) to work on /home/airflow/.local/lib/python3.8/site-packages/airflow/example_dags/example_params_trigger_ui.py
[2023-12-24T01:44:04.468+0000] {processor.py:829} INFO - Processing file /home/airflow/.local/lib/python3.8/site-packages/airflow/example_dags/example_params_trigger_ui.py for tasks to queue
[2023-12-24T01:44:04.471+0000] {logging_mixin.py:154} INFO - [2023-12-24T01:44:04.471+0000] {dagbag.py:536} INFO - Filling up the DagBag from /home/airflow/.local/lib/python3.8/site-packages/airflow/example_dags/example_params_trigger_ui.py
[2023-12-24T01:44:04.486+0000] {processor.py:839} INFO - DAG(s) dict_keys(['example_params_trigger_ui']) retrieved from /home/airflow/.local/lib/python3.8/site-packages/airflow/example_dags/example_params_trigger_ui.py
[2023-12-24T01:44:04.512+0000] {logging_mixin.py:154} INFO - [2023-12-24T01:44:04.512+0000] {dag.py:2941} INFO - Sync 1 DAGs
[2023-12-24T01:44:04.519+0000] {logging_mixin.py:154} INFO - [2023-12-24T01:44:04.519+0000] {dag.py:3722} INFO - Setting next_dagrun for example_params_trigger_ui to None, run_after=None
[2023-12-24T01:44:04.528+0000] {processor.py:179} INFO - Processing /home/airflow/.local/lib/python3.8/site-packages/airflow/example_dags/example_params_trigger_ui.py took 0.066 seconds
[2023-12-24T01:44:35.422+0000] {processor.py:157} INFO - Started process (PID=392) to work on /home/airflow/.local/lib/python3.8/site-packages/airflow/example_dags/example_params_trigger_ui.py
[2023-12-24T01:44:35.423+0000] {processor.py:829} INFO - Processing file /home/airflow/.local/lib/python3.8/site-packages/airflow/example_dags/example_params_trigger_ui.py for tasks to queue
[2023-12-24T01:44:35.425+0000] {logging_mixin.py:154} INFO - [2023-12-24T01:44:35.425+0000] {dagbag.py:536} INFO - Filling up the DagBag from /home/airflow/.local/lib/python3.8/site-packages/airflow/example_dags/example_params_trigger_ui.py
[2023-12-24T01:44:35.438+0000] {processor.py:839} INFO - DAG(s) dict_keys(['example_params_trigger_ui']) retrieved from /home/airflow/.local/lib/python3.8/site-packages/airflow/example_dags/example_params_trigger_ui.py
[2023-12-24T01:44:35.464+0000] {logging_mixin.py:154} INFO - [2023-12-24T01:44:35.464+0000] {dag.py:2941} INFO - Sync 1 DAGs
[2023-12-24T01:44:35.471+0000] {logging_mixin.py:154} INFO - [2023-12-24T01:44:35.471+0000] {dag.py:3722} INFO - Setting next_dagrun for example_params_trigger_ui to None, run_after=None
[2023-12-24T01:44:35.482+0000] {processor.py:179} INFO - Processing /home/airflow/.local/lib/python3.8/site-packages/airflow/example_dags/example_params_trigger_ui.py took 0.063 seconds
[2023-12-24T01:45:05.614+0000] {processor.py:157} INFO - Started process (PID=447) to work on /home/airflow/.local/lib/python3.8/site-packages/airflow/example_dags/example_params_trigger_ui.py
[2023-12-24T01:45:05.615+0000] {processor.py:829} INFO - Processing file /home/airflow/.local/lib/python3.8/site-packages/airflow/example_dags/example_params_trigger_ui.py for tasks to queue
[2023-12-24T01:45:05.617+0000] {logging_mixin.py:154} INFO - [2023-12-24T01:45:05.617+0000] {dagbag.py:536} INFO - Filling up the DagBag from /home/airflow/.local/lib/python3.8/site-packages/airflow/example_dags/example_params_trigger_ui.py
[2023-12-24T01:45:05.627+0000] {processor.py:839} INFO - DAG(s) dict_keys(['example_params_trigger_ui']) retrieved from /home/airflow/.local/lib/python3.8/site-packages/airflow/example_dags/example_params_trigger_ui.py
[2023-12-24T01:45:05.741+0000] {logging_mixin.py:154} INFO - [2023-12-24T01:45:05.741+0000] {dag.py:2941} INFO - Sync 1 DAGs
[2023-12-24T01:45:05.747+0000] {logging_mixin.py:154} INFO - [2023-12-24T01:45:05.747+0000] {dag.py:3722} INFO - Setting next_dagrun for example_params_trigger_ui to None, run_after=None
[2023-12-24T01:45:05.756+0000] {processor.py:179} INFO - Processing /home/airflow/.local/lib/python3.8/site-packages/airflow/example_dags/example_params_trigger_ui.py took 0.143 seconds
[2023-12-24T01:45:36.223+0000] {processor.py:157} INFO - Started process (PID=503) to work on /home/airflow/.local/lib/python3.8/site-packages/airflow/example_dags/example_params_trigger_ui.py
[2023-12-24T01:45:36.224+0000] {processor.py:829} INFO - Processing file /home/airflow/.local/lib/python3.8/site-packages/airflow/example_dags/example_params_trigger_ui.py for tasks to queue
[2023-12-24T01:45:36.226+0000] {logging_mixin.py:154} INFO - [2023-12-24T01:45:36.226+0000] {dagbag.py:536} INFO - Filling up the DagBag from /home/airflow/.local/lib/python3.8/site-packages/airflow/example_dags/example_params_trigger_ui.py
[2023-12-24T01:45:36.236+0000] {processor.py:839} INFO - DAG(s) dict_keys(['example_params_trigger_ui']) retrieved from /home/airflow/.local/lib/python3.8/site-packages/airflow/example_dags/example_params_trigger_ui.py
[2023-12-24T01:45:36.263+0000] {logging_mixin.py:154} INFO - [2023-12-24T01:45:36.263+0000] {dag.py:2941} INFO - Sync 1 DAGs
[2023-12-24T01:45:36.273+0000] {logging_mixin.py:154} INFO - [2023-12-24T01:45:36.273+0000] {dag.py:3722} INFO - Setting next_dagrun for example_params_trigger_ui to None, run_after=None
[2023-12-24T01:45:36.393+0000] {processor.py:179} INFO - Processing /home/airflow/.local/lib/python3.8/site-packages/airflow/example_dags/example_params_trigger_ui.py took 0.172 seconds
[2023-12-24T01:46:06.559+0000] {processor.py:157} INFO - Started process (PID=558) to work on /home/airflow/.local/lib/python3.8/site-packages/airflow/example_dags/example_params_trigger_ui.py
[2023-12-24T01:46:06.560+0000] {processor.py:829} INFO - Processing file /home/airflow/.local/lib/python3.8/site-packages/airflow/example_dags/example_params_trigger_ui.py for tasks to queue
[2023-12-24T01:46:06.562+0000] {logging_mixin.py:154} INFO - [2023-12-24T01:46:06.562+0000] {dagbag.py:536} INFO - Filling up the DagBag from /home/airflow/.local/lib/python3.8/site-packages/airflow/example_dags/example_params_trigger_ui.py
[2023-12-24T01:46:06.572+0000] {processor.py:839} INFO - DAG(s) dict_keys(['example_params_trigger_ui']) retrieved from /home/airflow/.local/lib/python3.8/site-packages/airflow/example_dags/example_params_trigger_ui.py
[2023-12-24T01:46:06.596+0000] {logging_mixin.py:154} INFO - [2023-12-24T01:46:06.596+0000] {dag.py:2941} INFO - Sync 1 DAGs
[2023-12-24T01:46:06.603+0000] {logging_mixin.py:154} INFO - [2023-12-24T01:46:06.603+0000] {dag.py:3722} INFO - Setting next_dagrun for example_params_trigger_ui to None, run_after=None
[2023-12-24T01:46:06.614+0000] {processor.py:179} INFO - Processing /home/airflow/.local/lib/python3.8/site-packages/airflow/example_dags/example_params_trigger_ui.py took 0.057 seconds
[2023-12-24T01:46:37.764+0000] {processor.py:157} INFO - Started process (PID=613) to work on /home/airflow/.local/lib/python3.8/site-packages/airflow/example_dags/example_params_trigger_ui.py
[2023-12-24T01:46:37.765+0000] {processor.py:829} INFO - Processing file /home/airflow/.local/lib/python3.8/site-packages/airflow/example_dags/example_params_trigger_ui.py for tasks to queue
[2023-12-24T01:46:37.768+0000] {logging_mixin.py:154} INFO - [2023-12-24T01:46:37.768+0000] {dagbag.py:536} INFO - Filling up the DagBag from /home/airflow/.local/lib/python3.8/site-packages/airflow/example_dags/example_params_trigger_ui.py
[2023-12-24T01:46:37.779+0000] {processor.py:839} INFO - DAG(s) dict_keys(['example_params_trigger_ui']) retrieved from /home/airflow/.local/lib/python3.8/site-packages/airflow/example_dags/example_params_trigger_ui.py
[2023-12-24T01:46:37.808+0000] {logging_mixin.py:154} INFO - [2023-12-24T01:46:37.808+0000] {dag.py:2941} INFO - Sync 1 DAGs
[2023-12-24T01:46:37.817+0000] {logging_mixin.py:154} INFO - [2023-12-24T01:46:37.817+0000] {dag.py:3722} INFO - Setting next_dagrun for example_params_trigger_ui to None, run_after=None
[2023-12-24T01:46:37.830+0000] {processor.py:179} INFO - Processing /home/airflow/.local/lib/python3.8/site-packages/airflow/example_dags/example_params_trigger_ui.py took 0.069 seconds
