[2023-12-24T00:16:12.504+0000] {processor.py:157} INFO - Started process (PID=6233) to work on /home/airflow/.local/lib/python3.8/site-packages/airflow/example_dags/example_setup_teardown.py
[2023-12-24T00:16:12.506+0000] {processor.py:829} INFO - Processing file /home/airflow/.local/lib/python3.8/site-packages/airflow/example_dags/example_setup_teardown.py for tasks to queue
[2023-12-24T00:16:12.508+0000] {logging_mixin.py:154} INFO - [2023-12-24T00:16:12.507+0000] {dagbag.py:536} INFO - Filling up the DagBag from /home/airflow/.local/lib/python3.8/site-packages/airflow/example_dags/example_setup_teardown.py
[2023-12-24T00:16:12.512+0000] {processor.py:839} INFO - DAG(s) dict_keys(['example_setup_teardown']) retrieved from /home/airflow/.local/lib/python3.8/site-packages/airflow/example_dags/example_setup_teardown.py
[2023-12-24T00:16:12.525+0000] {logging_mixin.py:154} INFO - [2023-12-24T00:16:12.525+0000] {dag.py:2941} INFO - Sync 1 DAGs
[2023-12-24T00:16:12.538+0000] {logging_mixin.py:154} INFO - [2023-12-24T00:16:12.537+0000] {dag.py:3722} INFO - Setting next_dagrun for example_setup_teardown to 2023-12-23T00:16:12.537748+00:00, run_after=2023-12-24T00:16:12.537748+00:00
[2023-12-24T00:16:12.548+0000] {processor.py:179} INFO - Processing /home/airflow/.local/lib/python3.8/site-packages/airflow/example_dags/example_setup_teardown.py took 0.046 seconds
[2023-12-24T00:16:42.744+0000] {processor.py:157} INFO - Started process (PID=6289) to work on /home/airflow/.local/lib/python3.8/site-packages/airflow/example_dags/example_setup_teardown.py
[2023-12-24T00:16:42.745+0000] {processor.py:829} INFO - Processing file /home/airflow/.local/lib/python3.8/site-packages/airflow/example_dags/example_setup_teardown.py for tasks to queue
[2023-12-24T00:16:42.747+0000] {logging_mixin.py:154} INFO - [2023-12-24T00:16:42.747+0000] {dagbag.py:536} INFO - Filling up the DagBag from /home/airflow/.local/lib/python3.8/site-packages/airflow/example_dags/example_setup_teardown.py
[2023-12-24T00:16:42.752+0000] {processor.py:839} INFO - DAG(s) dict_keys(['example_setup_teardown']) retrieved from /home/airflow/.local/lib/python3.8/site-packages/airflow/example_dags/example_setup_teardown.py
[2023-12-24T00:16:42.766+0000] {logging_mixin.py:154} INFO - [2023-12-24T00:16:42.766+0000] {dag.py:2941} INFO - Sync 1 DAGs
[2023-12-24T00:16:42.779+0000] {logging_mixin.py:154} INFO - [2023-12-24T00:16:42.779+0000] {dag.py:3722} INFO - Setting next_dagrun for example_setup_teardown to 2023-12-23T00:16:42.778873+00:00, run_after=2023-12-24T00:16:42.778873+00:00
[2023-12-24T00:16:42.789+0000] {processor.py:179} INFO - Processing /home/airflow/.local/lib/python3.8/site-packages/airflow/example_dags/example_setup_teardown.py took 0.047 seconds
[2023-12-24T00:33:51.648+0000] {processor.py:157} INFO - Started process (PID=6345) to work on /home/airflow/.local/lib/python3.8/site-packages/airflow/example_dags/example_setup_teardown.py
[2023-12-24T00:33:51.649+0000] {processor.py:829} INFO - Processing file /home/airflow/.local/lib/python3.8/site-packages/airflow/example_dags/example_setup_teardown.py for tasks to queue
[2023-12-24T00:33:51.651+0000] {logging_mixin.py:154} INFO - [2023-12-24T00:33:51.651+0000] {dagbag.py:536} INFO - Filling up the DagBag from /home/airflow/.local/lib/python3.8/site-packages/airflow/example_dags/example_setup_teardown.py
[2023-12-24T00:33:51.655+0000] {processor.py:839} INFO - DAG(s) dict_keys(['example_setup_teardown']) retrieved from /home/airflow/.local/lib/python3.8/site-packages/airflow/example_dags/example_setup_teardown.py
[2023-12-24T00:33:51.669+0000] {logging_mixin.py:154} INFO - [2023-12-24T00:33:51.668+0000] {dag.py:2941} INFO - Sync 1 DAGs
[2023-12-24T00:33:51.681+0000] {logging_mixin.py:154} INFO - [2023-12-24T00:33:51.681+0000] {dag.py:3722} INFO - Setting next_dagrun for example_setup_teardown to 2023-12-23T00:33:51.680953+00:00, run_after=2023-12-24T00:33:51.680953+00:00
[2023-12-24T00:33:51.690+0000] {processor.py:179} INFO - Processing /home/airflow/.local/lib/python3.8/site-packages/airflow/example_dags/example_setup_teardown.py took 0.045 seconds
[2023-12-24T00:34:21.923+0000] {processor.py:157} INFO - Started process (PID=6401) to work on /home/airflow/.local/lib/python3.8/site-packages/airflow/example_dags/example_setup_teardown.py
[2023-12-24T00:34:21.924+0000] {processor.py:829} INFO - Processing file /home/airflow/.local/lib/python3.8/site-packages/airflow/example_dags/example_setup_teardown.py for tasks to queue
[2023-12-24T00:34:21.926+0000] {logging_mixin.py:154} INFO - [2023-12-24T00:34:21.926+0000] {dagbag.py:536} INFO - Filling up the DagBag from /home/airflow/.local/lib/python3.8/site-packages/airflow/example_dags/example_setup_teardown.py
[2023-12-24T00:34:21.931+0000] {processor.py:839} INFO - DAG(s) dict_keys(['example_setup_teardown']) retrieved from /home/airflow/.local/lib/python3.8/site-packages/airflow/example_dags/example_setup_teardown.py
[2023-12-24T00:34:21.944+0000] {logging_mixin.py:154} INFO - [2023-12-24T00:34:21.944+0000] {dag.py:2941} INFO - Sync 1 DAGs
[2023-12-24T00:34:21.955+0000] {logging_mixin.py:154} INFO - [2023-12-24T00:34:21.955+0000] {dag.py:3722} INFO - Setting next_dagrun for example_setup_teardown to 2023-12-23T00:34:21.955398+00:00, run_after=2023-12-24T00:34:21.955398+00:00
[2023-12-24T00:34:21.966+0000] {processor.py:179} INFO - Processing /home/airflow/.local/lib/python3.8/site-packages/airflow/example_dags/example_setup_teardown.py took 0.045 seconds
[2023-12-24T00:51:37.152+0000] {processor.py:157} INFO - Started process (PID=6456) to work on /home/airflow/.local/lib/python3.8/site-packages/airflow/example_dags/example_setup_teardown.py
[2023-12-24T00:51:37.153+0000] {processor.py:829} INFO - Processing file /home/airflow/.local/lib/python3.8/site-packages/airflow/example_dags/example_setup_teardown.py for tasks to queue
[2023-12-24T00:51:37.154+0000] {logging_mixin.py:154} INFO - [2023-12-24T00:51:37.154+0000] {dagbag.py:536} INFO - Filling up the DagBag from /home/airflow/.local/lib/python3.8/site-packages/airflow/example_dags/example_setup_teardown.py
[2023-12-24T00:51:37.159+0000] {processor.py:839} INFO - DAG(s) dict_keys(['example_setup_teardown']) retrieved from /home/airflow/.local/lib/python3.8/site-packages/airflow/example_dags/example_setup_teardown.py
[2023-12-24T00:51:37.172+0000] {logging_mixin.py:154} INFO - [2023-12-24T00:51:37.172+0000] {dag.py:2941} INFO - Sync 1 DAGs
[2023-12-24T00:51:37.184+0000] {logging_mixin.py:154} INFO - [2023-12-24T00:51:37.183+0000] {dag.py:3722} INFO - Setting next_dagrun for example_setup_teardown to 2023-12-23T00:51:37.183783+00:00, run_after=2023-12-24T00:51:37.183783+00:00
[2023-12-24T00:51:37.193+0000] {processor.py:179} INFO - Processing /home/airflow/.local/lib/python3.8/site-packages/airflow/example_dags/example_setup_teardown.py took 0.043 seconds
[2023-12-24T00:52:07.503+0000] {processor.py:157} INFO - Started process (PID=6511) to work on /home/airflow/.local/lib/python3.8/site-packages/airflow/example_dags/example_setup_teardown.py
[2023-12-24T00:52:07.504+0000] {processor.py:829} INFO - Processing file /home/airflow/.local/lib/python3.8/site-packages/airflow/example_dags/example_setup_teardown.py for tasks to queue
[2023-12-24T00:52:07.506+0000] {logging_mixin.py:154} INFO - [2023-12-24T00:52:07.506+0000] {dagbag.py:536} INFO - Filling up the DagBag from /home/airflow/.local/lib/python3.8/site-packages/airflow/example_dags/example_setup_teardown.py
[2023-12-24T00:52:07.510+0000] {processor.py:839} INFO - DAG(s) dict_keys(['example_setup_teardown']) retrieved from /home/airflow/.local/lib/python3.8/site-packages/airflow/example_dags/example_setup_teardown.py
[2023-12-24T00:52:07.523+0000] {logging_mixin.py:154} INFO - [2023-12-24T00:52:07.523+0000] {dag.py:2941} INFO - Sync 1 DAGs
[2023-12-24T00:52:07.535+0000] {logging_mixin.py:154} INFO - [2023-12-24T00:52:07.535+0000] {dag.py:3722} INFO - Setting next_dagrun for example_setup_teardown to 2023-12-23T00:52:07.535288+00:00, run_after=2023-12-24T00:52:07.535288+00:00
[2023-12-24T00:52:07.557+0000] {processor.py:179} INFO - Processing /home/airflow/.local/lib/python3.8/site-packages/airflow/example_dags/example_setup_teardown.py took 0.056 seconds
[2023-12-24T01:08:53.809+0000] {processor.py:157} INFO - Started process (PID=6566) to work on /home/airflow/.local/lib/python3.8/site-packages/airflow/example_dags/example_setup_teardown.py
[2023-12-24T01:08:53.810+0000] {processor.py:829} INFO - Processing file /home/airflow/.local/lib/python3.8/site-packages/airflow/example_dags/example_setup_teardown.py for tasks to queue
[2023-12-24T01:08:53.812+0000] {logging_mixin.py:154} INFO - [2023-12-24T01:08:53.812+0000] {dagbag.py:536} INFO - Filling up the DagBag from /home/airflow/.local/lib/python3.8/site-packages/airflow/example_dags/example_setup_teardown.py
[2023-12-24T01:08:53.817+0000] {processor.py:839} INFO - DAG(s) dict_keys(['example_setup_teardown']) retrieved from /home/airflow/.local/lib/python3.8/site-packages/airflow/example_dags/example_setup_teardown.py
[2023-12-24T01:08:53.830+0000] {logging_mixin.py:154} INFO - [2023-12-24T01:08:53.830+0000] {dag.py:2941} INFO - Sync 1 DAGs
[2023-12-24T01:08:53.844+0000] {logging_mixin.py:154} INFO - [2023-12-24T01:08:53.844+0000] {dag.py:3722} INFO - Setting next_dagrun for example_setup_teardown to 2023-12-23T01:08:53.843943+00:00, run_after=2023-12-24T01:08:53.843943+00:00
[2023-12-24T01:08:53.854+0000] {processor.py:179} INFO - Processing /home/airflow/.local/lib/python3.8/site-packages/airflow/example_dags/example_setup_teardown.py took 0.047 seconds
[2023-12-24T01:26:17.971+0000] {processor.py:157} INFO - Started process (PID=6622) to work on /home/airflow/.local/lib/python3.8/site-packages/airflow/example_dags/example_setup_teardown.py
[2023-12-24T01:26:17.972+0000] {processor.py:829} INFO - Processing file /home/airflow/.local/lib/python3.8/site-packages/airflow/example_dags/example_setup_teardown.py for tasks to queue
[2023-12-24T01:26:17.974+0000] {logging_mixin.py:154} INFO - [2023-12-24T01:26:17.974+0000] {dagbag.py:536} INFO - Filling up the DagBag from /home/airflow/.local/lib/python3.8/site-packages/airflow/example_dags/example_setup_teardown.py
[2023-12-24T01:26:17.979+0000] {processor.py:839} INFO - DAG(s) dict_keys(['example_setup_teardown']) retrieved from /home/airflow/.local/lib/python3.8/site-packages/airflow/example_dags/example_setup_teardown.py
[2023-12-24T01:26:17.992+0000] {logging_mixin.py:154} INFO - [2023-12-24T01:26:17.992+0000] {dag.py:2941} INFO - Sync 1 DAGs
[2023-12-24T01:26:18.005+0000] {logging_mixin.py:154} INFO - [2023-12-24T01:26:18.004+0000] {dag.py:3722} INFO - Setting next_dagrun for example_setup_teardown to 2023-12-23T01:26:18.004805+00:00, run_after=2023-12-24T01:26:18.004805+00:00
[2023-12-24T01:26:18.014+0000] {processor.py:179} INFO - Processing /home/airflow/.local/lib/python3.8/site-packages/airflow/example_dags/example_setup_teardown.py took 0.045 seconds
[2023-12-24T01:26:48.292+0000] {processor.py:157} INFO - Started process (PID=6678) to work on /home/airflow/.local/lib/python3.8/site-packages/airflow/example_dags/example_setup_teardown.py
[2023-12-24T01:26:48.293+0000] {processor.py:829} INFO - Processing file /home/airflow/.local/lib/python3.8/site-packages/airflow/example_dags/example_setup_teardown.py for tasks to queue
[2023-12-24T01:26:48.295+0000] {logging_mixin.py:154} INFO - [2023-12-24T01:26:48.295+0000] {dagbag.py:536} INFO - Filling up the DagBag from /home/airflow/.local/lib/python3.8/site-packages/airflow/example_dags/example_setup_teardown.py
[2023-12-24T01:26:48.299+0000] {processor.py:839} INFO - DAG(s) dict_keys(['example_setup_teardown']) retrieved from /home/airflow/.local/lib/python3.8/site-packages/airflow/example_dags/example_setup_teardown.py
[2023-12-24T01:26:48.312+0000] {logging_mixin.py:154} INFO - [2023-12-24T01:26:48.312+0000] {dag.py:2941} INFO - Sync 1 DAGs
[2023-12-24T01:26:48.323+0000] {logging_mixin.py:154} INFO - [2023-12-24T01:26:48.323+0000] {dag.py:3722} INFO - Setting next_dagrun for example_setup_teardown to 2023-12-23T01:26:48.323067+00:00, run_after=2023-12-24T01:26:48.323067+00:00
[2023-12-24T01:26:48.332+0000] {processor.py:179} INFO - Processing /home/airflow/.local/lib/python3.8/site-packages/airflow/example_dags/example_setup_teardown.py took 0.042 seconds
[2023-12-24T01:39:27.870+0000] {processor.py:157} INFO - Started process (PID=6735) to work on /home/airflow/.local/lib/python3.8/site-packages/airflow/example_dags/example_setup_teardown.py
[2023-12-24T01:39:27.871+0000] {processor.py:829} INFO - Processing file /home/airflow/.local/lib/python3.8/site-packages/airflow/example_dags/example_setup_teardown.py for tasks to queue
[2023-12-24T01:39:27.873+0000] {logging_mixin.py:154} INFO - [2023-12-24T01:39:27.873+0000] {dagbag.py:536} INFO - Filling up the DagBag from /home/airflow/.local/lib/python3.8/site-packages/airflow/example_dags/example_setup_teardown.py
[2023-12-24T01:39:27.878+0000] {processor.py:839} INFO - DAG(s) dict_keys(['example_setup_teardown']) retrieved from /home/airflow/.local/lib/python3.8/site-packages/airflow/example_dags/example_setup_teardown.py
[2023-12-24T01:39:27.892+0000] {logging_mixin.py:154} INFO - [2023-12-24T01:39:27.892+0000] {dag.py:2941} INFO - Sync 1 DAGs
[2023-12-24T01:39:27.905+0000] {logging_mixin.py:154} INFO - [2023-12-24T01:39:27.904+0000] {dag.py:3722} INFO - Setting next_dagrun for example_setup_teardown to 2023-12-23T01:39:27.904802+00:00, run_after=2023-12-24T01:39:27.904802+00:00
[2023-12-24T01:39:27.915+0000] {processor.py:179} INFO - Processing /home/airflow/.local/lib/python3.8/site-packages/airflow/example_dags/example_setup_teardown.py took 0.048 seconds
[2023-12-24T01:39:58.197+0000] {processor.py:157} INFO - Started process (PID=6790) to work on /home/airflow/.local/lib/python3.8/site-packages/airflow/example_dags/example_setup_teardown.py
[2023-12-24T01:39:58.198+0000] {processor.py:829} INFO - Processing file /home/airflow/.local/lib/python3.8/site-packages/airflow/example_dags/example_setup_teardown.py for tasks to queue
[2023-12-24T01:39:58.200+0000] {logging_mixin.py:154} INFO - [2023-12-24T01:39:58.200+0000] {dagbag.py:536} INFO - Filling up the DagBag from /home/airflow/.local/lib/python3.8/site-packages/airflow/example_dags/example_setup_teardown.py
[2023-12-24T01:39:58.205+0000] {processor.py:839} INFO - DAG(s) dict_keys(['example_setup_teardown']) retrieved from /home/airflow/.local/lib/python3.8/site-packages/airflow/example_dags/example_setup_teardown.py
[2023-12-24T01:39:58.219+0000] {logging_mixin.py:154} INFO - [2023-12-24T01:39:58.219+0000] {dag.py:2941} INFO - Sync 1 DAGs
[2023-12-24T01:39:58.231+0000] {logging_mixin.py:154} INFO - [2023-12-24T01:39:58.231+0000] {dag.py:3722} INFO - Setting next_dagrun for example_setup_teardown to 2023-12-23T01:39:58.231033+00:00, run_after=2023-12-24T01:39:58.231033+00:00
[2023-12-24T01:39:58.241+0000] {processor.py:179} INFO - Processing /home/airflow/.local/lib/python3.8/site-packages/airflow/example_dags/example_setup_teardown.py took 0.047 seconds
[2023-12-24T01:40:28.479+0000] {processor.py:157} INFO - Started process (PID=6845) to work on /home/airflow/.local/lib/python3.8/site-packages/airflow/example_dags/example_setup_teardown.py
[2023-12-24T01:40:28.480+0000] {processor.py:829} INFO - Processing file /home/airflow/.local/lib/python3.8/site-packages/airflow/example_dags/example_setup_teardown.py for tasks to queue
[2023-12-24T01:40:28.482+0000] {logging_mixin.py:154} INFO - [2023-12-24T01:40:28.482+0000] {dagbag.py:536} INFO - Filling up the DagBag from /home/airflow/.local/lib/python3.8/site-packages/airflow/example_dags/example_setup_teardown.py
[2023-12-24T01:40:28.487+0000] {processor.py:839} INFO - DAG(s) dict_keys(['example_setup_teardown']) retrieved from /home/airflow/.local/lib/python3.8/site-packages/airflow/example_dags/example_setup_teardown.py
[2023-12-24T01:40:28.501+0000] {logging_mixin.py:154} INFO - [2023-12-24T01:40:28.501+0000] {dag.py:2941} INFO - Sync 1 DAGs
[2023-12-24T01:40:28.513+0000] {logging_mixin.py:154} INFO - [2023-12-24T01:40:28.513+0000] {dag.py:3722} INFO - Setting next_dagrun for example_setup_teardown to 2023-12-23T01:40:28.512895+00:00, run_after=2023-12-24T01:40:28.512895+00:00
[2023-12-24T01:40:28.524+0000] {processor.py:179} INFO - Processing /home/airflow/.local/lib/python3.8/site-packages/airflow/example_dags/example_setup_teardown.py took 0.046 seconds
[2023-12-24T01:41:31.166+0000] {processor.py:157} INFO - Started process (PID=72) to work on /home/airflow/.local/lib/python3.8/site-packages/airflow/example_dags/example_setup_teardown.py
[2023-12-24T01:41:31.167+0000] {processor.py:829} INFO - Processing file /home/airflow/.local/lib/python3.8/site-packages/airflow/example_dags/example_setup_teardown.py for tasks to queue
[2023-12-24T01:41:31.169+0000] {logging_mixin.py:154} INFO - [2023-12-24T01:41:31.169+0000] {dagbag.py:536} INFO - Filling up the DagBag from /home/airflow/.local/lib/python3.8/site-packages/airflow/example_dags/example_setup_teardown.py
[2023-12-24T01:41:31.177+0000] {processor.py:839} INFO - DAG(s) dict_keys(['example_setup_teardown']) retrieved from /home/airflow/.local/lib/python3.8/site-packages/airflow/example_dags/example_setup_teardown.py
[2023-12-24T01:41:31.187+0000] {logging_mixin.py:154} INFO - [2023-12-24T01:41:31.187+0000] {dag.py:2941} INFO - Sync 1 DAGs
[2023-12-24T01:41:31.204+0000] {logging_mixin.py:154} INFO - [2023-12-24T01:41:31.203+0000] {dag.py:3722} INFO - Setting next_dagrun for example_setup_teardown to 2023-12-23T01:41:31.203721+00:00, run_after=2023-12-24T01:41:31.203721+00:00
[2023-12-24T01:41:31.327+0000] {processor.py:179} INFO - Processing /home/airflow/.local/lib/python3.8/site-packages/airflow/example_dags/example_setup_teardown.py took 0.164 seconds
[2023-12-24T01:42:01.513+0000] {processor.py:157} INFO - Started process (PID=128) to work on /home/airflow/.local/lib/python3.8/site-packages/airflow/example_dags/example_setup_teardown.py
[2023-12-24T01:42:01.514+0000] {processor.py:829} INFO - Processing file /home/airflow/.local/lib/python3.8/site-packages/airflow/example_dags/example_setup_teardown.py for tasks to queue
[2023-12-24T01:42:01.516+0000] {logging_mixin.py:154} INFO - [2023-12-24T01:42:01.516+0000] {dagbag.py:536} INFO - Filling up the DagBag from /home/airflow/.local/lib/python3.8/site-packages/airflow/example_dags/example_setup_teardown.py
[2023-12-24T01:42:01.520+0000] {processor.py:839} INFO - DAG(s) dict_keys(['example_setup_teardown']) retrieved from /home/airflow/.local/lib/python3.8/site-packages/airflow/example_dags/example_setup_teardown.py
[2023-12-24T01:42:01.534+0000] {logging_mixin.py:154} INFO - [2023-12-24T01:42:01.533+0000] {dag.py:2941} INFO - Sync 1 DAGs
[2023-12-24T01:42:01.546+0000] {logging_mixin.py:154} INFO - [2023-12-24T01:42:01.546+0000] {dag.py:3722} INFO - Setting next_dagrun for example_setup_teardown to 2023-12-23T01:42:01.546402+00:00, run_after=2023-12-24T01:42:01.546402+00:00
[2023-12-24T01:42:01.558+0000] {processor.py:179} INFO - Processing /home/airflow/.local/lib/python3.8/site-packages/airflow/example_dags/example_setup_teardown.py took 0.047 seconds
[2023-12-24T01:42:31.801+0000] {processor.py:157} INFO - Started process (PID=183) to work on /home/airflow/.local/lib/python3.8/site-packages/airflow/example_dags/example_setup_teardown.py
[2023-12-24T01:42:31.802+0000] {processor.py:829} INFO - Processing file /home/airflow/.local/lib/python3.8/site-packages/airflow/example_dags/example_setup_teardown.py for tasks to queue
[2023-12-24T01:42:31.804+0000] {logging_mixin.py:154} INFO - [2023-12-24T01:42:31.804+0000] {dagbag.py:536} INFO - Filling up the DagBag from /home/airflow/.local/lib/python3.8/site-packages/airflow/example_dags/example_setup_teardown.py
[2023-12-24T01:42:31.808+0000] {processor.py:839} INFO - DAG(s) dict_keys(['example_setup_teardown']) retrieved from /home/airflow/.local/lib/python3.8/site-packages/airflow/example_dags/example_setup_teardown.py
[2023-12-24T01:42:31.822+0000] {logging_mixin.py:154} INFO - [2023-12-24T01:42:31.821+0000] {dag.py:2941} INFO - Sync 1 DAGs
[2023-12-24T01:42:31.834+0000] {logging_mixin.py:154} INFO - [2023-12-24T01:42:31.834+0000] {dag.py:3722} INFO - Setting next_dagrun for example_setup_teardown to 2023-12-23T01:42:31.834163+00:00, run_after=2023-12-24T01:42:31.834163+00:00
[2023-12-24T01:42:31.843+0000] {processor.py:179} INFO - Processing /home/airflow/.local/lib/python3.8/site-packages/airflow/example_dags/example_setup_teardown.py took 0.044 seconds
[2023-12-24T01:43:03.572+0000] {processor.py:157} INFO - Started process (PID=238) to work on /home/airflow/.local/lib/python3.8/site-packages/airflow/example_dags/example_setup_teardown.py
[2023-12-24T01:43:03.573+0000] {processor.py:829} INFO - Processing file /home/airflow/.local/lib/python3.8/site-packages/airflow/example_dags/example_setup_teardown.py for tasks to queue
[2023-12-24T01:43:03.575+0000] {logging_mixin.py:154} INFO - [2023-12-24T01:43:03.575+0000] {dagbag.py:536} INFO - Filling up the DagBag from /home/airflow/.local/lib/python3.8/site-packages/airflow/example_dags/example_setup_teardown.py
[2023-12-24T01:43:03.580+0000] {processor.py:839} INFO - DAG(s) dict_keys(['example_setup_teardown']) retrieved from /home/airflow/.local/lib/python3.8/site-packages/airflow/example_dags/example_setup_teardown.py
[2023-12-24T01:43:03.594+0000] {logging_mixin.py:154} INFO - [2023-12-24T01:43:03.594+0000] {dag.py:2941} INFO - Sync 1 DAGs
[2023-12-24T01:43:03.606+0000] {logging_mixin.py:154} INFO - [2023-12-24T01:43:03.606+0000] {dag.py:3722} INFO - Setting next_dagrun for example_setup_teardown to 2023-12-23T01:43:03.605983+00:00, run_after=2023-12-24T01:43:03.605983+00:00
[2023-12-24T01:43:03.616+0000] {processor.py:179} INFO - Processing /home/airflow/.local/lib/python3.8/site-packages/airflow/example_dags/example_setup_teardown.py took 0.046 seconds
[2023-12-24T01:43:34.400+0000] {processor.py:157} INFO - Started process (PID=294) to work on /home/airflow/.local/lib/python3.8/site-packages/airflow/example_dags/example_setup_teardown.py
[2023-12-24T01:43:34.402+0000] {processor.py:829} INFO - Processing file /home/airflow/.local/lib/python3.8/site-packages/airflow/example_dags/example_setup_teardown.py for tasks to queue
[2023-12-24T01:43:34.404+0000] {logging_mixin.py:154} INFO - [2023-12-24T01:43:34.404+0000] {dagbag.py:536} INFO - Filling up the DagBag from /home/airflow/.local/lib/python3.8/site-packages/airflow/example_dags/example_setup_teardown.py
[2023-12-24T01:43:34.409+0000] {processor.py:839} INFO - DAG(s) dict_keys(['example_setup_teardown']) retrieved from /home/airflow/.local/lib/python3.8/site-packages/airflow/example_dags/example_setup_teardown.py
[2023-12-24T01:43:34.424+0000] {logging_mixin.py:154} INFO - [2023-12-24T01:43:34.424+0000] {dag.py:2941} INFO - Sync 1 DAGs
[2023-12-24T01:43:34.549+0000] {logging_mixin.py:154} INFO - [2023-12-24T01:43:34.549+0000] {dag.py:3722} INFO - Setting next_dagrun for example_setup_teardown to 2023-12-23T01:43:34.548949+00:00, run_after=2023-12-24T01:43:34.548949+00:00
[2023-12-24T01:43:34.560+0000] {processor.py:179} INFO - Processing /home/airflow/.local/lib/python3.8/site-packages/airflow/example_dags/example_setup_teardown.py took 0.162 seconds
[2023-12-24T01:44:05.050+0000] {processor.py:157} INFO - Started process (PID=349) to work on /home/airflow/.local/lib/python3.8/site-packages/airflow/example_dags/example_setup_teardown.py
[2023-12-24T01:44:05.051+0000] {processor.py:829} INFO - Processing file /home/airflow/.local/lib/python3.8/site-packages/airflow/example_dags/example_setup_teardown.py for tasks to queue
[2023-12-24T01:44:05.053+0000] {logging_mixin.py:154} INFO - [2023-12-24T01:44:05.052+0000] {dagbag.py:536} INFO - Filling up the DagBag from /home/airflow/.local/lib/python3.8/site-packages/airflow/example_dags/example_setup_teardown.py
[2023-12-24T01:44:05.058+0000] {processor.py:839} INFO - DAG(s) dict_keys(['example_setup_teardown']) retrieved from /home/airflow/.local/lib/python3.8/site-packages/airflow/example_dags/example_setup_teardown.py
[2023-12-24T01:44:05.073+0000] {logging_mixin.py:154} INFO - [2023-12-24T01:44:05.073+0000] {dag.py:2941} INFO - Sync 1 DAGs
[2023-12-24T01:44:05.087+0000] {logging_mixin.py:154} INFO - [2023-12-24T01:44:05.087+0000] {dag.py:3722} INFO - Setting next_dagrun for example_setup_teardown to 2023-12-23T01:44:05.086923+00:00, run_after=2023-12-24T01:44:05.086923+00:00
[2023-12-24T01:44:05.101+0000] {processor.py:179} INFO - Processing /home/airflow/.local/lib/python3.8/site-packages/airflow/example_dags/example_setup_teardown.py took 0.054 seconds
[2023-12-24T01:44:35.893+0000] {processor.py:157} INFO - Started process (PID=405) to work on /home/airflow/.local/lib/python3.8/site-packages/airflow/example_dags/example_setup_teardown.py
[2023-12-24T01:44:35.895+0000] {processor.py:829} INFO - Processing file /home/airflow/.local/lib/python3.8/site-packages/airflow/example_dags/example_setup_teardown.py for tasks to queue
[2023-12-24T01:44:35.898+0000] {logging_mixin.py:154} INFO - [2023-12-24T01:44:35.897+0000] {dagbag.py:536} INFO - Filling up the DagBag from /home/airflow/.local/lib/python3.8/site-packages/airflow/example_dags/example_setup_teardown.py
[2023-12-24T01:44:35.903+0000] {processor.py:839} INFO - DAG(s) dict_keys(['example_setup_teardown']) retrieved from /home/airflow/.local/lib/python3.8/site-packages/airflow/example_dags/example_setup_teardown.py
[2023-12-24T01:44:35.918+0000] {logging_mixin.py:154} INFO - [2023-12-24T01:44:35.918+0000] {dag.py:2941} INFO - Sync 1 DAGs
[2023-12-24T01:44:35.933+0000] {logging_mixin.py:154} INFO - [2023-12-24T01:44:35.933+0000] {dag.py:3722} INFO - Setting next_dagrun for example_setup_teardown to 2023-12-23T01:44:35.932891+00:00, run_after=2023-12-24T01:44:35.932891+00:00
[2023-12-24T01:44:35.945+0000] {processor.py:179} INFO - Processing /home/airflow/.local/lib/python3.8/site-packages/airflow/example_dags/example_setup_teardown.py took 0.054 seconds
[2023-12-24T01:45:06.811+0000] {processor.py:157} INFO - Started process (PID=460) to work on /home/airflow/.local/lib/python3.8/site-packages/airflow/example_dags/example_setup_teardown.py
[2023-12-24T01:45:06.813+0000] {processor.py:829} INFO - Processing file /home/airflow/.local/lib/python3.8/site-packages/airflow/example_dags/example_setup_teardown.py for tasks to queue
[2023-12-24T01:45:06.815+0000] {logging_mixin.py:154} INFO - [2023-12-24T01:45:06.815+0000] {dagbag.py:536} INFO - Filling up the DagBag from /home/airflow/.local/lib/python3.8/site-packages/airflow/example_dags/example_setup_teardown.py
[2023-12-24T01:45:06.820+0000] {processor.py:839} INFO - DAG(s) dict_keys(['example_setup_teardown']) retrieved from /home/airflow/.local/lib/python3.8/site-packages/airflow/example_dags/example_setup_teardown.py
[2023-12-24T01:45:06.935+0000] {logging_mixin.py:154} INFO - [2023-12-24T01:45:06.935+0000] {dag.py:2941} INFO - Sync 1 DAGs
[2023-12-24T01:45:06.945+0000] {logging_mixin.py:154} INFO - [2023-12-24T01:45:06.945+0000] {dag.py:3722} INFO - Setting next_dagrun for example_setup_teardown to 2023-12-23T01:45:06.945355+00:00, run_after=2023-12-24T01:45:06.945355+00:00
[2023-12-24T01:45:06.954+0000] {processor.py:179} INFO - Processing /home/airflow/.local/lib/python3.8/site-packages/airflow/example_dags/example_setup_teardown.py took 0.146 seconds
[2023-12-24T01:45:37.464+0000] {processor.py:157} INFO - Started process (PID=516) to work on /home/airflow/.local/lib/python3.8/site-packages/airflow/example_dags/example_setup_teardown.py
[2023-12-24T01:45:37.465+0000] {processor.py:829} INFO - Processing file /home/airflow/.local/lib/python3.8/site-packages/airflow/example_dags/example_setup_teardown.py for tasks to queue
[2023-12-24T01:45:37.467+0000] {logging_mixin.py:154} INFO - [2023-12-24T01:45:37.467+0000] {dagbag.py:536} INFO - Filling up the DagBag from /home/airflow/.local/lib/python3.8/site-packages/airflow/example_dags/example_setup_teardown.py
[2023-12-24T01:45:37.472+0000] {processor.py:839} INFO - DAG(s) dict_keys(['example_setup_teardown']) retrieved from /home/airflow/.local/lib/python3.8/site-packages/airflow/example_dags/example_setup_teardown.py
[2023-12-24T01:45:37.486+0000] {logging_mixin.py:154} INFO - [2023-12-24T01:45:37.486+0000] {dag.py:2941} INFO - Sync 1 DAGs
[2023-12-24T01:45:37.617+0000] {logging_mixin.py:154} INFO - [2023-12-24T01:45:37.617+0000] {dag.py:3722} INFO - Setting next_dagrun for example_setup_teardown to 2023-12-23T01:45:37.616970+00:00, run_after=2023-12-24T01:45:37.616970+00:00
[2023-12-24T01:45:37.628+0000] {processor.py:179} INFO - Processing /home/airflow/.local/lib/python3.8/site-packages/airflow/example_dags/example_setup_teardown.py took 0.166 seconds
[2023-12-24T01:46:08.346+0000] {processor.py:157} INFO - Started process (PID=571) to work on /home/airflow/.local/lib/python3.8/site-packages/airflow/example_dags/example_setup_teardown.py
[2023-12-24T01:46:08.347+0000] {processor.py:829} INFO - Processing file /home/airflow/.local/lib/python3.8/site-packages/airflow/example_dags/example_setup_teardown.py for tasks to queue
[2023-12-24T01:46:08.349+0000] {logging_mixin.py:154} INFO - [2023-12-24T01:46:08.349+0000] {dagbag.py:536} INFO - Filling up the DagBag from /home/airflow/.local/lib/python3.8/site-packages/airflow/example_dags/example_setup_teardown.py
[2023-12-24T01:46:08.353+0000] {processor.py:839} INFO - DAG(s) dict_keys(['example_setup_teardown']) retrieved from /home/airflow/.local/lib/python3.8/site-packages/airflow/example_dags/example_setup_teardown.py
[2023-12-24T01:46:08.366+0000] {logging_mixin.py:154} INFO - [2023-12-24T01:46:08.366+0000] {dag.py:2941} INFO - Sync 1 DAGs
[2023-12-24T01:46:08.377+0000] {logging_mixin.py:154} INFO - [2023-12-24T01:46:08.377+0000] {dag.py:3722} INFO - Setting next_dagrun for example_setup_teardown to 2023-12-23T01:46:08.377555+00:00, run_after=2023-12-24T01:46:08.377555+00:00
[2023-12-24T01:46:08.476+0000] {processor.py:179} INFO - Processing /home/airflow/.local/lib/python3.8/site-packages/airflow/example_dags/example_setup_teardown.py took 0.133 seconds
[2023-12-24T01:46:39.334+0000] {processor.py:157} INFO - Started process (PID=626) to work on /home/airflow/.local/lib/python3.8/site-packages/airflow/example_dags/example_setup_teardown.py
[2023-12-24T01:46:39.335+0000] {processor.py:829} INFO - Processing file /home/airflow/.local/lib/python3.8/site-packages/airflow/example_dags/example_setup_teardown.py for tasks to queue
[2023-12-24T01:46:39.337+0000] {logging_mixin.py:154} INFO - [2023-12-24T01:46:39.337+0000] {dagbag.py:536} INFO - Filling up the DagBag from /home/airflow/.local/lib/python3.8/site-packages/airflow/example_dags/example_setup_teardown.py
[2023-12-24T01:46:39.342+0000] {processor.py:839} INFO - DAG(s) dict_keys(['example_setup_teardown']) retrieved from /home/airflow/.local/lib/python3.8/site-packages/airflow/example_dags/example_setup_teardown.py
[2023-12-24T01:46:39.355+0000] {logging_mixin.py:154} INFO - [2023-12-24T01:46:39.355+0000] {dag.py:2941} INFO - Sync 1 DAGs
[2023-12-24T01:46:39.367+0000] {logging_mixin.py:154} INFO - [2023-12-24T01:46:39.367+0000] {dag.py:3722} INFO - Setting next_dagrun for example_setup_teardown to 2023-12-23T01:46:39.367028+00:00, run_after=2023-12-24T01:46:39.367028+00:00
[2023-12-24T01:46:39.377+0000] {processor.py:179} INFO - Processing /home/airflow/.local/lib/python3.8/site-packages/airflow/example_dags/example_setup_teardown.py took 0.046 seconds
