[2023-12-24T00:16:10.946+0000] {processor.py:157} INFO - Started process (PID=6200) to work on /home/airflow/.local/lib/python3.8/site-packages/airflow/example_dags/example_python_operator.py
[2023-12-24T00:16:10.948+0000] {processor.py:829} INFO - Processing file /home/airflow/.local/lib/python3.8/site-packages/airflow/example_dags/example_python_operator.py for tasks to queue
[2023-12-24T00:16:10.950+0000] {logging_mixin.py:154} INFO - [2023-12-24T00:16:10.949+0000] {dagbag.py:536} INFO - Filling up the DagBag from /home/airflow/.local/lib/python3.8/site-packages/airflow/example_dags/example_python_operator.py
[2023-12-24T00:16:10.956+0000] {processor.py:839} INFO - DAG(s) dict_keys(['example_python_operator']) retrieved from /home/airflow/.local/lib/python3.8/site-packages/airflow/example_dags/example_python_operator.py
[2023-12-24T00:16:10.970+0000] {logging_mixin.py:154} INFO - [2023-12-24T00:16:10.970+0000] {dag.py:2941} INFO - Sync 1 DAGs
[2023-12-24T00:16:10.979+0000] {logging_mixin.py:154} INFO - [2023-12-24T00:16:10.979+0000] {dag.py:3722} INFO - Setting next_dagrun for example_python_operator to None, run_after=None
[2023-12-24T00:16:10.990+0000] {processor.py:179} INFO - Processing /home/airflow/.local/lib/python3.8/site-packages/airflow/example_dags/example_python_operator.py took 0.046 seconds
[2023-12-24T00:16:41.578+0000] {processor.py:157} INFO - Started process (PID=6256) to work on /home/airflow/.local/lib/python3.8/site-packages/airflow/example_dags/example_python_operator.py
[2023-12-24T00:16:41.579+0000] {processor.py:829} INFO - Processing file /home/airflow/.local/lib/python3.8/site-packages/airflow/example_dags/example_python_operator.py for tasks to queue
[2023-12-24T00:16:41.581+0000] {logging_mixin.py:154} INFO - [2023-12-24T00:16:41.581+0000] {dagbag.py:536} INFO - Filling up the DagBag from /home/airflow/.local/lib/python3.8/site-packages/airflow/example_dags/example_python_operator.py
[2023-12-24T00:16:41.587+0000] {processor.py:839} INFO - DAG(s) dict_keys(['example_python_operator']) retrieved from /home/airflow/.local/lib/python3.8/site-packages/airflow/example_dags/example_python_operator.py
[2023-12-24T00:16:41.601+0000] {logging_mixin.py:154} INFO - [2023-12-24T00:16:41.601+0000] {dag.py:2941} INFO - Sync 1 DAGs
[2023-12-24T00:16:41.607+0000] {logging_mixin.py:154} INFO - [2023-12-24T00:16:41.607+0000] {dag.py:3722} INFO - Setting next_dagrun for example_python_operator to None, run_after=None
[2023-12-24T00:16:41.617+0000] {processor.py:179} INFO - Processing /home/airflow/.local/lib/python3.8/site-packages/airflow/example_dags/example_python_operator.py took 0.041 seconds
[2023-12-24T00:33:50.177+0000] {processor.py:157} INFO - Started process (PID=6312) to work on /home/airflow/.local/lib/python3.8/site-packages/airflow/example_dags/example_python_operator.py
[2023-12-24T00:33:50.179+0000] {processor.py:829} INFO - Processing file /home/airflow/.local/lib/python3.8/site-packages/airflow/example_dags/example_python_operator.py for tasks to queue
[2023-12-24T00:33:50.182+0000] {logging_mixin.py:154} INFO - [2023-12-24T00:33:50.182+0000] {dagbag.py:536} INFO - Filling up the DagBag from /home/airflow/.local/lib/python3.8/site-packages/airflow/example_dags/example_python_operator.py
[2023-12-24T00:33:50.191+0000] {processor.py:839} INFO - DAG(s) dict_keys(['example_python_operator']) retrieved from /home/airflow/.local/lib/python3.8/site-packages/airflow/example_dags/example_python_operator.py
[2023-12-24T00:33:50.217+0000] {logging_mixin.py:154} INFO - [2023-12-24T00:33:50.217+0000] {dag.py:2941} INFO - Sync 1 DAGs
[2023-12-24T00:33:50.229+0000] {logging_mixin.py:154} INFO - [2023-12-24T00:33:50.229+0000] {dag.py:3722} INFO - Setting next_dagrun for example_python_operator to None, run_after=None
[2023-12-24T00:33:50.243+0000] {processor.py:179} INFO - Processing /home/airflow/.local/lib/python3.8/site-packages/airflow/example_dags/example_python_operator.py took 0.070 seconds
[2023-12-24T00:34:20.703+0000] {processor.py:157} INFO - Started process (PID=6368) to work on /home/airflow/.local/lib/python3.8/site-packages/airflow/example_dags/example_python_operator.py
[2023-12-24T00:34:20.705+0000] {processor.py:829} INFO - Processing file /home/airflow/.local/lib/python3.8/site-packages/airflow/example_dags/example_python_operator.py for tasks to queue
[2023-12-24T00:34:20.707+0000] {logging_mixin.py:154} INFO - [2023-12-24T00:34:20.706+0000] {dagbag.py:536} INFO - Filling up the DagBag from /home/airflow/.local/lib/python3.8/site-packages/airflow/example_dags/example_python_operator.py
[2023-12-24T00:34:20.713+0000] {processor.py:839} INFO - DAG(s) dict_keys(['example_python_operator']) retrieved from /home/airflow/.local/lib/python3.8/site-packages/airflow/example_dags/example_python_operator.py
[2023-12-24T00:34:20.727+0000] {logging_mixin.py:154} INFO - [2023-12-24T00:34:20.727+0000] {dag.py:2941} INFO - Sync 1 DAGs
[2023-12-24T00:34:20.734+0000] {logging_mixin.py:154} INFO - [2023-12-24T00:34:20.733+0000] {dag.py:3722} INFO - Setting next_dagrun for example_python_operator to None, run_after=None
[2023-12-24T00:34:20.743+0000] {processor.py:179} INFO - Processing /home/airflow/.local/lib/python3.8/site-packages/airflow/example_dags/example_python_operator.py took 0.042 seconds
[2023-12-24T00:51:35.560+0000] {processor.py:157} INFO - Started process (PID=6423) to work on /home/airflow/.local/lib/python3.8/site-packages/airflow/example_dags/example_python_operator.py
[2023-12-24T00:51:35.561+0000] {processor.py:829} INFO - Processing file /home/airflow/.local/lib/python3.8/site-packages/airflow/example_dags/example_python_operator.py for tasks to queue
[2023-12-24T00:51:35.563+0000] {logging_mixin.py:154} INFO - [2023-12-24T00:51:35.563+0000] {dagbag.py:536} INFO - Filling up the DagBag from /home/airflow/.local/lib/python3.8/site-packages/airflow/example_dags/example_python_operator.py
[2023-12-24T00:51:35.569+0000] {processor.py:839} INFO - DAG(s) dict_keys(['example_python_operator']) retrieved from /home/airflow/.local/lib/python3.8/site-packages/airflow/example_dags/example_python_operator.py
[2023-12-24T00:51:35.583+0000] {logging_mixin.py:154} INFO - [2023-12-24T00:51:35.583+0000] {dag.py:2941} INFO - Sync 1 DAGs
[2023-12-24T00:51:35.590+0000] {logging_mixin.py:154} INFO - [2023-12-24T00:51:35.590+0000] {dag.py:3722} INFO - Setting next_dagrun for example_python_operator to None, run_after=None
[2023-12-24T00:51:35.599+0000] {processor.py:179} INFO - Processing /home/airflow/.local/lib/python3.8/site-packages/airflow/example_dags/example_python_operator.py took 0.041 seconds
[2023-12-24T00:52:06.133+0000] {processor.py:157} INFO - Started process (PID=6478) to work on /home/airflow/.local/lib/python3.8/site-packages/airflow/example_dags/example_python_operator.py
[2023-12-24T00:52:06.134+0000] {processor.py:829} INFO - Processing file /home/airflow/.local/lib/python3.8/site-packages/airflow/example_dags/example_python_operator.py for tasks to queue
[2023-12-24T00:52:06.136+0000] {logging_mixin.py:154} INFO - [2023-12-24T00:52:06.136+0000] {dagbag.py:536} INFO - Filling up the DagBag from /home/airflow/.local/lib/python3.8/site-packages/airflow/example_dags/example_python_operator.py
[2023-12-24T00:52:06.142+0000] {processor.py:839} INFO - DAG(s) dict_keys(['example_python_operator']) retrieved from /home/airflow/.local/lib/python3.8/site-packages/airflow/example_dags/example_python_operator.py
[2023-12-24T00:52:06.155+0000] {logging_mixin.py:154} INFO - [2023-12-24T00:52:06.155+0000] {dag.py:2941} INFO - Sync 1 DAGs
[2023-12-24T00:52:06.161+0000] {logging_mixin.py:154} INFO - [2023-12-24T00:52:06.161+0000] {dag.py:3722} INFO - Setting next_dagrun for example_python_operator to None, run_after=None
[2023-12-24T00:52:06.171+0000] {processor.py:179} INFO - Processing /home/airflow/.local/lib/python3.8/site-packages/airflow/example_dags/example_python_operator.py took 0.041 seconds
[2023-12-24T01:08:52.314+0000] {processor.py:157} INFO - Started process (PID=6533) to work on /home/airflow/.local/lib/python3.8/site-packages/airflow/example_dags/example_python_operator.py
[2023-12-24T01:08:52.316+0000] {processor.py:829} INFO - Processing file /home/airflow/.local/lib/python3.8/site-packages/airflow/example_dags/example_python_operator.py for tasks to queue
[2023-12-24T01:08:52.320+0000] {logging_mixin.py:154} INFO - [2023-12-24T01:08:52.319+0000] {dagbag.py:536} INFO - Filling up the DagBag from /home/airflow/.local/lib/python3.8/site-packages/airflow/example_dags/example_python_operator.py
[2023-12-24T01:08:52.329+0000] {processor.py:839} INFO - DAG(s) dict_keys(['example_python_operator']) retrieved from /home/airflow/.local/lib/python3.8/site-packages/airflow/example_dags/example_python_operator.py
[2023-12-24T01:08:52.348+0000] {logging_mixin.py:154} INFO - [2023-12-24T01:08:52.348+0000] {dag.py:2941} INFO - Sync 1 DAGs
[2023-12-24T01:08:52.358+0000] {logging_mixin.py:154} INFO - [2023-12-24T01:08:52.357+0000] {dag.py:3722} INFO - Setting next_dagrun for example_python_operator to None, run_after=None
[2023-12-24T01:08:52.373+0000] {processor.py:179} INFO - Processing /home/airflow/.local/lib/python3.8/site-packages/airflow/example_dags/example_python_operator.py took 0.064 seconds
[2023-12-24T01:26:16.588+0000] {processor.py:157} INFO - Started process (PID=6589) to work on /home/airflow/.local/lib/python3.8/site-packages/airflow/example_dags/example_python_operator.py
[2023-12-24T01:26:16.590+0000] {processor.py:829} INFO - Processing file /home/airflow/.local/lib/python3.8/site-packages/airflow/example_dags/example_python_operator.py for tasks to queue
[2023-12-24T01:26:16.593+0000] {logging_mixin.py:154} INFO - [2023-12-24T01:26:16.593+0000] {dagbag.py:536} INFO - Filling up the DagBag from /home/airflow/.local/lib/python3.8/site-packages/airflow/example_dags/example_python_operator.py
[2023-12-24T01:26:16.602+0000] {processor.py:839} INFO - DAG(s) dict_keys(['example_python_operator']) retrieved from /home/airflow/.local/lib/python3.8/site-packages/airflow/example_dags/example_python_operator.py
[2023-12-24T01:26:16.623+0000] {logging_mixin.py:154} INFO - [2023-12-24T01:26:16.623+0000] {dag.py:2941} INFO - Sync 1 DAGs
[2023-12-24T01:26:16.634+0000] {logging_mixin.py:154} INFO - [2023-12-24T01:26:16.633+0000] {dag.py:3722} INFO - Setting next_dagrun for example_python_operator to None, run_after=None
[2023-12-24T01:26:16.654+0000] {processor.py:179} INFO - Processing /home/airflow/.local/lib/python3.8/site-packages/airflow/example_dags/example_python_operator.py took 0.070 seconds
[2023-12-24T01:26:46.993+0000] {processor.py:157} INFO - Started process (PID=6645) to work on /home/airflow/.local/lib/python3.8/site-packages/airflow/example_dags/example_python_operator.py
[2023-12-24T01:26:46.994+0000] {processor.py:829} INFO - Processing file /home/airflow/.local/lib/python3.8/site-packages/airflow/example_dags/example_python_operator.py for tasks to queue
[2023-12-24T01:26:46.996+0000] {logging_mixin.py:154} INFO - [2023-12-24T01:26:46.996+0000] {dagbag.py:536} INFO - Filling up the DagBag from /home/airflow/.local/lib/python3.8/site-packages/airflow/example_dags/example_python_operator.py
[2023-12-24T01:26:47.002+0000] {processor.py:839} INFO - DAG(s) dict_keys(['example_python_operator']) retrieved from /home/airflow/.local/lib/python3.8/site-packages/airflow/example_dags/example_python_operator.py
[2023-12-24T01:26:47.016+0000] {logging_mixin.py:154} INFO - [2023-12-24T01:26:47.016+0000] {dag.py:2941} INFO - Sync 1 DAGs
[2023-12-24T01:26:47.023+0000] {logging_mixin.py:154} INFO - [2023-12-24T01:26:47.023+0000] {dag.py:3722} INFO - Setting next_dagrun for example_python_operator to None, run_after=None
[2023-12-24T01:26:47.033+0000] {processor.py:179} INFO - Processing /home/airflow/.local/lib/python3.8/site-packages/airflow/example_dags/example_python_operator.py took 0.042 seconds
[2023-12-24T01:39:26.263+0000] {processor.py:157} INFO - Started process (PID=6702) to work on /home/airflow/.local/lib/python3.8/site-packages/airflow/example_dags/example_python_operator.py
[2023-12-24T01:39:26.264+0000] {processor.py:829} INFO - Processing file /home/airflow/.local/lib/python3.8/site-packages/airflow/example_dags/example_python_operator.py for tasks to queue
[2023-12-24T01:39:26.269+0000] {logging_mixin.py:154} INFO - [2023-12-24T01:39:26.269+0000] {dagbag.py:536} INFO - Filling up the DagBag from /home/airflow/.local/lib/python3.8/site-packages/airflow/example_dags/example_python_operator.py
[2023-12-24T01:39:26.279+0000] {processor.py:839} INFO - DAG(s) dict_keys(['example_python_operator']) retrieved from /home/airflow/.local/lib/python3.8/site-packages/airflow/example_dags/example_python_operator.py
[2023-12-24T01:39:26.299+0000] {logging_mixin.py:154} INFO - [2023-12-24T01:39:26.299+0000] {dag.py:2941} INFO - Sync 1 DAGs
[2023-12-24T01:39:26.310+0000] {logging_mixin.py:154} INFO - [2023-12-24T01:39:26.309+0000] {dag.py:3722} INFO - Setting next_dagrun for example_python_operator to None, run_after=None
[2023-12-24T01:39:26.328+0000] {processor.py:179} INFO - Processing /home/airflow/.local/lib/python3.8/site-packages/airflow/example_dags/example_python_operator.py took 0.069 seconds
[2023-12-24T01:39:56.813+0000] {processor.py:157} INFO - Started process (PID=6757) to work on /home/airflow/.local/lib/python3.8/site-packages/airflow/example_dags/example_python_operator.py
[2023-12-24T01:39:56.814+0000] {processor.py:829} INFO - Processing file /home/airflow/.local/lib/python3.8/site-packages/airflow/example_dags/example_python_operator.py for tasks to queue
[2023-12-24T01:39:56.816+0000] {logging_mixin.py:154} INFO - [2023-12-24T01:39:56.816+0000] {dagbag.py:536} INFO - Filling up the DagBag from /home/airflow/.local/lib/python3.8/site-packages/airflow/example_dags/example_python_operator.py
[2023-12-24T01:39:56.822+0000] {processor.py:839} INFO - DAG(s) dict_keys(['example_python_operator']) retrieved from /home/airflow/.local/lib/python3.8/site-packages/airflow/example_dags/example_python_operator.py
[2023-12-24T01:39:56.839+0000] {logging_mixin.py:154} INFO - [2023-12-24T01:39:56.839+0000] {dag.py:2941} INFO - Sync 1 DAGs
[2023-12-24T01:39:56.848+0000] {logging_mixin.py:154} INFO - [2023-12-24T01:39:56.847+0000] {dag.py:3722} INFO - Setting next_dagrun for example_python_operator to None, run_after=None
[2023-12-24T01:39:56.860+0000] {processor.py:179} INFO - Processing /home/airflow/.local/lib/python3.8/site-packages/airflow/example_dags/example_python_operator.py took 0.050 seconds
[2023-12-24T01:40:27.138+0000] {processor.py:157} INFO - Started process (PID=6812) to work on /home/airflow/.local/lib/python3.8/site-packages/airflow/example_dags/example_python_operator.py
[2023-12-24T01:40:27.139+0000] {processor.py:829} INFO - Processing file /home/airflow/.local/lib/python3.8/site-packages/airflow/example_dags/example_python_operator.py for tasks to queue
[2023-12-24T01:40:27.141+0000] {logging_mixin.py:154} INFO - [2023-12-24T01:40:27.141+0000] {dagbag.py:536} INFO - Filling up the DagBag from /home/airflow/.local/lib/python3.8/site-packages/airflow/example_dags/example_python_operator.py
[2023-12-24T01:40:27.147+0000] {processor.py:839} INFO - DAG(s) dict_keys(['example_python_operator']) retrieved from /home/airflow/.local/lib/python3.8/site-packages/airflow/example_dags/example_python_operator.py
[2023-12-24T01:40:27.161+0000] {logging_mixin.py:154} INFO - [2023-12-24T01:40:27.161+0000] {dag.py:2941} INFO - Sync 1 DAGs
[2023-12-24T01:40:27.168+0000] {logging_mixin.py:154} INFO - [2023-12-24T01:40:27.168+0000] {dag.py:3722} INFO - Setting next_dagrun for example_python_operator to None, run_after=None
[2023-12-24T01:40:27.178+0000] {processor.py:179} INFO - Processing /home/airflow/.local/lib/python3.8/site-packages/airflow/example_dags/example_python_operator.py took 0.042 seconds
[2023-12-24T01:41:29.616+0000] {processor.py:157} INFO - Started process (PID=39) to work on /home/airflow/.local/lib/python3.8/site-packages/airflow/example_dags/example_python_operator.py
[2023-12-24T01:41:29.617+0000] {processor.py:829} INFO - Processing file /home/airflow/.local/lib/python3.8/site-packages/airflow/example_dags/example_python_operator.py for tasks to queue
[2023-12-24T01:41:29.620+0000] {logging_mixin.py:154} INFO - [2023-12-24T01:41:29.620+0000] {dagbag.py:536} INFO - Filling up the DagBag from /home/airflow/.local/lib/python3.8/site-packages/airflow/example_dags/example_python_operator.py
[2023-12-24T01:41:29.631+0000] {processor.py:839} INFO - DAG(s) dict_keys(['example_python_operator']) retrieved from /home/airflow/.local/lib/python3.8/site-packages/airflow/example_dags/example_python_operator.py
[2023-12-24T01:41:29.644+0000] {logging_mixin.py:154} INFO - [2023-12-24T01:41:29.643+0000] {dag.py:2941} INFO - Sync 1 DAGs
[2023-12-24T01:41:29.653+0000] {logging_mixin.py:154} INFO - [2023-12-24T01:41:29.653+0000] {dag.py:3722} INFO - Setting next_dagrun for example_python_operator to None, run_after=None
[2023-12-24T01:41:29.670+0000] {processor.py:179} INFO - Processing /home/airflow/.local/lib/python3.8/site-packages/airflow/example_dags/example_python_operator.py took 0.057 seconds
[2023-12-24T01:42:00.213+0000] {processor.py:157} INFO - Started process (PID=95) to work on /home/airflow/.local/lib/python3.8/site-packages/airflow/example_dags/example_python_operator.py
[2023-12-24T01:42:00.214+0000] {processor.py:829} INFO - Processing file /home/airflow/.local/lib/python3.8/site-packages/airflow/example_dags/example_python_operator.py for tasks to queue
[2023-12-24T01:42:00.216+0000] {logging_mixin.py:154} INFO - [2023-12-24T01:42:00.216+0000] {dagbag.py:536} INFO - Filling up the DagBag from /home/airflow/.local/lib/python3.8/site-packages/airflow/example_dags/example_python_operator.py
[2023-12-24T01:42:00.223+0000] {processor.py:839} INFO - DAG(s) dict_keys(['example_python_operator']) retrieved from /home/airflow/.local/lib/python3.8/site-packages/airflow/example_dags/example_python_operator.py
[2023-12-24T01:42:00.387+0000] {logging_mixin.py:154} INFO - [2023-12-24T01:42:00.386+0000] {dag.py:2941} INFO - Sync 1 DAGs
[2023-12-24T01:42:00.392+0000] {logging_mixin.py:154} INFO - [2023-12-24T01:42:00.392+0000] {dag.py:3722} INFO - Setting next_dagrun for example_python_operator to None, run_after=None
[2023-12-24T01:42:00.402+0000] {processor.py:179} INFO - Processing /home/airflow/.local/lib/python3.8/site-packages/airflow/example_dags/example_python_operator.py took 0.191 seconds
[2023-12-24T01:42:30.626+0000] {processor.py:157} INFO - Started process (PID=151) to work on /home/airflow/.local/lib/python3.8/site-packages/airflow/example_dags/example_python_operator.py
[2023-12-24T01:42:30.627+0000] {processor.py:829} INFO - Processing file /home/airflow/.local/lib/python3.8/site-packages/airflow/example_dags/example_python_operator.py for tasks to queue
[2023-12-24T01:42:30.629+0000] {logging_mixin.py:154} INFO - [2023-12-24T01:42:30.629+0000] {dagbag.py:536} INFO - Filling up the DagBag from /home/airflow/.local/lib/python3.8/site-packages/airflow/example_dags/example_python_operator.py
[2023-12-24T01:42:30.635+0000] {processor.py:839} INFO - DAG(s) dict_keys(['example_python_operator']) retrieved from /home/airflow/.local/lib/python3.8/site-packages/airflow/example_dags/example_python_operator.py
[2023-12-24T01:42:30.652+0000] {logging_mixin.py:154} INFO - [2023-12-24T01:42:30.652+0000] {dag.py:2941} INFO - Sync 1 DAGs
[2023-12-24T01:42:30.659+0000] {logging_mixin.py:154} INFO - [2023-12-24T01:42:30.659+0000] {dag.py:3722} INFO - Setting next_dagrun for example_python_operator to None, run_after=None
[2023-12-24T01:42:30.669+0000] {processor.py:179} INFO - Processing /home/airflow/.local/lib/python3.8/site-packages/airflow/example_dags/example_python_operator.py took 0.045 seconds
[2023-12-24T01:43:00.882+0000] {processor.py:157} INFO - Started process (PID=206) to work on /home/airflow/.local/lib/python3.8/site-packages/airflow/example_dags/example_python_operator.py
[2023-12-24T01:43:00.883+0000] {processor.py:829} INFO - Processing file /home/airflow/.local/lib/python3.8/site-packages/airflow/example_dags/example_python_operator.py for tasks to queue
[2023-12-24T01:43:00.886+0000] {logging_mixin.py:154} INFO - [2023-12-24T01:43:00.885+0000] {dagbag.py:536} INFO - Filling up the DagBag from /home/airflow/.local/lib/python3.8/site-packages/airflow/example_dags/example_python_operator.py
[2023-12-24T01:43:00.893+0000] {processor.py:839} INFO - DAG(s) dict_keys(['example_python_operator']) retrieved from /home/airflow/.local/lib/python3.8/site-packages/airflow/example_dags/example_python_operator.py
[2023-12-24T01:43:00.910+0000] {logging_mixin.py:154} INFO - [2023-12-24T01:43:00.909+0000] {dag.py:2941} INFO - Sync 1 DAGs
[2023-12-24T01:43:00.918+0000] {logging_mixin.py:154} INFO - [2023-12-24T01:43:00.918+0000] {dag.py:3722} INFO - Setting next_dagrun for example_python_operator to None, run_after=None
[2023-12-24T01:43:01.044+0000] {processor.py:179} INFO - Processing /home/airflow/.local/lib/python3.8/site-packages/airflow/example_dags/example_python_operator.py took 0.165 seconds
[2023-12-24T01:43:31.479+0000] {processor.py:157} INFO - Started process (PID=261) to work on /home/airflow/.local/lib/python3.8/site-packages/airflow/example_dags/example_python_operator.py
[2023-12-24T01:43:31.480+0000] {processor.py:829} INFO - Processing file /home/airflow/.local/lib/python3.8/site-packages/airflow/example_dags/example_python_operator.py for tasks to queue
[2023-12-24T01:43:31.482+0000] {logging_mixin.py:154} INFO - [2023-12-24T01:43:31.482+0000] {dagbag.py:536} INFO - Filling up the DagBag from /home/airflow/.local/lib/python3.8/site-packages/airflow/example_dags/example_python_operator.py
[2023-12-24T01:43:31.488+0000] {processor.py:839} INFO - DAG(s) dict_keys(['example_python_operator']) retrieved from /home/airflow/.local/lib/python3.8/site-packages/airflow/example_dags/example_python_operator.py
[2023-12-24T01:43:31.501+0000] {logging_mixin.py:154} INFO - [2023-12-24T01:43:31.501+0000] {dag.py:2941} INFO - Sync 1 DAGs
[2023-12-24T01:43:31.509+0000] {logging_mixin.py:154} INFO - [2023-12-24T01:43:31.508+0000] {dag.py:3722} INFO - Setting next_dagrun for example_python_operator to None, run_after=None
[2023-12-24T01:43:31.520+0000] {processor.py:179} INFO - Processing /home/airflow/.local/lib/python3.8/site-packages/airflow/example_dags/example_python_operator.py took 0.043 seconds
[2023-12-24T01:44:01.658+0000] {processor.py:157} INFO - Started process (PID=316) to work on /home/airflow/.local/lib/python3.8/site-packages/airflow/example_dags/example_python_operator.py
[2023-12-24T01:44:01.660+0000] {processor.py:829} INFO - Processing file /home/airflow/.local/lib/python3.8/site-packages/airflow/example_dags/example_python_operator.py for tasks to queue
[2023-12-24T01:44:01.663+0000] {logging_mixin.py:154} INFO - [2023-12-24T01:44:01.662+0000] {dagbag.py:536} INFO - Filling up the DagBag from /home/airflow/.local/lib/python3.8/site-packages/airflow/example_dags/example_python_operator.py
[2023-12-24T01:44:01.673+0000] {processor.py:839} INFO - DAG(s) dict_keys(['example_python_operator']) retrieved from /home/airflow/.local/lib/python3.8/site-packages/airflow/example_dags/example_python_operator.py
[2023-12-24T01:44:01.691+0000] {logging_mixin.py:154} INFO - [2023-12-24T01:44:01.691+0000] {dag.py:2941} INFO - Sync 1 DAGs
[2023-12-24T01:44:01.699+0000] {logging_mixin.py:154} INFO - [2023-12-24T01:44:01.699+0000] {dag.py:3722} INFO - Setting next_dagrun for example_python_operator to None, run_after=None
[2023-12-24T01:44:01.713+0000] {processor.py:179} INFO - Processing /home/airflow/.local/lib/python3.8/site-packages/airflow/example_dags/example_python_operator.py took 0.057 seconds
[2023-12-24T01:44:32.320+0000] {processor.py:157} INFO - Started process (PID=372) to work on /home/airflow/.local/lib/python3.8/site-packages/airflow/example_dags/example_python_operator.py
[2023-12-24T01:44:32.322+0000] {processor.py:829} INFO - Processing file /home/airflow/.local/lib/python3.8/site-packages/airflow/example_dags/example_python_operator.py for tasks to queue
[2023-12-24T01:44:32.324+0000] {logging_mixin.py:154} INFO - [2023-12-24T01:44:32.323+0000] {dagbag.py:536} INFO - Filling up the DagBag from /home/airflow/.local/lib/python3.8/site-packages/airflow/example_dags/example_python_operator.py
[2023-12-24T01:44:32.330+0000] {processor.py:839} INFO - DAG(s) dict_keys(['example_python_operator']) retrieved from /home/airflow/.local/lib/python3.8/site-packages/airflow/example_dags/example_python_operator.py
[2023-12-24T01:44:32.459+0000] {logging_mixin.py:154} INFO - [2023-12-24T01:44:32.459+0000] {dag.py:2941} INFO - Sync 1 DAGs
[2023-12-24T01:44:32.465+0000] {logging_mixin.py:154} INFO - [2023-12-24T01:44:32.465+0000] {dag.py:3722} INFO - Setting next_dagrun for example_python_operator to None, run_after=None
[2023-12-24T01:44:32.476+0000] {processor.py:179} INFO - Processing /home/airflow/.local/lib/python3.8/site-packages/airflow/example_dags/example_python_operator.py took 0.158 seconds
[2023-12-24T01:45:02.832+0000] {processor.py:157} INFO - Started process (PID=427) to work on /home/airflow/.local/lib/python3.8/site-packages/airflow/example_dags/example_python_operator.py
[2023-12-24T01:45:02.834+0000] {processor.py:829} INFO - Processing file /home/airflow/.local/lib/python3.8/site-packages/airflow/example_dags/example_python_operator.py for tasks to queue
[2023-12-24T01:45:02.836+0000] {logging_mixin.py:154} INFO - [2023-12-24T01:45:02.836+0000] {dagbag.py:536} INFO - Filling up the DagBag from /home/airflow/.local/lib/python3.8/site-packages/airflow/example_dags/example_python_operator.py
[2023-12-24T01:45:02.842+0000] {processor.py:839} INFO - DAG(s) dict_keys(['example_python_operator']) retrieved from /home/airflow/.local/lib/python3.8/site-packages/airflow/example_dags/example_python_operator.py
[2023-12-24T01:45:02.856+0000] {logging_mixin.py:154} INFO - [2023-12-24T01:45:02.856+0000] {dag.py:2941} INFO - Sync 1 DAGs
[2023-12-24T01:45:02.864+0000] {logging_mixin.py:154} INFO - [2023-12-24T01:45:02.864+0000] {dag.py:3722} INFO - Setting next_dagrun for example_python_operator to None, run_after=None
[2023-12-24T01:45:02.985+0000] {processor.py:179} INFO - Processing /home/airflow/.local/lib/python3.8/site-packages/airflow/example_dags/example_python_operator.py took 0.155 seconds
[2023-12-24T01:45:33.055+0000] {processor.py:157} INFO - Started process (PID=483) to work on /home/airflow/.local/lib/python3.8/site-packages/airflow/example_dags/example_python_operator.py
[2023-12-24T01:45:33.056+0000] {processor.py:829} INFO - Processing file /home/airflow/.local/lib/python3.8/site-packages/airflow/example_dags/example_python_operator.py for tasks to queue
[2023-12-24T01:45:33.058+0000] {logging_mixin.py:154} INFO - [2023-12-24T01:45:33.058+0000] {dagbag.py:536} INFO - Filling up the DagBag from /home/airflow/.local/lib/python3.8/site-packages/airflow/example_dags/example_python_operator.py
[2023-12-24T01:45:33.064+0000] {processor.py:839} INFO - DAG(s) dict_keys(['example_python_operator']) retrieved from /home/airflow/.local/lib/python3.8/site-packages/airflow/example_dags/example_python_operator.py
[2023-12-24T01:45:33.080+0000] {logging_mixin.py:154} INFO - [2023-12-24T01:45:33.080+0000] {dag.py:2941} INFO - Sync 1 DAGs
[2023-12-24T01:45:33.088+0000] {logging_mixin.py:154} INFO - [2023-12-24T01:45:33.088+0000] {dag.py:3722} INFO - Setting next_dagrun for example_python_operator to None, run_after=None
[2023-12-24T01:45:33.100+0000] {processor.py:179} INFO - Processing /home/airflow/.local/lib/python3.8/site-packages/airflow/example_dags/example_python_operator.py took 0.048 seconds
[2023-12-24T01:46:03.725+0000] {processor.py:157} INFO - Started process (PID=538) to work on /home/airflow/.local/lib/python3.8/site-packages/airflow/example_dags/example_python_operator.py
[2023-12-24T01:46:03.726+0000] {processor.py:829} INFO - Processing file /home/airflow/.local/lib/python3.8/site-packages/airflow/example_dags/example_python_operator.py for tasks to queue
[2023-12-24T01:46:03.728+0000] {logging_mixin.py:154} INFO - [2023-12-24T01:46:03.728+0000] {dagbag.py:536} INFO - Filling up the DagBag from /home/airflow/.local/lib/python3.8/site-packages/airflow/example_dags/example_python_operator.py
[2023-12-24T01:46:03.734+0000] {processor.py:839} INFO - DAG(s) dict_keys(['example_python_operator']) retrieved from /home/airflow/.local/lib/python3.8/site-packages/airflow/example_dags/example_python_operator.py
[2023-12-24T01:46:03.749+0000] {logging_mixin.py:154} INFO - [2023-12-24T01:46:03.749+0000] {dag.py:2941} INFO - Sync 1 DAGs
[2023-12-24T01:46:03.756+0000] {logging_mixin.py:154} INFO - [2023-12-24T01:46:03.756+0000] {dag.py:3722} INFO - Setting next_dagrun for example_python_operator to None, run_after=None
[2023-12-24T01:46:03.766+0000] {processor.py:179} INFO - Processing /home/airflow/.local/lib/python3.8/site-packages/airflow/example_dags/example_python_operator.py took 0.043 seconds
[2023-12-24T01:46:34.814+0000] {processor.py:157} INFO - Started process (PID=593) to work on /home/airflow/.local/lib/python3.8/site-packages/airflow/example_dags/example_python_operator.py
[2023-12-24T01:46:34.815+0000] {processor.py:829} INFO - Processing file /home/airflow/.local/lib/python3.8/site-packages/airflow/example_dags/example_python_operator.py for tasks to queue
[2023-12-24T01:46:34.817+0000] {logging_mixin.py:154} INFO - [2023-12-24T01:46:34.817+0000] {dagbag.py:536} INFO - Filling up the DagBag from /home/airflow/.local/lib/python3.8/site-packages/airflow/example_dags/example_python_operator.py
[2023-12-24T01:46:34.823+0000] {processor.py:839} INFO - DAG(s) dict_keys(['example_python_operator']) retrieved from /home/airflow/.local/lib/python3.8/site-packages/airflow/example_dags/example_python_operator.py
[2023-12-24T01:46:34.952+0000] {logging_mixin.py:154} INFO - [2023-12-24T01:46:34.952+0000] {dag.py:2941} INFO - Sync 1 DAGs
[2023-12-24T01:46:34.959+0000] {logging_mixin.py:154} INFO - [2023-12-24T01:46:34.959+0000] {dag.py:3722} INFO - Setting next_dagrun for example_python_operator to None, run_after=None
[2023-12-24T01:46:34.969+0000] {processor.py:179} INFO - Processing /home/airflow/.local/lib/python3.8/site-packages/airflow/example_dags/example_python_operator.py took 0.158 seconds
[2023-12-24T01:50:38.926+0000] {processor.py:157} INFO - Started process (PID=1026) to work on /home/airflow/.local/lib/python3.8/site-packages/airflow/example_dags/example_python_operator.py
[2023-12-24T01:50:38.927+0000] {processor.py:829} INFO - Processing file /home/airflow/.local/lib/python3.8/site-packages/airflow/example_dags/example_python_operator.py for tasks to queue
[2023-12-24T01:50:38.928+0000] {logging_mixin.py:154} INFO - [2023-12-24T01:50:38.928+0000] {dagbag.py:536} INFO - Filling up the DagBag from /home/airflow/.local/lib/python3.8/site-packages/airflow/example_dags/example_python_operator.py
[2023-12-24T01:50:38.934+0000] {processor.py:839} INFO - DAG(s) dict_keys(['example_python_operator']) retrieved from /home/airflow/.local/lib/python3.8/site-packages/airflow/example_dags/example_python_operator.py
[2023-12-24T01:50:38.989+0000] {logging_mixin.py:154} INFO - [2023-12-24T01:50:38.989+0000] {dag.py:2941} INFO - Sync 1 DAGs
[2023-12-24T01:50:38.995+0000] {logging_mixin.py:154} INFO - [2023-12-24T01:50:38.995+0000] {dag.py:3722} INFO - Setting next_dagrun for example_python_operator to None, run_after=None
[2023-12-24T01:50:39.006+0000] {processor.py:179} INFO - Processing /home/airflow/.local/lib/python3.8/site-packages/airflow/example_dags/example_python_operator.py took 0.083 seconds
[2023-12-24T01:51:09.122+0000] {processor.py:157} INFO - Started process (PID=1081) to work on /home/airflow/.local/lib/python3.8/site-packages/airflow/example_dags/example_python_operator.py
[2023-12-24T01:51:09.123+0000] {processor.py:829} INFO - Processing file /home/airflow/.local/lib/python3.8/site-packages/airflow/example_dags/example_python_operator.py for tasks to queue
[2023-12-24T01:51:09.124+0000] {logging_mixin.py:154} INFO - [2023-12-24T01:51:09.123+0000] {dagbag.py:536} INFO - Filling up the DagBag from /home/airflow/.local/lib/python3.8/site-packages/airflow/example_dags/example_python_operator.py
[2023-12-24T01:51:09.130+0000] {processor.py:839} INFO - DAG(s) dict_keys(['example_python_operator']) retrieved from /home/airflow/.local/lib/python3.8/site-packages/airflow/example_dags/example_python_operator.py
[2023-12-24T01:51:09.144+0000] {logging_mixin.py:154} INFO - [2023-12-24T01:51:09.144+0000] {dag.py:2941} INFO - Sync 1 DAGs
[2023-12-24T01:51:09.153+0000] {logging_mixin.py:154} INFO - [2023-12-24T01:51:09.153+0000] {dag.py:3722} INFO - Setting next_dagrun for example_python_operator to None, run_after=None
[2023-12-24T01:51:09.166+0000] {processor.py:179} INFO - Processing /home/airflow/.local/lib/python3.8/site-packages/airflow/example_dags/example_python_operator.py took 0.046 seconds
[2023-12-24T01:51:39.451+0000] {processor.py:157} INFO - Started process (PID=1137) to work on /home/airflow/.local/lib/python3.8/site-packages/airflow/example_dags/example_python_operator.py
[2023-12-24T01:51:39.452+0000] {processor.py:829} INFO - Processing file /home/airflow/.local/lib/python3.8/site-packages/airflow/example_dags/example_python_operator.py for tasks to queue
[2023-12-24T01:51:39.453+0000] {logging_mixin.py:154} INFO - [2023-12-24T01:51:39.453+0000] {dagbag.py:536} INFO - Filling up the DagBag from /home/airflow/.local/lib/python3.8/site-packages/airflow/example_dags/example_python_operator.py
[2023-12-24T01:51:39.460+0000] {processor.py:839} INFO - DAG(s) dict_keys(['example_python_operator']) retrieved from /home/airflow/.local/lib/python3.8/site-packages/airflow/example_dags/example_python_operator.py
[2023-12-24T01:51:39.476+0000] {logging_mixin.py:154} INFO - [2023-12-24T01:51:39.476+0000] {dag.py:2941} INFO - Sync 1 DAGs
[2023-12-24T01:51:39.485+0000] {logging_mixin.py:154} INFO - [2023-12-24T01:51:39.485+0000] {dag.py:3722} INFO - Setting next_dagrun for example_python_operator to None, run_after=None
[2023-12-24T01:51:39.497+0000] {processor.py:179} INFO - Processing /home/airflow/.local/lib/python3.8/site-packages/airflow/example_dags/example_python_operator.py took 0.048 seconds
[2023-12-24T01:52:09.584+0000] {processor.py:157} INFO - Started process (PID=1192) to work on /home/airflow/.local/lib/python3.8/site-packages/airflow/example_dags/example_python_operator.py
[2023-12-24T01:52:09.585+0000] {processor.py:829} INFO - Processing file /home/airflow/.local/lib/python3.8/site-packages/airflow/example_dags/example_python_operator.py for tasks to queue
[2023-12-24T01:52:09.587+0000] {logging_mixin.py:154} INFO - [2023-12-24T01:52:09.586+0000] {dagbag.py:536} INFO - Filling up the DagBag from /home/airflow/.local/lib/python3.8/site-packages/airflow/example_dags/example_python_operator.py
[2023-12-24T01:52:09.594+0000] {processor.py:839} INFO - DAG(s) dict_keys(['example_python_operator']) retrieved from /home/airflow/.local/lib/python3.8/site-packages/airflow/example_dags/example_python_operator.py
[2023-12-24T01:52:09.611+0000] {logging_mixin.py:154} INFO - [2023-12-24T01:52:09.611+0000] {dag.py:2941} INFO - Sync 1 DAGs
[2023-12-24T01:52:09.620+0000] {logging_mixin.py:154} INFO - [2023-12-24T01:52:09.620+0000] {dag.py:3722} INFO - Setting next_dagrun for example_python_operator to None, run_after=None
[2023-12-24T01:52:09.634+0000] {processor.py:179} INFO - Processing /home/airflow/.local/lib/python3.8/site-packages/airflow/example_dags/example_python_operator.py took 0.052 seconds
[2023-12-24T01:52:39.820+0000] {processor.py:157} INFO - Started process (PID=1247) to work on /home/airflow/.local/lib/python3.8/site-packages/airflow/example_dags/example_python_operator.py
[2023-12-24T01:52:39.822+0000] {processor.py:829} INFO - Processing file /home/airflow/.local/lib/python3.8/site-packages/airflow/example_dags/example_python_operator.py for tasks to queue
[2023-12-24T01:52:39.823+0000] {logging_mixin.py:154} INFO - [2023-12-24T01:52:39.823+0000] {dagbag.py:536} INFO - Filling up the DagBag from /home/airflow/.local/lib/python3.8/site-packages/airflow/example_dags/example_python_operator.py
[2023-12-24T01:52:39.830+0000] {processor.py:839} INFO - DAG(s) dict_keys(['example_python_operator']) retrieved from /home/airflow/.local/lib/python3.8/site-packages/airflow/example_dags/example_python_operator.py
[2023-12-24T01:52:39.847+0000] {logging_mixin.py:154} INFO - [2023-12-24T01:52:39.847+0000] {dag.py:2941} INFO - Sync 1 DAGs
[2023-12-24T01:52:39.856+0000] {logging_mixin.py:154} INFO - [2023-12-24T01:52:39.856+0000] {dag.py:3722} INFO - Setting next_dagrun for example_python_operator to None, run_after=None
[2023-12-24T01:52:39.869+0000] {processor.py:179} INFO - Processing /home/airflow/.local/lib/python3.8/site-packages/airflow/example_dags/example_python_operator.py took 0.052 seconds
[2023-12-24T01:53:10.095+0000] {processor.py:157} INFO - Started process (PID=1303) to work on /home/airflow/.local/lib/python3.8/site-packages/airflow/example_dags/example_python_operator.py
[2023-12-24T01:53:10.096+0000] {processor.py:829} INFO - Processing file /home/airflow/.local/lib/python3.8/site-packages/airflow/example_dags/example_python_operator.py for tasks to queue
[2023-12-24T01:53:10.097+0000] {logging_mixin.py:154} INFO - [2023-12-24T01:53:10.097+0000] {dagbag.py:536} INFO - Filling up the DagBag from /home/airflow/.local/lib/python3.8/site-packages/airflow/example_dags/example_python_operator.py
[2023-12-24T01:53:10.103+0000] {processor.py:839} INFO - DAG(s) dict_keys(['example_python_operator']) retrieved from /home/airflow/.local/lib/python3.8/site-packages/airflow/example_dags/example_python_operator.py
[2023-12-24T01:53:10.118+0000] {logging_mixin.py:154} INFO - [2023-12-24T01:53:10.118+0000] {dag.py:2941} INFO - Sync 1 DAGs
[2023-12-24T01:53:10.125+0000] {logging_mixin.py:154} INFO - [2023-12-24T01:53:10.125+0000] {dag.py:3722} INFO - Setting next_dagrun for example_python_operator to None, run_after=None
[2023-12-24T01:53:10.136+0000] {processor.py:179} INFO - Processing /home/airflow/.local/lib/python3.8/site-packages/airflow/example_dags/example_python_operator.py took 0.043 seconds
