[2023-12-24T00:16:11.829+0000] {processor.py:157} INFO - Started process (PID=6218) to work on /home/airflow/.local/lib/python3.8/site-packages/airflow/example_dags/example_branch_day_of_week_operator.py
[2023-12-24T00:16:11.830+0000] {processor.py:829} INFO - Processing file /home/airflow/.local/lib/python3.8/site-packages/airflow/example_dags/example_branch_day_of_week_operator.py for tasks to queue
[2023-12-24T00:16:11.833+0000] {logging_mixin.py:154} INFO - [2023-12-24T00:16:11.832+0000] {dagbag.py:536} INFO - Filling up the DagBag from /home/airflow/.local/lib/python3.8/site-packages/airflow/example_dags/example_branch_day_of_week_operator.py
[2023-12-24T00:16:11.839+0000] {processor.py:839} INFO - DAG(s) dict_keys(['example_weekday_branch_operator']) retrieved from /home/airflow/.local/lib/python3.8/site-packages/airflow/example_dags/example_branch_day_of_week_operator.py
[2023-12-24T00:16:11.857+0000] {logging_mixin.py:154} INFO - [2023-12-24T00:16:11.857+0000] {dag.py:2941} INFO - Sync 1 DAGs
[2023-12-24T00:16:11.874+0000] {logging_mixin.py:154} INFO - [2023-12-24T00:16:11.874+0000] {dag.py:3722} INFO - Setting next_dagrun for example_weekday_branch_operator to 2023-12-23T00:00:00+00:00, run_after=2023-12-24T00:00:00+00:00
[2023-12-24T00:16:11.887+0000] {processor.py:179} INFO - Processing /home/airflow/.local/lib/python3.8/site-packages/airflow/example_dags/example_branch_day_of_week_operator.py took 0.062 seconds
[2023-12-24T00:16:42.249+0000] {processor.py:157} INFO - Started process (PID=6274) to work on /home/airflow/.local/lib/python3.8/site-packages/airflow/example_dags/example_branch_day_of_week_operator.py
[2023-12-24T00:16:42.250+0000] {processor.py:829} INFO - Processing file /home/airflow/.local/lib/python3.8/site-packages/airflow/example_dags/example_branch_day_of_week_operator.py for tasks to queue
[2023-12-24T00:16:42.252+0000] {logging_mixin.py:154} INFO - [2023-12-24T00:16:42.252+0000] {dagbag.py:536} INFO - Filling up the DagBag from /home/airflow/.local/lib/python3.8/site-packages/airflow/example_dags/example_branch_day_of_week_operator.py
[2023-12-24T00:16:42.258+0000] {processor.py:839} INFO - DAG(s) dict_keys(['example_weekday_branch_operator']) retrieved from /home/airflow/.local/lib/python3.8/site-packages/airflow/example_dags/example_branch_day_of_week_operator.py
[2023-12-24T00:16:42.271+0000] {logging_mixin.py:154} INFO - [2023-12-24T00:16:42.271+0000] {dag.py:2941} INFO - Sync 1 DAGs
[2023-12-24T00:16:42.285+0000] {logging_mixin.py:154} INFO - [2023-12-24T00:16:42.285+0000] {dag.py:3722} INFO - Setting next_dagrun for example_weekday_branch_operator to 2023-12-23T00:00:00+00:00, run_after=2023-12-24T00:00:00+00:00
[2023-12-24T00:16:42.294+0000] {processor.py:179} INFO - Processing /home/airflow/.local/lib/python3.8/site-packages/airflow/example_dags/example_branch_day_of_week_operator.py took 0.048 seconds
[2023-12-24T00:33:51.111+0000] {processor.py:157} INFO - Started process (PID=6330) to work on /home/airflow/.local/lib/python3.8/site-packages/airflow/example_dags/example_branch_day_of_week_operator.py
[2023-12-24T00:33:51.113+0000] {processor.py:829} INFO - Processing file /home/airflow/.local/lib/python3.8/site-packages/airflow/example_dags/example_branch_day_of_week_operator.py for tasks to queue
[2023-12-24T00:33:51.114+0000] {logging_mixin.py:154} INFO - [2023-12-24T00:33:51.114+0000] {dagbag.py:536} INFO - Filling up the DagBag from /home/airflow/.local/lib/python3.8/site-packages/airflow/example_dags/example_branch_day_of_week_operator.py
[2023-12-24T00:33:51.120+0000] {processor.py:839} INFO - DAG(s) dict_keys(['example_weekday_branch_operator']) retrieved from /home/airflow/.local/lib/python3.8/site-packages/airflow/example_dags/example_branch_day_of_week_operator.py
[2023-12-24T00:33:51.134+0000] {logging_mixin.py:154} INFO - [2023-12-24T00:33:51.134+0000] {dag.py:2941} INFO - Sync 1 DAGs
[2023-12-24T00:33:51.147+0000] {logging_mixin.py:154} INFO - [2023-12-24T00:33:51.147+0000] {dag.py:3722} INFO - Setting next_dagrun for example_weekday_branch_operator to 2023-12-23T00:00:00+00:00, run_after=2023-12-24T00:00:00+00:00
[2023-12-24T00:33:51.158+0000] {processor.py:179} INFO - Processing /home/airflow/.local/lib/python3.8/site-packages/airflow/example_dags/example_branch_day_of_week_operator.py took 0.048 seconds
[2023-12-24T00:34:21.371+0000] {processor.py:157} INFO - Started process (PID=6386) to work on /home/airflow/.local/lib/python3.8/site-packages/airflow/example_dags/example_branch_day_of_week_operator.py
[2023-12-24T00:34:21.372+0000] {processor.py:829} INFO - Processing file /home/airflow/.local/lib/python3.8/site-packages/airflow/example_dags/example_branch_day_of_week_operator.py for tasks to queue
[2023-12-24T00:34:21.374+0000] {logging_mixin.py:154} INFO - [2023-12-24T00:34:21.373+0000] {dagbag.py:536} INFO - Filling up the DagBag from /home/airflow/.local/lib/python3.8/site-packages/airflow/example_dags/example_branch_day_of_week_operator.py
[2023-12-24T00:34:21.379+0000] {processor.py:839} INFO - DAG(s) dict_keys(['example_weekday_branch_operator']) retrieved from /home/airflow/.local/lib/python3.8/site-packages/airflow/example_dags/example_branch_day_of_week_operator.py
[2023-12-24T00:34:21.393+0000] {logging_mixin.py:154} INFO - [2023-12-24T00:34:21.392+0000] {dag.py:2941} INFO - Sync 1 DAGs
[2023-12-24T00:34:21.405+0000] {logging_mixin.py:154} INFO - [2023-12-24T00:34:21.405+0000] {dag.py:3722} INFO - Setting next_dagrun for example_weekday_branch_operator to 2023-12-23T00:00:00+00:00, run_after=2023-12-24T00:00:00+00:00
[2023-12-24T00:34:21.415+0000] {processor.py:179} INFO - Processing /home/airflow/.local/lib/python3.8/site-packages/airflow/example_dags/example_branch_day_of_week_operator.py took 0.047 seconds
[2023-12-24T00:51:36.474+0000] {processor.py:157} INFO - Started process (PID=6441) to work on /home/airflow/.local/lib/python3.8/site-packages/airflow/example_dags/example_branch_day_of_week_operator.py
[2023-12-24T00:51:36.475+0000] {processor.py:829} INFO - Processing file /home/airflow/.local/lib/python3.8/site-packages/airflow/example_dags/example_branch_day_of_week_operator.py for tasks to queue
[2023-12-24T00:51:36.478+0000] {logging_mixin.py:154} INFO - [2023-12-24T00:51:36.478+0000] {dagbag.py:536} INFO - Filling up the DagBag from /home/airflow/.local/lib/python3.8/site-packages/airflow/example_dags/example_branch_day_of_week_operator.py
[2023-12-24T00:51:36.484+0000] {processor.py:839} INFO - DAG(s) dict_keys(['example_weekday_branch_operator']) retrieved from /home/airflow/.local/lib/python3.8/site-packages/airflow/example_dags/example_branch_day_of_week_operator.py
[2023-12-24T00:51:36.498+0000] {logging_mixin.py:154} INFO - [2023-12-24T00:51:36.498+0000] {dag.py:2941} INFO - Sync 1 DAGs
[2023-12-24T00:51:36.513+0000] {logging_mixin.py:154} INFO - [2023-12-24T00:51:36.513+0000] {dag.py:3722} INFO - Setting next_dagrun for example_weekday_branch_operator to 2023-12-23T00:00:00+00:00, run_after=2023-12-24T00:00:00+00:00
[2023-12-24T00:51:36.529+0000] {processor.py:179} INFO - Processing /home/airflow/.local/lib/python3.8/site-packages/airflow/example_dags/example_branch_day_of_week_operator.py took 0.060 seconds
[2023-12-24T00:52:06.905+0000] {processor.py:157} INFO - Started process (PID=6496) to work on /home/airflow/.local/lib/python3.8/site-packages/airflow/example_dags/example_branch_day_of_week_operator.py
[2023-12-24T00:52:06.906+0000] {processor.py:829} INFO - Processing file /home/airflow/.local/lib/python3.8/site-packages/airflow/example_dags/example_branch_day_of_week_operator.py for tasks to queue
[2023-12-24T00:52:06.908+0000] {logging_mixin.py:154} INFO - [2023-12-24T00:52:06.908+0000] {dagbag.py:536} INFO - Filling up the DagBag from /home/airflow/.local/lib/python3.8/site-packages/airflow/example_dags/example_branch_day_of_week_operator.py
[2023-12-24T00:52:06.913+0000] {processor.py:839} INFO - DAG(s) dict_keys(['example_weekday_branch_operator']) retrieved from /home/airflow/.local/lib/python3.8/site-packages/airflow/example_dags/example_branch_day_of_week_operator.py
[2023-12-24T00:52:06.927+0000] {logging_mixin.py:154} INFO - [2023-12-24T00:52:06.926+0000] {dag.py:2941} INFO - Sync 1 DAGs
[2023-12-24T00:52:06.939+0000] {logging_mixin.py:154} INFO - [2023-12-24T00:52:06.939+0000] {dag.py:3722} INFO - Setting next_dagrun for example_weekday_branch_operator to 2023-12-23T00:00:00+00:00, run_after=2023-12-24T00:00:00+00:00
[2023-12-24T00:52:06.949+0000] {processor.py:179} INFO - Processing /home/airflow/.local/lib/python3.8/site-packages/airflow/example_dags/example_branch_day_of_week_operator.py took 0.047 seconds
[2023-12-24T01:08:53.255+0000] {processor.py:157} INFO - Started process (PID=6551) to work on /home/airflow/.local/lib/python3.8/site-packages/airflow/example_dags/example_branch_day_of_week_operator.py
[2023-12-24T01:08:53.256+0000] {processor.py:829} INFO - Processing file /home/airflow/.local/lib/python3.8/site-packages/airflow/example_dags/example_branch_day_of_week_operator.py for tasks to queue
[2023-12-24T01:08:53.258+0000] {logging_mixin.py:154} INFO - [2023-12-24T01:08:53.258+0000] {dagbag.py:536} INFO - Filling up the DagBag from /home/airflow/.local/lib/python3.8/site-packages/airflow/example_dags/example_branch_day_of_week_operator.py
[2023-12-24T01:08:53.263+0000] {processor.py:839} INFO - DAG(s) dict_keys(['example_weekday_branch_operator']) retrieved from /home/airflow/.local/lib/python3.8/site-packages/airflow/example_dags/example_branch_day_of_week_operator.py
[2023-12-24T01:08:53.277+0000] {logging_mixin.py:154} INFO - [2023-12-24T01:08:53.277+0000] {dag.py:2941} INFO - Sync 1 DAGs
[2023-12-24T01:08:53.289+0000] {logging_mixin.py:154} INFO - [2023-12-24T01:08:53.289+0000] {dag.py:3722} INFO - Setting next_dagrun for example_weekday_branch_operator to 2023-12-23T00:00:00+00:00, run_after=2023-12-24T00:00:00+00:00
[2023-12-24T01:08:53.299+0000] {processor.py:179} INFO - Processing /home/airflow/.local/lib/python3.8/site-packages/airflow/example_dags/example_branch_day_of_week_operator.py took 0.046 seconds
[2023-12-24T01:26:17.437+0000] {processor.py:157} INFO - Started process (PID=6607) to work on /home/airflow/.local/lib/python3.8/site-packages/airflow/example_dags/example_branch_day_of_week_operator.py
[2023-12-24T01:26:17.439+0000] {processor.py:829} INFO - Processing file /home/airflow/.local/lib/python3.8/site-packages/airflow/example_dags/example_branch_day_of_week_operator.py for tasks to queue
[2023-12-24T01:26:17.440+0000] {logging_mixin.py:154} INFO - [2023-12-24T01:26:17.440+0000] {dagbag.py:536} INFO - Filling up the DagBag from /home/airflow/.local/lib/python3.8/site-packages/airflow/example_dags/example_branch_day_of_week_operator.py
[2023-12-24T01:26:17.446+0000] {processor.py:839} INFO - DAG(s) dict_keys(['example_weekday_branch_operator']) retrieved from /home/airflow/.local/lib/python3.8/site-packages/airflow/example_dags/example_branch_day_of_week_operator.py
[2023-12-24T01:26:17.460+0000] {logging_mixin.py:154} INFO - [2023-12-24T01:26:17.459+0000] {dag.py:2941} INFO - Sync 1 DAGs
[2023-12-24T01:26:17.472+0000] {logging_mixin.py:154} INFO - [2023-12-24T01:26:17.472+0000] {dag.py:3722} INFO - Setting next_dagrun for example_weekday_branch_operator to 2023-12-23T00:00:00+00:00, run_after=2023-12-24T00:00:00+00:00
[2023-12-24T01:26:17.482+0000] {processor.py:179} INFO - Processing /home/airflow/.local/lib/python3.8/site-packages/airflow/example_dags/example_branch_day_of_week_operator.py took 0.047 seconds
[2023-12-24T01:26:47.703+0000] {processor.py:157} INFO - Started process (PID=6663) to work on /home/airflow/.local/lib/python3.8/site-packages/airflow/example_dags/example_branch_day_of_week_operator.py
[2023-12-24T01:26:47.705+0000] {processor.py:829} INFO - Processing file /home/airflow/.local/lib/python3.8/site-packages/airflow/example_dags/example_branch_day_of_week_operator.py for tasks to queue
[2023-12-24T01:26:47.706+0000] {logging_mixin.py:154} INFO - [2023-12-24T01:26:47.706+0000] {dagbag.py:536} INFO - Filling up the DagBag from /home/airflow/.local/lib/python3.8/site-packages/airflow/example_dags/example_branch_day_of_week_operator.py
[2023-12-24T01:26:47.712+0000] {processor.py:839} INFO - DAG(s) dict_keys(['example_weekday_branch_operator']) retrieved from /home/airflow/.local/lib/python3.8/site-packages/airflow/example_dags/example_branch_day_of_week_operator.py
[2023-12-24T01:26:47.725+0000] {logging_mixin.py:154} INFO - [2023-12-24T01:26:47.725+0000] {dag.py:2941} INFO - Sync 1 DAGs
[2023-12-24T01:26:47.737+0000] {logging_mixin.py:154} INFO - [2023-12-24T01:26:47.737+0000] {dag.py:3722} INFO - Setting next_dagrun for example_weekday_branch_operator to 2023-12-23T00:00:00+00:00, run_after=2023-12-24T00:00:00+00:00
[2023-12-24T01:26:47.746+0000] {processor.py:179} INFO - Processing /home/airflow/.local/lib/python3.8/site-packages/airflow/example_dags/example_branch_day_of_week_operator.py took 0.045 seconds
[2023-12-24T01:39:27.328+0000] {processor.py:157} INFO - Started process (PID=6720) to work on /home/airflow/.local/lib/python3.8/site-packages/airflow/example_dags/example_branch_day_of_week_operator.py
[2023-12-24T01:39:27.330+0000] {processor.py:829} INFO - Processing file /home/airflow/.local/lib/python3.8/site-packages/airflow/example_dags/example_branch_day_of_week_operator.py for tasks to queue
[2023-12-24T01:39:27.332+0000] {logging_mixin.py:154} INFO - [2023-12-24T01:39:27.331+0000] {dagbag.py:536} INFO - Filling up the DagBag from /home/airflow/.local/lib/python3.8/site-packages/airflow/example_dags/example_branch_day_of_week_operator.py
[2023-12-24T01:39:27.337+0000] {processor.py:839} INFO - DAG(s) dict_keys(['example_weekday_branch_operator']) retrieved from /home/airflow/.local/lib/python3.8/site-packages/airflow/example_dags/example_branch_day_of_week_operator.py
[2023-12-24T01:39:27.350+0000] {logging_mixin.py:154} INFO - [2023-12-24T01:39:27.350+0000] {dag.py:2941} INFO - Sync 1 DAGs
[2023-12-24T01:39:27.363+0000] {logging_mixin.py:154} INFO - [2023-12-24T01:39:27.363+0000] {dag.py:3722} INFO - Setting next_dagrun for example_weekday_branch_operator to 2023-12-23T00:00:00+00:00, run_after=2023-12-24T00:00:00+00:00
[2023-12-24T01:39:27.375+0000] {processor.py:179} INFO - Processing /home/airflow/.local/lib/python3.8/site-packages/airflow/example_dags/example_branch_day_of_week_operator.py took 0.048 seconds
[2023-12-24T01:39:57.594+0000] {processor.py:157} INFO - Started process (PID=6775) to work on /home/airflow/.local/lib/python3.8/site-packages/airflow/example_dags/example_branch_day_of_week_operator.py
[2023-12-24T01:39:57.595+0000] {processor.py:829} INFO - Processing file /home/airflow/.local/lib/python3.8/site-packages/airflow/example_dags/example_branch_day_of_week_operator.py for tasks to queue
[2023-12-24T01:39:57.597+0000] {logging_mixin.py:154} INFO - [2023-12-24T01:39:57.597+0000] {dagbag.py:536} INFO - Filling up the DagBag from /home/airflow/.local/lib/python3.8/site-packages/airflow/example_dags/example_branch_day_of_week_operator.py
[2023-12-24T01:39:57.604+0000] {processor.py:839} INFO - DAG(s) dict_keys(['example_weekday_branch_operator']) retrieved from /home/airflow/.local/lib/python3.8/site-packages/airflow/example_dags/example_branch_day_of_week_operator.py
[2023-12-24T01:39:57.617+0000] {logging_mixin.py:154} INFO - [2023-12-24T01:39:57.617+0000] {dag.py:2941} INFO - Sync 1 DAGs
[2023-12-24T01:39:57.631+0000] {logging_mixin.py:154} INFO - [2023-12-24T01:39:57.631+0000] {dag.py:3722} INFO - Setting next_dagrun for example_weekday_branch_operator to 2023-12-23T00:00:00+00:00, run_after=2023-12-24T00:00:00+00:00
[2023-12-24T01:39:57.642+0000] {processor.py:179} INFO - Processing /home/airflow/.local/lib/python3.8/site-packages/airflow/example_dags/example_branch_day_of_week_operator.py took 0.050 seconds
[2023-12-24T01:40:27.895+0000] {processor.py:157} INFO - Started process (PID=6830) to work on /home/airflow/.local/lib/python3.8/site-packages/airflow/example_dags/example_branch_day_of_week_operator.py
[2023-12-24T01:40:27.896+0000] {processor.py:829} INFO - Processing file /home/airflow/.local/lib/python3.8/site-packages/airflow/example_dags/example_branch_day_of_week_operator.py for tasks to queue
[2023-12-24T01:40:27.898+0000] {logging_mixin.py:154} INFO - [2023-12-24T01:40:27.898+0000] {dagbag.py:536} INFO - Filling up the DagBag from /home/airflow/.local/lib/python3.8/site-packages/airflow/example_dags/example_branch_day_of_week_operator.py
[2023-12-24T01:40:27.904+0000] {processor.py:839} INFO - DAG(s) dict_keys(['example_weekday_branch_operator']) retrieved from /home/airflow/.local/lib/python3.8/site-packages/airflow/example_dags/example_branch_day_of_week_operator.py
[2023-12-24T01:40:27.918+0000] {logging_mixin.py:154} INFO - [2023-12-24T01:40:27.918+0000] {dag.py:2941} INFO - Sync 1 DAGs
[2023-12-24T01:40:27.932+0000] {logging_mixin.py:154} INFO - [2023-12-24T01:40:27.932+0000] {dag.py:3722} INFO - Setting next_dagrun for example_weekday_branch_operator to 2023-12-23T00:00:00+00:00, run_after=2023-12-24T00:00:00+00:00
[2023-12-24T01:40:27.943+0000] {processor.py:179} INFO - Processing /home/airflow/.local/lib/python3.8/site-packages/airflow/example_dags/example_branch_day_of_week_operator.py took 0.050 seconds
[2023-12-24T01:41:30.454+0000] {processor.py:157} INFO - Started process (PID=57) to work on /home/airflow/.local/lib/python3.8/site-packages/airflow/example_dags/example_branch_day_of_week_operator.py
[2023-12-24T01:41:30.455+0000] {processor.py:829} INFO - Processing file /home/airflow/.local/lib/python3.8/site-packages/airflow/example_dags/example_branch_day_of_week_operator.py for tasks to queue
[2023-12-24T01:41:30.458+0000] {logging_mixin.py:154} INFO - [2023-12-24T01:41:30.458+0000] {dagbag.py:536} INFO - Filling up the DagBag from /home/airflow/.local/lib/python3.8/site-packages/airflow/example_dags/example_branch_day_of_week_operator.py
[2023-12-24T01:41:30.466+0000] {processor.py:839} INFO - DAG(s) dict_keys(['example_weekday_branch_operator']) retrieved from /home/airflow/.local/lib/python3.8/site-packages/airflow/example_dags/example_branch_day_of_week_operator.py
[2023-12-24T01:41:30.477+0000] {logging_mixin.py:154} INFO - [2023-12-24T01:41:30.477+0000] {dag.py:2941} INFO - Sync 1 DAGs
[2023-12-24T01:41:30.497+0000] {logging_mixin.py:154} INFO - [2023-12-24T01:41:30.496+0000] {dag.py:3722} INFO - Setting next_dagrun for example_weekday_branch_operator to 2023-12-23T00:00:00+00:00, run_after=2023-12-24T00:00:00+00:00
[2023-12-24T01:41:30.511+0000] {processor.py:179} INFO - Processing /home/airflow/.local/lib/python3.8/site-packages/airflow/example_dags/example_branch_day_of_week_operator.py took 0.060 seconds
[2023-12-24T01:42:00.980+0000] {processor.py:157} INFO - Started process (PID=113) to work on /home/airflow/.local/lib/python3.8/site-packages/airflow/example_dags/example_branch_day_of_week_operator.py
[2023-12-24T01:42:00.981+0000] {processor.py:829} INFO - Processing file /home/airflow/.local/lib/python3.8/site-packages/airflow/example_dags/example_branch_day_of_week_operator.py for tasks to queue
[2023-12-24T01:42:00.983+0000] {logging_mixin.py:154} INFO - [2023-12-24T01:42:00.983+0000] {dagbag.py:536} INFO - Filling up the DagBag from /home/airflow/.local/lib/python3.8/site-packages/airflow/example_dags/example_branch_day_of_week_operator.py
[2023-12-24T01:42:00.988+0000] {processor.py:839} INFO - DAG(s) dict_keys(['example_weekday_branch_operator']) retrieved from /home/airflow/.local/lib/python3.8/site-packages/airflow/example_dags/example_branch_day_of_week_operator.py
[2023-12-24T01:42:01.002+0000] {logging_mixin.py:154} INFO - [2023-12-24T01:42:01.001+0000] {dag.py:2941} INFO - Sync 1 DAGs
[2023-12-24T01:42:01.014+0000] {logging_mixin.py:154} INFO - [2023-12-24T01:42:01.014+0000] {dag.py:3722} INFO - Setting next_dagrun for example_weekday_branch_operator to 2023-12-23T00:00:00+00:00, run_after=2023-12-24T00:00:00+00:00
[2023-12-24T01:42:01.024+0000] {processor.py:179} INFO - Processing /home/airflow/.local/lib/python3.8/site-packages/airflow/example_dags/example_branch_day_of_week_operator.py took 0.046 seconds
[2023-12-24T01:42:31.203+0000] {processor.py:157} INFO - Started process (PID=168) to work on /home/airflow/.local/lib/python3.8/site-packages/airflow/example_dags/example_branch_day_of_week_operator.py
[2023-12-24T01:42:31.204+0000] {processor.py:829} INFO - Processing file /home/airflow/.local/lib/python3.8/site-packages/airflow/example_dags/example_branch_day_of_week_operator.py for tasks to queue
[2023-12-24T01:42:31.207+0000] {logging_mixin.py:154} INFO - [2023-12-24T01:42:31.206+0000] {dagbag.py:536} INFO - Filling up the DagBag from /home/airflow/.local/lib/python3.8/site-packages/airflow/example_dags/example_branch_day_of_week_operator.py
[2023-12-24T01:42:31.212+0000] {processor.py:839} INFO - DAG(s) dict_keys(['example_weekday_branch_operator']) retrieved from /home/airflow/.local/lib/python3.8/site-packages/airflow/example_dags/example_branch_day_of_week_operator.py
[2023-12-24T01:42:31.227+0000] {logging_mixin.py:154} INFO - [2023-12-24T01:42:31.227+0000] {dag.py:2941} INFO - Sync 1 DAGs
[2023-12-24T01:42:31.240+0000] {logging_mixin.py:154} INFO - [2023-12-24T01:42:31.240+0000] {dag.py:3722} INFO - Setting next_dagrun for example_weekday_branch_operator to 2023-12-23T00:00:00+00:00, run_after=2023-12-24T00:00:00+00:00
[2023-12-24T01:42:31.250+0000] {processor.py:179} INFO - Processing /home/airflow/.local/lib/python3.8/site-packages/airflow/example_dags/example_branch_day_of_week_operator.py took 0.050 seconds
[2023-12-24T01:43:02.489+0000] {processor.py:157} INFO - Started process (PID=223) to work on /home/airflow/.local/lib/python3.8/site-packages/airflow/example_dags/example_branch_day_of_week_operator.py
[2023-12-24T01:43:02.490+0000] {processor.py:829} INFO - Processing file /home/airflow/.local/lib/python3.8/site-packages/airflow/example_dags/example_branch_day_of_week_operator.py for tasks to queue
[2023-12-24T01:43:02.491+0000] {logging_mixin.py:154} INFO - [2023-12-24T01:43:02.491+0000] {dagbag.py:536} INFO - Filling up the DagBag from /home/airflow/.local/lib/python3.8/site-packages/airflow/example_dags/example_branch_day_of_week_operator.py
[2023-12-24T01:43:02.497+0000] {processor.py:839} INFO - DAG(s) dict_keys(['example_weekday_branch_operator']) retrieved from /home/airflow/.local/lib/python3.8/site-packages/airflow/example_dags/example_branch_day_of_week_operator.py
[2023-12-24T01:43:02.509+0000] {logging_mixin.py:154} INFO - [2023-12-24T01:43:02.509+0000] {dag.py:2941} INFO - Sync 1 DAGs
[2023-12-24T01:43:02.617+0000] {logging_mixin.py:154} INFO - [2023-12-24T01:43:02.617+0000] {dag.py:3722} INFO - Setting next_dagrun for example_weekday_branch_operator to 2023-12-23T00:00:00+00:00, run_after=2023-12-24T00:00:00+00:00
[2023-12-24T01:43:02.626+0000] {processor.py:179} INFO - Processing /home/airflow/.local/lib/python3.8/site-packages/airflow/example_dags/example_branch_day_of_week_operator.py took 0.139 seconds
[2023-12-24T01:43:33.242+0000] {processor.py:157} INFO - Started process (PID=279) to work on /home/airflow/.local/lib/python3.8/site-packages/airflow/example_dags/example_branch_day_of_week_operator.py
[2023-12-24T01:43:33.243+0000] {processor.py:829} INFO - Processing file /home/airflow/.local/lib/python3.8/site-packages/airflow/example_dags/example_branch_day_of_week_operator.py for tasks to queue
[2023-12-24T01:43:33.246+0000] {logging_mixin.py:154} INFO - [2023-12-24T01:43:33.245+0000] {dagbag.py:536} INFO - Filling up the DagBag from /home/airflow/.local/lib/python3.8/site-packages/airflow/example_dags/example_branch_day_of_week_operator.py
[2023-12-24T01:43:33.251+0000] {processor.py:839} INFO - DAG(s) dict_keys(['example_weekday_branch_operator']) retrieved from /home/airflow/.local/lib/python3.8/site-packages/airflow/example_dags/example_branch_day_of_week_operator.py
[2023-12-24T01:43:33.265+0000] {logging_mixin.py:154} INFO - [2023-12-24T01:43:33.265+0000] {dag.py:2941} INFO - Sync 1 DAGs
[2023-12-24T01:43:33.278+0000] {logging_mixin.py:154} INFO - [2023-12-24T01:43:33.278+0000] {dag.py:3722} INFO - Setting next_dagrun for example_weekday_branch_operator to 2023-12-23T00:00:00+00:00, run_after=2023-12-24T00:00:00+00:00
[2023-12-24T01:43:33.290+0000] {processor.py:179} INFO - Processing /home/airflow/.local/lib/python3.8/site-packages/airflow/example_dags/example_branch_day_of_week_operator.py took 0.050 seconds
[2023-12-24T01:44:03.364+0000] {processor.py:157} INFO - Started process (PID=334) to work on /home/airflow/.local/lib/python3.8/site-packages/airflow/example_dags/example_branch_day_of_week_operator.py
[2023-12-24T01:44:03.365+0000] {processor.py:829} INFO - Processing file /home/airflow/.local/lib/python3.8/site-packages/airflow/example_dags/example_branch_day_of_week_operator.py for tasks to queue
[2023-12-24T01:44:03.367+0000] {logging_mixin.py:154} INFO - [2023-12-24T01:44:03.367+0000] {dagbag.py:536} INFO - Filling up the DagBag from /home/airflow/.local/lib/python3.8/site-packages/airflow/example_dags/example_branch_day_of_week_operator.py
[2023-12-24T01:44:03.372+0000] {processor.py:839} INFO - DAG(s) dict_keys(['example_weekday_branch_operator']) retrieved from /home/airflow/.local/lib/python3.8/site-packages/airflow/example_dags/example_branch_day_of_week_operator.py
[2023-12-24T01:44:03.385+0000] {logging_mixin.py:154} INFO - [2023-12-24T01:44:03.385+0000] {dag.py:2941} INFO - Sync 1 DAGs
[2023-12-24T01:44:03.398+0000] {logging_mixin.py:154} INFO - [2023-12-24T01:44:03.397+0000] {dag.py:3722} INFO - Setting next_dagrun for example_weekday_branch_operator to 2023-12-23T00:00:00+00:00, run_after=2023-12-24T00:00:00+00:00
[2023-12-24T01:44:03.407+0000] {processor.py:179} INFO - Processing /home/airflow/.local/lib/python3.8/site-packages/airflow/example_dags/example_branch_day_of_week_operator.py took 0.046 seconds
[2023-12-24T01:44:34.336+0000] {processor.py:157} INFO - Started process (PID=390) to work on /home/airflow/.local/lib/python3.8/site-packages/airflow/example_dags/example_branch_day_of_week_operator.py
[2023-12-24T01:44:34.338+0000] {processor.py:829} INFO - Processing file /home/airflow/.local/lib/python3.8/site-packages/airflow/example_dags/example_branch_day_of_week_operator.py for tasks to queue
[2023-12-24T01:44:34.339+0000] {logging_mixin.py:154} INFO - [2023-12-24T01:44:34.339+0000] {dagbag.py:536} INFO - Filling up the DagBag from /home/airflow/.local/lib/python3.8/site-packages/airflow/example_dags/example_branch_day_of_week_operator.py
[2023-12-24T01:44:34.344+0000] {processor.py:839} INFO - DAG(s) dict_keys(['example_weekday_branch_operator']) retrieved from /home/airflow/.local/lib/python3.8/site-packages/airflow/example_dags/example_branch_day_of_week_operator.py
[2023-12-24T01:44:34.357+0000] {logging_mixin.py:154} INFO - [2023-12-24T01:44:34.357+0000] {dag.py:2941} INFO - Sync 1 DAGs
[2023-12-24T01:44:34.369+0000] {logging_mixin.py:154} INFO - [2023-12-24T01:44:34.369+0000] {dag.py:3722} INFO - Setting next_dagrun for example_weekday_branch_operator to 2023-12-23T00:00:00+00:00, run_after=2023-12-24T00:00:00+00:00
[2023-12-24T01:44:34.379+0000] {processor.py:179} INFO - Processing /home/airflow/.local/lib/python3.8/site-packages/airflow/example_dags/example_branch_day_of_week_operator.py took 0.045 seconds
[2023-12-24T01:45:05.440+0000] {processor.py:157} INFO - Started process (PID=445) to work on /home/airflow/.local/lib/python3.8/site-packages/airflow/example_dags/example_branch_day_of_week_operator.py
[2023-12-24T01:45:05.442+0000] {processor.py:829} INFO - Processing file /home/airflow/.local/lib/python3.8/site-packages/airflow/example_dags/example_branch_day_of_week_operator.py for tasks to queue
[2023-12-24T01:45:05.443+0000] {logging_mixin.py:154} INFO - [2023-12-24T01:45:05.443+0000] {dagbag.py:536} INFO - Filling up the DagBag from /home/airflow/.local/lib/python3.8/site-packages/airflow/example_dags/example_branch_day_of_week_operator.py
[2023-12-24T01:45:05.449+0000] {processor.py:839} INFO - DAG(s) dict_keys(['example_weekday_branch_operator']) retrieved from /home/airflow/.local/lib/python3.8/site-packages/airflow/example_dags/example_branch_day_of_week_operator.py
[2023-12-24T01:45:05.462+0000] {logging_mixin.py:154} INFO - [2023-12-24T01:45:05.462+0000] {dag.py:2941} INFO - Sync 1 DAGs
[2023-12-24T01:45:05.577+0000] {logging_mixin.py:154} INFO - [2023-12-24T01:45:05.577+0000] {dag.py:3722} INFO - Setting next_dagrun for example_weekday_branch_operator to 2023-12-23T00:00:00+00:00, run_after=2023-12-24T00:00:00+00:00
[2023-12-24T01:45:05.589+0000] {processor.py:179} INFO - Processing /home/airflow/.local/lib/python3.8/site-packages/airflow/example_dags/example_branch_day_of_week_operator.py took 0.151 seconds
[2023-12-24T01:45:36.130+0000] {processor.py:157} INFO - Started process (PID=501) to work on /home/airflow/.local/lib/python3.8/site-packages/airflow/example_dags/example_branch_day_of_week_operator.py
[2023-12-24T01:45:36.131+0000] {processor.py:829} INFO - Processing file /home/airflow/.local/lib/python3.8/site-packages/airflow/example_dags/example_branch_day_of_week_operator.py for tasks to queue
[2023-12-24T01:45:36.133+0000] {logging_mixin.py:154} INFO - [2023-12-24T01:45:36.133+0000] {dagbag.py:536} INFO - Filling up the DagBag from /home/airflow/.local/lib/python3.8/site-packages/airflow/example_dags/example_branch_day_of_week_operator.py
[2023-12-24T01:45:36.138+0000] {processor.py:839} INFO - DAG(s) dict_keys(['example_weekday_branch_operator']) retrieved from /home/airflow/.local/lib/python3.8/site-packages/airflow/example_dags/example_branch_day_of_week_operator.py
[2023-12-24T01:45:36.152+0000] {logging_mixin.py:154} INFO - [2023-12-24T01:45:36.152+0000] {dag.py:2941} INFO - Sync 1 DAGs
[2023-12-24T01:45:36.165+0000] {logging_mixin.py:154} INFO - [2023-12-24T01:45:36.165+0000] {dag.py:3722} INFO - Setting next_dagrun for example_weekday_branch_operator to 2023-12-23T00:00:00+00:00, run_after=2023-12-24T00:00:00+00:00
[2023-12-24T01:45:36.276+0000] {processor.py:179} INFO - Processing /home/airflow/.local/lib/python3.8/site-packages/airflow/example_dags/example_branch_day_of_week_operator.py took 0.148 seconds
[2023-12-24T01:46:06.495+0000] {processor.py:157} INFO - Started process (PID=556) to work on /home/airflow/.local/lib/python3.8/site-packages/airflow/example_dags/example_branch_day_of_week_operator.py
[2023-12-24T01:46:06.496+0000] {processor.py:829} INFO - Processing file /home/airflow/.local/lib/python3.8/site-packages/airflow/example_dags/example_branch_day_of_week_operator.py for tasks to queue
[2023-12-24T01:46:06.497+0000] {logging_mixin.py:154} INFO - [2023-12-24T01:46:06.497+0000] {dagbag.py:536} INFO - Filling up the DagBag from /home/airflow/.local/lib/python3.8/site-packages/airflow/example_dags/example_branch_day_of_week_operator.py
[2023-12-24T01:46:06.503+0000] {processor.py:839} INFO - DAG(s) dict_keys(['example_weekday_branch_operator']) retrieved from /home/airflow/.local/lib/python3.8/site-packages/airflow/example_dags/example_branch_day_of_week_operator.py
[2023-12-24T01:46:06.516+0000] {logging_mixin.py:154} INFO - [2023-12-24T01:46:06.515+0000] {dag.py:2941} INFO - Sync 1 DAGs
[2023-12-24T01:46:06.529+0000] {logging_mixin.py:154} INFO - [2023-12-24T01:46:06.529+0000] {dag.py:3722} INFO - Setting next_dagrun for example_weekday_branch_operator to 2023-12-23T00:00:00+00:00, run_after=2023-12-24T00:00:00+00:00
[2023-12-24T01:46:06.539+0000] {processor.py:179} INFO - Processing /home/airflow/.local/lib/python3.8/site-packages/airflow/example_dags/example_branch_day_of_week_operator.py took 0.046 seconds
[2023-12-24T01:46:37.482+0000] {processor.py:157} INFO - Started process (PID=611) to work on /home/airflow/.local/lib/python3.8/site-packages/airflow/example_dags/example_branch_day_of_week_operator.py
[2023-12-24T01:46:37.484+0000] {processor.py:829} INFO - Processing file /home/airflow/.local/lib/python3.8/site-packages/airflow/example_dags/example_branch_day_of_week_operator.py for tasks to queue
[2023-12-24T01:46:37.486+0000] {logging_mixin.py:154} INFO - [2023-12-24T01:46:37.485+0000] {dagbag.py:536} INFO - Filling up the DagBag from /home/airflow/.local/lib/python3.8/site-packages/airflow/example_dags/example_branch_day_of_week_operator.py
[2023-12-24T01:46:37.595+0000] {processor.py:839} INFO - DAG(s) dict_keys(['example_weekday_branch_operator']) retrieved from /home/airflow/.local/lib/python3.8/site-packages/airflow/example_dags/example_branch_day_of_week_operator.py
[2023-12-24T01:46:37.606+0000] {logging_mixin.py:154} INFO - [2023-12-24T01:46:37.606+0000] {dag.py:2941} INFO - Sync 1 DAGs
[2023-12-24T01:46:37.618+0000] {logging_mixin.py:154} INFO - [2023-12-24T01:46:37.618+0000] {dag.py:3722} INFO - Setting next_dagrun for example_weekday_branch_operator to 2023-12-23T00:00:00+00:00, run_after=2023-12-24T00:00:00+00:00
[2023-12-24T01:46:37.628+0000] {processor.py:179} INFO - Processing /home/airflow/.local/lib/python3.8/site-packages/airflow/example_dags/example_branch_day_of_week_operator.py took 0.148 seconds
