[2023-12-24T00:16:10.987+0000] {processor.py:157} INFO - Started process (PID=6201) to work on /home/airflow/.local/lib/python3.8/site-packages/airflow/example_dags/example_branch_operator.py
[2023-12-24T00:16:10.989+0000] {processor.py:829} INFO - Processing file /home/airflow/.local/lib/python3.8/site-packages/airflow/example_dags/example_branch_operator.py for tasks to queue
[2023-12-24T00:16:10.991+0000] {logging_mixin.py:154} INFO - [2023-12-24T00:16:10.991+0000] {dagbag.py:536} INFO - Filling up the DagBag from /home/airflow/.local/lib/python3.8/site-packages/airflow/example_dags/example_branch_operator.py
[2023-12-24T00:16:10.997+0000] {processor.py:839} INFO - DAG(s) dict_keys(['example_branch_operator']) retrieved from /home/airflow/.local/lib/python3.8/site-packages/airflow/example_dags/example_branch_operator.py
[2023-12-24T00:16:11.012+0000] {logging_mixin.py:154} INFO - [2023-12-24T00:16:11.012+0000] {dag.py:2941} INFO - Sync 1 DAGs
[2023-12-24T00:16:11.025+0000] {logging_mixin.py:154} INFO - [2023-12-24T00:16:11.025+0000] {dag.py:3722} INFO - Setting next_dagrun for example_branch_operator to 2023-12-23T00:00:00+00:00, run_after=2023-12-24T00:00:00+00:00
[2023-12-24T00:16:11.036+0000] {processor.py:179} INFO - Processing /home/airflow/.local/lib/python3.8/site-packages/airflow/example_dags/example_branch_operator.py took 0.051 seconds
[2023-12-24T00:16:41.637+0000] {processor.py:157} INFO - Started process (PID=6257) to work on /home/airflow/.local/lib/python3.8/site-packages/airflow/example_dags/example_branch_operator.py
[2023-12-24T00:16:41.638+0000] {processor.py:829} INFO - Processing file /home/airflow/.local/lib/python3.8/site-packages/airflow/example_dags/example_branch_operator.py for tasks to queue
[2023-12-24T00:16:41.640+0000] {logging_mixin.py:154} INFO - [2023-12-24T00:16:41.640+0000] {dagbag.py:536} INFO - Filling up the DagBag from /home/airflow/.local/lib/python3.8/site-packages/airflow/example_dags/example_branch_operator.py
[2023-12-24T00:16:41.646+0000] {processor.py:839} INFO - DAG(s) dict_keys(['example_branch_operator']) retrieved from /home/airflow/.local/lib/python3.8/site-packages/airflow/example_dags/example_branch_operator.py
[2023-12-24T00:16:41.660+0000] {logging_mixin.py:154} INFO - [2023-12-24T00:16:41.660+0000] {dag.py:2941} INFO - Sync 1 DAGs
[2023-12-24T00:16:41.672+0000] {logging_mixin.py:154} INFO - [2023-12-24T00:16:41.672+0000] {dag.py:3722} INFO - Setting next_dagrun for example_branch_operator to 2023-12-23T00:00:00+00:00, run_after=2023-12-24T00:00:00+00:00
[2023-12-24T00:16:41.682+0000] {processor.py:179} INFO - Processing /home/airflow/.local/lib/python3.8/site-packages/airflow/example_dags/example_branch_operator.py took 0.047 seconds
[2023-12-24T00:33:50.271+0000] {processor.py:157} INFO - Started process (PID=6313) to work on /home/airflow/.local/lib/python3.8/site-packages/airflow/example_dags/example_branch_operator.py
[2023-12-24T00:33:50.273+0000] {processor.py:829} INFO - Processing file /home/airflow/.local/lib/python3.8/site-packages/airflow/example_dags/example_branch_operator.py for tasks to queue
[2023-12-24T00:33:50.275+0000] {logging_mixin.py:154} INFO - [2023-12-24T00:33:50.275+0000] {dagbag.py:536} INFO - Filling up the DagBag from /home/airflow/.local/lib/python3.8/site-packages/airflow/example_dags/example_branch_operator.py
[2023-12-24T00:33:50.283+0000] {processor.py:839} INFO - DAG(s) dict_keys(['example_branch_operator']) retrieved from /home/airflow/.local/lib/python3.8/site-packages/airflow/example_dags/example_branch_operator.py
[2023-12-24T00:33:50.301+0000] {logging_mixin.py:154} INFO - [2023-12-24T00:33:50.301+0000] {dag.py:2941} INFO - Sync 1 DAGs
[2023-12-24T00:33:50.315+0000] {logging_mixin.py:154} INFO - [2023-12-24T00:33:50.315+0000] {dag.py:3722} INFO - Setting next_dagrun for example_branch_operator to 2023-12-23T00:00:00+00:00, run_after=2023-12-24T00:00:00+00:00
[2023-12-24T00:33:50.328+0000] {processor.py:179} INFO - Processing /home/airflow/.local/lib/python3.8/site-packages/airflow/example_dags/example_branch_operator.py took 0.061 seconds
[2023-12-24T00:34:20.762+0000] {processor.py:157} INFO - Started process (PID=6369) to work on /home/airflow/.local/lib/python3.8/site-packages/airflow/example_dags/example_branch_operator.py
[2023-12-24T00:34:20.762+0000] {processor.py:829} INFO - Processing file /home/airflow/.local/lib/python3.8/site-packages/airflow/example_dags/example_branch_operator.py for tasks to queue
[2023-12-24T00:34:20.764+0000] {logging_mixin.py:154} INFO - [2023-12-24T00:34:20.764+0000] {dagbag.py:536} INFO - Filling up the DagBag from /home/airflow/.local/lib/python3.8/site-packages/airflow/example_dags/example_branch_operator.py
[2023-12-24T00:34:20.770+0000] {processor.py:839} INFO - DAG(s) dict_keys(['example_branch_operator']) retrieved from /home/airflow/.local/lib/python3.8/site-packages/airflow/example_dags/example_branch_operator.py
[2023-12-24T00:34:20.784+0000] {logging_mixin.py:154} INFO - [2023-12-24T00:34:20.784+0000] {dag.py:2941} INFO - Sync 1 DAGs
[2023-12-24T00:34:20.796+0000] {logging_mixin.py:154} INFO - [2023-12-24T00:34:20.796+0000] {dag.py:3722} INFO - Setting next_dagrun for example_branch_operator to 2023-12-23T00:00:00+00:00, run_after=2023-12-24T00:00:00+00:00
[2023-12-24T00:34:20.805+0000] {processor.py:179} INFO - Processing /home/airflow/.local/lib/python3.8/site-packages/airflow/example_dags/example_branch_operator.py took 0.046 seconds
[2023-12-24T00:51:35.623+0000] {processor.py:157} INFO - Started process (PID=6424) to work on /home/airflow/.local/lib/python3.8/site-packages/airflow/example_dags/example_branch_operator.py
[2023-12-24T00:51:35.625+0000] {processor.py:829} INFO - Processing file /home/airflow/.local/lib/python3.8/site-packages/airflow/example_dags/example_branch_operator.py for tasks to queue
[2023-12-24T00:51:35.627+0000] {logging_mixin.py:154} INFO - [2023-12-24T00:51:35.626+0000] {dagbag.py:536} INFO - Filling up the DagBag from /home/airflow/.local/lib/python3.8/site-packages/airflow/example_dags/example_branch_operator.py
[2023-12-24T00:51:35.633+0000] {processor.py:839} INFO - DAG(s) dict_keys(['example_branch_operator']) retrieved from /home/airflow/.local/lib/python3.8/site-packages/airflow/example_dags/example_branch_operator.py
[2023-12-24T00:51:35.646+0000] {logging_mixin.py:154} INFO - [2023-12-24T00:51:35.646+0000] {dag.py:2941} INFO - Sync 1 DAGs
[2023-12-24T00:51:35.658+0000] {logging_mixin.py:154} INFO - [2023-12-24T00:51:35.658+0000] {dag.py:3722} INFO - Setting next_dagrun for example_branch_operator to 2023-12-23T00:00:00+00:00, run_after=2023-12-24T00:00:00+00:00
[2023-12-24T00:51:35.668+0000] {processor.py:179} INFO - Processing /home/airflow/.local/lib/python3.8/site-packages/airflow/example_dags/example_branch_operator.py took 0.046 seconds
[2023-12-24T00:52:06.193+0000] {processor.py:157} INFO - Started process (PID=6479) to work on /home/airflow/.local/lib/python3.8/site-packages/airflow/example_dags/example_branch_operator.py
[2023-12-24T00:52:06.194+0000] {processor.py:829} INFO - Processing file /home/airflow/.local/lib/python3.8/site-packages/airflow/example_dags/example_branch_operator.py for tasks to queue
[2023-12-24T00:52:06.196+0000] {logging_mixin.py:154} INFO - [2023-12-24T00:52:06.196+0000] {dagbag.py:536} INFO - Filling up the DagBag from /home/airflow/.local/lib/python3.8/site-packages/airflow/example_dags/example_branch_operator.py
[2023-12-24T00:52:06.203+0000] {processor.py:839} INFO - DAG(s) dict_keys(['example_branch_operator']) retrieved from /home/airflow/.local/lib/python3.8/site-packages/airflow/example_dags/example_branch_operator.py
[2023-12-24T00:52:06.217+0000] {logging_mixin.py:154} INFO - [2023-12-24T00:52:06.217+0000] {dag.py:2941} INFO - Sync 1 DAGs
[2023-12-24T00:52:06.229+0000] {logging_mixin.py:154} INFO - [2023-12-24T00:52:06.229+0000] {dag.py:3722} INFO - Setting next_dagrun for example_branch_operator to 2023-12-23T00:00:00+00:00, run_after=2023-12-24T00:00:00+00:00
[2023-12-24T00:52:06.238+0000] {processor.py:179} INFO - Processing /home/airflow/.local/lib/python3.8/site-packages/airflow/example_dags/example_branch_operator.py took 0.047 seconds
[2023-12-24T01:08:52.393+0000] {processor.py:157} INFO - Started process (PID=6534) to work on /home/airflow/.local/lib/python3.8/site-packages/airflow/example_dags/example_branch_operator.py
[2023-12-24T01:08:52.395+0000] {processor.py:829} INFO - Processing file /home/airflow/.local/lib/python3.8/site-packages/airflow/example_dags/example_branch_operator.py for tasks to queue
[2023-12-24T01:08:52.397+0000] {logging_mixin.py:154} INFO - [2023-12-24T01:08:52.397+0000] {dagbag.py:536} INFO - Filling up the DagBag from /home/airflow/.local/lib/python3.8/site-packages/airflow/example_dags/example_branch_operator.py
[2023-12-24T01:08:52.404+0000] {processor.py:839} INFO - DAG(s) dict_keys(['example_branch_operator']) retrieved from /home/airflow/.local/lib/python3.8/site-packages/airflow/example_dags/example_branch_operator.py
[2023-12-24T01:08:52.418+0000] {logging_mixin.py:154} INFO - [2023-12-24T01:08:52.418+0000] {dag.py:2941} INFO - Sync 1 DAGs
[2023-12-24T01:08:52.431+0000] {logging_mixin.py:154} INFO - [2023-12-24T01:08:52.431+0000] {dag.py:3722} INFO - Setting next_dagrun for example_branch_operator to 2023-12-23T00:00:00+00:00, run_after=2023-12-24T00:00:00+00:00
[2023-12-24T01:08:52.445+0000] {processor.py:179} INFO - Processing /home/airflow/.local/lib/python3.8/site-packages/airflow/example_dags/example_branch_operator.py took 0.055 seconds
[2023-12-24T01:26:16.686+0000] {processor.py:157} INFO - Started process (PID=6590) to work on /home/airflow/.local/lib/python3.8/site-packages/airflow/example_dags/example_branch_operator.py
[2023-12-24T01:26:16.689+0000] {processor.py:829} INFO - Processing file /home/airflow/.local/lib/python3.8/site-packages/airflow/example_dags/example_branch_operator.py for tasks to queue
[2023-12-24T01:26:16.693+0000] {logging_mixin.py:154} INFO - [2023-12-24T01:26:16.692+0000] {dagbag.py:536} INFO - Filling up the DagBag from /home/airflow/.local/lib/python3.8/site-packages/airflow/example_dags/example_branch_operator.py
[2023-12-24T01:26:16.702+0000] {processor.py:839} INFO - DAG(s) dict_keys(['example_branch_operator']) retrieved from /home/airflow/.local/lib/python3.8/site-packages/airflow/example_dags/example_branch_operator.py
[2023-12-24T01:26:16.718+0000] {logging_mixin.py:154} INFO - [2023-12-24T01:26:16.718+0000] {dag.py:2941} INFO - Sync 1 DAGs
[2023-12-24T01:26:16.731+0000] {logging_mixin.py:154} INFO - [2023-12-24T01:26:16.731+0000] {dag.py:3722} INFO - Setting next_dagrun for example_branch_operator to 2023-12-23T00:00:00+00:00, run_after=2023-12-24T00:00:00+00:00
[2023-12-24T01:26:16.744+0000] {processor.py:179} INFO - Processing /home/airflow/.local/lib/python3.8/site-packages/airflow/example_dags/example_branch_operator.py took 0.064 seconds
[2023-12-24T01:26:47.054+0000] {processor.py:157} INFO - Started process (PID=6646) to work on /home/airflow/.local/lib/python3.8/site-packages/airflow/example_dags/example_branch_operator.py
[2023-12-24T01:26:47.055+0000] {processor.py:829} INFO - Processing file /home/airflow/.local/lib/python3.8/site-packages/airflow/example_dags/example_branch_operator.py for tasks to queue
[2023-12-24T01:26:47.057+0000] {logging_mixin.py:154} INFO - [2023-12-24T01:26:47.057+0000] {dagbag.py:536} INFO - Filling up the DagBag from /home/airflow/.local/lib/python3.8/site-packages/airflow/example_dags/example_branch_operator.py
[2023-12-24T01:26:47.064+0000] {processor.py:839} INFO - DAG(s) dict_keys(['example_branch_operator']) retrieved from /home/airflow/.local/lib/python3.8/site-packages/airflow/example_dags/example_branch_operator.py
[2023-12-24T01:26:47.077+0000] {logging_mixin.py:154} INFO - [2023-12-24T01:26:47.077+0000] {dag.py:2941} INFO - Sync 1 DAGs
[2023-12-24T01:26:47.089+0000] {logging_mixin.py:154} INFO - [2023-12-24T01:26:47.089+0000] {dag.py:3722} INFO - Setting next_dagrun for example_branch_operator to 2023-12-23T00:00:00+00:00, run_after=2023-12-24T00:00:00+00:00
[2023-12-24T01:26:47.099+0000] {processor.py:179} INFO - Processing /home/airflow/.local/lib/python3.8/site-packages/airflow/example_dags/example_branch_operator.py took 0.047 seconds
[2023-12-24T01:39:26.374+0000] {processor.py:157} INFO - Started process (PID=6703) to work on /home/airflow/.local/lib/python3.8/site-packages/airflow/example_dags/example_branch_operator.py
[2023-12-24T01:39:26.377+0000] {processor.py:829} INFO - Processing file /home/airflow/.local/lib/python3.8/site-packages/airflow/example_dags/example_branch_operator.py for tasks to queue
[2023-12-24T01:39:26.383+0000] {logging_mixin.py:154} INFO - [2023-12-24T01:39:26.383+0000] {dagbag.py:536} INFO - Filling up the DagBag from /home/airflow/.local/lib/python3.8/site-packages/airflow/example_dags/example_branch_operator.py
[2023-12-24T01:39:26.395+0000] {processor.py:839} INFO - DAG(s) dict_keys(['example_branch_operator']) retrieved from /home/airflow/.local/lib/python3.8/site-packages/airflow/example_dags/example_branch_operator.py
[2023-12-24T01:39:26.419+0000] {logging_mixin.py:154} INFO - [2023-12-24T01:39:26.419+0000] {dag.py:2941} INFO - Sync 1 DAGs
[2023-12-24T01:39:26.441+0000] {logging_mixin.py:154} INFO - [2023-12-24T01:39:26.441+0000] {dag.py:3722} INFO - Setting next_dagrun for example_branch_operator to 2023-12-23T00:00:00+00:00, run_after=2023-12-24T00:00:00+00:00
[2023-12-24T01:39:26.463+0000] {processor.py:179} INFO - Processing /home/airflow/.local/lib/python3.8/site-packages/airflow/example_dags/example_branch_operator.py took 0.097 seconds
[2023-12-24T01:39:56.884+0000] {processor.py:157} INFO - Started process (PID=6758) to work on /home/airflow/.local/lib/python3.8/site-packages/airflow/example_dags/example_branch_operator.py
[2023-12-24T01:39:56.885+0000] {processor.py:829} INFO - Processing file /home/airflow/.local/lib/python3.8/site-packages/airflow/example_dags/example_branch_operator.py for tasks to queue
[2023-12-24T01:39:56.888+0000] {logging_mixin.py:154} INFO - [2023-12-24T01:39:56.888+0000] {dagbag.py:536} INFO - Filling up the DagBag from /home/airflow/.local/lib/python3.8/site-packages/airflow/example_dags/example_branch_operator.py
[2023-12-24T01:39:56.895+0000] {processor.py:839} INFO - DAG(s) dict_keys(['example_branch_operator']) retrieved from /home/airflow/.local/lib/python3.8/site-packages/airflow/example_dags/example_branch_operator.py
[2023-12-24T01:39:56.912+0000] {logging_mixin.py:154} INFO - [2023-12-24T01:39:56.912+0000] {dag.py:2941} INFO - Sync 1 DAGs
[2023-12-24T01:39:56.927+0000] {logging_mixin.py:154} INFO - [2023-12-24T01:39:56.926+0000] {dag.py:3722} INFO - Setting next_dagrun for example_branch_operator to 2023-12-23T00:00:00+00:00, run_after=2023-12-24T00:00:00+00:00
[2023-12-24T01:39:56.940+0000] {processor.py:179} INFO - Processing /home/airflow/.local/lib/python3.8/site-packages/airflow/example_dags/example_branch_operator.py took 0.059 seconds
[2023-12-24T01:40:27.198+0000] {processor.py:157} INFO - Started process (PID=6813) to work on /home/airflow/.local/lib/python3.8/site-packages/airflow/example_dags/example_branch_operator.py
[2023-12-24T01:40:27.199+0000] {processor.py:829} INFO - Processing file /home/airflow/.local/lib/python3.8/site-packages/airflow/example_dags/example_branch_operator.py for tasks to queue
[2023-12-24T01:40:27.201+0000] {logging_mixin.py:154} INFO - [2023-12-24T01:40:27.201+0000] {dagbag.py:536} INFO - Filling up the DagBag from /home/airflow/.local/lib/python3.8/site-packages/airflow/example_dags/example_branch_operator.py
[2023-12-24T01:40:27.208+0000] {processor.py:839} INFO - DAG(s) dict_keys(['example_branch_operator']) retrieved from /home/airflow/.local/lib/python3.8/site-packages/airflow/example_dags/example_branch_operator.py
[2023-12-24T01:40:27.222+0000] {logging_mixin.py:154} INFO - [2023-12-24T01:40:27.222+0000] {dag.py:2941} INFO - Sync 1 DAGs
[2023-12-24T01:40:27.234+0000] {logging_mixin.py:154} INFO - [2023-12-24T01:40:27.234+0000] {dag.py:3722} INFO - Setting next_dagrun for example_branch_operator to 2023-12-23T00:00:00+00:00, run_after=2023-12-24T00:00:00+00:00
[2023-12-24T01:40:27.244+0000] {processor.py:179} INFO - Processing /home/airflow/.local/lib/python3.8/site-packages/airflow/example_dags/example_branch_operator.py took 0.049 seconds
[2023-12-24T01:41:29.679+0000] {processor.py:157} INFO - Started process (PID=40) to work on /home/airflow/.local/lib/python3.8/site-packages/airflow/example_dags/example_branch_operator.py
[2023-12-24T01:41:29.682+0000] {processor.py:829} INFO - Processing file /home/airflow/.local/lib/python3.8/site-packages/airflow/example_dags/example_branch_operator.py for tasks to queue
[2023-12-24T01:41:29.686+0000] {logging_mixin.py:154} INFO - [2023-12-24T01:41:29.685+0000] {dagbag.py:536} INFO - Filling up the DagBag from /home/airflow/.local/lib/python3.8/site-packages/airflow/example_dags/example_branch_operator.py
[2023-12-24T01:41:29.699+0000] {processor.py:839} INFO - DAG(s) dict_keys(['example_branch_operator']) retrieved from /home/airflow/.local/lib/python3.8/site-packages/airflow/example_dags/example_branch_operator.py
[2023-12-24T01:41:29.713+0000] {logging_mixin.py:154} INFO - [2023-12-24T01:41:29.713+0000] {dag.py:2941} INFO - Sync 1 DAGs
[2023-12-24T01:41:29.731+0000] {logging_mixin.py:154} INFO - [2023-12-24T01:41:29.731+0000] {dag.py:3722} INFO - Setting next_dagrun for example_branch_operator to 2023-12-23T00:00:00+00:00, run_after=2023-12-24T00:00:00+00:00
[2023-12-24T01:41:29.746+0000] {processor.py:179} INFO - Processing /home/airflow/.local/lib/python3.8/site-packages/airflow/example_dags/example_branch_operator.py took 0.072 seconds
[2023-12-24T01:42:00.242+0000] {processor.py:157} INFO - Started process (PID=96) to work on /home/airflow/.local/lib/python3.8/site-packages/airflow/example_dags/example_branch_operator.py
[2023-12-24T01:42:00.243+0000] {processor.py:829} INFO - Processing file /home/airflow/.local/lib/python3.8/site-packages/airflow/example_dags/example_branch_operator.py for tasks to queue
[2023-12-24T01:42:00.245+0000] {logging_mixin.py:154} INFO - [2023-12-24T01:42:00.245+0000] {dagbag.py:536} INFO - Filling up the DagBag from /home/airflow/.local/lib/python3.8/site-packages/airflow/example_dags/example_branch_operator.py
[2023-12-24T01:42:00.251+0000] {processor.py:839} INFO - DAG(s) dict_keys(['example_branch_operator']) retrieved from /home/airflow/.local/lib/python3.8/site-packages/airflow/example_dags/example_branch_operator.py
[2023-12-24T01:42:00.265+0000] {logging_mixin.py:154} INFO - [2023-12-24T01:42:00.264+0000] {dag.py:2941} INFO - Sync 1 DAGs
[2023-12-24T01:42:00.278+0000] {logging_mixin.py:154} INFO - [2023-12-24T01:42:00.278+0000] {dag.py:3722} INFO - Setting next_dagrun for example_branch_operator to 2023-12-23T00:00:00+00:00, run_after=2023-12-24T00:00:00+00:00
[2023-12-24T01:42:00.289+0000] {processor.py:179} INFO - Processing /home/airflow/.local/lib/python3.8/site-packages/airflow/example_dags/example_branch_operator.py took 0.050 seconds
[2023-12-24T01:42:30.572+0000] {processor.py:157} INFO - Started process (PID=150) to work on /home/airflow/.local/lib/python3.8/site-packages/airflow/example_dags/example_branch_operator.py
[2023-12-24T01:42:30.573+0000] {processor.py:829} INFO - Processing file /home/airflow/.local/lib/python3.8/site-packages/airflow/example_dags/example_branch_operator.py for tasks to queue
[2023-12-24T01:42:30.575+0000] {logging_mixin.py:154} INFO - [2023-12-24T01:42:30.575+0000] {dagbag.py:536} INFO - Filling up the DagBag from /home/airflow/.local/lib/python3.8/site-packages/airflow/example_dags/example_branch_operator.py
[2023-12-24T01:42:30.581+0000] {processor.py:839} INFO - DAG(s) dict_keys(['example_branch_operator']) retrieved from /home/airflow/.local/lib/python3.8/site-packages/airflow/example_dags/example_branch_operator.py
[2023-12-24T01:42:30.595+0000] {logging_mixin.py:154} INFO - [2023-12-24T01:42:30.595+0000] {dag.py:2941} INFO - Sync 1 DAGs
[2023-12-24T01:42:30.610+0000] {logging_mixin.py:154} INFO - [2023-12-24T01:42:30.610+0000] {dag.py:3722} INFO - Setting next_dagrun for example_branch_operator to 2023-12-23T00:00:00+00:00, run_after=2023-12-24T00:00:00+00:00
[2023-12-24T01:42:30.623+0000] {processor.py:179} INFO - Processing /home/airflow/.local/lib/python3.8/site-packages/airflow/example_dags/example_branch_operator.py took 0.053 seconds
[2023-12-24T01:43:00.858+0000] {processor.py:157} INFO - Started process (PID=205) to work on /home/airflow/.local/lib/python3.8/site-packages/airflow/example_dags/example_branch_operator.py
[2023-12-24T01:43:00.860+0000] {processor.py:829} INFO - Processing file /home/airflow/.local/lib/python3.8/site-packages/airflow/example_dags/example_branch_operator.py for tasks to queue
[2023-12-24T01:43:00.862+0000] {logging_mixin.py:154} INFO - [2023-12-24T01:43:00.862+0000] {dagbag.py:536} INFO - Filling up the DagBag from /home/airflow/.local/lib/python3.8/site-packages/airflow/example_dags/example_branch_operator.py
[2023-12-24T01:43:00.869+0000] {processor.py:839} INFO - DAG(s) dict_keys(['example_branch_operator']) retrieved from /home/airflow/.local/lib/python3.8/site-packages/airflow/example_dags/example_branch_operator.py
[2023-12-24T01:43:00.885+0000] {logging_mixin.py:154} INFO - [2023-12-24T01:43:00.885+0000] {dag.py:2941} INFO - Sync 1 DAGs
[2023-12-24T01:43:00.900+0000] {logging_mixin.py:154} INFO - [2023-12-24T01:43:00.900+0000] {dag.py:3722} INFO - Setting next_dagrun for example_branch_operator to 2023-12-23T00:00:00+00:00, run_after=2023-12-24T00:00:00+00:00
[2023-12-24T01:43:01.024+0000] {processor.py:179} INFO - Processing /home/airflow/.local/lib/python3.8/site-packages/airflow/example_dags/example_branch_operator.py took 0.168 seconds
[2023-12-24T01:43:31.513+0000] {processor.py:157} INFO - Started process (PID=262) to work on /home/airflow/.local/lib/python3.8/site-packages/airflow/example_dags/example_branch_operator.py
[2023-12-24T01:43:31.514+0000] {processor.py:829} INFO - Processing file /home/airflow/.local/lib/python3.8/site-packages/airflow/example_dags/example_branch_operator.py for tasks to queue
[2023-12-24T01:43:31.516+0000] {logging_mixin.py:154} INFO - [2023-12-24T01:43:31.516+0000] {dagbag.py:536} INFO - Filling up the DagBag from /home/airflow/.local/lib/python3.8/site-packages/airflow/example_dags/example_branch_operator.py
[2023-12-24T01:43:31.522+0000] {processor.py:839} INFO - DAG(s) dict_keys(['example_branch_operator']) retrieved from /home/airflow/.local/lib/python3.8/site-packages/airflow/example_dags/example_branch_operator.py
[2023-12-24T01:43:31.536+0000] {logging_mixin.py:154} INFO - [2023-12-24T01:43:31.536+0000] {dag.py:2941} INFO - Sync 1 DAGs
[2023-12-24T01:43:31.549+0000] {logging_mixin.py:154} INFO - [2023-12-24T01:43:31.548+0000] {dag.py:3722} INFO - Setting next_dagrun for example_branch_operator to 2023-12-23T00:00:00+00:00, run_after=2023-12-24T00:00:00+00:00
[2023-12-24T01:43:31.558+0000] {processor.py:179} INFO - Processing /home/airflow/.local/lib/python3.8/site-packages/airflow/example_dags/example_branch_operator.py took 0.047 seconds
[2023-12-24T01:44:01.736+0000] {processor.py:157} INFO - Started process (PID=317) to work on /home/airflow/.local/lib/python3.8/site-packages/airflow/example_dags/example_branch_operator.py
[2023-12-24T01:44:01.737+0000] {processor.py:829} INFO - Processing file /home/airflow/.local/lib/python3.8/site-packages/airflow/example_dags/example_branch_operator.py for tasks to queue
[2023-12-24T01:44:01.739+0000] {logging_mixin.py:154} INFO - [2023-12-24T01:44:01.739+0000] {dagbag.py:536} INFO - Filling up the DagBag from /home/airflow/.local/lib/python3.8/site-packages/airflow/example_dags/example_branch_operator.py
[2023-12-24T01:44:01.746+0000] {processor.py:839} INFO - DAG(s) dict_keys(['example_branch_operator']) retrieved from /home/airflow/.local/lib/python3.8/site-packages/airflow/example_dags/example_branch_operator.py
[2023-12-24T01:44:01.762+0000] {logging_mixin.py:154} INFO - [2023-12-24T01:44:01.762+0000] {dag.py:2941} INFO - Sync 1 DAGs
[2023-12-24T01:44:01.775+0000] {logging_mixin.py:154} INFO - [2023-12-24T01:44:01.775+0000] {dag.py:3722} INFO - Setting next_dagrun for example_branch_operator to 2023-12-23T00:00:00+00:00, run_after=2023-12-24T00:00:00+00:00
[2023-12-24T01:44:01.785+0000] {processor.py:179} INFO - Processing /home/airflow/.local/lib/python3.8/site-packages/airflow/example_dags/example_branch_operator.py took 0.051 seconds
[2023-12-24T01:44:32.439+0000] {processor.py:157} INFO - Started process (PID=373) to work on /home/airflow/.local/lib/python3.8/site-packages/airflow/example_dags/example_branch_operator.py
[2023-12-24T01:44:32.440+0000] {processor.py:829} INFO - Processing file /home/airflow/.local/lib/python3.8/site-packages/airflow/example_dags/example_branch_operator.py for tasks to queue
[2023-12-24T01:44:32.442+0000] {logging_mixin.py:154} INFO - [2023-12-24T01:44:32.442+0000] {dagbag.py:536} INFO - Filling up the DagBag from /home/airflow/.local/lib/python3.8/site-packages/airflow/example_dags/example_branch_operator.py
[2023-12-24T01:44:32.451+0000] {processor.py:839} INFO - DAG(s) dict_keys(['example_branch_operator']) retrieved from /home/airflow/.local/lib/python3.8/site-packages/airflow/example_dags/example_branch_operator.py
[2023-12-24T01:44:32.468+0000] {logging_mixin.py:154} INFO - [2023-12-24T01:44:32.467+0000] {dag.py:2941} INFO - Sync 1 DAGs
[2023-12-24T01:44:32.590+0000] {logging_mixin.py:154} INFO - [2023-12-24T01:44:32.590+0000] {dag.py:3722} INFO - Setting next_dagrun for example_branch_operator to 2023-12-23T00:00:00+00:00, run_after=2023-12-24T00:00:00+00:00
[2023-12-24T01:44:32.600+0000] {processor.py:179} INFO - Processing /home/airflow/.local/lib/python3.8/site-packages/airflow/example_dags/example_branch_operator.py took 0.164 seconds
[2023-12-24T01:45:02.977+0000] {processor.py:157} INFO - Started process (PID=428) to work on /home/airflow/.local/lib/python3.8/site-packages/airflow/example_dags/example_branch_operator.py
[2023-12-24T01:45:02.979+0000] {processor.py:829} INFO - Processing file /home/airflow/.local/lib/python3.8/site-packages/airflow/example_dags/example_branch_operator.py for tasks to queue
[2023-12-24T01:45:02.983+0000] {logging_mixin.py:154} INFO - [2023-12-24T01:45:02.983+0000] {dagbag.py:536} INFO - Filling up the DagBag from /home/airflow/.local/lib/python3.8/site-packages/airflow/example_dags/example_branch_operator.py
[2023-12-24T01:45:02.990+0000] {processor.py:839} INFO - DAG(s) dict_keys(['example_branch_operator']) retrieved from /home/airflow/.local/lib/python3.8/site-packages/airflow/example_dags/example_branch_operator.py
[2023-12-24T01:45:03.006+0000] {logging_mixin.py:154} INFO - [2023-12-24T01:45:03.005+0000] {dag.py:2941} INFO - Sync 1 DAGs
[2023-12-24T01:45:03.021+0000] {logging_mixin.py:154} INFO - [2023-12-24T01:45:03.021+0000] {dag.py:3722} INFO - Setting next_dagrun for example_branch_operator to 2023-12-23T00:00:00+00:00, run_after=2023-12-24T00:00:00+00:00
[2023-12-24T01:45:03.137+0000] {processor.py:179} INFO - Processing /home/airflow/.local/lib/python3.8/site-packages/airflow/example_dags/example_branch_operator.py took 0.165 seconds
[2023-12-24T01:45:33.225+0000] {processor.py:157} INFO - Started process (PID=484) to work on /home/airflow/.local/lib/python3.8/site-packages/airflow/example_dags/example_branch_operator.py
[2023-12-24T01:45:33.227+0000] {processor.py:829} INFO - Processing file /home/airflow/.local/lib/python3.8/site-packages/airflow/example_dags/example_branch_operator.py for tasks to queue
[2023-12-24T01:45:33.229+0000] {logging_mixin.py:154} INFO - [2023-12-24T01:45:33.228+0000] {dagbag.py:536} INFO - Filling up the DagBag from /home/airflow/.local/lib/python3.8/site-packages/airflow/example_dags/example_branch_operator.py
[2023-12-24T01:45:33.234+0000] {processor.py:839} INFO - DAG(s) dict_keys(['example_branch_operator']) retrieved from /home/airflow/.local/lib/python3.8/site-packages/airflow/example_dags/example_branch_operator.py
[2023-12-24T01:45:33.248+0000] {logging_mixin.py:154} INFO - [2023-12-24T01:45:33.248+0000] {dag.py:2941} INFO - Sync 1 DAGs
[2023-12-24T01:45:33.261+0000] {logging_mixin.py:154} INFO - [2023-12-24T01:45:33.261+0000] {dag.py:3722} INFO - Setting next_dagrun for example_branch_operator to 2023-12-23T00:00:00+00:00, run_after=2023-12-24T00:00:00+00:00
[2023-12-24T01:45:33.270+0000] {processor.py:179} INFO - Processing /home/airflow/.local/lib/python3.8/site-packages/airflow/example_dags/example_branch_operator.py took 0.047 seconds
[2023-12-24T01:46:03.754+0000] {processor.py:157} INFO - Started process (PID=539) to work on /home/airflow/.local/lib/python3.8/site-packages/airflow/example_dags/example_branch_operator.py
[2023-12-24T01:46:03.755+0000] {processor.py:829} INFO - Processing file /home/airflow/.local/lib/python3.8/site-packages/airflow/example_dags/example_branch_operator.py for tasks to queue
[2023-12-24T01:46:03.757+0000] {logging_mixin.py:154} INFO - [2023-12-24T01:46:03.757+0000] {dagbag.py:536} INFO - Filling up the DagBag from /home/airflow/.local/lib/python3.8/site-packages/airflow/example_dags/example_branch_operator.py
[2023-12-24T01:46:03.763+0000] {processor.py:839} INFO - DAG(s) dict_keys(['example_branch_operator']) retrieved from /home/airflow/.local/lib/python3.8/site-packages/airflow/example_dags/example_branch_operator.py
[2023-12-24T01:46:03.777+0000] {logging_mixin.py:154} INFO - [2023-12-24T01:46:03.777+0000] {dag.py:2941} INFO - Sync 1 DAGs
[2023-12-24T01:46:03.790+0000] {logging_mixin.py:154} INFO - [2023-12-24T01:46:03.790+0000] {dag.py:3722} INFO - Setting next_dagrun for example_branch_operator to 2023-12-23T00:00:00+00:00, run_after=2023-12-24T00:00:00+00:00
[2023-12-24T01:46:03.800+0000] {processor.py:179} INFO - Processing /home/airflow/.local/lib/python3.8/site-packages/airflow/example_dags/example_branch_operator.py took 0.048 seconds
[2023-12-24T01:46:34.925+0000] {processor.py:157} INFO - Started process (PID=594) to work on /home/airflow/.local/lib/python3.8/site-packages/airflow/example_dags/example_branch_operator.py
[2023-12-24T01:46:34.926+0000] {processor.py:829} INFO - Processing file /home/airflow/.local/lib/python3.8/site-packages/airflow/example_dags/example_branch_operator.py for tasks to queue
[2023-12-24T01:46:34.929+0000] {logging_mixin.py:154} INFO - [2023-12-24T01:46:34.929+0000] {dagbag.py:536} INFO - Filling up the DagBag from /home/airflow/.local/lib/python3.8/site-packages/airflow/example_dags/example_branch_operator.py
[2023-12-24T01:46:34.936+0000] {processor.py:839} INFO - DAG(s) dict_keys(['example_branch_operator']) retrieved from /home/airflow/.local/lib/python3.8/site-packages/airflow/example_dags/example_branch_operator.py
[2023-12-24T01:46:35.064+0000] {logging_mixin.py:154} INFO - [2023-12-24T01:46:35.064+0000] {dag.py:2941} INFO - Sync 1 DAGs
[2023-12-24T01:46:35.076+0000] {logging_mixin.py:154} INFO - [2023-12-24T01:46:35.076+0000] {dag.py:3722} INFO - Setting next_dagrun for example_branch_operator to 2023-12-23T00:00:00+00:00, run_after=2023-12-24T00:00:00+00:00
[2023-12-24T01:46:35.087+0000] {processor.py:179} INFO - Processing /home/airflow/.local/lib/python3.8/site-packages/airflow/example_dags/example_branch_operator.py took 0.164 seconds
