[2023-12-24T00:16:12.293+0000] {processor.py:157} INFO - Started process (PID=6227) to work on /home/airflow/.local/lib/python3.8/site-packages/airflow/example_dags/example_branch_python_dop_operator_3.py
[2023-12-24T00:16:12.294+0000] {processor.py:829} INFO - Processing file /home/airflow/.local/lib/python3.8/site-packages/airflow/example_dags/example_branch_python_dop_operator_3.py for tasks to queue
[2023-12-24T00:16:12.297+0000] {logging_mixin.py:154} INFO - [2023-12-24T00:16:12.296+0000] {dagbag.py:536} INFO - Filling up the DagBag from /home/airflow/.local/lib/python3.8/site-packages/airflow/example_dags/example_branch_python_dop_operator_3.py
[2023-12-24T00:16:12.303+0000] {processor.py:839} INFO - DAG(s) dict_keys(['example_branch_dop_operator_v3']) retrieved from /home/airflow/.local/lib/python3.8/site-packages/airflow/example_dags/example_branch_python_dop_operator_3.py
[2023-12-24T00:16:12.316+0000] {logging_mixin.py:154} INFO - [2023-12-24T00:16:12.316+0000] {dag.py:2941} INFO - Sync 1 DAGs
[2023-12-24T00:16:12.332+0000] {logging_mixin.py:154} INFO - [2023-12-24T00:16:12.332+0000] {dag.py:3722} INFO - Setting next_dagrun for example_branch_dop_operator_v3 to 2023-12-24T00:15:00+00:00, run_after=2023-12-24T00:16:00+00:00
[2023-12-24T00:16:12.342+0000] {processor.py:179} INFO - Processing /home/airflow/.local/lib/python3.8/site-packages/airflow/example_dags/example_branch_python_dop_operator_3.py took 0.051 seconds
[2023-12-24T00:16:42.549+0000] {processor.py:157} INFO - Started process (PID=6283) to work on /home/airflow/.local/lib/python3.8/site-packages/airflow/example_dags/example_branch_python_dop_operator_3.py
[2023-12-24T00:16:42.550+0000] {processor.py:829} INFO - Processing file /home/airflow/.local/lib/python3.8/site-packages/airflow/example_dags/example_branch_python_dop_operator_3.py for tasks to queue
[2023-12-24T00:16:42.552+0000] {logging_mixin.py:154} INFO - [2023-12-24T00:16:42.551+0000] {dagbag.py:536} INFO - Filling up the DagBag from /home/airflow/.local/lib/python3.8/site-packages/airflow/example_dags/example_branch_python_dop_operator_3.py
[2023-12-24T00:16:42.557+0000] {processor.py:839} INFO - DAG(s) dict_keys(['example_branch_dop_operator_v3']) retrieved from /home/airflow/.local/lib/python3.8/site-packages/airflow/example_dags/example_branch_python_dop_operator_3.py
[2023-12-24T00:16:42.570+0000] {logging_mixin.py:154} INFO - [2023-12-24T00:16:42.570+0000] {dag.py:2941} INFO - Sync 1 DAGs
[2023-12-24T00:16:42.584+0000] {logging_mixin.py:154} INFO - [2023-12-24T00:16:42.584+0000] {dag.py:3722} INFO - Setting next_dagrun for example_branch_dop_operator_v3 to 2023-12-24T00:15:00+00:00, run_after=2023-12-24T00:16:00+00:00
[2023-12-24T00:16:42.594+0000] {processor.py:179} INFO - Processing /home/airflow/.local/lib/python3.8/site-packages/airflow/example_dags/example_branch_python_dop_operator_3.py took 0.047 seconds
[2023-12-24T00:33:51.453+0000] {processor.py:157} INFO - Started process (PID=6339) to work on /home/airflow/.local/lib/python3.8/site-packages/airflow/example_dags/example_branch_python_dop_operator_3.py
[2023-12-24T00:33:51.454+0000] {processor.py:829} INFO - Processing file /home/airflow/.local/lib/python3.8/site-packages/airflow/example_dags/example_branch_python_dop_operator_3.py for tasks to queue
[2023-12-24T00:33:51.456+0000] {logging_mixin.py:154} INFO - [2023-12-24T00:33:51.456+0000] {dagbag.py:536} INFO - Filling up the DagBag from /home/airflow/.local/lib/python3.8/site-packages/airflow/example_dags/example_branch_python_dop_operator_3.py
[2023-12-24T00:33:51.462+0000] {processor.py:839} INFO - DAG(s) dict_keys(['example_branch_dop_operator_v3']) retrieved from /home/airflow/.local/lib/python3.8/site-packages/airflow/example_dags/example_branch_python_dop_operator_3.py
[2023-12-24T00:33:51.475+0000] {logging_mixin.py:154} INFO - [2023-12-24T00:33:51.475+0000] {dag.py:2941} INFO - Sync 1 DAGs
[2023-12-24T00:33:51.490+0000] {logging_mixin.py:154} INFO - [2023-12-24T00:33:51.490+0000] {dag.py:3722} INFO - Setting next_dagrun for example_branch_dop_operator_v3 to 2023-12-24T00:32:00+00:00, run_after=2023-12-24T00:33:00+00:00
[2023-12-24T00:33:51.501+0000] {processor.py:179} INFO - Processing /home/airflow/.local/lib/python3.8/site-packages/airflow/example_dags/example_branch_python_dop_operator_3.py took 0.050 seconds
[2023-12-24T00:34:21.728+0000] {processor.py:157} INFO - Started process (PID=6395) to work on /home/airflow/.local/lib/python3.8/site-packages/airflow/example_dags/example_branch_python_dop_operator_3.py
[2023-12-24T00:34:21.729+0000] {processor.py:829} INFO - Processing file /home/airflow/.local/lib/python3.8/site-packages/airflow/example_dags/example_branch_python_dop_operator_3.py for tasks to queue
[2023-12-24T00:34:21.731+0000] {logging_mixin.py:154} INFO - [2023-12-24T00:34:21.731+0000] {dagbag.py:536} INFO - Filling up the DagBag from /home/airflow/.local/lib/python3.8/site-packages/airflow/example_dags/example_branch_python_dop_operator_3.py
[2023-12-24T00:34:21.737+0000] {processor.py:839} INFO - DAG(s) dict_keys(['example_branch_dop_operator_v3']) retrieved from /home/airflow/.local/lib/python3.8/site-packages/airflow/example_dags/example_branch_python_dop_operator_3.py
[2023-12-24T00:34:21.749+0000] {logging_mixin.py:154} INFO - [2023-12-24T00:34:21.749+0000] {dag.py:2941} INFO - Sync 1 DAGs
[2023-12-24T00:34:21.762+0000] {logging_mixin.py:154} INFO - [2023-12-24T00:34:21.762+0000] {dag.py:3722} INFO - Setting next_dagrun for example_branch_dop_operator_v3 to 2023-12-24T00:33:00+00:00, run_after=2023-12-24T00:34:00+00:00
[2023-12-24T00:34:21.771+0000] {processor.py:179} INFO - Processing /home/airflow/.local/lib/python3.8/site-packages/airflow/example_dags/example_branch_python_dop_operator_3.py took 0.045 seconds
[2023-12-24T00:51:36.891+0000] {processor.py:157} INFO - Started process (PID=6450) to work on /home/airflow/.local/lib/python3.8/site-packages/airflow/example_dags/example_branch_python_dop_operator_3.py
[2023-12-24T00:51:36.892+0000] {processor.py:829} INFO - Processing file /home/airflow/.local/lib/python3.8/site-packages/airflow/example_dags/example_branch_python_dop_operator_3.py for tasks to queue
[2023-12-24T00:51:36.894+0000] {logging_mixin.py:154} INFO - [2023-12-24T00:51:36.894+0000] {dagbag.py:536} INFO - Filling up the DagBag from /home/airflow/.local/lib/python3.8/site-packages/airflow/example_dags/example_branch_python_dop_operator_3.py
[2023-12-24T00:51:36.901+0000] {processor.py:839} INFO - DAG(s) dict_keys(['example_branch_dop_operator_v3']) retrieved from /home/airflow/.local/lib/python3.8/site-packages/airflow/example_dags/example_branch_python_dop_operator_3.py
[2023-12-24T00:51:36.914+0000] {logging_mixin.py:154} INFO - [2023-12-24T00:51:36.914+0000] {dag.py:2941} INFO - Sync 1 DAGs
[2023-12-24T00:51:36.928+0000] {logging_mixin.py:154} INFO - [2023-12-24T00:51:36.928+0000] {dag.py:3722} INFO - Setting next_dagrun for example_branch_dop_operator_v3 to 2023-12-24T00:50:00+00:00, run_after=2023-12-24T00:51:00+00:00
[2023-12-24T00:51:36.938+0000] {processor.py:179} INFO - Processing /home/airflow/.local/lib/python3.8/site-packages/airflow/example_dags/example_branch_python_dop_operator_3.py took 0.049 seconds
[2023-12-24T00:52:07.243+0000] {processor.py:157} INFO - Started process (PID=6505) to work on /home/airflow/.local/lib/python3.8/site-packages/airflow/example_dags/example_branch_python_dop_operator_3.py
[2023-12-24T00:52:07.244+0000] {processor.py:829} INFO - Processing file /home/airflow/.local/lib/python3.8/site-packages/airflow/example_dags/example_branch_python_dop_operator_3.py for tasks to queue
[2023-12-24T00:52:07.246+0000] {logging_mixin.py:154} INFO - [2023-12-24T00:52:07.245+0000] {dagbag.py:536} INFO - Filling up the DagBag from /home/airflow/.local/lib/python3.8/site-packages/airflow/example_dags/example_branch_python_dop_operator_3.py
[2023-12-24T00:52:07.252+0000] {processor.py:839} INFO - DAG(s) dict_keys(['example_branch_dop_operator_v3']) retrieved from /home/airflow/.local/lib/python3.8/site-packages/airflow/example_dags/example_branch_python_dop_operator_3.py
[2023-12-24T00:52:07.265+0000] {logging_mixin.py:154} INFO - [2023-12-24T00:52:07.265+0000] {dag.py:2941} INFO - Sync 1 DAGs
[2023-12-24T00:52:07.279+0000] {logging_mixin.py:154} INFO - [2023-12-24T00:52:07.279+0000] {dag.py:3722} INFO - Setting next_dagrun for example_branch_dop_operator_v3 to 2023-12-24T00:51:00+00:00, run_after=2023-12-24T00:52:00+00:00
[2023-12-24T00:52:07.289+0000] {processor.py:179} INFO - Processing /home/airflow/.local/lib/python3.8/site-packages/airflow/example_dags/example_branch_python_dop_operator_3.py took 0.048 seconds
[2023-12-24T01:08:53.614+0000] {processor.py:157} INFO - Started process (PID=6560) to work on /home/airflow/.local/lib/python3.8/site-packages/airflow/example_dags/example_branch_python_dop_operator_3.py
[2023-12-24T01:08:53.615+0000] {processor.py:829} INFO - Processing file /home/airflow/.local/lib/python3.8/site-packages/airflow/example_dags/example_branch_python_dop_operator_3.py for tasks to queue
[2023-12-24T01:08:53.617+0000] {logging_mixin.py:154} INFO - [2023-12-24T01:08:53.617+0000] {dagbag.py:536} INFO - Filling up the DagBag from /home/airflow/.local/lib/python3.8/site-packages/airflow/example_dags/example_branch_python_dop_operator_3.py
[2023-12-24T01:08:53.622+0000] {processor.py:839} INFO - DAG(s) dict_keys(['example_branch_dop_operator_v3']) retrieved from /home/airflow/.local/lib/python3.8/site-packages/airflow/example_dags/example_branch_python_dop_operator_3.py
[2023-12-24T01:08:53.635+0000] {logging_mixin.py:154} INFO - [2023-12-24T01:08:53.635+0000] {dag.py:2941} INFO - Sync 1 DAGs
[2023-12-24T01:08:53.649+0000] {logging_mixin.py:154} INFO - [2023-12-24T01:08:53.649+0000] {dag.py:3722} INFO - Setting next_dagrun for example_branch_dop_operator_v3 to 2023-12-24T01:07:00+00:00, run_after=2023-12-24T01:08:00+00:00
[2023-12-24T01:08:53.658+0000] {processor.py:179} INFO - Processing /home/airflow/.local/lib/python3.8/site-packages/airflow/example_dags/example_branch_python_dop_operator_3.py took 0.047 seconds
[2023-12-24T01:26:17.775+0000] {processor.py:157} INFO - Started process (PID=6616) to work on /home/airflow/.local/lib/python3.8/site-packages/airflow/example_dags/example_branch_python_dop_operator_3.py
[2023-12-24T01:26:17.776+0000] {processor.py:829} INFO - Processing file /home/airflow/.local/lib/python3.8/site-packages/airflow/example_dags/example_branch_python_dop_operator_3.py for tasks to queue
[2023-12-24T01:26:17.778+0000] {logging_mixin.py:154} INFO - [2023-12-24T01:26:17.778+0000] {dagbag.py:536} INFO - Filling up the DagBag from /home/airflow/.local/lib/python3.8/site-packages/airflow/example_dags/example_branch_python_dop_operator_3.py
[2023-12-24T01:26:17.784+0000] {processor.py:839} INFO - DAG(s) dict_keys(['example_branch_dop_operator_v3']) retrieved from /home/airflow/.local/lib/python3.8/site-packages/airflow/example_dags/example_branch_python_dop_operator_3.py
[2023-12-24T01:26:17.797+0000] {logging_mixin.py:154} INFO - [2023-12-24T01:26:17.797+0000] {dag.py:2941} INFO - Sync 1 DAGs
[2023-12-24T01:26:17.812+0000] {logging_mixin.py:154} INFO - [2023-12-24T01:26:17.812+0000] {dag.py:3722} INFO - Setting next_dagrun for example_branch_dop_operator_v3 to 2023-12-24T01:25:00+00:00, run_after=2023-12-24T01:26:00+00:00
[2023-12-24T01:26:17.822+0000] {processor.py:179} INFO - Processing /home/airflow/.local/lib/python3.8/site-packages/airflow/example_dags/example_branch_python_dop_operator_3.py took 0.050 seconds
[2023-12-24T01:26:48.040+0000] {processor.py:157} INFO - Started process (PID=6672) to work on /home/airflow/.local/lib/python3.8/site-packages/airflow/example_dags/example_branch_python_dop_operator_3.py
[2023-12-24T01:26:48.041+0000] {processor.py:829} INFO - Processing file /home/airflow/.local/lib/python3.8/site-packages/airflow/example_dags/example_branch_python_dop_operator_3.py for tasks to queue
[2023-12-24T01:26:48.043+0000] {logging_mixin.py:154} INFO - [2023-12-24T01:26:48.043+0000] {dagbag.py:536} INFO - Filling up the DagBag from /home/airflow/.local/lib/python3.8/site-packages/airflow/example_dags/example_branch_python_dop_operator_3.py
[2023-12-24T01:26:48.049+0000] {processor.py:839} INFO - DAG(s) dict_keys(['example_branch_dop_operator_v3']) retrieved from /home/airflow/.local/lib/python3.8/site-packages/airflow/example_dags/example_branch_python_dop_operator_3.py
[2023-12-24T01:26:48.062+0000] {logging_mixin.py:154} INFO - [2023-12-24T01:26:48.061+0000] {dag.py:2941} INFO - Sync 1 DAGs
[2023-12-24T01:26:48.076+0000] {logging_mixin.py:154} INFO - [2023-12-24T01:26:48.075+0000] {dag.py:3722} INFO - Setting next_dagrun for example_branch_dop_operator_v3 to 2023-12-24T01:25:00+00:00, run_after=2023-12-24T01:26:00+00:00
[2023-12-24T01:26:48.085+0000] {processor.py:179} INFO - Processing /home/airflow/.local/lib/python3.8/site-packages/airflow/example_dags/example_branch_python_dop_operator_3.py took 0.047 seconds
[2023-12-24T01:39:27.668+0000] {processor.py:157} INFO - Started process (PID=6729) to work on /home/airflow/.local/lib/python3.8/site-packages/airflow/example_dags/example_branch_python_dop_operator_3.py
[2023-12-24T01:39:27.669+0000] {processor.py:829} INFO - Processing file /home/airflow/.local/lib/python3.8/site-packages/airflow/example_dags/example_branch_python_dop_operator_3.py for tasks to queue
[2023-12-24T01:39:27.671+0000] {logging_mixin.py:154} INFO - [2023-12-24T01:39:27.671+0000] {dagbag.py:536} INFO - Filling up the DagBag from /home/airflow/.local/lib/python3.8/site-packages/airflow/example_dags/example_branch_python_dop_operator_3.py
[2023-12-24T01:39:27.677+0000] {processor.py:839} INFO - DAG(s) dict_keys(['example_branch_dop_operator_v3']) retrieved from /home/airflow/.local/lib/python3.8/site-packages/airflow/example_dags/example_branch_python_dop_operator_3.py
[2023-12-24T01:39:27.691+0000] {logging_mixin.py:154} INFO - [2023-12-24T01:39:27.691+0000] {dag.py:2941} INFO - Sync 1 DAGs
[2023-12-24T01:39:27.706+0000] {logging_mixin.py:154} INFO - [2023-12-24T01:39:27.706+0000] {dag.py:3722} INFO - Setting next_dagrun for example_branch_dop_operator_v3 to 2023-12-24T01:38:00+00:00, run_after=2023-12-24T01:39:00+00:00
[2023-12-24T01:39:27.716+0000] {processor.py:179} INFO - Processing /home/airflow/.local/lib/python3.8/site-packages/airflow/example_dags/example_branch_python_dop_operator_3.py took 0.051 seconds
[2023-12-24T01:39:57.972+0000] {processor.py:157} INFO - Started process (PID=6784) to work on /home/airflow/.local/lib/python3.8/site-packages/airflow/example_dags/example_branch_python_dop_operator_3.py
[2023-12-24T01:39:57.973+0000] {processor.py:829} INFO - Processing file /home/airflow/.local/lib/python3.8/site-packages/airflow/example_dags/example_branch_python_dop_operator_3.py for tasks to queue
[2023-12-24T01:39:57.975+0000] {logging_mixin.py:154} INFO - [2023-12-24T01:39:57.975+0000] {dagbag.py:536} INFO - Filling up the DagBag from /home/airflow/.local/lib/python3.8/site-packages/airflow/example_dags/example_branch_python_dop_operator_3.py
[2023-12-24T01:39:57.982+0000] {processor.py:839} INFO - DAG(s) dict_keys(['example_branch_dop_operator_v3']) retrieved from /home/airflow/.local/lib/python3.8/site-packages/airflow/example_dags/example_branch_python_dop_operator_3.py
[2023-12-24T01:39:57.998+0000] {logging_mixin.py:154} INFO - [2023-12-24T01:39:57.998+0000] {dag.py:2941} INFO - Sync 1 DAGs
[2023-12-24T01:39:58.014+0000] {logging_mixin.py:154} INFO - [2023-12-24T01:39:58.014+0000] {dag.py:3722} INFO - Setting next_dagrun for example_branch_dop_operator_v3 to 2023-12-24T01:38:00+00:00, run_after=2023-12-24T01:39:00+00:00
[2023-12-24T01:39:58.028+0000] {processor.py:179} INFO - Processing /home/airflow/.local/lib/python3.8/site-packages/airflow/example_dags/example_branch_python_dop_operator_3.py took 0.058 seconds
[2023-12-24T01:40:28.282+0000] {processor.py:157} INFO - Started process (PID=6839) to work on /home/airflow/.local/lib/python3.8/site-packages/airflow/example_dags/example_branch_python_dop_operator_3.py
[2023-12-24T01:40:28.282+0000] {processor.py:829} INFO - Processing file /home/airflow/.local/lib/python3.8/site-packages/airflow/example_dags/example_branch_python_dop_operator_3.py for tasks to queue
[2023-12-24T01:40:28.284+0000] {logging_mixin.py:154} INFO - [2023-12-24T01:40:28.284+0000] {dagbag.py:536} INFO - Filling up the DagBag from /home/airflow/.local/lib/python3.8/site-packages/airflow/example_dags/example_branch_python_dop_operator_3.py
[2023-12-24T01:40:28.291+0000] {processor.py:839} INFO - DAG(s) dict_keys(['example_branch_dop_operator_v3']) retrieved from /home/airflow/.local/lib/python3.8/site-packages/airflow/example_dags/example_branch_python_dop_operator_3.py
[2023-12-24T01:40:28.303+0000] {logging_mixin.py:154} INFO - [2023-12-24T01:40:28.303+0000] {dag.py:2941} INFO - Sync 1 DAGs
[2023-12-24T01:40:28.316+0000] {logging_mixin.py:154} INFO - [2023-12-24T01:40:28.316+0000] {dag.py:3722} INFO - Setting next_dagrun for example_branch_dop_operator_v3 to 2023-12-24T01:39:00+00:00, run_after=2023-12-24T01:40:00+00:00
[2023-12-24T01:40:28.327+0000] {processor.py:179} INFO - Processing /home/airflow/.local/lib/python3.8/site-packages/airflow/example_dags/example_branch_python_dop_operator_3.py took 0.047 seconds
[2023-12-24T01:41:30.836+0000] {processor.py:157} INFO - Started process (PID=66) to work on /home/airflow/.local/lib/python3.8/site-packages/airflow/example_dags/example_branch_python_dop_operator_3.py
[2023-12-24T01:41:30.837+0000] {processor.py:829} INFO - Processing file /home/airflow/.local/lib/python3.8/site-packages/airflow/example_dags/example_branch_python_dop_operator_3.py for tasks to queue
[2023-12-24T01:41:30.839+0000] {logging_mixin.py:154} INFO - [2023-12-24T01:41:30.839+0000] {dagbag.py:536} INFO - Filling up the DagBag from /home/airflow/.local/lib/python3.8/site-packages/airflow/example_dags/example_branch_python_dop_operator_3.py
[2023-12-24T01:41:30.847+0000] {processor.py:839} INFO - DAG(s) dict_keys(['example_branch_dop_operator_v3']) retrieved from /home/airflow/.local/lib/python3.8/site-packages/airflow/example_dags/example_branch_python_dop_operator_3.py
[2023-12-24T01:41:30.857+0000] {logging_mixin.py:154} INFO - [2023-12-24T01:41:30.857+0000] {dag.py:2941} INFO - Sync 1 DAGs
[2023-12-24T01:41:30.877+0000] {logging_mixin.py:154} INFO - [2023-12-24T01:41:30.877+0000] {dag.py:3722} INFO - Setting next_dagrun for example_branch_dop_operator_v3 to 2023-12-24T01:40:00+00:00, run_after=2023-12-24T01:41:00+00:00
[2023-12-24T01:41:30.891+0000] {processor.py:179} INFO - Processing /home/airflow/.local/lib/python3.8/site-packages/airflow/example_dags/example_branch_python_dop_operator_3.py took 0.058 seconds
[2023-12-24T01:42:01.317+0000] {processor.py:157} INFO - Started process (PID=122) to work on /home/airflow/.local/lib/python3.8/site-packages/airflow/example_dags/example_branch_python_dop_operator_3.py
[2023-12-24T01:42:01.318+0000] {processor.py:829} INFO - Processing file /home/airflow/.local/lib/python3.8/site-packages/airflow/example_dags/example_branch_python_dop_operator_3.py for tasks to queue
[2023-12-24T01:42:01.321+0000] {logging_mixin.py:154} INFO - [2023-12-24T01:42:01.320+0000] {dagbag.py:536} INFO - Filling up the DagBag from /home/airflow/.local/lib/python3.8/site-packages/airflow/example_dags/example_branch_python_dop_operator_3.py
[2023-12-24T01:42:01.326+0000] {processor.py:839} INFO - DAG(s) dict_keys(['example_branch_dop_operator_v3']) retrieved from /home/airflow/.local/lib/python3.8/site-packages/airflow/example_dags/example_branch_python_dop_operator_3.py
[2023-12-24T01:42:01.340+0000] {logging_mixin.py:154} INFO - [2023-12-24T01:42:01.340+0000] {dag.py:2941} INFO - Sync 1 DAGs
[2023-12-24T01:42:01.362+0000] {logging_mixin.py:154} INFO - [2023-12-24T01:42:01.362+0000] {dag.py:3722} INFO - Setting next_dagrun for example_branch_dop_operator_v3 to 2023-12-24T01:41:00+00:00, run_after=2023-12-24T01:42:00+00:00
[2023-12-24T01:42:01.372+0000] {processor.py:179} INFO - Processing /home/airflow/.local/lib/python3.8/site-packages/airflow/example_dags/example_branch_python_dop_operator_3.py took 0.058 seconds
[2023-12-24T01:42:31.543+0000] {processor.py:157} INFO - Started process (PID=177) to work on /home/airflow/.local/lib/python3.8/site-packages/airflow/example_dags/example_branch_python_dop_operator_3.py
[2023-12-24T01:42:31.544+0000] {processor.py:829} INFO - Processing file /home/airflow/.local/lib/python3.8/site-packages/airflow/example_dags/example_branch_python_dop_operator_3.py for tasks to queue
[2023-12-24T01:42:31.546+0000] {logging_mixin.py:154} INFO - [2023-12-24T01:42:31.546+0000] {dagbag.py:536} INFO - Filling up the DagBag from /home/airflow/.local/lib/python3.8/site-packages/airflow/example_dags/example_branch_python_dop_operator_3.py
[2023-12-24T01:42:31.552+0000] {processor.py:839} INFO - DAG(s) dict_keys(['example_branch_dop_operator_v3']) retrieved from /home/airflow/.local/lib/python3.8/site-packages/airflow/example_dags/example_branch_python_dop_operator_3.py
[2023-12-24T01:42:31.564+0000] {logging_mixin.py:154} INFO - [2023-12-24T01:42:31.564+0000] {dag.py:2941} INFO - Sync 1 DAGs
[2023-12-24T01:42:31.578+0000] {logging_mixin.py:154} INFO - [2023-12-24T01:42:31.578+0000] {dag.py:3722} INFO - Setting next_dagrun for example_branch_dop_operator_v3 to 2023-12-24T01:41:00+00:00, run_after=2023-12-24T01:42:00+00:00
[2023-12-24T01:42:31.587+0000] {processor.py:179} INFO - Processing /home/airflow/.local/lib/python3.8/site-packages/airflow/example_dags/example_branch_python_dop_operator_3.py took 0.046 seconds
[2023-12-24T01:43:03.297+0000] {processor.py:157} INFO - Started process (PID=232) to work on /home/airflow/.local/lib/python3.8/site-packages/airflow/example_dags/example_branch_python_dop_operator_3.py
[2023-12-24T01:43:03.299+0000] {processor.py:829} INFO - Processing file /home/airflow/.local/lib/python3.8/site-packages/airflow/example_dags/example_branch_python_dop_operator_3.py for tasks to queue
[2023-12-24T01:43:03.301+0000] {logging_mixin.py:154} INFO - [2023-12-24T01:43:03.301+0000] {dagbag.py:536} INFO - Filling up the DagBag from /home/airflow/.local/lib/python3.8/site-packages/airflow/example_dags/example_branch_python_dop_operator_3.py
[2023-12-24T01:43:03.308+0000] {processor.py:839} INFO - DAG(s) dict_keys(['example_branch_dop_operator_v3']) retrieved from /home/airflow/.local/lib/python3.8/site-packages/airflow/example_dags/example_branch_python_dop_operator_3.py
[2023-12-24T01:43:03.322+0000] {logging_mixin.py:154} INFO - [2023-12-24T01:43:03.322+0000] {dag.py:2941} INFO - Sync 1 DAGs
[2023-12-24T01:43:03.338+0000] {logging_mixin.py:154} INFO - [2023-12-24T01:43:03.338+0000] {dag.py:3722} INFO - Setting next_dagrun for example_branch_dop_operator_v3 to 2023-12-24T01:42:00+00:00, run_after=2023-12-24T01:43:00+00:00
[2023-12-24T01:43:03.349+0000] {processor.py:179} INFO - Processing /home/airflow/.local/lib/python3.8/site-packages/airflow/example_dags/example_branch_python_dop_operator_3.py took 0.054 seconds
[2023-12-24T01:43:33.902+0000] {processor.py:157} INFO - Started process (PID=288) to work on /home/airflow/.local/lib/python3.8/site-packages/airflow/example_dags/example_branch_python_dop_operator_3.py
[2023-12-24T01:43:33.903+0000] {processor.py:829} INFO - Processing file /home/airflow/.local/lib/python3.8/site-packages/airflow/example_dags/example_branch_python_dop_operator_3.py for tasks to queue
[2023-12-24T01:43:33.906+0000] {logging_mixin.py:154} INFO - [2023-12-24T01:43:33.905+0000] {dagbag.py:536} INFO - Filling up the DagBag from /home/airflow/.local/lib/python3.8/site-packages/airflow/example_dags/example_branch_python_dop_operator_3.py
[2023-12-24T01:43:33.912+0000] {processor.py:839} INFO - DAG(s) dict_keys(['example_branch_dop_operator_v3']) retrieved from /home/airflow/.local/lib/python3.8/site-packages/airflow/example_dags/example_branch_python_dop_operator_3.py
[2023-12-24T01:43:33.929+0000] {logging_mixin.py:154} INFO - [2023-12-24T01:43:33.929+0000] {dag.py:2941} INFO - Sync 1 DAGs
[2023-12-24T01:43:33.945+0000] {logging_mixin.py:154} INFO - [2023-12-24T01:43:33.944+0000] {dag.py:3722} INFO - Setting next_dagrun for example_branch_dop_operator_v3 to 2023-12-24T01:42:00+00:00, run_after=2023-12-24T01:43:00+00:00
[2023-12-24T01:43:34.063+0000] {processor.py:179} INFO - Processing /home/airflow/.local/lib/python3.8/site-packages/airflow/example_dags/example_branch_python_dop_operator_3.py took 0.164 seconds
[2023-12-24T01:44:04.728+0000] {processor.py:157} INFO - Started process (PID=343) to work on /home/airflow/.local/lib/python3.8/site-packages/airflow/example_dags/example_branch_python_dop_operator_3.py
[2023-12-24T01:44:04.729+0000] {processor.py:829} INFO - Processing file /home/airflow/.local/lib/python3.8/site-packages/airflow/example_dags/example_branch_python_dop_operator_3.py for tasks to queue
[2023-12-24T01:44:04.731+0000] {logging_mixin.py:154} INFO - [2023-12-24T01:44:04.731+0000] {dagbag.py:536} INFO - Filling up the DagBag from /home/airflow/.local/lib/python3.8/site-packages/airflow/example_dags/example_branch_python_dop_operator_3.py
[2023-12-24T01:44:04.738+0000] {processor.py:839} INFO - DAG(s) dict_keys(['example_branch_dop_operator_v3']) retrieved from /home/airflow/.local/lib/python3.8/site-packages/airflow/example_dags/example_branch_python_dop_operator_3.py
[2023-12-24T01:44:04.787+0000] {logging_mixin.py:154} INFO - [2023-12-24T01:44:04.786+0000] {dag.py:2941} INFO - Sync 1 DAGs
[2023-12-24T01:44:04.803+0000] {logging_mixin.py:154} INFO - [2023-12-24T01:44:04.803+0000] {dag.py:3722} INFO - Setting next_dagrun for example_branch_dop_operator_v3 to 2023-12-24T01:43:00+00:00, run_after=2023-12-24T01:44:00+00:00
[2023-12-24T01:44:04.817+0000] {processor.py:179} INFO - Processing /home/airflow/.local/lib/python3.8/site-packages/airflow/example_dags/example_branch_python_dop_operator_3.py took 0.091 seconds
[2023-12-24T01:44:35.682+0000] {processor.py:157} INFO - Started process (PID=399) to work on /home/airflow/.local/lib/python3.8/site-packages/airflow/example_dags/example_branch_python_dop_operator_3.py
[2023-12-24T01:44:35.683+0000] {processor.py:829} INFO - Processing file /home/airflow/.local/lib/python3.8/site-packages/airflow/example_dags/example_branch_python_dop_operator_3.py for tasks to queue
[2023-12-24T01:44:35.685+0000] {logging_mixin.py:154} INFO - [2023-12-24T01:44:35.685+0000] {dagbag.py:536} INFO - Filling up the DagBag from /home/airflow/.local/lib/python3.8/site-packages/airflow/example_dags/example_branch_python_dop_operator_3.py
[2023-12-24T01:44:35.691+0000] {processor.py:839} INFO - DAG(s) dict_keys(['example_branch_dop_operator_v3']) retrieved from /home/airflow/.local/lib/python3.8/site-packages/airflow/example_dags/example_branch_python_dop_operator_3.py
[2023-12-24T01:44:35.705+0000] {logging_mixin.py:154} INFO - [2023-12-24T01:44:35.704+0000] {dag.py:2941} INFO - Sync 1 DAGs
[2023-12-24T01:44:35.719+0000] {logging_mixin.py:154} INFO - [2023-12-24T01:44:35.719+0000] {dag.py:3722} INFO - Setting next_dagrun for example_branch_dop_operator_v3 to 2023-12-24T01:43:00+00:00, run_after=2023-12-24T01:44:00+00:00
[2023-12-24T01:44:35.729+0000] {processor.py:179} INFO - Processing /home/airflow/.local/lib/python3.8/site-packages/airflow/example_dags/example_branch_python_dop_operator_3.py took 0.050 seconds
[2023-12-24T01:45:06.299+0000] {processor.py:157} INFO - Started process (PID=454) to work on /home/airflow/.local/lib/python3.8/site-packages/airflow/example_dags/example_branch_python_dop_operator_3.py
[2023-12-24T01:45:06.300+0000] {processor.py:829} INFO - Processing file /home/airflow/.local/lib/python3.8/site-packages/airflow/example_dags/example_branch_python_dop_operator_3.py for tasks to queue
[2023-12-24T01:45:06.302+0000] {logging_mixin.py:154} INFO - [2023-12-24T01:45:06.301+0000] {dagbag.py:536} INFO - Filling up the DagBag from /home/airflow/.local/lib/python3.8/site-packages/airflow/example_dags/example_branch_python_dop_operator_3.py
[2023-12-24T01:45:06.307+0000] {processor.py:839} INFO - DAG(s) dict_keys(['example_branch_dop_operator_v3']) retrieved from /home/airflow/.local/lib/python3.8/site-packages/airflow/example_dags/example_branch_python_dop_operator_3.py
[2023-12-24T01:45:06.322+0000] {logging_mixin.py:154} INFO - [2023-12-24T01:45:06.321+0000] {dag.py:2941} INFO - Sync 1 DAGs
[2023-12-24T01:45:06.436+0000] {logging_mixin.py:154} INFO - [2023-12-24T01:45:06.436+0000] {dag.py:3722} INFO - Setting next_dagrun for example_branch_dop_operator_v3 to 2023-12-24T01:44:00+00:00, run_after=2023-12-24T01:45:00+00:00
[2023-12-24T01:45:06.447+0000] {processor.py:179} INFO - Processing /home/airflow/.local/lib/python3.8/site-packages/airflow/example_dags/example_branch_python_dop_operator_3.py took 0.151 seconds
[2023-12-24T01:45:36.890+0000] {processor.py:157} INFO - Started process (PID=510) to work on /home/airflow/.local/lib/python3.8/site-packages/airflow/example_dags/example_branch_python_dop_operator_3.py
[2023-12-24T01:45:36.891+0000] {processor.py:829} INFO - Processing file /home/airflow/.local/lib/python3.8/site-packages/airflow/example_dags/example_branch_python_dop_operator_3.py for tasks to queue
[2023-12-24T01:45:36.893+0000] {logging_mixin.py:154} INFO - [2023-12-24T01:45:36.893+0000] {dagbag.py:536} INFO - Filling up the DagBag from /home/airflow/.local/lib/python3.8/site-packages/airflow/example_dags/example_branch_python_dop_operator_3.py
[2023-12-24T01:45:36.899+0000] {processor.py:839} INFO - DAG(s) dict_keys(['example_branch_dop_operator_v3']) retrieved from /home/airflow/.local/lib/python3.8/site-packages/airflow/example_dags/example_branch_python_dop_operator_3.py
[2023-12-24T01:45:36.913+0000] {logging_mixin.py:154} INFO - [2023-12-24T01:45:36.913+0000] {dag.py:2941} INFO - Sync 1 DAGs
[2023-12-24T01:45:37.045+0000] {logging_mixin.py:154} INFO - [2023-12-24T01:45:37.045+0000] {dag.py:3722} INFO - Setting next_dagrun for example_branch_dop_operator_v3 to 2023-12-24T01:44:00+00:00, run_after=2023-12-24T01:45:00+00:00
[2023-12-24T01:45:37.056+0000] {processor.py:179} INFO - Processing /home/airflow/.local/lib/python3.8/site-packages/airflow/example_dags/example_branch_python_dop_operator_3.py took 0.169 seconds
[2023-12-24T01:46:07.906+0000] {processor.py:157} INFO - Started process (PID=565) to work on /home/airflow/.local/lib/python3.8/site-packages/airflow/example_dags/example_branch_python_dop_operator_3.py
[2023-12-24T01:46:07.907+0000] {processor.py:829} INFO - Processing file /home/airflow/.local/lib/python3.8/site-packages/airflow/example_dags/example_branch_python_dop_operator_3.py for tasks to queue
[2023-12-24T01:46:07.909+0000] {logging_mixin.py:154} INFO - [2023-12-24T01:46:07.909+0000] {dagbag.py:536} INFO - Filling up the DagBag from /home/airflow/.local/lib/python3.8/site-packages/airflow/example_dags/example_branch_python_dop_operator_3.py
[2023-12-24T01:46:07.914+0000] {processor.py:839} INFO - DAG(s) dict_keys(['example_branch_dop_operator_v3']) retrieved from /home/airflow/.local/lib/python3.8/site-packages/airflow/example_dags/example_branch_python_dop_operator_3.py
[2023-12-24T01:46:07.928+0000] {logging_mixin.py:154} INFO - [2023-12-24T01:46:07.928+0000] {dag.py:2941} INFO - Sync 1 DAGs
[2023-12-24T01:46:07.942+0000] {logging_mixin.py:154} INFO - [2023-12-24T01:46:07.941+0000] {dag.py:3722} INFO - Setting next_dagrun for example_branch_dop_operator_v3 to 2023-12-24T01:45:00+00:00, run_after=2023-12-24T01:46:00+00:00
[2023-12-24T01:46:08.059+0000] {processor.py:179} INFO - Processing /home/airflow/.local/lib/python3.8/site-packages/airflow/example_dags/example_branch_python_dop_operator_3.py took 0.156 seconds
[2023-12-24T01:46:38.106+0000] {processor.py:157} INFO - Started process (PID=621) to work on /home/airflow/.local/lib/python3.8/site-packages/airflow/example_dags/example_branch_python_dop_operator_3.py
[2023-12-24T01:46:38.108+0000] {processor.py:829} INFO - Processing file /home/airflow/.local/lib/python3.8/site-packages/airflow/example_dags/example_branch_python_dop_operator_3.py for tasks to queue
[2023-12-24T01:46:38.110+0000] {logging_mixin.py:154} INFO - [2023-12-24T01:46:38.110+0000] {dagbag.py:536} INFO - Filling up the DagBag from /home/airflow/.local/lib/python3.8/site-packages/airflow/example_dags/example_branch_python_dop_operator_3.py
[2023-12-24T01:46:38.116+0000] {processor.py:839} INFO - DAG(s) dict_keys(['example_branch_dop_operator_v3']) retrieved from /home/airflow/.local/lib/python3.8/site-packages/airflow/example_dags/example_branch_python_dop_operator_3.py
[2023-12-24T01:46:38.130+0000] {logging_mixin.py:154} INFO - [2023-12-24T01:46:38.129+0000] {dag.py:2941} INFO - Sync 1 DAGs
[2023-12-24T01:46:38.143+0000] {logging_mixin.py:154} INFO - [2023-12-24T01:46:38.143+0000] {dag.py:3722} INFO - Setting next_dagrun for example_branch_dop_operator_v3 to 2023-12-24T01:45:00+00:00, run_after=2023-12-24T01:46:00+00:00
[2023-12-24T01:46:38.153+0000] {processor.py:179} INFO - Processing /home/airflow/.local/lib/python3.8/site-packages/airflow/example_dags/example_branch_python_dop_operator_3.py took 0.050 seconds
