[2023-12-24T00:16:11.189+0000] {processor.py:157} INFO - Started process (PID=6207) to work on /home/airflow/.local/lib/python3.8/site-packages/airflow/example_dags/example_dynamic_task_mapping_with_no_taskflow_operators.py
[2023-12-24T00:16:11.191+0000] {processor.py:829} INFO - Processing file /home/airflow/.local/lib/python3.8/site-packages/airflow/example_dags/example_dynamic_task_mapping_with_no_taskflow_operators.py for tasks to queue
[2023-12-24T00:16:11.194+0000] {logging_mixin.py:154} INFO - [2023-12-24T00:16:11.194+0000] {dagbag.py:536} INFO - Filling up the DagBag from /home/airflow/.local/lib/python3.8/site-packages/airflow/example_dags/example_dynamic_task_mapping_with_no_taskflow_operators.py
[2023-12-24T00:16:11.200+0000] {processor.py:839} INFO - DAG(s) dict_keys(['example_dynamic_task_mapping_with_no_taskflow_operators']) retrieved from /home/airflow/.local/lib/python3.8/site-packages/airflow/example_dags/example_dynamic_task_mapping_with_no_taskflow_operators.py
[2023-12-24T00:16:11.216+0000] {logging_mixin.py:154} INFO - [2023-12-24T00:16:11.216+0000] {dag.py:2941} INFO - Sync 1 DAGs
[2023-12-24T00:16:11.236+0000] {logging_mixin.py:154} INFO - [2023-12-24T00:16:11.236+0000] {dag.py:3722} INFO - Setting next_dagrun for example_dynamic_task_mapping_with_no_taskflow_operators to 2023-12-23T00:16:11.235881+00:00, run_after=2023-12-24T00:16:11.235881+00:00
[2023-12-24T00:16:11.250+0000] {processor.py:179} INFO - Processing /home/airflow/.local/lib/python3.8/site-packages/airflow/example_dags/example_dynamic_task_mapping_with_no_taskflow_operators.py took 0.063 seconds
[2023-12-24T00:16:41.878+0000] {processor.py:157} INFO - Started process (PID=6263) to work on /home/airflow/.local/lib/python3.8/site-packages/airflow/example_dags/example_dynamic_task_mapping_with_no_taskflow_operators.py
[2023-12-24T00:16:41.879+0000] {processor.py:829} INFO - Processing file /home/airflow/.local/lib/python3.8/site-packages/airflow/example_dags/example_dynamic_task_mapping_with_no_taskflow_operators.py for tasks to queue
[2023-12-24T00:16:41.881+0000] {logging_mixin.py:154} INFO - [2023-12-24T00:16:41.881+0000] {dagbag.py:536} INFO - Filling up the DagBag from /home/airflow/.local/lib/python3.8/site-packages/airflow/example_dags/example_dynamic_task_mapping_with_no_taskflow_operators.py
[2023-12-24T00:16:41.885+0000] {processor.py:839} INFO - DAG(s) dict_keys(['example_dynamic_task_mapping_with_no_taskflow_operators']) retrieved from /home/airflow/.local/lib/python3.8/site-packages/airflow/example_dags/example_dynamic_task_mapping_with_no_taskflow_operators.py
[2023-12-24T00:16:41.898+0000] {logging_mixin.py:154} INFO - [2023-12-24T00:16:41.897+0000] {dag.py:2941} INFO - Sync 1 DAGs
[2023-12-24T00:16:41.909+0000] {logging_mixin.py:154} INFO - [2023-12-24T00:16:41.909+0000] {dag.py:3722} INFO - Setting next_dagrun for example_dynamic_task_mapping_with_no_taskflow_operators to 2023-12-23T00:16:41.909346+00:00, run_after=2023-12-24T00:16:41.909346+00:00
[2023-12-24T00:16:41.920+0000] {processor.py:179} INFO - Processing /home/airflow/.local/lib/python3.8/site-packages/airflow/example_dags/example_dynamic_task_mapping_with_no_taskflow_operators.py took 0.045 seconds
[2023-12-24T00:33:50.628+0000] {processor.py:157} INFO - Started process (PID=6319) to work on /home/airflow/.local/lib/python3.8/site-packages/airflow/example_dags/example_dynamic_task_mapping_with_no_taskflow_operators.py
[2023-12-24T00:33:50.630+0000] {processor.py:829} INFO - Processing file /home/airflow/.local/lib/python3.8/site-packages/airflow/example_dags/example_dynamic_task_mapping_with_no_taskflow_operators.py for tasks to queue
[2023-12-24T00:33:50.634+0000] {logging_mixin.py:154} INFO - [2023-12-24T00:33:50.634+0000] {dagbag.py:536} INFO - Filling up the DagBag from /home/airflow/.local/lib/python3.8/site-packages/airflow/example_dags/example_dynamic_task_mapping_with_no_taskflow_operators.py
[2023-12-24T00:33:50.643+0000] {processor.py:839} INFO - DAG(s) dict_keys(['example_dynamic_task_mapping_with_no_taskflow_operators']) retrieved from /home/airflow/.local/lib/python3.8/site-packages/airflow/example_dags/example_dynamic_task_mapping_with_no_taskflow_operators.py
[2023-12-24T00:33:50.662+0000] {logging_mixin.py:154} INFO - [2023-12-24T00:33:50.662+0000] {dag.py:2941} INFO - Sync 1 DAGs
[2023-12-24T00:33:50.679+0000] {logging_mixin.py:154} INFO - [2023-12-24T00:33:50.678+0000] {dag.py:3722} INFO - Setting next_dagrun for example_dynamic_task_mapping_with_no_taskflow_operators to 2023-12-23T00:33:50.678612+00:00, run_after=2023-12-24T00:33:50.678612+00:00
[2023-12-24T00:33:50.695+0000] {processor.py:179} INFO - Processing /home/airflow/.local/lib/python3.8/site-packages/airflow/example_dags/example_dynamic_task_mapping_with_no_taskflow_operators.py took 0.072 seconds
[2023-12-24T00:34:21.001+0000] {processor.py:157} INFO - Started process (PID=6375) to work on /home/airflow/.local/lib/python3.8/site-packages/airflow/example_dags/example_dynamic_task_mapping_with_no_taskflow_operators.py
[2023-12-24T00:34:21.002+0000] {processor.py:829} INFO - Processing file /home/airflow/.local/lib/python3.8/site-packages/airflow/example_dags/example_dynamic_task_mapping_with_no_taskflow_operators.py for tasks to queue
[2023-12-24T00:34:21.004+0000] {logging_mixin.py:154} INFO - [2023-12-24T00:34:21.004+0000] {dagbag.py:536} INFO - Filling up the DagBag from /home/airflow/.local/lib/python3.8/site-packages/airflow/example_dags/example_dynamic_task_mapping_with_no_taskflow_operators.py
[2023-12-24T00:34:21.009+0000] {processor.py:839} INFO - DAG(s) dict_keys(['example_dynamic_task_mapping_with_no_taskflow_operators']) retrieved from /home/airflow/.local/lib/python3.8/site-packages/airflow/example_dags/example_dynamic_task_mapping_with_no_taskflow_operators.py
[2023-12-24T00:34:21.022+0000] {logging_mixin.py:154} INFO - [2023-12-24T00:34:21.021+0000] {dag.py:2941} INFO - Sync 1 DAGs
[2023-12-24T00:34:21.033+0000] {logging_mixin.py:154} INFO - [2023-12-24T00:34:21.033+0000] {dag.py:3722} INFO - Setting next_dagrun for example_dynamic_task_mapping_with_no_taskflow_operators to 2023-12-23T00:34:21.033269+00:00, run_after=2023-12-24T00:34:21.033269+00:00
[2023-12-24T00:34:21.043+0000] {processor.py:179} INFO - Processing /home/airflow/.local/lib/python3.8/site-packages/airflow/example_dags/example_dynamic_task_mapping_with_no_taskflow_operators.py took 0.044 seconds
[2023-12-24T00:51:35.888+0000] {processor.py:157} INFO - Started process (PID=6430) to work on /home/airflow/.local/lib/python3.8/site-packages/airflow/example_dags/example_dynamic_task_mapping_with_no_taskflow_operators.py
[2023-12-24T00:51:35.889+0000] {processor.py:829} INFO - Processing file /home/airflow/.local/lib/python3.8/site-packages/airflow/example_dags/example_dynamic_task_mapping_with_no_taskflow_operators.py for tasks to queue
[2023-12-24T00:51:35.892+0000] {logging_mixin.py:154} INFO - [2023-12-24T00:51:35.891+0000] {dagbag.py:536} INFO - Filling up the DagBag from /home/airflow/.local/lib/python3.8/site-packages/airflow/example_dags/example_dynamic_task_mapping_with_no_taskflow_operators.py
[2023-12-24T00:51:35.897+0000] {processor.py:839} INFO - DAG(s) dict_keys(['example_dynamic_task_mapping_with_no_taskflow_operators']) retrieved from /home/airflow/.local/lib/python3.8/site-packages/airflow/example_dags/example_dynamic_task_mapping_with_no_taskflow_operators.py
[2023-12-24T00:51:35.912+0000] {logging_mixin.py:154} INFO - [2023-12-24T00:51:35.912+0000] {dag.py:2941} INFO - Sync 1 DAGs
[2023-12-24T00:51:35.929+0000] {logging_mixin.py:154} INFO - [2023-12-24T00:51:35.928+0000] {dag.py:3722} INFO - Setting next_dagrun for example_dynamic_task_mapping_with_no_taskflow_operators to 2023-12-23T00:51:35.928647+00:00, run_after=2023-12-24T00:51:35.928647+00:00
[2023-12-24T00:51:35.942+0000] {processor.py:179} INFO - Processing /home/airflow/.local/lib/python3.8/site-packages/airflow/example_dags/example_dynamic_task_mapping_with_no_taskflow_operators.py took 0.057 seconds
[2023-12-24T00:52:06.435+0000] {processor.py:157} INFO - Started process (PID=6485) to work on /home/airflow/.local/lib/python3.8/site-packages/airflow/example_dags/example_dynamic_task_mapping_with_no_taskflow_operators.py
[2023-12-24T00:52:06.436+0000] {processor.py:829} INFO - Processing file /home/airflow/.local/lib/python3.8/site-packages/airflow/example_dags/example_dynamic_task_mapping_with_no_taskflow_operators.py for tasks to queue
[2023-12-24T00:52:06.438+0000] {logging_mixin.py:154} INFO - [2023-12-24T00:52:06.438+0000] {dagbag.py:536} INFO - Filling up the DagBag from /home/airflow/.local/lib/python3.8/site-packages/airflow/example_dags/example_dynamic_task_mapping_with_no_taskflow_operators.py
[2023-12-24T00:52:06.443+0000] {processor.py:839} INFO - DAG(s) dict_keys(['example_dynamic_task_mapping_with_no_taskflow_operators']) retrieved from /home/airflow/.local/lib/python3.8/site-packages/airflow/example_dags/example_dynamic_task_mapping_with_no_taskflow_operators.py
[2023-12-24T00:52:06.454+0000] {logging_mixin.py:154} INFO - [2023-12-24T00:52:06.454+0000] {dag.py:2941} INFO - Sync 1 DAGs
[2023-12-24T00:52:06.465+0000] {logging_mixin.py:154} INFO - [2023-12-24T00:52:06.465+0000] {dag.py:3722} INFO - Setting next_dagrun for example_dynamic_task_mapping_with_no_taskflow_operators to 2023-12-23T00:52:06.465724+00:00, run_after=2023-12-24T00:52:06.465724+00:00
[2023-12-24T00:52:06.476+0000] {processor.py:179} INFO - Processing /home/airflow/.local/lib/python3.8/site-packages/airflow/example_dags/example_dynamic_task_mapping_with_no_taskflow_operators.py took 0.043 seconds
[2023-12-24T01:08:52.766+0000] {processor.py:157} INFO - Started process (PID=6540) to work on /home/airflow/.local/lib/python3.8/site-packages/airflow/example_dags/example_dynamic_task_mapping_with_no_taskflow_operators.py
[2023-12-24T01:08:52.767+0000] {processor.py:829} INFO - Processing file /home/airflow/.local/lib/python3.8/site-packages/airflow/example_dags/example_dynamic_task_mapping_with_no_taskflow_operators.py for tasks to queue
[2023-12-24T01:08:52.770+0000] {logging_mixin.py:154} INFO - [2023-12-24T01:08:52.770+0000] {dagbag.py:536} INFO - Filling up the DagBag from /home/airflow/.local/lib/python3.8/site-packages/airflow/example_dags/example_dynamic_task_mapping_with_no_taskflow_operators.py
[2023-12-24T01:08:52.777+0000] {processor.py:839} INFO - DAG(s) dict_keys(['example_dynamic_task_mapping_with_no_taskflow_operators']) retrieved from /home/airflow/.local/lib/python3.8/site-packages/airflow/example_dags/example_dynamic_task_mapping_with_no_taskflow_operators.py
[2023-12-24T01:08:52.795+0000] {logging_mixin.py:154} INFO - [2023-12-24T01:08:52.794+0000] {dag.py:2941} INFO - Sync 1 DAGs
[2023-12-24T01:08:52.814+0000] {logging_mixin.py:154} INFO - [2023-12-24T01:08:52.814+0000] {dag.py:3722} INFO - Setting next_dagrun for example_dynamic_task_mapping_with_no_taskflow_operators to 2023-12-23T01:08:52.813983+00:00, run_after=2023-12-24T01:08:52.813983+00:00
[2023-12-24T01:08:52.827+0000] {processor.py:179} INFO - Processing /home/airflow/.local/lib/python3.8/site-packages/airflow/example_dags/example_dynamic_task_mapping_with_no_taskflow_operators.py took 0.063 seconds
[2023-12-24T01:26:17.025+0000] {processor.py:157} INFO - Started process (PID=6596) to work on /home/airflow/.local/lib/python3.8/site-packages/airflow/example_dags/example_dynamic_task_mapping_with_no_taskflow_operators.py
[2023-12-24T01:26:17.027+0000] {processor.py:829} INFO - Processing file /home/airflow/.local/lib/python3.8/site-packages/airflow/example_dags/example_dynamic_task_mapping_with_no_taskflow_operators.py for tasks to queue
[2023-12-24T01:26:17.031+0000] {logging_mixin.py:154} INFO - [2023-12-24T01:26:17.031+0000] {dagbag.py:536} INFO - Filling up the DagBag from /home/airflow/.local/lib/python3.8/site-packages/airflow/example_dags/example_dynamic_task_mapping_with_no_taskflow_operators.py
[2023-12-24T01:26:17.039+0000] {processor.py:839} INFO - DAG(s) dict_keys(['example_dynamic_task_mapping_with_no_taskflow_operators']) retrieved from /home/airflow/.local/lib/python3.8/site-packages/airflow/example_dags/example_dynamic_task_mapping_with_no_taskflow_operators.py
[2023-12-24T01:26:17.059+0000] {logging_mixin.py:154} INFO - [2023-12-24T01:26:17.059+0000] {dag.py:2941} INFO - Sync 1 DAGs
[2023-12-24T01:26:17.078+0000] {logging_mixin.py:154} INFO - [2023-12-24T01:26:17.078+0000] {dag.py:3722} INFO - Setting next_dagrun for example_dynamic_task_mapping_with_no_taskflow_operators to 2023-12-23T01:26:17.078591+00:00, run_after=2023-12-24T01:26:17.078591+00:00
[2023-12-24T01:26:17.094+0000] {processor.py:179} INFO - Processing /home/airflow/.local/lib/python3.8/site-packages/airflow/example_dags/example_dynamic_task_mapping_with_no_taskflow_operators.py took 0.073 seconds
[2023-12-24T01:26:47.295+0000] {processor.py:157} INFO - Started process (PID=6652) to work on /home/airflow/.local/lib/python3.8/site-packages/airflow/example_dags/example_dynamic_task_mapping_with_no_taskflow_operators.py
[2023-12-24T01:26:47.297+0000] {processor.py:829} INFO - Processing file /home/airflow/.local/lib/python3.8/site-packages/airflow/example_dags/example_dynamic_task_mapping_with_no_taskflow_operators.py for tasks to queue
[2023-12-24T01:26:47.299+0000] {logging_mixin.py:154} INFO - [2023-12-24T01:26:47.299+0000] {dagbag.py:536} INFO - Filling up the DagBag from /home/airflow/.local/lib/python3.8/site-packages/airflow/example_dags/example_dynamic_task_mapping_with_no_taskflow_operators.py
[2023-12-24T01:26:47.304+0000] {processor.py:839} INFO - DAG(s) dict_keys(['example_dynamic_task_mapping_with_no_taskflow_operators']) retrieved from /home/airflow/.local/lib/python3.8/site-packages/airflow/example_dags/example_dynamic_task_mapping_with_no_taskflow_operators.py
[2023-12-24T01:26:47.316+0000] {logging_mixin.py:154} INFO - [2023-12-24T01:26:47.316+0000] {dag.py:2941} INFO - Sync 1 DAGs
[2023-12-24T01:26:47.328+0000] {logging_mixin.py:154} INFO - [2023-12-24T01:26:47.328+0000] {dag.py:3722} INFO - Setting next_dagrun for example_dynamic_task_mapping_with_no_taskflow_operators to 2023-12-23T01:26:47.327862+00:00, run_after=2023-12-24T01:26:47.327862+00:00
[2023-12-24T01:26:47.336+0000] {processor.py:179} INFO - Processing /home/airflow/.local/lib/python3.8/site-packages/airflow/example_dags/example_dynamic_task_mapping_with_no_taskflow_operators.py took 0.043 seconds
[2023-12-24T01:39:26.789+0000] {processor.py:157} INFO - Started process (PID=6709) to work on /home/airflow/.local/lib/python3.8/site-packages/airflow/example_dags/example_dynamic_task_mapping_with_no_taskflow_operators.py
[2023-12-24T01:39:26.791+0000] {processor.py:829} INFO - Processing file /home/airflow/.local/lib/python3.8/site-packages/airflow/example_dags/example_dynamic_task_mapping_with_no_taskflow_operators.py for tasks to queue
[2023-12-24T01:39:26.795+0000] {logging_mixin.py:154} INFO - [2023-12-24T01:39:26.794+0000] {dagbag.py:536} INFO - Filling up the DagBag from /home/airflow/.local/lib/python3.8/site-packages/airflow/example_dags/example_dynamic_task_mapping_with_no_taskflow_operators.py
[2023-12-24T01:39:26.803+0000] {processor.py:839} INFO - DAG(s) dict_keys(['example_dynamic_task_mapping_with_no_taskflow_operators']) retrieved from /home/airflow/.local/lib/python3.8/site-packages/airflow/example_dags/example_dynamic_task_mapping_with_no_taskflow_operators.py
[2023-12-24T01:39:26.822+0000] {logging_mixin.py:154} INFO - [2023-12-24T01:39:26.822+0000] {dag.py:2941} INFO - Sync 1 DAGs
[2023-12-24T01:39:26.838+0000] {logging_mixin.py:154} INFO - [2023-12-24T01:39:26.838+0000] {dag.py:3722} INFO - Setting next_dagrun for example_dynamic_task_mapping_with_no_taskflow_operators to 2023-12-23T01:39:26.838526+00:00, run_after=2023-12-24T01:39:26.838526+00:00
[2023-12-24T01:39:26.855+0000] {processor.py:179} INFO - Processing /home/airflow/.local/lib/python3.8/site-packages/airflow/example_dags/example_dynamic_task_mapping_with_no_taskflow_operators.py took 0.070 seconds
[2023-12-24T01:39:57.187+0000] {processor.py:157} INFO - Started process (PID=6764) to work on /home/airflow/.local/lib/python3.8/site-packages/airflow/example_dags/example_dynamic_task_mapping_with_no_taskflow_operators.py
[2023-12-24T01:39:57.188+0000] {processor.py:829} INFO - Processing file /home/airflow/.local/lib/python3.8/site-packages/airflow/example_dags/example_dynamic_task_mapping_with_no_taskflow_operators.py for tasks to queue
[2023-12-24T01:39:57.191+0000] {logging_mixin.py:154} INFO - [2023-12-24T01:39:57.191+0000] {dagbag.py:536} INFO - Filling up the DagBag from /home/airflow/.local/lib/python3.8/site-packages/airflow/example_dags/example_dynamic_task_mapping_with_no_taskflow_operators.py
[2023-12-24T01:39:57.197+0000] {processor.py:839} INFO - DAG(s) dict_keys(['example_dynamic_task_mapping_with_no_taskflow_operators']) retrieved from /home/airflow/.local/lib/python3.8/site-packages/airflow/example_dags/example_dynamic_task_mapping_with_no_taskflow_operators.py
[2023-12-24T01:39:57.212+0000] {logging_mixin.py:154} INFO - [2023-12-24T01:39:57.212+0000] {dag.py:2941} INFO - Sync 1 DAGs
[2023-12-24T01:39:57.226+0000] {logging_mixin.py:154} INFO - [2023-12-24T01:39:57.226+0000] {dag.py:3722} INFO - Setting next_dagrun for example_dynamic_task_mapping_with_no_taskflow_operators to 2023-12-23T01:39:57.226594+00:00, run_after=2023-12-24T01:39:57.226594+00:00
[2023-12-24T01:39:57.239+0000] {processor.py:179} INFO - Processing /home/airflow/.local/lib/python3.8/site-packages/airflow/example_dags/example_dynamic_task_mapping_with_no_taskflow_operators.py took 0.055 seconds
[2023-12-24T01:40:27.454+0000] {processor.py:157} INFO - Started process (PID=6819) to work on /home/airflow/.local/lib/python3.8/site-packages/airflow/example_dags/example_dynamic_task_mapping_with_no_taskflow_operators.py
[2023-12-24T01:40:27.455+0000] {processor.py:829} INFO - Processing file /home/airflow/.local/lib/python3.8/site-packages/airflow/example_dags/example_dynamic_task_mapping_with_no_taskflow_operators.py for tasks to queue
[2023-12-24T01:40:27.457+0000] {logging_mixin.py:154} INFO - [2023-12-24T01:40:27.457+0000] {dagbag.py:536} INFO - Filling up the DagBag from /home/airflow/.local/lib/python3.8/site-packages/airflow/example_dags/example_dynamic_task_mapping_with_no_taskflow_operators.py
[2023-12-24T01:40:27.462+0000] {processor.py:839} INFO - DAG(s) dict_keys(['example_dynamic_task_mapping_with_no_taskflow_operators']) retrieved from /home/airflow/.local/lib/python3.8/site-packages/airflow/example_dags/example_dynamic_task_mapping_with_no_taskflow_operators.py
[2023-12-24T01:40:27.475+0000] {logging_mixin.py:154} INFO - [2023-12-24T01:40:27.475+0000] {dag.py:2941} INFO - Sync 1 DAGs
[2023-12-24T01:40:27.488+0000] {logging_mixin.py:154} INFO - [2023-12-24T01:40:27.488+0000] {dag.py:3722} INFO - Setting next_dagrun for example_dynamic_task_mapping_with_no_taskflow_operators to 2023-12-23T01:40:27.488396+00:00, run_after=2023-12-24T01:40:27.488396+00:00
[2023-12-24T01:40:27.499+0000] {processor.py:179} INFO - Processing /home/airflow/.local/lib/python3.8/site-packages/airflow/example_dags/example_dynamic_task_mapping_with_no_taskflow_operators.py took 0.047 seconds
[2023-12-24T01:41:29.928+0000] {processor.py:157} INFO - Started process (PID=46) to work on /home/airflow/.local/lib/python3.8/site-packages/airflow/example_dags/example_dynamic_task_mapping_with_no_taskflow_operators.py
[2023-12-24T01:41:29.929+0000] {processor.py:829} INFO - Processing file /home/airflow/.local/lib/python3.8/site-packages/airflow/example_dags/example_dynamic_task_mapping_with_no_taskflow_operators.py for tasks to queue
[2023-12-24T01:41:29.933+0000] {logging_mixin.py:154} INFO - [2023-12-24T01:41:29.933+0000] {dagbag.py:536} INFO - Filling up the DagBag from /home/airflow/.local/lib/python3.8/site-packages/airflow/example_dags/example_dynamic_task_mapping_with_no_taskflow_operators.py
[2023-12-24T01:41:29.943+0000] {processor.py:839} INFO - DAG(s) dict_keys(['example_dynamic_task_mapping_with_no_taskflow_operators']) retrieved from /home/airflow/.local/lib/python3.8/site-packages/airflow/example_dags/example_dynamic_task_mapping_with_no_taskflow_operators.py
[2023-12-24T01:41:29.954+0000] {logging_mixin.py:154} INFO - [2023-12-24T01:41:29.954+0000] {dag.py:2941} INFO - Sync 1 DAGs
[2023-12-24T01:41:29.972+0000] {logging_mixin.py:154} INFO - [2023-12-24T01:41:29.972+0000] {dag.py:3722} INFO - Setting next_dagrun for example_dynamic_task_mapping_with_no_taskflow_operators to 2023-12-23T01:41:29.972528+00:00, run_after=2023-12-24T01:41:29.972528+00:00
[2023-12-24T01:41:29.987+0000] {processor.py:179} INFO - Processing /home/airflow/.local/lib/python3.8/site-packages/airflow/example_dags/example_dynamic_task_mapping_with_no_taskflow_operators.py took 0.062 seconds
[2023-12-24T01:42:00.500+0000] {processor.py:157} INFO - Started process (PID=102) to work on /home/airflow/.local/lib/python3.8/site-packages/airflow/example_dags/example_dynamic_task_mapping_with_no_taskflow_operators.py
[2023-12-24T01:42:00.501+0000] {processor.py:829} INFO - Processing file /home/airflow/.local/lib/python3.8/site-packages/airflow/example_dags/example_dynamic_task_mapping_with_no_taskflow_operators.py for tasks to queue
[2023-12-24T01:42:00.503+0000] {logging_mixin.py:154} INFO - [2023-12-24T01:42:00.503+0000] {dagbag.py:536} INFO - Filling up the DagBag from /home/airflow/.local/lib/python3.8/site-packages/airflow/example_dags/example_dynamic_task_mapping_with_no_taskflow_operators.py
[2023-12-24T01:42:00.508+0000] {processor.py:839} INFO - DAG(s) dict_keys(['example_dynamic_task_mapping_with_no_taskflow_operators']) retrieved from /home/airflow/.local/lib/python3.8/site-packages/airflow/example_dags/example_dynamic_task_mapping_with_no_taskflow_operators.py
[2023-12-24T01:42:00.520+0000] {logging_mixin.py:154} INFO - [2023-12-24T01:42:00.520+0000] {dag.py:2941} INFO - Sync 1 DAGs
[2023-12-24T01:42:00.531+0000] {logging_mixin.py:154} INFO - [2023-12-24T01:42:00.531+0000] {dag.py:3722} INFO - Setting next_dagrun for example_dynamic_task_mapping_with_no_taskflow_operators to 2023-12-23T01:42:00.531555+00:00, run_after=2023-12-24T01:42:00.531555+00:00
[2023-12-24T01:42:00.541+0000] {processor.py:179} INFO - Processing /home/airflow/.local/lib/python3.8/site-packages/airflow/example_dags/example_dynamic_task_mapping_with_no_taskflow_operators.py took 0.043 seconds
[2023-12-24T01:42:30.803+0000] {processor.py:157} INFO - Started process (PID=157) to work on /home/airflow/.local/lib/python3.8/site-packages/airflow/example_dags/example_dynamic_task_mapping_with_no_taskflow_operators.py
[2023-12-24T01:42:30.804+0000] {processor.py:829} INFO - Processing file /home/airflow/.local/lib/python3.8/site-packages/airflow/example_dags/example_dynamic_task_mapping_with_no_taskflow_operators.py for tasks to queue
[2023-12-24T01:42:30.806+0000] {logging_mixin.py:154} INFO - [2023-12-24T01:42:30.806+0000] {dagbag.py:536} INFO - Filling up the DagBag from /home/airflow/.local/lib/python3.8/site-packages/airflow/example_dags/example_dynamic_task_mapping_with_no_taskflow_operators.py
[2023-12-24T01:42:30.811+0000] {processor.py:839} INFO - DAG(s) dict_keys(['example_dynamic_task_mapping_with_no_taskflow_operators']) retrieved from /home/airflow/.local/lib/python3.8/site-packages/airflow/example_dags/example_dynamic_task_mapping_with_no_taskflow_operators.py
[2023-12-24T01:42:30.824+0000] {logging_mixin.py:154} INFO - [2023-12-24T01:42:30.824+0000] {dag.py:2941} INFO - Sync 1 DAGs
[2023-12-24T01:42:30.836+0000] {logging_mixin.py:154} INFO - [2023-12-24T01:42:30.836+0000] {dag.py:3722} INFO - Setting next_dagrun for example_dynamic_task_mapping_with_no_taskflow_operators to 2023-12-23T01:42:30.836334+00:00, run_after=2023-12-24T01:42:30.836334+00:00
[2023-12-24T01:42:30.846+0000] {processor.py:179} INFO - Processing /home/airflow/.local/lib/python3.8/site-packages/airflow/example_dags/example_dynamic_task_mapping_with_no_taskflow_operators.py took 0.045 seconds
[2023-12-24T01:43:01.341+0000] {processor.py:157} INFO - Started process (PID=212) to work on /home/airflow/.local/lib/python3.8/site-packages/airflow/example_dags/example_dynamic_task_mapping_with_no_taskflow_operators.py
[2023-12-24T01:43:01.343+0000] {processor.py:829} INFO - Processing file /home/airflow/.local/lib/python3.8/site-packages/airflow/example_dags/example_dynamic_task_mapping_with_no_taskflow_operators.py for tasks to queue
[2023-12-24T01:43:01.345+0000] {logging_mixin.py:154} INFO - [2023-12-24T01:43:01.345+0000] {dagbag.py:536} INFO - Filling up the DagBag from /home/airflow/.local/lib/python3.8/site-packages/airflow/example_dags/example_dynamic_task_mapping_with_no_taskflow_operators.py
[2023-12-24T01:43:01.351+0000] {processor.py:839} INFO - DAG(s) dict_keys(['example_dynamic_task_mapping_with_no_taskflow_operators']) retrieved from /home/airflow/.local/lib/python3.8/site-packages/airflow/example_dags/example_dynamic_task_mapping_with_no_taskflow_operators.py
[2023-12-24T01:43:01.367+0000] {logging_mixin.py:154} INFO - [2023-12-24T01:43:01.367+0000] {dag.py:2941} INFO - Sync 1 DAGs
[2023-12-24T01:43:01.499+0000] {logging_mixin.py:154} INFO - [2023-12-24T01:43:01.498+0000] {dag.py:3722} INFO - Setting next_dagrun for example_dynamic_task_mapping_with_no_taskflow_operators to 2023-12-23T01:43:01.498776+00:00, run_after=2023-12-24T01:43:01.498776+00:00
[2023-12-24T01:43:01.512+0000] {processor.py:179} INFO - Processing /home/airflow/.local/lib/python3.8/site-packages/airflow/example_dags/example_dynamic_task_mapping_with_no_taskflow_operators.py took 0.173 seconds
[2023-12-24T01:43:31.700+0000] {processor.py:157} INFO - Started process (PID=268) to work on /home/airflow/.local/lib/python3.8/site-packages/airflow/example_dags/example_dynamic_task_mapping_with_no_taskflow_operators.py
[2023-12-24T01:43:31.701+0000] {processor.py:829} INFO - Processing file /home/airflow/.local/lib/python3.8/site-packages/airflow/example_dags/example_dynamic_task_mapping_with_no_taskflow_operators.py for tasks to queue
[2023-12-24T01:43:31.704+0000] {logging_mixin.py:154} INFO - [2023-12-24T01:43:31.703+0000] {dagbag.py:536} INFO - Filling up the DagBag from /home/airflow/.local/lib/python3.8/site-packages/airflow/example_dags/example_dynamic_task_mapping_with_no_taskflow_operators.py
[2023-12-24T01:43:31.708+0000] {processor.py:839} INFO - DAG(s) dict_keys(['example_dynamic_task_mapping_with_no_taskflow_operators']) retrieved from /home/airflow/.local/lib/python3.8/site-packages/airflow/example_dags/example_dynamic_task_mapping_with_no_taskflow_operators.py
[2023-12-24T01:43:31.721+0000] {logging_mixin.py:154} INFO - [2023-12-24T01:43:31.720+0000] {dag.py:2941} INFO - Sync 1 DAGs
[2023-12-24T01:43:31.733+0000] {logging_mixin.py:154} INFO - [2023-12-24T01:43:31.733+0000] {dag.py:3722} INFO - Setting next_dagrun for example_dynamic_task_mapping_with_no_taskflow_operators to 2023-12-23T01:43:31.732883+00:00, run_after=2023-12-24T01:43:31.732883+00:00
[2023-12-24T01:43:31.742+0000] {processor.py:179} INFO - Processing /home/airflow/.local/lib/python3.8/site-packages/airflow/example_dags/example_dynamic_task_mapping_with_no_taskflow_operators.py took 0.045 seconds
[2023-12-24T01:44:01.923+0000] {processor.py:157} INFO - Started process (PID=323) to work on /home/airflow/.local/lib/python3.8/site-packages/airflow/example_dags/example_dynamic_task_mapping_with_no_taskflow_operators.py
[2023-12-24T01:44:01.924+0000] {processor.py:829} INFO - Processing file /home/airflow/.local/lib/python3.8/site-packages/airflow/example_dags/example_dynamic_task_mapping_with_no_taskflow_operators.py for tasks to queue
[2023-12-24T01:44:01.926+0000] {logging_mixin.py:154} INFO - [2023-12-24T01:44:01.925+0000] {dagbag.py:536} INFO - Filling up the DagBag from /home/airflow/.local/lib/python3.8/site-packages/airflow/example_dags/example_dynamic_task_mapping_with_no_taskflow_operators.py
[2023-12-24T01:44:01.930+0000] {processor.py:839} INFO - DAG(s) dict_keys(['example_dynamic_task_mapping_with_no_taskflow_operators']) retrieved from /home/airflow/.local/lib/python3.8/site-packages/airflow/example_dags/example_dynamic_task_mapping_with_no_taskflow_operators.py
[2023-12-24T01:44:01.942+0000] {logging_mixin.py:154} INFO - [2023-12-24T01:44:01.942+0000] {dag.py:2941} INFO - Sync 1 DAGs
[2023-12-24T01:44:01.954+0000] {logging_mixin.py:154} INFO - [2023-12-24T01:44:01.954+0000] {dag.py:3722} INFO - Setting next_dagrun for example_dynamic_task_mapping_with_no_taskflow_operators to 2023-12-23T01:44:01.954512+00:00, run_after=2023-12-24T01:44:01.954512+00:00
[2023-12-24T01:44:01.965+0000] {processor.py:179} INFO - Processing /home/airflow/.local/lib/python3.8/site-packages/airflow/example_dags/example_dynamic_task_mapping_with_no_taskflow_operators.py took 0.045 seconds
[2023-12-24T01:44:32.931+0000] {processor.py:157} INFO - Started process (PID=379) to work on /home/airflow/.local/lib/python3.8/site-packages/airflow/example_dags/example_dynamic_task_mapping_with_no_taskflow_operators.py
[2023-12-24T01:44:32.932+0000] {processor.py:829} INFO - Processing file /home/airflow/.local/lib/python3.8/site-packages/airflow/example_dags/example_dynamic_task_mapping_with_no_taskflow_operators.py for tasks to queue
[2023-12-24T01:44:32.934+0000] {logging_mixin.py:154} INFO - [2023-12-24T01:44:32.934+0000] {dagbag.py:536} INFO - Filling up the DagBag from /home/airflow/.local/lib/python3.8/site-packages/airflow/example_dags/example_dynamic_task_mapping_with_no_taskflow_operators.py
[2023-12-24T01:44:32.939+0000] {processor.py:839} INFO - DAG(s) dict_keys(['example_dynamic_task_mapping_with_no_taskflow_operators']) retrieved from /home/airflow/.local/lib/python3.8/site-packages/airflow/example_dags/example_dynamic_task_mapping_with_no_taskflow_operators.py
[2023-12-24T01:44:32.951+0000] {logging_mixin.py:154} INFO - [2023-12-24T01:44:32.951+0000] {dag.py:2941} INFO - Sync 1 DAGs
[2023-12-24T01:44:32.963+0000] {logging_mixin.py:154} INFO - [2023-12-24T01:44:32.963+0000] {dag.py:3722} INFO - Setting next_dagrun for example_dynamic_task_mapping_with_no_taskflow_operators to 2023-12-23T01:44:32.963592+00:00, run_after=2023-12-24T01:44:32.963592+00:00
[2023-12-24T01:44:32.973+0000] {processor.py:179} INFO - Processing /home/airflow/.local/lib/python3.8/site-packages/airflow/example_dags/example_dynamic_task_mapping_with_no_taskflow_operators.py took 0.045 seconds
[2023-12-24T01:45:03.393+0000] {processor.py:157} INFO - Started process (PID=434) to work on /home/airflow/.local/lib/python3.8/site-packages/airflow/example_dags/example_dynamic_task_mapping_with_no_taskflow_operators.py
[2023-12-24T01:45:03.394+0000] {processor.py:829} INFO - Processing file /home/airflow/.local/lib/python3.8/site-packages/airflow/example_dags/example_dynamic_task_mapping_with_no_taskflow_operators.py for tasks to queue
[2023-12-24T01:45:03.396+0000] {logging_mixin.py:154} INFO - [2023-12-24T01:45:03.396+0000] {dagbag.py:536} INFO - Filling up the DagBag from /home/airflow/.local/lib/python3.8/site-packages/airflow/example_dags/example_dynamic_task_mapping_with_no_taskflow_operators.py
[2023-12-24T01:45:03.401+0000] {processor.py:839} INFO - DAG(s) dict_keys(['example_dynamic_task_mapping_with_no_taskflow_operators']) retrieved from /home/airflow/.local/lib/python3.8/site-packages/airflow/example_dags/example_dynamic_task_mapping_with_no_taskflow_operators.py
[2023-12-24T01:45:03.416+0000] {logging_mixin.py:154} INFO - [2023-12-24T01:45:03.416+0000] {dag.py:2941} INFO - Sync 1 DAGs
[2023-12-24T01:45:03.543+0000] {logging_mixin.py:154} INFO - [2023-12-24T01:45:03.543+0000] {dag.py:3722} INFO - Setting next_dagrun for example_dynamic_task_mapping_with_no_taskflow_operators to 2023-12-23T01:45:03.542932+00:00, run_after=2023-12-24T01:45:03.542932+00:00
[2023-12-24T01:45:03.552+0000] {processor.py:179} INFO - Processing /home/airflow/.local/lib/python3.8/site-packages/airflow/example_dags/example_dynamic_task_mapping_with_no_taskflow_operators.py took 0.162 seconds
[2023-12-24T01:45:34.446+0000] {processor.py:157} INFO - Started process (PID=490) to work on /home/airflow/.local/lib/python3.8/site-packages/airflow/example_dags/example_dynamic_task_mapping_with_no_taskflow_operators.py
[2023-12-24T01:45:34.448+0000] {processor.py:829} INFO - Processing file /home/airflow/.local/lib/python3.8/site-packages/airflow/example_dags/example_dynamic_task_mapping_with_no_taskflow_operators.py for tasks to queue
[2023-12-24T01:45:34.451+0000] {logging_mixin.py:154} INFO - [2023-12-24T01:45:34.451+0000] {dagbag.py:536} INFO - Filling up the DagBag from /home/airflow/.local/lib/python3.8/site-packages/airflow/example_dags/example_dynamic_task_mapping_with_no_taskflow_operators.py
[2023-12-24T01:45:34.458+0000] {processor.py:839} INFO - DAG(s) dict_keys(['example_dynamic_task_mapping_with_no_taskflow_operators']) retrieved from /home/airflow/.local/lib/python3.8/site-packages/airflow/example_dags/example_dynamic_task_mapping_with_no_taskflow_operators.py
[2023-12-24T01:45:34.472+0000] {logging_mixin.py:154} INFO - [2023-12-24T01:45:34.471+0000] {dag.py:2941} INFO - Sync 1 DAGs
[2023-12-24T01:45:34.484+0000] {logging_mixin.py:154} INFO - [2023-12-24T01:45:34.484+0000] {dag.py:3722} INFO - Setting next_dagrun for example_dynamic_task_mapping_with_no_taskflow_operators to 2023-12-23T01:45:34.484208+00:00, run_after=2023-12-24T01:45:34.484208+00:00
[2023-12-24T01:45:34.494+0000] {processor.py:179} INFO - Processing /home/airflow/.local/lib/python3.8/site-packages/airflow/example_dags/example_dynamic_task_mapping_with_no_taskflow_operators.py took 0.052 seconds
[2023-12-24T01:46:04.962+0000] {processor.py:157} INFO - Started process (PID=545) to work on /home/airflow/.local/lib/python3.8/site-packages/airflow/example_dags/example_dynamic_task_mapping_with_no_taskflow_operators.py
[2023-12-24T01:46:04.963+0000] {processor.py:829} INFO - Processing file /home/airflow/.local/lib/python3.8/site-packages/airflow/example_dags/example_dynamic_task_mapping_with_no_taskflow_operators.py for tasks to queue
[2023-12-24T01:46:04.966+0000] {logging_mixin.py:154} INFO - [2023-12-24T01:46:04.965+0000] {dagbag.py:536} INFO - Filling up the DagBag from /home/airflow/.local/lib/python3.8/site-packages/airflow/example_dags/example_dynamic_task_mapping_with_no_taskflow_operators.py
[2023-12-24T01:46:04.971+0000] {processor.py:839} INFO - DAG(s) dict_keys(['example_dynamic_task_mapping_with_no_taskflow_operators']) retrieved from /home/airflow/.local/lib/python3.8/site-packages/airflow/example_dags/example_dynamic_task_mapping_with_no_taskflow_operators.py
[2023-12-24T01:46:04.986+0000] {logging_mixin.py:154} INFO - [2023-12-24T01:46:04.986+0000] {dag.py:2941} INFO - Sync 1 DAGs
[2023-12-24T01:46:05.000+0000] {logging_mixin.py:154} INFO - [2023-12-24T01:46:05.000+0000] {dag.py:3722} INFO - Setting next_dagrun for example_dynamic_task_mapping_with_no_taskflow_operators to 2023-12-23T01:46:04.999915+00:00, run_after=2023-12-24T01:46:04.999915+00:00
[2023-12-24T01:46:05.010+0000] {processor.py:179} INFO - Processing /home/airflow/.local/lib/python3.8/site-packages/airflow/example_dags/example_dynamic_task_mapping_with_no_taskflow_operators.py took 0.051 seconds
[2023-12-24T01:46:35.479+0000] {processor.py:157} INFO - Started process (PID=600) to work on /home/airflow/.local/lib/python3.8/site-packages/airflow/example_dags/example_dynamic_task_mapping_with_no_taskflow_operators.py
[2023-12-24T01:46:35.480+0000] {processor.py:829} INFO - Processing file /home/airflow/.local/lib/python3.8/site-packages/airflow/example_dags/example_dynamic_task_mapping_with_no_taskflow_operators.py for tasks to queue
[2023-12-24T01:46:35.483+0000] {logging_mixin.py:154} INFO - [2023-12-24T01:46:35.482+0000] {dagbag.py:536} INFO - Filling up the DagBag from /home/airflow/.local/lib/python3.8/site-packages/airflow/example_dags/example_dynamic_task_mapping_with_no_taskflow_operators.py
[2023-12-24T01:46:35.487+0000] {processor.py:839} INFO - DAG(s) dict_keys(['example_dynamic_task_mapping_with_no_taskflow_operators']) retrieved from /home/airflow/.local/lib/python3.8/site-packages/airflow/example_dags/example_dynamic_task_mapping_with_no_taskflow_operators.py
[2023-12-24T01:46:35.614+0000] {logging_mixin.py:154} INFO - [2023-12-24T01:46:35.614+0000] {dag.py:2941} INFO - Sync 1 DAGs
[2023-12-24T01:46:35.625+0000] {logging_mixin.py:154} INFO - [2023-12-24T01:46:35.625+0000] {dag.py:3722} INFO - Setting next_dagrun for example_dynamic_task_mapping_with_no_taskflow_operators to 2023-12-23T01:46:35.625651+00:00, run_after=2023-12-24T01:46:35.625651+00:00
[2023-12-24T01:46:35.636+0000] {processor.py:179} INFO - Processing /home/airflow/.local/lib/python3.8/site-packages/airflow/example_dags/example_dynamic_task_mapping_with_no_taskflow_operators.py took 0.160 seconds
