[2023-12-24T00:16:11.278+0000] {processor.py:157} INFO - Started process (PID=6209) to work on /home/airflow/.local/lib/python3.8/site-packages/airflow/example_dags/example_task_group_decorator.py
[2023-12-24T00:16:11.280+0000] {processor.py:829} INFO - Processing file /home/airflow/.local/lib/python3.8/site-packages/airflow/example_dags/example_task_group_decorator.py for tasks to queue
[2023-12-24T00:16:11.284+0000] {logging_mixin.py:154} INFO - [2023-12-24T00:16:11.283+0000] {dagbag.py:536} INFO - Filling up the DagBag from /home/airflow/.local/lib/python3.8/site-packages/airflow/example_dags/example_task_group_decorator.py
[2023-12-24T00:16:11.294+0000] {processor.py:839} INFO - DAG(s) dict_keys(['example_task_group_decorator']) retrieved from /home/airflow/.local/lib/python3.8/site-packages/airflow/example_dags/example_task_group_decorator.py
[2023-12-24T00:16:11.311+0000] {logging_mixin.py:154} INFO - [2023-12-24T00:16:11.311+0000] {dag.py:2941} INFO - Sync 1 DAGs
[2023-12-24T00:16:11.325+0000] {logging_mixin.py:154} INFO - [2023-12-24T00:16:11.325+0000] {dag.py:3722} INFO - Setting next_dagrun for example_task_group_decorator to 2023-12-23T00:16:11.325378+00:00, run_after=2023-12-24T00:16:11.325378+00:00
[2023-12-24T00:16:11.340+0000] {processor.py:179} INFO - Processing /home/airflow/.local/lib/python3.8/site-packages/airflow/example_dags/example_task_group_decorator.py took 0.065 seconds
[2023-12-24T00:16:41.941+0000] {processor.py:157} INFO - Started process (PID=6265) to work on /home/airflow/.local/lib/python3.8/site-packages/airflow/example_dags/example_task_group_decorator.py
[2023-12-24T00:16:41.942+0000] {processor.py:829} INFO - Processing file /home/airflow/.local/lib/python3.8/site-packages/airflow/example_dags/example_task_group_decorator.py for tasks to queue
[2023-12-24T00:16:41.944+0000] {logging_mixin.py:154} INFO - [2023-12-24T00:16:41.944+0000] {dagbag.py:536} INFO - Filling up the DagBag from /home/airflow/.local/lib/python3.8/site-packages/airflow/example_dags/example_task_group_decorator.py
[2023-12-24T00:16:41.952+0000] {processor.py:839} INFO - DAG(s) dict_keys(['example_task_group_decorator']) retrieved from /home/airflow/.local/lib/python3.8/site-packages/airflow/example_dags/example_task_group_decorator.py
[2023-12-24T00:16:41.967+0000] {logging_mixin.py:154} INFO - [2023-12-24T00:16:41.967+0000] {dag.py:2941} INFO - Sync 1 DAGs
[2023-12-24T00:16:41.979+0000] {logging_mixin.py:154} INFO - [2023-12-24T00:16:41.979+0000] {dag.py:3722} INFO - Setting next_dagrun for example_task_group_decorator to 2023-12-23T00:16:41.978955+00:00, run_after=2023-12-24T00:16:41.978955+00:00
[2023-12-24T00:16:41.990+0000] {processor.py:179} INFO - Processing /home/airflow/.local/lib/python3.8/site-packages/airflow/example_dags/example_task_group_decorator.py took 0.051 seconds
[2023-12-24T00:33:50.724+0000] {processor.py:157} INFO - Started process (PID=6321) to work on /home/airflow/.local/lib/python3.8/site-packages/airflow/example_dags/example_task_group_decorator.py
[2023-12-24T00:33:50.726+0000] {processor.py:829} INFO - Processing file /home/airflow/.local/lib/python3.8/site-packages/airflow/example_dags/example_task_group_decorator.py for tasks to queue
[2023-12-24T00:33:50.729+0000] {logging_mixin.py:154} INFO - [2023-12-24T00:33:50.728+0000] {dagbag.py:536} INFO - Filling up the DagBag from /home/airflow/.local/lib/python3.8/site-packages/airflow/example_dags/example_task_group_decorator.py
[2023-12-24T00:33:50.739+0000] {processor.py:839} INFO - DAG(s) dict_keys(['example_task_group_decorator']) retrieved from /home/airflow/.local/lib/python3.8/site-packages/airflow/example_dags/example_task_group_decorator.py
[2023-12-24T00:33:50.758+0000] {logging_mixin.py:154} INFO - [2023-12-24T00:33:50.757+0000] {dag.py:2941} INFO - Sync 1 DAGs
[2023-12-24T00:33:50.773+0000] {logging_mixin.py:154} INFO - [2023-12-24T00:33:50.773+0000] {dag.py:3722} INFO - Setting next_dagrun for example_task_group_decorator to 2023-12-23T00:33:50.773420+00:00, run_after=2023-12-24T00:33:50.773420+00:00
[2023-12-24T00:33:50.788+0000] {processor.py:179} INFO - Processing /home/airflow/.local/lib/python3.8/site-packages/airflow/example_dags/example_task_group_decorator.py took 0.068 seconds
[2023-12-24T00:34:21.063+0000] {processor.py:157} INFO - Started process (PID=6377) to work on /home/airflow/.local/lib/python3.8/site-packages/airflow/example_dags/example_task_group_decorator.py
[2023-12-24T00:34:21.064+0000] {processor.py:829} INFO - Processing file /home/airflow/.local/lib/python3.8/site-packages/airflow/example_dags/example_task_group_decorator.py for tasks to queue
[2023-12-24T00:34:21.066+0000] {logging_mixin.py:154} INFO - [2023-12-24T00:34:21.066+0000] {dagbag.py:536} INFO - Filling up the DagBag from /home/airflow/.local/lib/python3.8/site-packages/airflow/example_dags/example_task_group_decorator.py
[2023-12-24T00:34:21.074+0000] {processor.py:839} INFO - DAG(s) dict_keys(['example_task_group_decorator']) retrieved from /home/airflow/.local/lib/python3.8/site-packages/airflow/example_dags/example_task_group_decorator.py
[2023-12-24T00:34:21.089+0000] {logging_mixin.py:154} INFO - [2023-12-24T00:34:21.089+0000] {dag.py:2941} INFO - Sync 1 DAGs
[2023-12-24T00:34:21.101+0000] {logging_mixin.py:154} INFO - [2023-12-24T00:34:21.101+0000] {dag.py:3722} INFO - Setting next_dagrun for example_task_group_decorator to 2023-12-23T00:34:21.100984+00:00, run_after=2023-12-24T00:34:21.100984+00:00
[2023-12-24T00:34:21.110+0000] {processor.py:179} INFO - Processing /home/airflow/.local/lib/python3.8/site-packages/airflow/example_dags/example_task_group_decorator.py took 0.049 seconds
[2023-12-24T00:51:35.967+0000] {processor.py:157} INFO - Started process (PID=6432) to work on /home/airflow/.local/lib/python3.8/site-packages/airflow/example_dags/example_task_group_decorator.py
[2023-12-24T00:51:35.969+0000] {processor.py:829} INFO - Processing file /home/airflow/.local/lib/python3.8/site-packages/airflow/example_dags/example_task_group_decorator.py for tasks to queue
[2023-12-24T00:51:35.973+0000] {logging_mixin.py:154} INFO - [2023-12-24T00:51:35.972+0000] {dagbag.py:536} INFO - Filling up the DagBag from /home/airflow/.local/lib/python3.8/site-packages/airflow/example_dags/example_task_group_decorator.py
[2023-12-24T00:51:35.984+0000] {processor.py:839} INFO - DAG(s) dict_keys(['example_task_group_decorator']) retrieved from /home/airflow/.local/lib/python3.8/site-packages/airflow/example_dags/example_task_group_decorator.py
[2023-12-24T00:51:36.002+0000] {logging_mixin.py:154} INFO - [2023-12-24T00:51:36.002+0000] {dag.py:2941} INFO - Sync 1 DAGs
[2023-12-24T00:51:36.016+0000] {logging_mixin.py:154} INFO - [2023-12-24T00:51:36.016+0000] {dag.py:3722} INFO - Setting next_dagrun for example_task_group_decorator to 2023-12-23T00:51:36.016389+00:00, run_after=2023-12-24T00:51:36.016389+00:00
[2023-12-24T00:51:36.030+0000] {processor.py:179} INFO - Processing /home/airflow/.local/lib/python3.8/site-packages/airflow/example_dags/example_task_group_decorator.py took 0.065 seconds
[2023-12-24T00:52:06.499+0000] {processor.py:157} INFO - Started process (PID=6487) to work on /home/airflow/.local/lib/python3.8/site-packages/airflow/example_dags/example_task_group_decorator.py
[2023-12-24T00:52:06.500+0000] {processor.py:829} INFO - Processing file /home/airflow/.local/lib/python3.8/site-packages/airflow/example_dags/example_task_group_decorator.py for tasks to queue
[2023-12-24T00:52:06.502+0000] {logging_mixin.py:154} INFO - [2023-12-24T00:52:06.502+0000] {dagbag.py:536} INFO - Filling up the DagBag from /home/airflow/.local/lib/python3.8/site-packages/airflow/example_dags/example_task_group_decorator.py
[2023-12-24T00:52:06.510+0000] {processor.py:839} INFO - DAG(s) dict_keys(['example_task_group_decorator']) retrieved from /home/airflow/.local/lib/python3.8/site-packages/airflow/example_dags/example_task_group_decorator.py
[2023-12-24T00:52:06.523+0000] {logging_mixin.py:154} INFO - [2023-12-24T00:52:06.523+0000] {dag.py:2941} INFO - Sync 1 DAGs
[2023-12-24T00:52:06.535+0000] {logging_mixin.py:154} INFO - [2023-12-24T00:52:06.535+0000] {dag.py:3722} INFO - Setting next_dagrun for example_task_group_decorator to 2023-12-23T00:52:06.535038+00:00, run_after=2023-12-24T00:52:06.535038+00:00
[2023-12-24T00:52:06.545+0000] {processor.py:179} INFO - Processing /home/airflow/.local/lib/python3.8/site-packages/airflow/example_dags/example_task_group_decorator.py took 0.048 seconds
[2023-12-24T01:08:52.854+0000] {processor.py:157} INFO - Started process (PID=6542) to work on /home/airflow/.local/lib/python3.8/site-packages/airflow/example_dags/example_task_group_decorator.py
[2023-12-24T01:08:52.856+0000] {processor.py:829} INFO - Processing file /home/airflow/.local/lib/python3.8/site-packages/airflow/example_dags/example_task_group_decorator.py for tasks to queue
[2023-12-24T01:08:52.858+0000] {logging_mixin.py:154} INFO - [2023-12-24T01:08:52.858+0000] {dagbag.py:536} INFO - Filling up the DagBag from /home/airflow/.local/lib/python3.8/site-packages/airflow/example_dags/example_task_group_decorator.py
[2023-12-24T01:08:52.868+0000] {processor.py:839} INFO - DAG(s) dict_keys(['example_task_group_decorator']) retrieved from /home/airflow/.local/lib/python3.8/site-packages/airflow/example_dags/example_task_group_decorator.py
[2023-12-24T01:08:52.886+0000] {logging_mixin.py:154} INFO - [2023-12-24T01:08:52.885+0000] {dag.py:2941} INFO - Sync 1 DAGs
[2023-12-24T01:08:52.901+0000] {logging_mixin.py:154} INFO - [2023-12-24T01:08:52.900+0000] {dag.py:3722} INFO - Setting next_dagrun for example_task_group_decorator to 2023-12-23T01:08:52.900680+00:00, run_after=2023-12-24T01:08:52.900680+00:00
[2023-12-24T01:08:52.914+0000] {processor.py:179} INFO - Processing /home/airflow/.local/lib/python3.8/site-packages/airflow/example_dags/example_task_group_decorator.py took 0.062 seconds
[2023-12-24T01:26:17.121+0000] {processor.py:157} INFO - Started process (PID=6598) to work on /home/airflow/.local/lib/python3.8/site-packages/airflow/example_dags/example_task_group_decorator.py
[2023-12-24T01:26:17.122+0000] {processor.py:829} INFO - Processing file /home/airflow/.local/lib/python3.8/site-packages/airflow/example_dags/example_task_group_decorator.py for tasks to queue
[2023-12-24T01:26:17.124+0000] {logging_mixin.py:154} INFO - [2023-12-24T01:26:17.124+0000] {dagbag.py:536} INFO - Filling up the DagBag from /home/airflow/.local/lib/python3.8/site-packages/airflow/example_dags/example_task_group_decorator.py
[2023-12-24T01:26:17.133+0000] {processor.py:839} INFO - DAG(s) dict_keys(['example_task_group_decorator']) retrieved from /home/airflow/.local/lib/python3.8/site-packages/airflow/example_dags/example_task_group_decorator.py
[2023-12-24T01:26:17.150+0000] {logging_mixin.py:154} INFO - [2023-12-24T01:26:17.150+0000] {dag.py:2941} INFO - Sync 1 DAGs
[2023-12-24T01:26:17.162+0000] {logging_mixin.py:154} INFO - [2023-12-24T01:26:17.162+0000] {dag.py:3722} INFO - Setting next_dagrun for example_task_group_decorator to 2023-12-23T01:26:17.162391+00:00, run_after=2023-12-24T01:26:17.162391+00:00
[2023-12-24T01:26:17.172+0000] {processor.py:179} INFO - Processing /home/airflow/.local/lib/python3.8/site-packages/airflow/example_dags/example_task_group_decorator.py took 0.054 seconds
[2023-12-24T01:26:47.357+0000] {processor.py:157} INFO - Started process (PID=6654) to work on /home/airflow/.local/lib/python3.8/site-packages/airflow/example_dags/example_task_group_decorator.py
[2023-12-24T01:26:47.358+0000] {processor.py:829} INFO - Processing file /home/airflow/.local/lib/python3.8/site-packages/airflow/example_dags/example_task_group_decorator.py for tasks to queue
[2023-12-24T01:26:47.360+0000] {logging_mixin.py:154} INFO - [2023-12-24T01:26:47.360+0000] {dagbag.py:536} INFO - Filling up the DagBag from /home/airflow/.local/lib/python3.8/site-packages/airflow/example_dags/example_task_group_decorator.py
[2023-12-24T01:26:47.368+0000] {processor.py:839} INFO - DAG(s) dict_keys(['example_task_group_decorator']) retrieved from /home/airflow/.local/lib/python3.8/site-packages/airflow/example_dags/example_task_group_decorator.py
[2023-12-24T01:26:47.383+0000] {logging_mixin.py:154} INFO - [2023-12-24T01:26:47.383+0000] {dag.py:2941} INFO - Sync 1 DAGs
[2023-12-24T01:26:47.396+0000] {logging_mixin.py:154} INFO - [2023-12-24T01:26:47.396+0000] {dag.py:3722} INFO - Setting next_dagrun for example_task_group_decorator to 2023-12-23T01:26:47.395957+00:00, run_after=2023-12-24T01:26:47.395957+00:00
[2023-12-24T01:26:47.406+0000] {processor.py:179} INFO - Processing /home/airflow/.local/lib/python3.8/site-packages/airflow/example_dags/example_task_group_decorator.py took 0.051 seconds
[2023-12-24T01:39:26.882+0000] {processor.py:157} INFO - Started process (PID=6711) to work on /home/airflow/.local/lib/python3.8/site-packages/airflow/example_dags/example_task_group_decorator.py
[2023-12-24T01:39:26.884+0000] {processor.py:829} INFO - Processing file /home/airflow/.local/lib/python3.8/site-packages/airflow/example_dags/example_task_group_decorator.py for tasks to queue
[2023-12-24T01:39:26.887+0000] {logging_mixin.py:154} INFO - [2023-12-24T01:39:26.886+0000] {dagbag.py:536} INFO - Filling up the DagBag from /home/airflow/.local/lib/python3.8/site-packages/airflow/example_dags/example_task_group_decorator.py
[2023-12-24T01:39:26.897+0000] {processor.py:839} INFO - DAG(s) dict_keys(['example_task_group_decorator']) retrieved from /home/airflow/.local/lib/python3.8/site-packages/airflow/example_dags/example_task_group_decorator.py
[2023-12-24T01:39:26.916+0000] {logging_mixin.py:154} INFO - [2023-12-24T01:39:26.915+0000] {dag.py:2941} INFO - Sync 1 DAGs
[2023-12-24T01:39:26.934+0000] {logging_mixin.py:154} INFO - [2023-12-24T01:39:26.934+0000] {dag.py:3722} INFO - Setting next_dagrun for example_task_group_decorator to 2023-12-23T01:39:26.934184+00:00, run_after=2023-12-24T01:39:26.934184+00:00
[2023-12-24T01:39:26.947+0000] {processor.py:179} INFO - Processing /home/airflow/.local/lib/python3.8/site-packages/airflow/example_dags/example_task_group_decorator.py took 0.068 seconds
[2023-12-24T01:39:57.262+0000] {processor.py:157} INFO - Started process (PID=6766) to work on /home/airflow/.local/lib/python3.8/site-packages/airflow/example_dags/example_task_group_decorator.py
[2023-12-24T01:39:57.263+0000] {processor.py:829} INFO - Processing file /home/airflow/.local/lib/python3.8/site-packages/airflow/example_dags/example_task_group_decorator.py for tasks to queue
[2023-12-24T01:39:57.265+0000] {logging_mixin.py:154} INFO - [2023-12-24T01:39:57.265+0000] {dagbag.py:536} INFO - Filling up the DagBag from /home/airflow/.local/lib/python3.8/site-packages/airflow/example_dags/example_task_group_decorator.py
[2023-12-24T01:39:57.273+0000] {processor.py:839} INFO - DAG(s) dict_keys(['example_task_group_decorator']) retrieved from /home/airflow/.local/lib/python3.8/site-packages/airflow/example_dags/example_task_group_decorator.py
[2023-12-24T01:39:57.289+0000] {logging_mixin.py:154} INFO - [2023-12-24T01:39:57.289+0000] {dag.py:2941} INFO - Sync 1 DAGs
[2023-12-24T01:39:57.303+0000] {logging_mixin.py:154} INFO - [2023-12-24T01:39:57.303+0000] {dag.py:3722} INFO - Setting next_dagrun for example_task_group_decorator to 2023-12-23T01:39:57.302823+00:00, run_after=2023-12-24T01:39:57.302823+00:00
[2023-12-24T01:39:57.313+0000] {processor.py:179} INFO - Processing /home/airflow/.local/lib/python3.8/site-packages/airflow/example_dags/example_task_group_decorator.py took 0.053 seconds
[2023-12-24T01:40:27.519+0000] {processor.py:157} INFO - Started process (PID=6821) to work on /home/airflow/.local/lib/python3.8/site-packages/airflow/example_dags/example_task_group_decorator.py
[2023-12-24T01:40:27.520+0000] {processor.py:829} INFO - Processing file /home/airflow/.local/lib/python3.8/site-packages/airflow/example_dags/example_task_group_decorator.py for tasks to queue
[2023-12-24T01:40:27.522+0000] {logging_mixin.py:154} INFO - [2023-12-24T01:40:27.522+0000] {dagbag.py:536} INFO - Filling up the DagBag from /home/airflow/.local/lib/python3.8/site-packages/airflow/example_dags/example_task_group_decorator.py
[2023-12-24T01:40:27.529+0000] {processor.py:839} INFO - DAG(s) dict_keys(['example_task_group_decorator']) retrieved from /home/airflow/.local/lib/python3.8/site-packages/airflow/example_dags/example_task_group_decorator.py
[2023-12-24T01:40:27.544+0000] {logging_mixin.py:154} INFO - [2023-12-24T01:40:27.544+0000] {dag.py:2941} INFO - Sync 1 DAGs
[2023-12-24T01:40:27.556+0000] {logging_mixin.py:154} INFO - [2023-12-24T01:40:27.556+0000] {dag.py:3722} INFO - Setting next_dagrun for example_task_group_decorator to 2023-12-23T01:40:27.556065+00:00, run_after=2023-12-24T01:40:27.556065+00:00
[2023-12-24T01:40:27.565+0000] {processor.py:179} INFO - Processing /home/airflow/.local/lib/python3.8/site-packages/airflow/example_dags/example_task_group_decorator.py took 0.048 seconds
[2023-12-24T01:41:30.012+0000] {processor.py:157} INFO - Started process (PID=48) to work on /home/airflow/.local/lib/python3.8/site-packages/airflow/example_dags/example_task_group_decorator.py
[2023-12-24T01:41:30.014+0000] {processor.py:829} INFO - Processing file /home/airflow/.local/lib/python3.8/site-packages/airflow/example_dags/example_task_group_decorator.py for tasks to queue
[2023-12-24T01:41:30.016+0000] {logging_mixin.py:154} INFO - [2023-12-24T01:41:30.016+0000] {dagbag.py:536} INFO - Filling up the DagBag from /home/airflow/.local/lib/python3.8/site-packages/airflow/example_dags/example_task_group_decorator.py
[2023-12-24T01:41:30.032+0000] {processor.py:839} INFO - DAG(s) dict_keys(['example_task_group_decorator']) retrieved from /home/airflow/.local/lib/python3.8/site-packages/airflow/example_dags/example_task_group_decorator.py
[2023-12-24T01:41:30.044+0000] {logging_mixin.py:154} INFO - [2023-12-24T01:41:30.044+0000] {dag.py:2941} INFO - Sync 1 DAGs
[2023-12-24T01:41:30.060+0000] {logging_mixin.py:154} INFO - [2023-12-24T01:41:30.060+0000] {dag.py:3722} INFO - Setting next_dagrun for example_task_group_decorator to 2023-12-23T01:41:30.060425+00:00, run_after=2023-12-24T01:41:30.060425+00:00
[2023-12-24T01:41:30.075+0000] {processor.py:179} INFO - Processing /home/airflow/.local/lib/python3.8/site-packages/airflow/example_dags/example_task_group_decorator.py took 0.066 seconds
[2023-12-24T01:42:00.619+0000] {processor.py:157} INFO - Started process (PID=104) to work on /home/airflow/.local/lib/python3.8/site-packages/airflow/example_dags/example_task_group_decorator.py
[2023-12-24T01:42:00.620+0000] {processor.py:829} INFO - Processing file /home/airflow/.local/lib/python3.8/site-packages/airflow/example_dags/example_task_group_decorator.py for tasks to queue
[2023-12-24T01:42:00.622+0000] {logging_mixin.py:154} INFO - [2023-12-24T01:42:00.622+0000] {dagbag.py:536} INFO - Filling up the DagBag from /home/airflow/.local/lib/python3.8/site-packages/airflow/example_dags/example_task_group_decorator.py
[2023-12-24T01:42:00.630+0000] {processor.py:839} INFO - DAG(s) dict_keys(['example_task_group_decorator']) retrieved from /home/airflow/.local/lib/python3.8/site-packages/airflow/example_dags/example_task_group_decorator.py
[2023-12-24T01:42:00.645+0000] {logging_mixin.py:154} INFO - [2023-12-24T01:42:00.645+0000] {dag.py:2941} INFO - Sync 1 DAGs
[2023-12-24T01:42:00.656+0000] {logging_mixin.py:154} INFO - [2023-12-24T01:42:00.656+0000] {dag.py:3722} INFO - Setting next_dagrun for example_task_group_decorator to 2023-12-23T01:42:00.656603+00:00, run_after=2023-12-24T01:42:00.656603+00:00
[2023-12-24T01:42:00.667+0000] {processor.py:179} INFO - Processing /home/airflow/.local/lib/python3.8/site-packages/airflow/example_dags/example_task_group_decorator.py took 0.051 seconds
[2023-12-24T01:42:30.866+0000] {processor.py:157} INFO - Started process (PID=159) to work on /home/airflow/.local/lib/python3.8/site-packages/airflow/example_dags/example_task_group_decorator.py
[2023-12-24T01:42:30.867+0000] {processor.py:829} INFO - Processing file /home/airflow/.local/lib/python3.8/site-packages/airflow/example_dags/example_task_group_decorator.py for tasks to queue
[2023-12-24T01:42:30.869+0000] {logging_mixin.py:154} INFO - [2023-12-24T01:42:30.869+0000] {dagbag.py:536} INFO - Filling up the DagBag from /home/airflow/.local/lib/python3.8/site-packages/airflow/example_dags/example_task_group_decorator.py
[2023-12-24T01:42:30.877+0000] {processor.py:839} INFO - DAG(s) dict_keys(['example_task_group_decorator']) retrieved from /home/airflow/.local/lib/python3.8/site-packages/airflow/example_dags/example_task_group_decorator.py
[2023-12-24T01:42:30.892+0000] {logging_mixin.py:154} INFO - [2023-12-24T01:42:30.892+0000] {dag.py:2941} INFO - Sync 1 DAGs
[2023-12-24T01:42:30.906+0000] {logging_mixin.py:154} INFO - [2023-12-24T01:42:30.906+0000] {dag.py:3722} INFO - Setting next_dagrun for example_task_group_decorator to 2023-12-23T01:42:30.905861+00:00, run_after=2023-12-24T01:42:30.905861+00:00
[2023-12-24T01:42:30.916+0000] {processor.py:179} INFO - Processing /home/airflow/.local/lib/python3.8/site-packages/airflow/example_dags/example_task_group_decorator.py took 0.052 seconds
[2023-12-24T01:43:01.542+0000] {processor.py:157} INFO - Started process (PID=214) to work on /home/airflow/.local/lib/python3.8/site-packages/airflow/example_dags/example_task_group_decorator.py
[2023-12-24T01:43:01.543+0000] {processor.py:829} INFO - Processing file /home/airflow/.local/lib/python3.8/site-packages/airflow/example_dags/example_task_group_decorator.py for tasks to queue
[2023-12-24T01:43:01.546+0000] {logging_mixin.py:154} INFO - [2023-12-24T01:43:01.546+0000] {dagbag.py:536} INFO - Filling up the DagBag from /home/airflow/.local/lib/python3.8/site-packages/airflow/example_dags/example_task_group_decorator.py
[2023-12-24T01:43:01.555+0000] {processor.py:839} INFO - DAG(s) dict_keys(['example_task_group_decorator']) retrieved from /home/airflow/.local/lib/python3.8/site-packages/airflow/example_dags/example_task_group_decorator.py
[2023-12-24T01:43:01.573+0000] {logging_mixin.py:154} INFO - [2023-12-24T01:43:01.573+0000] {dag.py:2941} INFO - Sync 1 DAGs
[2023-12-24T01:43:01.698+0000] {logging_mixin.py:154} INFO - [2023-12-24T01:43:01.698+0000] {dag.py:3722} INFO - Setting next_dagrun for example_task_group_decorator to 2023-12-23T01:43:01.698316+00:00, run_after=2023-12-24T01:43:01.698316+00:00
[2023-12-24T01:43:01.711+0000] {processor.py:179} INFO - Processing /home/airflow/.local/lib/python3.8/site-packages/airflow/example_dags/example_task_group_decorator.py took 0.172 seconds
[2023-12-24T01:43:31.763+0000] {processor.py:157} INFO - Started process (PID=270) to work on /home/airflow/.local/lib/python3.8/site-packages/airflow/example_dags/example_task_group_decorator.py
[2023-12-24T01:43:31.765+0000] {processor.py:829} INFO - Processing file /home/airflow/.local/lib/python3.8/site-packages/airflow/example_dags/example_task_group_decorator.py for tasks to queue
[2023-12-24T01:43:31.766+0000] {logging_mixin.py:154} INFO - [2023-12-24T01:43:31.766+0000] {dagbag.py:536} INFO - Filling up the DagBag from /home/airflow/.local/lib/python3.8/site-packages/airflow/example_dags/example_task_group_decorator.py
[2023-12-24T01:43:31.774+0000] {processor.py:839} INFO - DAG(s) dict_keys(['example_task_group_decorator']) retrieved from /home/airflow/.local/lib/python3.8/site-packages/airflow/example_dags/example_task_group_decorator.py
[2023-12-24T01:43:31.789+0000] {logging_mixin.py:154} INFO - [2023-12-24T01:43:31.788+0000] {dag.py:2941} INFO - Sync 1 DAGs
[2023-12-24T01:43:31.800+0000] {logging_mixin.py:154} INFO - [2023-12-24T01:43:31.800+0000] {dag.py:3722} INFO - Setting next_dagrun for example_task_group_decorator to 2023-12-23T01:43:31.800054+00:00, run_after=2023-12-24T01:43:31.800054+00:00
[2023-12-24T01:43:31.809+0000] {processor.py:179} INFO - Processing /home/airflow/.local/lib/python3.8/site-packages/airflow/example_dags/example_task_group_decorator.py took 0.048 seconds
[2023-12-24T01:44:01.988+0000] {processor.py:157} INFO - Started process (PID=325) to work on /home/airflow/.local/lib/python3.8/site-packages/airflow/example_dags/example_task_group_decorator.py
[2023-12-24T01:44:01.990+0000] {processor.py:829} INFO - Processing file /home/airflow/.local/lib/python3.8/site-packages/airflow/example_dags/example_task_group_decorator.py for tasks to queue
[2023-12-24T01:44:01.992+0000] {logging_mixin.py:154} INFO - [2023-12-24T01:44:01.991+0000] {dagbag.py:536} INFO - Filling up the DagBag from /home/airflow/.local/lib/python3.8/site-packages/airflow/example_dags/example_task_group_decorator.py
[2023-12-24T01:44:02.001+0000] {processor.py:839} INFO - DAG(s) dict_keys(['example_task_group_decorator']) retrieved from /home/airflow/.local/lib/python3.8/site-packages/airflow/example_dags/example_task_group_decorator.py
[2023-12-24T01:44:02.018+0000] {logging_mixin.py:154} INFO - [2023-12-24T01:44:02.017+0000] {dag.py:2941} INFO - Sync 1 DAGs
[2023-12-24T01:44:02.031+0000] {logging_mixin.py:154} INFO - [2023-12-24T01:44:02.031+0000] {dag.py:3722} INFO - Setting next_dagrun for example_task_group_decorator to 2023-12-23T01:44:02.031331+00:00, run_after=2023-12-24T01:44:02.031331+00:00
[2023-12-24T01:44:02.043+0000] {processor.py:179} INFO - Processing /home/airflow/.local/lib/python3.8/site-packages/airflow/example_dags/example_task_group_decorator.py took 0.058 seconds
[2023-12-24T01:44:32.994+0000] {processor.py:157} INFO - Started process (PID=381) to work on /home/airflow/.local/lib/python3.8/site-packages/airflow/example_dags/example_task_group_decorator.py
[2023-12-24T01:44:32.995+0000] {processor.py:829} INFO - Processing file /home/airflow/.local/lib/python3.8/site-packages/airflow/example_dags/example_task_group_decorator.py for tasks to queue
[2023-12-24T01:44:32.997+0000] {logging_mixin.py:154} INFO - [2023-12-24T01:44:32.997+0000] {dagbag.py:536} INFO - Filling up the DagBag from /home/airflow/.local/lib/python3.8/site-packages/airflow/example_dags/example_task_group_decorator.py
[2023-12-24T01:44:33.004+0000] {processor.py:839} INFO - DAG(s) dict_keys(['example_task_group_decorator']) retrieved from /home/airflow/.local/lib/python3.8/site-packages/airflow/example_dags/example_task_group_decorator.py
[2023-12-24T01:44:33.018+0000] {logging_mixin.py:154} INFO - [2023-12-24T01:44:33.018+0000] {dag.py:2941} INFO - Sync 1 DAGs
[2023-12-24T01:44:33.030+0000] {logging_mixin.py:154} INFO - [2023-12-24T01:44:33.030+0000] {dag.py:3722} INFO - Setting next_dagrun for example_task_group_decorator to 2023-12-23T01:44:33.030063+00:00, run_after=2023-12-24T01:44:33.030063+00:00
[2023-12-24T01:44:33.039+0000] {processor.py:179} INFO - Processing /home/airflow/.local/lib/python3.8/site-packages/airflow/example_dags/example_task_group_decorator.py took 0.047 seconds
[2023-12-24T01:45:03.578+0000] {processor.py:157} INFO - Started process (PID=436) to work on /home/airflow/.local/lib/python3.8/site-packages/airflow/example_dags/example_task_group_decorator.py
[2023-12-24T01:45:03.579+0000] {processor.py:829} INFO - Processing file /home/airflow/.local/lib/python3.8/site-packages/airflow/example_dags/example_task_group_decorator.py for tasks to queue
[2023-12-24T01:45:03.581+0000] {logging_mixin.py:154} INFO - [2023-12-24T01:45:03.581+0000] {dagbag.py:536} INFO - Filling up the DagBag from /home/airflow/.local/lib/python3.8/site-packages/airflow/example_dags/example_task_group_decorator.py
[2023-12-24T01:45:03.589+0000] {processor.py:839} INFO - DAG(s) dict_keys(['example_task_group_decorator']) retrieved from /home/airflow/.local/lib/python3.8/site-packages/airflow/example_dags/example_task_group_decorator.py
[2023-12-24T01:45:03.605+0000] {logging_mixin.py:154} INFO - [2023-12-24T01:45:03.605+0000] {dag.py:2941} INFO - Sync 1 DAGs
[2023-12-24T01:45:03.728+0000] {logging_mixin.py:154} INFO - [2023-12-24T01:45:03.728+0000] {dag.py:3722} INFO - Setting next_dagrun for example_task_group_decorator to 2023-12-23T01:45:03.728384+00:00, run_after=2023-12-24T01:45:03.728384+00:00
[2023-12-24T01:45:03.737+0000] {processor.py:179} INFO - Processing /home/airflow/.local/lib/python3.8/site-packages/airflow/example_dags/example_task_group_decorator.py took 0.162 seconds
[2023-12-24T01:45:34.576+0000] {processor.py:157} INFO - Started process (PID=492) to work on /home/airflow/.local/lib/python3.8/site-packages/airflow/example_dags/example_task_group_decorator.py
[2023-12-24T01:45:34.578+0000] {processor.py:829} INFO - Processing file /home/airflow/.local/lib/python3.8/site-packages/airflow/example_dags/example_task_group_decorator.py for tasks to queue
[2023-12-24T01:45:34.580+0000] {logging_mixin.py:154} INFO - [2023-12-24T01:45:34.580+0000] {dagbag.py:536} INFO - Filling up the DagBag from /home/airflow/.local/lib/python3.8/site-packages/airflow/example_dags/example_task_group_decorator.py
[2023-12-24T01:45:34.587+0000] {processor.py:839} INFO - DAG(s) dict_keys(['example_task_group_decorator']) retrieved from /home/airflow/.local/lib/python3.8/site-packages/airflow/example_dags/example_task_group_decorator.py
[2023-12-24T01:45:34.601+0000] {logging_mixin.py:154} INFO - [2023-12-24T01:45:34.601+0000] {dag.py:2941} INFO - Sync 1 DAGs
[2023-12-24T01:45:34.612+0000] {logging_mixin.py:154} INFO - [2023-12-24T01:45:34.612+0000] {dag.py:3722} INFO - Setting next_dagrun for example_task_group_decorator to 2023-12-23T01:45:34.612338+00:00, run_after=2023-12-24T01:45:34.612338+00:00
[2023-12-24T01:45:34.622+0000] {processor.py:179} INFO - Processing /home/airflow/.local/lib/python3.8/site-packages/airflow/example_dags/example_task_group_decorator.py took 0.047 seconds
[2023-12-24T01:46:05.092+0000] {processor.py:157} INFO - Started process (PID=547) to work on /home/airflow/.local/lib/python3.8/site-packages/airflow/example_dags/example_task_group_decorator.py
[2023-12-24T01:46:05.093+0000] {processor.py:829} INFO - Processing file /home/airflow/.local/lib/python3.8/site-packages/airflow/example_dags/example_task_group_decorator.py for tasks to queue
[2023-12-24T01:46:05.095+0000] {logging_mixin.py:154} INFO - [2023-12-24T01:46:05.095+0000] {dagbag.py:536} INFO - Filling up the DagBag from /home/airflow/.local/lib/python3.8/site-packages/airflow/example_dags/example_task_group_decorator.py
[2023-12-24T01:46:05.103+0000] {processor.py:839} INFO - DAG(s) dict_keys(['example_task_group_decorator']) retrieved from /home/airflow/.local/lib/python3.8/site-packages/airflow/example_dags/example_task_group_decorator.py
[2023-12-24T01:46:05.117+0000] {logging_mixin.py:154} INFO - [2023-12-24T01:46:05.117+0000] {dag.py:2941} INFO - Sync 1 DAGs
[2023-12-24T01:46:05.129+0000] {logging_mixin.py:154} INFO - [2023-12-24T01:46:05.128+0000] {dag.py:3722} INFO - Setting next_dagrun for example_task_group_decorator to 2023-12-23T01:46:05.128796+00:00, run_after=2023-12-24T01:46:05.128796+00:00
[2023-12-24T01:46:05.138+0000] {processor.py:179} INFO - Processing /home/airflow/.local/lib/python3.8/site-packages/airflow/example_dags/example_task_group_decorator.py took 0.048 seconds
[2023-12-24T01:46:35.665+0000] {processor.py:157} INFO - Started process (PID=602) to work on /home/airflow/.local/lib/python3.8/site-packages/airflow/example_dags/example_task_group_decorator.py
[2023-12-24T01:46:35.666+0000] {processor.py:829} INFO - Processing file /home/airflow/.local/lib/python3.8/site-packages/airflow/example_dags/example_task_group_decorator.py for tasks to queue
[2023-12-24T01:46:35.669+0000] {logging_mixin.py:154} INFO - [2023-12-24T01:46:35.668+0000] {dagbag.py:536} INFO - Filling up the DagBag from /home/airflow/.local/lib/python3.8/site-packages/airflow/example_dags/example_task_group_decorator.py
[2023-12-24T01:46:35.677+0000] {processor.py:839} INFO - DAG(s) dict_keys(['example_task_group_decorator']) retrieved from /home/airflow/.local/lib/python3.8/site-packages/airflow/example_dags/example_task_group_decorator.py
[2023-12-24T01:46:35.796+0000] {logging_mixin.py:154} INFO - [2023-12-24T01:46:35.796+0000] {dag.py:2941} INFO - Sync 1 DAGs
[2023-12-24T01:46:35.806+0000] {logging_mixin.py:154} INFO - [2023-12-24T01:46:35.806+0000] {dag.py:3722} INFO - Setting next_dagrun for example_task_group_decorator to 2023-12-23T01:46:35.806461+00:00, run_after=2023-12-24T01:46:35.806461+00:00
[2023-12-24T01:46:35.815+0000] {processor.py:179} INFO - Processing /home/airflow/.local/lib/python3.8/site-packages/airflow/example_dags/example_task_group_decorator.py took 0.153 seconds
