[2023-12-24T00:16:12.531+0000] {processor.py:157} INFO - Started process (PID=6234) to work on /home/airflow/.local/lib/python3.8/site-packages/airflow/example_dags/example_latest_only.py
[2023-12-24T00:16:12.532+0000] {processor.py:829} INFO - Processing file /home/airflow/.local/lib/python3.8/site-packages/airflow/example_dags/example_latest_only.py for tasks to queue
[2023-12-24T00:16:12.534+0000] {logging_mixin.py:154} INFO - [2023-12-24T00:16:12.534+0000] {dagbag.py:536} INFO - Filling up the DagBag from /home/airflow/.local/lib/python3.8/site-packages/airflow/example_dags/example_latest_only.py
[2023-12-24T00:16:12.538+0000] {processor.py:839} INFO - DAG(s) dict_keys(['latest_only']) retrieved from /home/airflow/.local/lib/python3.8/site-packages/airflow/example_dags/example_latest_only.py
[2023-12-24T00:16:12.551+0000] {logging_mixin.py:154} INFO - [2023-12-24T00:16:12.551+0000] {dag.py:2941} INFO - Sync 1 DAGs
[2023-12-24T00:16:12.564+0000] {logging_mixin.py:154} INFO - [2023-12-24T00:16:12.564+0000] {dag.py:3722} INFO - Setting next_dagrun for latest_only to 2023-12-23T20:16:12.563985+00:00, run_after=2023-12-24T00:16:12.563985+00:00
[2023-12-24T00:16:12.575+0000] {processor.py:179} INFO - Processing /home/airflow/.local/lib/python3.8/site-packages/airflow/example_dags/example_latest_only.py took 0.046 seconds
[2023-12-24T00:16:42.773+0000] {processor.py:157} INFO - Started process (PID=6290) to work on /home/airflow/.local/lib/python3.8/site-packages/airflow/example_dags/example_latest_only.py
[2023-12-24T00:16:42.774+0000] {processor.py:829} INFO - Processing file /home/airflow/.local/lib/python3.8/site-packages/airflow/example_dags/example_latest_only.py for tasks to queue
[2023-12-24T00:16:42.776+0000] {logging_mixin.py:154} INFO - [2023-12-24T00:16:42.776+0000] {dagbag.py:536} INFO - Filling up the DagBag from /home/airflow/.local/lib/python3.8/site-packages/airflow/example_dags/example_latest_only.py
[2023-12-24T00:16:42.780+0000] {processor.py:839} INFO - DAG(s) dict_keys(['latest_only']) retrieved from /home/airflow/.local/lib/python3.8/site-packages/airflow/example_dags/example_latest_only.py
[2023-12-24T00:16:42.793+0000] {logging_mixin.py:154} INFO - [2023-12-24T00:16:42.793+0000] {dag.py:2941} INFO - Sync 1 DAGs
[2023-12-24T00:16:42.806+0000] {logging_mixin.py:154} INFO - [2023-12-24T00:16:42.806+0000] {dag.py:3722} INFO - Setting next_dagrun for latest_only to 2023-12-23T20:16:42.806238+00:00, run_after=2023-12-24T00:16:42.806238+00:00
[2023-12-24T00:16:42.816+0000] {processor.py:179} INFO - Processing /home/airflow/.local/lib/python3.8/site-packages/airflow/example_dags/example_latest_only.py took 0.045 seconds
[2023-12-24T00:33:51.661+0000] {processor.py:157} INFO - Started process (PID=6346) to work on /home/airflow/.local/lib/python3.8/site-packages/airflow/example_dags/example_latest_only.py
[2023-12-24T00:33:51.662+0000] {processor.py:829} INFO - Processing file /home/airflow/.local/lib/python3.8/site-packages/airflow/example_dags/example_latest_only.py for tasks to queue
[2023-12-24T00:33:51.664+0000] {logging_mixin.py:154} INFO - [2023-12-24T00:33:51.664+0000] {dagbag.py:536} INFO - Filling up the DagBag from /home/airflow/.local/lib/python3.8/site-packages/airflow/example_dags/example_latest_only.py
[2023-12-24T00:33:51.667+0000] {processor.py:839} INFO - DAG(s) dict_keys(['latest_only']) retrieved from /home/airflow/.local/lib/python3.8/site-packages/airflow/example_dags/example_latest_only.py
[2023-12-24T00:33:51.681+0000] {logging_mixin.py:154} INFO - [2023-12-24T00:33:51.680+0000] {dag.py:2941} INFO - Sync 1 DAGs
[2023-12-24T00:33:51.693+0000] {logging_mixin.py:154} INFO - [2023-12-24T00:33:51.693+0000] {dag.py:3722} INFO - Setting next_dagrun for latest_only to 2023-12-23T20:33:51.693054+00:00, run_after=2023-12-24T00:33:51.693054+00:00
[2023-12-24T00:33:51.702+0000] {processor.py:179} INFO - Processing /home/airflow/.local/lib/python3.8/site-packages/airflow/example_dags/example_latest_only.py took 0.043 seconds
[2023-12-24T00:34:21.974+0000] {processor.py:157} INFO - Started process (PID=6402) to work on /home/airflow/.local/lib/python3.8/site-packages/airflow/example_dags/example_latest_only.py
[2023-12-24T00:34:21.976+0000] {processor.py:829} INFO - Processing file /home/airflow/.local/lib/python3.8/site-packages/airflow/example_dags/example_latest_only.py for tasks to queue
[2023-12-24T00:34:21.977+0000] {logging_mixin.py:154} INFO - [2023-12-24T00:34:21.977+0000] {dagbag.py:536} INFO - Filling up the DagBag from /home/airflow/.local/lib/python3.8/site-packages/airflow/example_dags/example_latest_only.py
[2023-12-24T00:34:21.981+0000] {processor.py:839} INFO - DAG(s) dict_keys(['latest_only']) retrieved from /home/airflow/.local/lib/python3.8/site-packages/airflow/example_dags/example_latest_only.py
[2023-12-24T00:34:21.994+0000] {logging_mixin.py:154} INFO - [2023-12-24T00:34:21.994+0000] {dag.py:2941} INFO - Sync 1 DAGs
[2023-12-24T00:34:22.005+0000] {logging_mixin.py:154} INFO - [2023-12-24T00:34:22.005+0000] {dag.py:3722} INFO - Setting next_dagrun for latest_only to 2023-12-23T20:34:22.005668+00:00, run_after=2023-12-24T00:34:22.005668+00:00
[2023-12-24T00:34:22.016+0000] {processor.py:179} INFO - Processing /home/airflow/.local/lib/python3.8/site-packages/airflow/example_dags/example_latest_only.py took 0.044 seconds
[2023-12-24T00:51:37.213+0000] {processor.py:157} INFO - Started process (PID=6457) to work on /home/airflow/.local/lib/python3.8/site-packages/airflow/example_dags/example_latest_only.py
[2023-12-24T00:51:37.215+0000] {processor.py:829} INFO - Processing file /home/airflow/.local/lib/python3.8/site-packages/airflow/example_dags/example_latest_only.py for tasks to queue
[2023-12-24T00:51:37.217+0000] {logging_mixin.py:154} INFO - [2023-12-24T00:51:37.216+0000] {dagbag.py:536} INFO - Filling up the DagBag from /home/airflow/.local/lib/python3.8/site-packages/airflow/example_dags/example_latest_only.py
[2023-12-24T00:51:37.221+0000] {processor.py:839} INFO - DAG(s) dict_keys(['latest_only']) retrieved from /home/airflow/.local/lib/python3.8/site-packages/airflow/example_dags/example_latest_only.py
[2023-12-24T00:51:37.234+0000] {logging_mixin.py:154} INFO - [2023-12-24T00:51:37.234+0000] {dag.py:2941} INFO - Sync 1 DAGs
[2023-12-24T00:51:37.246+0000] {logging_mixin.py:154} INFO - [2023-12-24T00:51:37.246+0000] {dag.py:3722} INFO - Setting next_dagrun for latest_only to 2023-12-23T20:51:37.246459+00:00, run_after=2023-12-24T00:51:37.246459+00:00
[2023-12-24T00:51:37.256+0000] {processor.py:179} INFO - Processing /home/airflow/.local/lib/python3.8/site-packages/airflow/example_dags/example_latest_only.py took 0.046 seconds
[2023-12-24T00:52:07.577+0000] {processor.py:157} INFO - Started process (PID=6512) to work on /home/airflow/.local/lib/python3.8/site-packages/airflow/example_dags/example_latest_only.py
[2023-12-24T00:52:07.578+0000] {processor.py:829} INFO - Processing file /home/airflow/.local/lib/python3.8/site-packages/airflow/example_dags/example_latest_only.py for tasks to queue
[2023-12-24T00:52:07.580+0000] {logging_mixin.py:154} INFO - [2023-12-24T00:52:07.580+0000] {dagbag.py:536} INFO - Filling up the DagBag from /home/airflow/.local/lib/python3.8/site-packages/airflow/example_dags/example_latest_only.py
[2023-12-24T00:52:07.584+0000] {processor.py:839} INFO - DAG(s) dict_keys(['latest_only']) retrieved from /home/airflow/.local/lib/python3.8/site-packages/airflow/example_dags/example_latest_only.py
[2023-12-24T00:52:07.597+0000] {logging_mixin.py:154} INFO - [2023-12-24T00:52:07.597+0000] {dag.py:2941} INFO - Sync 1 DAGs
[2023-12-24T00:52:07.609+0000] {logging_mixin.py:154} INFO - [2023-12-24T00:52:07.609+0000] {dag.py:3722} INFO - Setting next_dagrun for latest_only to 2023-12-23T20:52:07.609530+00:00, run_after=2023-12-24T00:52:07.609530+00:00
[2023-12-24T00:52:07.620+0000] {processor.py:179} INFO - Processing /home/airflow/.local/lib/python3.8/site-packages/airflow/example_dags/example_latest_only.py took 0.045 seconds
[2023-12-24T01:08:53.838+0000] {processor.py:157} INFO - Started process (PID=6567) to work on /home/airflow/.local/lib/python3.8/site-packages/airflow/example_dags/example_latest_only.py
[2023-12-24T01:08:53.840+0000] {processor.py:829} INFO - Processing file /home/airflow/.local/lib/python3.8/site-packages/airflow/example_dags/example_latest_only.py for tasks to queue
[2023-12-24T01:08:53.842+0000] {logging_mixin.py:154} INFO - [2023-12-24T01:08:53.842+0000] {dagbag.py:536} INFO - Filling up the DagBag from /home/airflow/.local/lib/python3.8/site-packages/airflow/example_dags/example_latest_only.py
[2023-12-24T01:08:53.846+0000] {processor.py:839} INFO - DAG(s) dict_keys(['latest_only']) retrieved from /home/airflow/.local/lib/python3.8/site-packages/airflow/example_dags/example_latest_only.py
[2023-12-24T01:08:53.859+0000] {logging_mixin.py:154} INFO - [2023-12-24T01:08:53.858+0000] {dag.py:2941} INFO - Sync 1 DAGs
[2023-12-24T01:08:53.871+0000] {logging_mixin.py:154} INFO - [2023-12-24T01:08:53.870+0000] {dag.py:3722} INFO - Setting next_dagrun for latest_only to 2023-12-23T21:08:53.870801+00:00, run_after=2023-12-24T01:08:53.870801+00:00
[2023-12-24T01:08:53.881+0000] {processor.py:179} INFO - Processing /home/airflow/.local/lib/python3.8/site-packages/airflow/example_dags/example_latest_only.py took 0.045 seconds
[2023-12-24T01:26:18.001+0000] {processor.py:157} INFO - Started process (PID=6623) to work on /home/airflow/.local/lib/python3.8/site-packages/airflow/example_dags/example_latest_only.py
[2023-12-24T01:26:18.003+0000] {processor.py:829} INFO - Processing file /home/airflow/.local/lib/python3.8/site-packages/airflow/example_dags/example_latest_only.py for tasks to queue
[2023-12-24T01:26:18.005+0000] {logging_mixin.py:154} INFO - [2023-12-24T01:26:18.004+0000] {dagbag.py:536} INFO - Filling up the DagBag from /home/airflow/.local/lib/python3.8/site-packages/airflow/example_dags/example_latest_only.py
[2023-12-24T01:26:18.009+0000] {processor.py:839} INFO - DAG(s) dict_keys(['latest_only']) retrieved from /home/airflow/.local/lib/python3.8/site-packages/airflow/example_dags/example_latest_only.py
[2023-12-24T01:26:18.021+0000] {logging_mixin.py:154} INFO - [2023-12-24T01:26:18.021+0000] {dag.py:2941} INFO - Sync 1 DAGs
[2023-12-24T01:26:18.034+0000] {logging_mixin.py:154} INFO - [2023-12-24T01:26:18.034+0000] {dag.py:3722} INFO - Setting next_dagrun for latest_only to 2023-12-23T21:26:18.033903+00:00, run_after=2023-12-24T01:26:18.033903+00:00
[2023-12-24T01:26:18.044+0000] {processor.py:179} INFO - Processing /home/airflow/.local/lib/python3.8/site-packages/airflow/example_dags/example_latest_only.py took 0.045 seconds
[2023-12-24T01:26:48.352+0000] {processor.py:157} INFO - Started process (PID=6679) to work on /home/airflow/.local/lib/python3.8/site-packages/airflow/example_dags/example_latest_only.py
[2023-12-24T01:26:48.353+0000] {processor.py:829} INFO - Processing file /home/airflow/.local/lib/python3.8/site-packages/airflow/example_dags/example_latest_only.py for tasks to queue
[2023-12-24T01:26:48.355+0000] {logging_mixin.py:154} INFO - [2023-12-24T01:26:48.354+0000] {dagbag.py:536} INFO - Filling up the DagBag from /home/airflow/.local/lib/python3.8/site-packages/airflow/example_dags/example_latest_only.py
[2023-12-24T01:26:48.358+0000] {processor.py:839} INFO - DAG(s) dict_keys(['latest_only']) retrieved from /home/airflow/.local/lib/python3.8/site-packages/airflow/example_dags/example_latest_only.py
[2023-12-24T01:26:48.372+0000] {logging_mixin.py:154} INFO - [2023-12-24T01:26:48.372+0000] {dag.py:2941} INFO - Sync 1 DAGs
[2023-12-24T01:26:48.383+0000] {logging_mixin.py:154} INFO - [2023-12-24T01:26:48.383+0000] {dag.py:3722} INFO - Setting next_dagrun for latest_only to 2023-12-23T21:26:48.383277+00:00, run_after=2023-12-24T01:26:48.383277+00:00
[2023-12-24T01:26:48.392+0000] {processor.py:179} INFO - Processing /home/airflow/.local/lib/python3.8/site-packages/airflow/example_dags/example_latest_only.py took 0.043 seconds
[2023-12-24T01:39:27.896+0000] {processor.py:157} INFO - Started process (PID=6736) to work on /home/airflow/.local/lib/python3.8/site-packages/airflow/example_dags/example_latest_only.py
[2023-12-24T01:39:27.897+0000] {processor.py:829} INFO - Processing file /home/airflow/.local/lib/python3.8/site-packages/airflow/example_dags/example_latest_only.py for tasks to queue
[2023-12-24T01:39:27.900+0000] {logging_mixin.py:154} INFO - [2023-12-24T01:39:27.899+0000] {dagbag.py:536} INFO - Filling up the DagBag from /home/airflow/.local/lib/python3.8/site-packages/airflow/example_dags/example_latest_only.py
[2023-12-24T01:39:27.904+0000] {processor.py:839} INFO - DAG(s) dict_keys(['latest_only']) retrieved from /home/airflow/.local/lib/python3.8/site-packages/airflow/example_dags/example_latest_only.py
[2023-12-24T01:39:27.917+0000] {logging_mixin.py:154} INFO - [2023-12-24T01:39:27.917+0000] {dag.py:2941} INFO - Sync 1 DAGs
[2023-12-24T01:39:27.930+0000] {logging_mixin.py:154} INFO - [2023-12-24T01:39:27.930+0000] {dag.py:3722} INFO - Setting next_dagrun for latest_only to 2023-12-23T21:39:27.930259+00:00, run_after=2023-12-24T01:39:27.930259+00:00
[2023-12-24T01:39:27.941+0000] {processor.py:179} INFO - Processing /home/airflow/.local/lib/python3.8/site-packages/airflow/example_dags/example_latest_only.py took 0.047 seconds
[2023-12-24T01:39:58.249+0000] {processor.py:157} INFO - Started process (PID=6791) to work on /home/airflow/.local/lib/python3.8/site-packages/airflow/example_dags/example_latest_only.py
[2023-12-24T01:39:58.251+0000] {processor.py:829} INFO - Processing file /home/airflow/.local/lib/python3.8/site-packages/airflow/example_dags/example_latest_only.py for tasks to queue
[2023-12-24T01:39:58.253+0000] {logging_mixin.py:154} INFO - [2023-12-24T01:39:58.252+0000] {dagbag.py:536} INFO - Filling up the DagBag from /home/airflow/.local/lib/python3.8/site-packages/airflow/example_dags/example_latest_only.py
[2023-12-24T01:39:58.257+0000] {processor.py:839} INFO - DAG(s) dict_keys(['latest_only']) retrieved from /home/airflow/.local/lib/python3.8/site-packages/airflow/example_dags/example_latest_only.py
[2023-12-24T01:39:58.270+0000] {logging_mixin.py:154} INFO - [2023-12-24T01:39:58.270+0000] {dag.py:2941} INFO - Sync 1 DAGs
[2023-12-24T01:39:58.282+0000] {logging_mixin.py:154} INFO - [2023-12-24T01:39:58.282+0000] {dag.py:3722} INFO - Setting next_dagrun for latest_only to 2023-12-23T21:39:58.282107+00:00, run_after=2023-12-24T01:39:58.282107+00:00
[2023-12-24T01:39:58.292+0000] {processor.py:179} INFO - Processing /home/airflow/.local/lib/python3.8/site-packages/airflow/example_dags/example_latest_only.py took 0.045 seconds
[2023-12-24T01:40:28.534+0000] {processor.py:157} INFO - Started process (PID=6846) to work on /home/airflow/.local/lib/python3.8/site-packages/airflow/example_dags/example_latest_only.py
[2023-12-24T01:40:28.536+0000] {processor.py:829} INFO - Processing file /home/airflow/.local/lib/python3.8/site-packages/airflow/example_dags/example_latest_only.py for tasks to queue
[2023-12-24T01:40:28.538+0000] {logging_mixin.py:154} INFO - [2023-12-24T01:40:28.537+0000] {dagbag.py:536} INFO - Filling up the DagBag from /home/airflow/.local/lib/python3.8/site-packages/airflow/example_dags/example_latest_only.py
[2023-12-24T01:40:28.542+0000] {processor.py:839} INFO - DAG(s) dict_keys(['latest_only']) retrieved from /home/airflow/.local/lib/python3.8/site-packages/airflow/example_dags/example_latest_only.py
[2023-12-24T01:40:28.555+0000] {logging_mixin.py:154} INFO - [2023-12-24T01:40:28.554+0000] {dag.py:2941} INFO - Sync 1 DAGs
[2023-12-24T01:40:28.567+0000] {logging_mixin.py:154} INFO - [2023-12-24T01:40:28.567+0000] {dag.py:3722} INFO - Setting next_dagrun for latest_only to 2023-12-23T21:40:28.566989+00:00, run_after=2023-12-24T01:40:28.566989+00:00
[2023-12-24T01:40:28.577+0000] {processor.py:179} INFO - Processing /home/airflow/.local/lib/python3.8/site-packages/airflow/example_dags/example_latest_only.py took 0.044 seconds
[2023-12-24T01:41:31.171+0000] {processor.py:157} INFO - Started process (PID=73) to work on /home/airflow/.local/lib/python3.8/site-packages/airflow/example_dags/example_latest_only.py
[2023-12-24T01:41:31.172+0000] {processor.py:829} INFO - Processing file /home/airflow/.local/lib/python3.8/site-packages/airflow/example_dags/example_latest_only.py for tasks to queue
[2023-12-24T01:41:31.176+0000] {logging_mixin.py:154} INFO - [2023-12-24T01:41:31.175+0000] {dagbag.py:536} INFO - Filling up the DagBag from /home/airflow/.local/lib/python3.8/site-packages/airflow/example_dags/example_latest_only.py
[2023-12-24T01:41:31.182+0000] {processor.py:839} INFO - DAG(s) dict_keys(['latest_only']) retrieved from /home/airflow/.local/lib/python3.8/site-packages/airflow/example_dags/example_latest_only.py
[2023-12-24T01:41:31.193+0000] {logging_mixin.py:154} INFO - [2023-12-24T01:41:31.193+0000] {dag.py:2941} INFO - Sync 1 DAGs
[2023-12-24T01:41:31.209+0000] {logging_mixin.py:154} INFO - [2023-12-24T01:41:31.209+0000] {dag.py:3722} INFO - Setting next_dagrun for latest_only to 2023-12-23T21:41:31.208921+00:00, run_after=2023-12-24T01:41:31.208921+00:00
[2023-12-24T01:41:31.224+0000] {processor.py:179} INFO - Processing /home/airflow/.local/lib/python3.8/site-packages/airflow/example_dags/example_latest_only.py took 0.056 seconds
[2023-12-24T01:42:01.527+0000] {processor.py:157} INFO - Started process (PID=129) to work on /home/airflow/.local/lib/python3.8/site-packages/airflow/example_dags/example_latest_only.py
[2023-12-24T01:42:01.528+0000] {processor.py:829} INFO - Processing file /home/airflow/.local/lib/python3.8/site-packages/airflow/example_dags/example_latest_only.py for tasks to queue
[2023-12-24T01:42:01.530+0000] {logging_mixin.py:154} INFO - [2023-12-24T01:42:01.530+0000] {dagbag.py:536} INFO - Filling up the DagBag from /home/airflow/.local/lib/python3.8/site-packages/airflow/example_dags/example_latest_only.py
[2023-12-24T01:42:01.534+0000] {processor.py:839} INFO - DAG(s) dict_keys(['latest_only']) retrieved from /home/airflow/.local/lib/python3.8/site-packages/airflow/example_dags/example_latest_only.py
[2023-12-24T01:42:01.547+0000] {logging_mixin.py:154} INFO - [2023-12-24T01:42:01.547+0000] {dag.py:2941} INFO - Sync 1 DAGs
[2023-12-24T01:42:01.560+0000] {logging_mixin.py:154} INFO - [2023-12-24T01:42:01.560+0000] {dag.py:3722} INFO - Setting next_dagrun for latest_only to 2023-12-23T21:42:01.559921+00:00, run_after=2023-12-24T01:42:01.559921+00:00
[2023-12-24T01:42:01.571+0000] {processor.py:179} INFO - Processing /home/airflow/.local/lib/python3.8/site-packages/airflow/example_dags/example_latest_only.py took 0.046 seconds
[2023-12-24T01:42:31.862+0000] {processor.py:157} INFO - Started process (PID=184) to work on /home/airflow/.local/lib/python3.8/site-packages/airflow/example_dags/example_latest_only.py
[2023-12-24T01:42:31.863+0000] {processor.py:829} INFO - Processing file /home/airflow/.local/lib/python3.8/site-packages/airflow/example_dags/example_latest_only.py for tasks to queue
[2023-12-24T01:42:31.864+0000] {logging_mixin.py:154} INFO - [2023-12-24T01:42:31.864+0000] {dagbag.py:536} INFO - Filling up the DagBag from /home/airflow/.local/lib/python3.8/site-packages/airflow/example_dags/example_latest_only.py
[2023-12-24T01:42:31.868+0000] {processor.py:839} INFO - DAG(s) dict_keys(['latest_only']) retrieved from /home/airflow/.local/lib/python3.8/site-packages/airflow/example_dags/example_latest_only.py
[2023-12-24T01:42:31.880+0000] {logging_mixin.py:154} INFO - [2023-12-24T01:42:31.880+0000] {dag.py:2941} INFO - Sync 1 DAGs
[2023-12-24T01:42:31.891+0000] {logging_mixin.py:154} INFO - [2023-12-24T01:42:31.891+0000] {dag.py:3722} INFO - Setting next_dagrun for latest_only to 2023-12-23T21:42:31.891520+00:00, run_after=2023-12-24T01:42:31.891520+00:00
[2023-12-24T01:42:31.900+0000] {processor.py:179} INFO - Processing /home/airflow/.local/lib/python3.8/site-packages/airflow/example_dags/example_latest_only.py took 0.041 seconds
[2023-12-24T01:43:03.575+0000] {processor.py:157} INFO - Started process (PID=239) to work on /home/airflow/.local/lib/python3.8/site-packages/airflow/example_dags/example_latest_only.py
[2023-12-24T01:43:03.576+0000] {processor.py:829} INFO - Processing file /home/airflow/.local/lib/python3.8/site-packages/airflow/example_dags/example_latest_only.py for tasks to queue
[2023-12-24T01:43:03.578+0000] {logging_mixin.py:154} INFO - [2023-12-24T01:43:03.578+0000] {dagbag.py:536} INFO - Filling up the DagBag from /home/airflow/.local/lib/python3.8/site-packages/airflow/example_dags/example_latest_only.py
[2023-12-24T01:43:03.582+0000] {processor.py:839} INFO - DAG(s) dict_keys(['latest_only']) retrieved from /home/airflow/.local/lib/python3.8/site-packages/airflow/example_dags/example_latest_only.py
[2023-12-24T01:43:03.594+0000] {logging_mixin.py:154} INFO - [2023-12-24T01:43:03.594+0000] {dag.py:2941} INFO - Sync 1 DAGs
[2023-12-24T01:43:03.606+0000] {logging_mixin.py:154} INFO - [2023-12-24T01:43:03.606+0000] {dag.py:3722} INFO - Setting next_dagrun for latest_only to 2023-12-23T21:43:03.606013+00:00, run_after=2023-12-24T01:43:03.606013+00:00
[2023-12-24T01:43:03.616+0000] {processor.py:179} INFO - Processing /home/airflow/.local/lib/python3.8/site-packages/airflow/example_dags/example_latest_only.py took 0.043 seconds
[2023-12-24T01:43:34.468+0000] {processor.py:157} INFO - Started process (PID=295) to work on /home/airflow/.local/lib/python3.8/site-packages/airflow/example_dags/example_latest_only.py
[2023-12-24T01:43:34.469+0000] {processor.py:829} INFO - Processing file /home/airflow/.local/lib/python3.8/site-packages/airflow/example_dags/example_latest_only.py for tasks to queue
[2023-12-24T01:43:34.471+0000] {logging_mixin.py:154} INFO - [2023-12-24T01:43:34.471+0000] {dagbag.py:536} INFO - Filling up the DagBag from /home/airflow/.local/lib/python3.8/site-packages/airflow/example_dags/example_latest_only.py
[2023-12-24T01:43:34.475+0000] {processor.py:839} INFO - DAG(s) dict_keys(['latest_only']) retrieved from /home/airflow/.local/lib/python3.8/site-packages/airflow/example_dags/example_latest_only.py
[2023-12-24T01:43:34.489+0000] {logging_mixin.py:154} INFO - [2023-12-24T01:43:34.489+0000] {dag.py:2941} INFO - Sync 1 DAGs
[2023-12-24T01:43:34.617+0000] {logging_mixin.py:154} INFO - [2023-12-24T01:43:34.617+0000] {dag.py:3722} INFO - Setting next_dagrun for latest_only to 2023-12-23T21:43:34.617487+00:00, run_after=2023-12-24T01:43:34.617487+00:00
[2023-12-24T01:43:34.628+0000] {processor.py:179} INFO - Processing /home/airflow/.local/lib/python3.8/site-packages/airflow/example_dags/example_latest_only.py took 0.162 seconds
[2023-12-24T01:44:05.053+0000] {processor.py:157} INFO - Started process (PID=350) to work on /home/airflow/.local/lib/python3.8/site-packages/airflow/example_dags/example_latest_only.py
[2023-12-24T01:44:05.054+0000] {processor.py:829} INFO - Processing file /home/airflow/.local/lib/python3.8/site-packages/airflow/example_dags/example_latest_only.py for tasks to queue
[2023-12-24T01:44:05.056+0000] {logging_mixin.py:154} INFO - [2023-12-24T01:44:05.056+0000] {dagbag.py:536} INFO - Filling up the DagBag from /home/airflow/.local/lib/python3.8/site-packages/airflow/example_dags/example_latest_only.py
[2023-12-24T01:44:05.060+0000] {processor.py:839} INFO - DAG(s) dict_keys(['latest_only']) retrieved from /home/airflow/.local/lib/python3.8/site-packages/airflow/example_dags/example_latest_only.py
[2023-12-24T01:44:05.073+0000] {logging_mixin.py:154} INFO - [2023-12-24T01:44:05.073+0000] {dag.py:2941} INFO - Sync 1 DAGs
[2023-12-24T01:44:05.087+0000] {logging_mixin.py:154} INFO - [2023-12-24T01:44:05.087+0000] {dag.py:3722} INFO - Setting next_dagrun for latest_only to 2023-12-23T21:44:05.086958+00:00, run_after=2023-12-24T01:44:05.086958+00:00
[2023-12-24T01:44:05.101+0000] {processor.py:179} INFO - Processing /home/airflow/.local/lib/python3.8/site-packages/airflow/example_dags/example_latest_only.py took 0.050 seconds
[2023-12-24T01:44:35.925+0000] {processor.py:157} INFO - Started process (PID=406) to work on /home/airflow/.local/lib/python3.8/site-packages/airflow/example_dags/example_latest_only.py
[2023-12-24T01:44:35.927+0000] {processor.py:829} INFO - Processing file /home/airflow/.local/lib/python3.8/site-packages/airflow/example_dags/example_latest_only.py for tasks to queue
[2023-12-24T01:44:35.930+0000] {logging_mixin.py:154} INFO - [2023-12-24T01:44:35.929+0000] {dagbag.py:536} INFO - Filling up the DagBag from /home/airflow/.local/lib/python3.8/site-packages/airflow/example_dags/example_latest_only.py
[2023-12-24T01:44:35.935+0000] {processor.py:839} INFO - DAG(s) dict_keys(['latest_only']) retrieved from /home/airflow/.local/lib/python3.8/site-packages/airflow/example_dags/example_latest_only.py
[2023-12-24T01:44:35.949+0000] {logging_mixin.py:154} INFO - [2023-12-24T01:44:35.949+0000] {dag.py:2941} INFO - Sync 1 DAGs
[2023-12-24T01:44:35.963+0000] {logging_mixin.py:154} INFO - [2023-12-24T01:44:35.963+0000] {dag.py:3722} INFO - Setting next_dagrun for latest_only to 2023-12-23T21:44:35.963457+00:00, run_after=2023-12-24T01:44:35.963457+00:00
[2023-12-24T01:44:35.976+0000] {processor.py:179} INFO - Processing /home/airflow/.local/lib/python3.8/site-packages/airflow/example_dags/example_latest_only.py took 0.053 seconds
[2023-12-24T01:45:06.954+0000] {processor.py:157} INFO - Started process (PID=461) to work on /home/airflow/.local/lib/python3.8/site-packages/airflow/example_dags/example_latest_only.py
[2023-12-24T01:45:06.955+0000] {processor.py:829} INFO - Processing file /home/airflow/.local/lib/python3.8/site-packages/airflow/example_dags/example_latest_only.py for tasks to queue
[2023-12-24T01:45:06.957+0000] {logging_mixin.py:154} INFO - [2023-12-24T01:45:06.957+0000] {dagbag.py:536} INFO - Filling up the DagBag from /home/airflow/.local/lib/python3.8/site-packages/airflow/example_dags/example_latest_only.py
[2023-12-24T01:45:06.961+0000] {processor.py:839} INFO - DAG(s) dict_keys(['latest_only']) retrieved from /home/airflow/.local/lib/python3.8/site-packages/airflow/example_dags/example_latest_only.py
[2023-12-24T01:45:07.077+0000] {logging_mixin.py:154} INFO - [2023-12-24T01:45:07.077+0000] {dag.py:2941} INFO - Sync 1 DAGs
[2023-12-24T01:45:07.088+0000] {logging_mixin.py:154} INFO - [2023-12-24T01:45:07.088+0000] {dag.py:3722} INFO - Setting next_dagrun for latest_only to 2023-12-23T21:45:07.088384+00:00, run_after=2023-12-24T01:45:07.088384+00:00
[2023-12-24T01:45:07.099+0000] {processor.py:179} INFO - Processing /home/airflow/.local/lib/python3.8/site-packages/airflow/example_dags/example_latest_only.py took 0.147 seconds
[2023-12-24T01:45:37.571+0000] {processor.py:157} INFO - Started process (PID=517) to work on /home/airflow/.local/lib/python3.8/site-packages/airflow/example_dags/example_latest_only.py
[2023-12-24T01:45:37.573+0000] {processor.py:829} INFO - Processing file /home/airflow/.local/lib/python3.8/site-packages/airflow/example_dags/example_latest_only.py for tasks to queue
[2023-12-24T01:45:37.575+0000] {logging_mixin.py:154} INFO - [2023-12-24T01:45:37.575+0000] {dagbag.py:536} INFO - Filling up the DagBag from /home/airflow/.local/lib/python3.8/site-packages/airflow/example_dags/example_latest_only.py
[2023-12-24T01:45:37.579+0000] {processor.py:839} INFO - DAG(s) dict_keys(['latest_only']) retrieved from /home/airflow/.local/lib/python3.8/site-packages/airflow/example_dags/example_latest_only.py
[2023-12-24T01:45:37.595+0000] {logging_mixin.py:154} INFO - [2023-12-24T01:45:37.595+0000] {dag.py:2941} INFO - Sync 1 DAGs
[2023-12-24T01:45:37.720+0000] {logging_mixin.py:154} INFO - [2023-12-24T01:45:37.719+0000] {dag.py:3722} INFO - Setting next_dagrun for latest_only to 2023-12-23T21:45:37.719811+00:00, run_after=2023-12-24T01:45:37.719811+00:00
[2023-12-24T01:45:37.729+0000] {processor.py:179} INFO - Processing /home/airflow/.local/lib/python3.8/site-packages/airflow/example_dags/example_latest_only.py took 0.160 seconds
[2023-12-24T01:46:08.501+0000] {processor.py:157} INFO - Started process (PID=572) to work on /home/airflow/.local/lib/python3.8/site-packages/airflow/example_dags/example_latest_only.py
[2023-12-24T01:46:08.515+0000] {processor.py:829} INFO - Processing file /home/airflow/.local/lib/python3.8/site-packages/airflow/example_dags/example_latest_only.py for tasks to queue
[2023-12-24T01:46:08.517+0000] {logging_mixin.py:154} INFO - [2023-12-24T01:46:08.517+0000] {dagbag.py:536} INFO - Filling up the DagBag from /home/airflow/.local/lib/python3.8/site-packages/airflow/example_dags/example_latest_only.py
[2023-12-24T01:46:08.521+0000] {processor.py:839} INFO - DAG(s) dict_keys(['latest_only']) retrieved from /home/airflow/.local/lib/python3.8/site-packages/airflow/example_dags/example_latest_only.py
[2023-12-24T01:46:08.534+0000] {logging_mixin.py:154} INFO - [2023-12-24T01:46:08.534+0000] {dag.py:2941} INFO - Sync 1 DAGs
[2023-12-24T01:46:08.547+0000] {logging_mixin.py:154} INFO - [2023-12-24T01:46:08.547+0000] {dag.py:3722} INFO - Setting next_dagrun for latest_only to 2023-12-23T21:46:08.546966+00:00, run_after=2023-12-24T01:46:08.546966+00:00
[2023-12-24T01:46:08.657+0000] {processor.py:179} INFO - Processing /home/airflow/.local/lib/python3.8/site-packages/airflow/example_dags/example_latest_only.py took 0.158 seconds
[2023-12-24T01:46:39.337+0000] {processor.py:157} INFO - Started process (PID=627) to work on /home/airflow/.local/lib/python3.8/site-packages/airflow/example_dags/example_latest_only.py
[2023-12-24T01:46:39.338+0000] {processor.py:829} INFO - Processing file /home/airflow/.local/lib/python3.8/site-packages/airflow/example_dags/example_latest_only.py for tasks to queue
[2023-12-24T01:46:39.341+0000] {logging_mixin.py:154} INFO - [2023-12-24T01:46:39.341+0000] {dagbag.py:536} INFO - Filling up the DagBag from /home/airflow/.local/lib/python3.8/site-packages/airflow/example_dags/example_latest_only.py
[2023-12-24T01:46:39.344+0000] {processor.py:839} INFO - DAG(s) dict_keys(['latest_only']) retrieved from /home/airflow/.local/lib/python3.8/site-packages/airflow/example_dags/example_latest_only.py
[2023-12-24T01:46:39.356+0000] {logging_mixin.py:154} INFO - [2023-12-24T01:46:39.356+0000] {dag.py:2941} INFO - Sync 1 DAGs
[2023-12-24T01:46:39.367+0000] {logging_mixin.py:154} INFO - [2023-12-24T01:46:39.367+0000] {dag.py:3722} INFO - Setting next_dagrun for latest_only to 2023-12-23T21:46:39.367034+00:00, run_after=2023-12-24T01:46:39.367034+00:00
[2023-12-24T01:46:39.377+0000] {processor.py:179} INFO - Processing /home/airflow/.local/lib/python3.8/site-packages/airflow/example_dags/example_latest_only.py took 0.042 seconds
[2023-12-24T01:50:43.036+0000] {processor.py:157} INFO - Started process (PID=1060) to work on /home/airflow/.local/lib/python3.8/site-packages/airflow/example_dags/example_latest_only.py
[2023-12-24T01:50:43.037+0000] {processor.py:829} INFO - Processing file /home/airflow/.local/lib/python3.8/site-packages/airflow/example_dags/example_latest_only.py for tasks to queue
[2023-12-24T01:50:43.038+0000] {logging_mixin.py:154} INFO - [2023-12-24T01:50:43.038+0000] {dagbag.py:536} INFO - Filling up the DagBag from /home/airflow/.local/lib/python3.8/site-packages/airflow/example_dags/example_latest_only.py
[2023-12-24T01:50:43.043+0000] {processor.py:839} INFO - DAG(s) dict_keys(['latest_only']) retrieved from /home/airflow/.local/lib/python3.8/site-packages/airflow/example_dags/example_latest_only.py
[2023-12-24T01:50:43.098+0000] {logging_mixin.py:154} INFO - [2023-12-24T01:50:43.098+0000] {dag.py:2941} INFO - Sync 1 DAGs
[2023-12-24T01:50:43.108+0000] {logging_mixin.py:154} INFO - [2023-12-24T01:50:43.108+0000] {dag.py:3722} INFO - Setting next_dagrun for latest_only to 2023-12-23T21:50:43.108630+00:00, run_after=2023-12-24T01:50:43.108630+00:00
[2023-12-24T01:50:43.119+0000] {processor.py:179} INFO - Processing /home/airflow/.local/lib/python3.8/site-packages/airflow/example_dags/example_latest_only.py took 0.085 seconds
[2023-12-24T01:51:13.571+0000] {processor.py:157} INFO - Started process (PID=1115) to work on /home/airflow/.local/lib/python3.8/site-packages/airflow/example_dags/example_latest_only.py
[2023-12-24T01:51:13.572+0000] {processor.py:829} INFO - Processing file /home/airflow/.local/lib/python3.8/site-packages/airflow/example_dags/example_latest_only.py for tasks to queue
[2023-12-24T01:51:13.573+0000] {logging_mixin.py:154} INFO - [2023-12-24T01:51:13.573+0000] {dagbag.py:536} INFO - Filling up the DagBag from /home/airflow/.local/lib/python3.8/site-packages/airflow/example_dags/example_latest_only.py
[2023-12-24T01:51:13.578+0000] {processor.py:839} INFO - DAG(s) dict_keys(['latest_only']) retrieved from /home/airflow/.local/lib/python3.8/site-packages/airflow/example_dags/example_latest_only.py
[2023-12-24T01:51:13.591+0000] {logging_mixin.py:154} INFO - [2023-12-24T01:51:13.591+0000] {dag.py:2941} INFO - Sync 1 DAGs
[2023-12-24T01:51:13.603+0000] {logging_mixin.py:154} INFO - [2023-12-24T01:51:13.603+0000] {dag.py:3722} INFO - Setting next_dagrun for latest_only to 2023-12-23T21:51:13.603541+00:00, run_after=2023-12-24T01:51:13.603541+00:00
[2023-12-24T01:51:13.613+0000] {processor.py:179} INFO - Processing /home/airflow/.local/lib/python3.8/site-packages/airflow/example_dags/example_latest_only.py took 0.045 seconds
[2023-12-24T01:51:43.808+0000] {processor.py:157} INFO - Started process (PID=1171) to work on /home/airflow/.local/lib/python3.8/site-packages/airflow/example_dags/example_latest_only.py
[2023-12-24T01:51:43.809+0000] {processor.py:829} INFO - Processing file /home/airflow/.local/lib/python3.8/site-packages/airflow/example_dags/example_latest_only.py for tasks to queue
[2023-12-24T01:51:43.810+0000] {logging_mixin.py:154} INFO - [2023-12-24T01:51:43.810+0000] {dagbag.py:536} INFO - Filling up the DagBag from /home/airflow/.local/lib/python3.8/site-packages/airflow/example_dags/example_latest_only.py
[2023-12-24T01:51:43.815+0000] {processor.py:839} INFO - DAG(s) dict_keys(['latest_only']) retrieved from /home/airflow/.local/lib/python3.8/site-packages/airflow/example_dags/example_latest_only.py
[2023-12-24T01:51:43.828+0000] {logging_mixin.py:154} INFO - [2023-12-24T01:51:43.828+0000] {dag.py:2941} INFO - Sync 1 DAGs
[2023-12-24T01:51:43.840+0000] {logging_mixin.py:154} INFO - [2023-12-24T01:51:43.840+0000] {dag.py:3722} INFO - Setting next_dagrun for latest_only to 2023-12-23T21:51:43.840194+00:00, run_after=2023-12-24T01:51:43.840194+00:00
[2023-12-24T01:51:43.850+0000] {processor.py:179} INFO - Processing /home/airflow/.local/lib/python3.8/site-packages/airflow/example_dags/example_latest_only.py took 0.044 seconds
[2023-12-24T01:52:13.962+0000] {processor.py:157} INFO - Started process (PID=1226) to work on /home/airflow/.local/lib/python3.8/site-packages/airflow/example_dags/example_latest_only.py
[2023-12-24T01:52:13.963+0000] {processor.py:829} INFO - Processing file /home/airflow/.local/lib/python3.8/site-packages/airflow/example_dags/example_latest_only.py for tasks to queue
[2023-12-24T01:52:13.964+0000] {logging_mixin.py:154} INFO - [2023-12-24T01:52:13.964+0000] {dagbag.py:536} INFO - Filling up the DagBag from /home/airflow/.local/lib/python3.8/site-packages/airflow/example_dags/example_latest_only.py
[2023-12-24T01:52:13.968+0000] {processor.py:839} INFO - DAG(s) dict_keys(['latest_only']) retrieved from /home/airflow/.local/lib/python3.8/site-packages/airflow/example_dags/example_latest_only.py
[2023-12-24T01:52:13.981+0000] {logging_mixin.py:154} INFO - [2023-12-24T01:52:13.981+0000] {dag.py:2941} INFO - Sync 1 DAGs
[2023-12-24T01:52:13.994+0000] {logging_mixin.py:154} INFO - [2023-12-24T01:52:13.994+0000] {dag.py:3722} INFO - Setting next_dagrun for latest_only to 2023-12-23T21:52:13.994138+00:00, run_after=2023-12-24T01:52:13.994138+00:00
[2023-12-24T01:52:14.004+0000] {processor.py:179} INFO - Processing /home/airflow/.local/lib/python3.8/site-packages/airflow/example_dags/example_latest_only.py took 0.045 seconds
[2023-12-24T01:52:44.247+0000] {processor.py:157} INFO - Started process (PID=1281) to work on /home/airflow/.local/lib/python3.8/site-packages/airflow/example_dags/example_latest_only.py
[2023-12-24T01:52:44.248+0000] {processor.py:829} INFO - Processing file /home/airflow/.local/lib/python3.8/site-packages/airflow/example_dags/example_latest_only.py for tasks to queue
[2023-12-24T01:52:44.249+0000] {logging_mixin.py:154} INFO - [2023-12-24T01:52:44.249+0000] {dagbag.py:536} INFO - Filling up the DagBag from /home/airflow/.local/lib/python3.8/site-packages/airflow/example_dags/example_latest_only.py
[2023-12-24T01:52:44.254+0000] {processor.py:839} INFO - DAG(s) dict_keys(['latest_only']) retrieved from /home/airflow/.local/lib/python3.8/site-packages/airflow/example_dags/example_latest_only.py
[2023-12-24T01:52:44.267+0000] {logging_mixin.py:154} INFO - [2023-12-24T01:52:44.267+0000] {dag.py:2941} INFO - Sync 1 DAGs
[2023-12-24T01:52:44.279+0000] {logging_mixin.py:154} INFO - [2023-12-24T01:52:44.279+0000] {dag.py:3722} INFO - Setting next_dagrun for latest_only to 2023-12-23T21:52:44.279592+00:00, run_after=2023-12-24T01:52:44.279592+00:00
[2023-12-24T01:52:44.290+0000] {processor.py:179} INFO - Processing /home/airflow/.local/lib/python3.8/site-packages/airflow/example_dags/example_latest_only.py took 0.045 seconds
