[2023-12-24T00:16:11.606+0000] {processor.py:157} INFO - Started process (PID=6215) to work on /home/airflow/.local/lib/python3.8/site-packages/airflow/example_dags/example_latest_only_with_trigger.py
[2023-12-24T00:16:11.608+0000] {processor.py:829} INFO - Processing file /home/airflow/.local/lib/python3.8/site-packages/airflow/example_dags/example_latest_only_with_trigger.py for tasks to queue
[2023-12-24T00:16:11.611+0000] {logging_mixin.py:154} INFO - [2023-12-24T00:16:11.611+0000] {dagbag.py:536} INFO - Filling up the DagBag from /home/airflow/.local/lib/python3.8/site-packages/airflow/example_dags/example_latest_only_with_trigger.py
[2023-12-24T00:16:11.617+0000] {processor.py:839} INFO - DAG(s) dict_keys(['latest_only_with_trigger']) retrieved from /home/airflow/.local/lib/python3.8/site-packages/airflow/example_dags/example_latest_only_with_trigger.py
[2023-12-24T00:16:11.637+0000] {logging_mixin.py:154} INFO - [2023-12-24T00:16:11.637+0000] {dag.py:2941} INFO - Sync 1 DAGs
[2023-12-24T00:16:11.654+0000] {logging_mixin.py:154} INFO - [2023-12-24T00:16:11.654+0000] {dag.py:3722} INFO - Setting next_dagrun for latest_only_with_trigger to 2023-12-23T20:16:11.654445+00:00, run_after=2023-12-24T00:16:11.654445+00:00
[2023-12-24T00:16:11.672+0000] {processor.py:179} INFO - Processing /home/airflow/.local/lib/python3.8/site-packages/airflow/example_dags/example_latest_only_with_trigger.py took 0.069 seconds
[2023-12-24T00:16:42.150+0000] {processor.py:157} INFO - Started process (PID=6271) to work on /home/airflow/.local/lib/python3.8/site-packages/airflow/example_dags/example_latest_only_with_trigger.py
[2023-12-24T00:16:42.151+0000] {processor.py:829} INFO - Processing file /home/airflow/.local/lib/python3.8/site-packages/airflow/example_dags/example_latest_only_with_trigger.py for tasks to queue
[2023-12-24T00:16:42.153+0000] {logging_mixin.py:154} INFO - [2023-12-24T00:16:42.153+0000] {dagbag.py:536} INFO - Filling up the DagBag from /home/airflow/.local/lib/python3.8/site-packages/airflow/example_dags/example_latest_only_with_trigger.py
[2023-12-24T00:16:42.157+0000] {processor.py:839} INFO - DAG(s) dict_keys(['latest_only_with_trigger']) retrieved from /home/airflow/.local/lib/python3.8/site-packages/airflow/example_dags/example_latest_only_with_trigger.py
[2023-12-24T00:16:42.170+0000] {logging_mixin.py:154} INFO - [2023-12-24T00:16:42.170+0000] {dag.py:2941} INFO - Sync 1 DAGs
[2023-12-24T00:16:42.182+0000] {logging_mixin.py:154} INFO - [2023-12-24T00:16:42.182+0000] {dag.py:3722} INFO - Setting next_dagrun for latest_only_with_trigger to 2023-12-23T20:16:42.182373+00:00, run_after=2023-12-24T00:16:42.182373+00:00
[2023-12-24T00:16:42.192+0000] {processor.py:179} INFO - Processing /home/airflow/.local/lib/python3.8/site-packages/airflow/example_dags/example_latest_only_with_trigger.py took 0.044 seconds
[2023-12-24T00:33:51.009+0000] {processor.py:157} INFO - Started process (PID=6327) to work on /home/airflow/.local/lib/python3.8/site-packages/airflow/example_dags/example_latest_only_with_trigger.py
[2023-12-24T00:33:51.010+0000] {processor.py:829} INFO - Processing file /home/airflow/.local/lib/python3.8/site-packages/airflow/example_dags/example_latest_only_with_trigger.py for tasks to queue
[2023-12-24T00:33:51.012+0000] {logging_mixin.py:154} INFO - [2023-12-24T00:33:51.012+0000] {dagbag.py:536} INFO - Filling up the DagBag from /home/airflow/.local/lib/python3.8/site-packages/airflow/example_dags/example_latest_only_with_trigger.py
[2023-12-24T00:33:51.016+0000] {processor.py:839} INFO - DAG(s) dict_keys(['latest_only_with_trigger']) retrieved from /home/airflow/.local/lib/python3.8/site-packages/airflow/example_dags/example_latest_only_with_trigger.py
[2023-12-24T00:33:51.029+0000] {logging_mixin.py:154} INFO - [2023-12-24T00:33:51.029+0000] {dag.py:2941} INFO - Sync 1 DAGs
[2023-12-24T00:33:51.042+0000] {logging_mixin.py:154} INFO - [2023-12-24T00:33:51.042+0000] {dag.py:3722} INFO - Setting next_dagrun for latest_only_with_trigger to 2023-12-23T20:33:51.042271+00:00, run_after=2023-12-24T00:33:51.042271+00:00
[2023-12-24T00:33:51.054+0000] {processor.py:179} INFO - Processing /home/airflow/.local/lib/python3.8/site-packages/airflow/example_dags/example_latest_only_with_trigger.py took 0.047 seconds
[2023-12-24T00:34:21.271+0000] {processor.py:157} INFO - Started process (PID=6383) to work on /home/airflow/.local/lib/python3.8/site-packages/airflow/example_dags/example_latest_only_with_trigger.py
[2023-12-24T00:34:21.272+0000] {processor.py:829} INFO - Processing file /home/airflow/.local/lib/python3.8/site-packages/airflow/example_dags/example_latest_only_with_trigger.py for tasks to queue
[2023-12-24T00:34:21.274+0000] {logging_mixin.py:154} INFO - [2023-12-24T00:34:21.274+0000] {dagbag.py:536} INFO - Filling up the DagBag from /home/airflow/.local/lib/python3.8/site-packages/airflow/example_dags/example_latest_only_with_trigger.py
[2023-12-24T00:34:21.278+0000] {processor.py:839} INFO - DAG(s) dict_keys(['latest_only_with_trigger']) retrieved from /home/airflow/.local/lib/python3.8/site-packages/airflow/example_dags/example_latest_only_with_trigger.py
[2023-12-24T00:34:21.292+0000] {logging_mixin.py:154} INFO - [2023-12-24T00:34:21.291+0000] {dag.py:2941} INFO - Sync 1 DAGs
[2023-12-24T00:34:21.303+0000] {logging_mixin.py:154} INFO - [2023-12-24T00:34:21.303+0000] {dag.py:3722} INFO - Setting next_dagrun for latest_only_with_trigger to 2023-12-23T20:34:21.303373+00:00, run_after=2023-12-24T00:34:21.303373+00:00
[2023-12-24T00:34:21.313+0000] {processor.py:179} INFO - Processing /home/airflow/.local/lib/python3.8/site-packages/airflow/example_dags/example_latest_only_with_trigger.py took 0.044 seconds
[2023-12-24T00:51:36.250+0000] {processor.py:157} INFO - Started process (PID=6438) to work on /home/airflow/.local/lib/python3.8/site-packages/airflow/example_dags/example_latest_only_with_trigger.py
[2023-12-24T00:51:36.253+0000] {processor.py:829} INFO - Processing file /home/airflow/.local/lib/python3.8/site-packages/airflow/example_dags/example_latest_only_with_trigger.py for tasks to queue
[2023-12-24T00:51:36.256+0000] {logging_mixin.py:154} INFO - [2023-12-24T00:51:36.256+0000] {dagbag.py:536} INFO - Filling up the DagBag from /home/airflow/.local/lib/python3.8/site-packages/airflow/example_dags/example_latest_only_with_trigger.py
[2023-12-24T00:51:36.263+0000] {processor.py:839} INFO - DAG(s) dict_keys(['latest_only_with_trigger']) retrieved from /home/airflow/.local/lib/python3.8/site-packages/airflow/example_dags/example_latest_only_with_trigger.py
[2023-12-24T00:51:36.283+0000] {logging_mixin.py:154} INFO - [2023-12-24T00:51:36.283+0000] {dag.py:2941} INFO - Sync 1 DAGs
[2023-12-24T00:51:36.299+0000] {logging_mixin.py:154} INFO - [2023-12-24T00:51:36.299+0000] {dag.py:3722} INFO - Setting next_dagrun for latest_only_with_trigger to 2023-12-23T20:51:36.299255+00:00, run_after=2023-12-24T00:51:36.299255+00:00
[2023-12-24T00:51:36.314+0000] {processor.py:179} INFO - Processing /home/airflow/.local/lib/python3.8/site-packages/airflow/example_dags/example_latest_only_with_trigger.py took 0.069 seconds
[2023-12-24T00:52:06.769+0000] {processor.py:157} INFO - Started process (PID=6493) to work on /home/airflow/.local/lib/python3.8/site-packages/airflow/example_dags/example_latest_only_with_trigger.py
[2023-12-24T00:52:06.770+0000] {processor.py:829} INFO - Processing file /home/airflow/.local/lib/python3.8/site-packages/airflow/example_dags/example_latest_only_with_trigger.py for tasks to queue
[2023-12-24T00:52:06.771+0000] {logging_mixin.py:154} INFO - [2023-12-24T00:52:06.771+0000] {dagbag.py:536} INFO - Filling up the DagBag from /home/airflow/.local/lib/python3.8/site-packages/airflow/example_dags/example_latest_only_with_trigger.py
[2023-12-24T00:52:06.775+0000] {processor.py:839} INFO - DAG(s) dict_keys(['latest_only_with_trigger']) retrieved from /home/airflow/.local/lib/python3.8/site-packages/airflow/example_dags/example_latest_only_with_trigger.py
[2023-12-24T00:52:06.788+0000] {logging_mixin.py:154} INFO - [2023-12-24T00:52:06.788+0000] {dag.py:2941} INFO - Sync 1 DAGs
[2023-12-24T00:52:06.799+0000] {logging_mixin.py:154} INFO - [2023-12-24T00:52:06.799+0000] {dag.py:3722} INFO - Setting next_dagrun for latest_only_with_trigger to 2023-12-23T20:52:06.799541+00:00, run_after=2023-12-24T00:52:06.799541+00:00
[2023-12-24T00:52:06.810+0000] {processor.py:179} INFO - Processing /home/airflow/.local/lib/python3.8/site-packages/airflow/example_dags/example_latest_only_with_trigger.py took 0.044 seconds
[2023-12-24T01:08:53.122+0000] {processor.py:157} INFO - Started process (PID=6548) to work on /home/airflow/.local/lib/python3.8/site-packages/airflow/example_dags/example_latest_only_with_trigger.py
[2023-12-24T01:08:53.124+0000] {processor.py:829} INFO - Processing file /home/airflow/.local/lib/python3.8/site-packages/airflow/example_dags/example_latest_only_with_trigger.py for tasks to queue
[2023-12-24T01:08:53.126+0000] {logging_mixin.py:154} INFO - [2023-12-24T01:08:53.126+0000] {dagbag.py:536} INFO - Filling up the DagBag from /home/airflow/.local/lib/python3.8/site-packages/airflow/example_dags/example_latest_only_with_trigger.py
[2023-12-24T01:08:53.130+0000] {processor.py:839} INFO - DAG(s) dict_keys(['latest_only_with_trigger']) retrieved from /home/airflow/.local/lib/python3.8/site-packages/airflow/example_dags/example_latest_only_with_trigger.py
[2023-12-24T01:08:53.143+0000] {logging_mixin.py:154} INFO - [2023-12-24T01:08:53.143+0000] {dag.py:2941} INFO - Sync 1 DAGs
[2023-12-24T01:08:53.155+0000] {logging_mixin.py:154} INFO - [2023-12-24T01:08:53.155+0000] {dag.py:3722} INFO - Setting next_dagrun for latest_only_with_trigger to 2023-12-23T21:08:53.155547+00:00, run_after=2023-12-24T01:08:53.155547+00:00
[2023-12-24T01:08:53.166+0000] {processor.py:179} INFO - Processing /home/airflow/.local/lib/python3.8/site-packages/airflow/example_dags/example_latest_only_with_trigger.py took 0.046 seconds
[2023-12-24T01:26:17.337+0000] {processor.py:157} INFO - Started process (PID=6604) to work on /home/airflow/.local/lib/python3.8/site-packages/airflow/example_dags/example_latest_only_with_trigger.py
[2023-12-24T01:26:17.338+0000] {processor.py:829} INFO - Processing file /home/airflow/.local/lib/python3.8/site-packages/airflow/example_dags/example_latest_only_with_trigger.py for tasks to queue
[2023-12-24T01:26:17.340+0000] {logging_mixin.py:154} INFO - [2023-12-24T01:26:17.340+0000] {dagbag.py:536} INFO - Filling up the DagBag from /home/airflow/.local/lib/python3.8/site-packages/airflow/example_dags/example_latest_only_with_trigger.py
[2023-12-24T01:26:17.344+0000] {processor.py:839} INFO - DAG(s) dict_keys(['latest_only_with_trigger']) retrieved from /home/airflow/.local/lib/python3.8/site-packages/airflow/example_dags/example_latest_only_with_trigger.py
[2023-12-24T01:26:17.358+0000] {logging_mixin.py:154} INFO - [2023-12-24T01:26:17.358+0000] {dag.py:2941} INFO - Sync 1 DAGs
[2023-12-24T01:26:17.371+0000] {logging_mixin.py:154} INFO - [2023-12-24T01:26:17.371+0000] {dag.py:3722} INFO - Setting next_dagrun for latest_only_with_trigger to 2023-12-23T21:26:17.371190+00:00, run_after=2023-12-24T01:26:17.371190+00:00
[2023-12-24T01:26:17.381+0000] {processor.py:179} INFO - Processing /home/airflow/.local/lib/python3.8/site-packages/airflow/example_dags/example_latest_only_with_trigger.py took 0.046 seconds
[2023-12-24T01:26:47.566+0000] {processor.py:157} INFO - Started process (PID=6660) to work on /home/airflow/.local/lib/python3.8/site-packages/airflow/example_dags/example_latest_only_with_trigger.py
[2023-12-24T01:26:47.567+0000] {processor.py:829} INFO - Processing file /home/airflow/.local/lib/python3.8/site-packages/airflow/example_dags/example_latest_only_with_trigger.py for tasks to queue
[2023-12-24T01:26:47.569+0000] {logging_mixin.py:154} INFO - [2023-12-24T01:26:47.568+0000] {dagbag.py:536} INFO - Filling up the DagBag from /home/airflow/.local/lib/python3.8/site-packages/airflow/example_dags/example_latest_only_with_trigger.py
[2023-12-24T01:26:47.572+0000] {processor.py:839} INFO - DAG(s) dict_keys(['latest_only_with_trigger']) retrieved from /home/airflow/.local/lib/python3.8/site-packages/airflow/example_dags/example_latest_only_with_trigger.py
[2023-12-24T01:26:47.586+0000] {logging_mixin.py:154} INFO - [2023-12-24T01:26:47.586+0000] {dag.py:2941} INFO - Sync 1 DAGs
[2023-12-24T01:26:47.597+0000] {logging_mixin.py:154} INFO - [2023-12-24T01:26:47.597+0000] {dag.py:3722} INFO - Setting next_dagrun for latest_only_with_trigger to 2023-12-23T21:26:47.597757+00:00, run_after=2023-12-24T01:26:47.597757+00:00
[2023-12-24T01:26:47.610+0000] {processor.py:179} INFO - Processing /home/airflow/.local/lib/python3.8/site-packages/airflow/example_dags/example_latest_only_with_trigger.py took 0.046 seconds
[2023-12-24T01:39:27.192+0000] {processor.py:157} INFO - Started process (PID=6717) to work on /home/airflow/.local/lib/python3.8/site-packages/airflow/example_dags/example_latest_only_with_trigger.py
[2023-12-24T01:39:27.211+0000] {processor.py:829} INFO - Processing file /home/airflow/.local/lib/python3.8/site-packages/airflow/example_dags/example_latest_only_with_trigger.py for tasks to queue
[2023-12-24T01:39:27.213+0000] {logging_mixin.py:154} INFO - [2023-12-24T01:39:27.213+0000] {dagbag.py:536} INFO - Filling up the DagBag from /home/airflow/.local/lib/python3.8/site-packages/airflow/example_dags/example_latest_only_with_trigger.py
[2023-12-24T01:39:27.217+0000] {processor.py:839} INFO - DAG(s) dict_keys(['latest_only_with_trigger']) retrieved from /home/airflow/.local/lib/python3.8/site-packages/airflow/example_dags/example_latest_only_with_trigger.py
[2023-12-24T01:39:27.232+0000] {logging_mixin.py:154} INFO - [2023-12-24T01:39:27.232+0000] {dag.py:2941} INFO - Sync 1 DAGs
[2023-12-24T01:39:27.244+0000] {logging_mixin.py:154} INFO - [2023-12-24T01:39:27.244+0000] {dag.py:3722} INFO - Setting next_dagrun for latest_only_with_trigger to 2023-12-23T21:39:27.244523+00:00, run_after=2023-12-24T01:39:27.244523+00:00
[2023-12-24T01:39:27.256+0000] {processor.py:179} INFO - Processing /home/airflow/.local/lib/python3.8/site-packages/airflow/example_dags/example_latest_only_with_trigger.py took 0.066 seconds
[2023-12-24T01:39:57.484+0000] {processor.py:157} INFO - Started process (PID=6772) to work on /home/airflow/.local/lib/python3.8/site-packages/airflow/example_dags/example_latest_only_with_trigger.py
[2023-12-24T01:39:57.485+0000] {processor.py:829} INFO - Processing file /home/airflow/.local/lib/python3.8/site-packages/airflow/example_dags/example_latest_only_with_trigger.py for tasks to queue
[2023-12-24T01:39:57.487+0000] {logging_mixin.py:154} INFO - [2023-12-24T01:39:57.487+0000] {dagbag.py:536} INFO - Filling up the DagBag from /home/airflow/.local/lib/python3.8/site-packages/airflow/example_dags/example_latest_only_with_trigger.py
[2023-12-24T01:39:57.492+0000] {processor.py:839} INFO - DAG(s) dict_keys(['latest_only_with_trigger']) retrieved from /home/airflow/.local/lib/python3.8/site-packages/airflow/example_dags/example_latest_only_with_trigger.py
[2023-12-24T01:39:57.507+0000] {logging_mixin.py:154} INFO - [2023-12-24T01:39:57.507+0000] {dag.py:2941} INFO - Sync 1 DAGs
[2023-12-24T01:39:57.522+0000] {logging_mixin.py:154} INFO - [2023-12-24T01:39:57.522+0000] {dag.py:3722} INFO - Setting next_dagrun for latest_only_with_trigger to 2023-12-23T21:39:57.522549+00:00, run_after=2023-12-24T01:39:57.522549+00:00
[2023-12-24T01:39:57.532+0000] {processor.py:179} INFO - Processing /home/airflow/.local/lib/python3.8/site-packages/airflow/example_dags/example_latest_only_with_trigger.py took 0.051 seconds
[2023-12-24T01:40:27.800+0000] {processor.py:157} INFO - Started process (PID=6827) to work on /home/airflow/.local/lib/python3.8/site-packages/airflow/example_dags/example_latest_only_with_trigger.py
[2023-12-24T01:40:27.801+0000] {processor.py:829} INFO - Processing file /home/airflow/.local/lib/python3.8/site-packages/airflow/example_dags/example_latest_only_with_trigger.py for tasks to queue
[2023-12-24T01:40:27.803+0000] {logging_mixin.py:154} INFO - [2023-12-24T01:40:27.803+0000] {dagbag.py:536} INFO - Filling up the DagBag from /home/airflow/.local/lib/python3.8/site-packages/airflow/example_dags/example_latest_only_with_trigger.py
[2023-12-24T01:40:27.808+0000] {processor.py:839} INFO - DAG(s) dict_keys(['latest_only_with_trigger']) retrieved from /home/airflow/.local/lib/python3.8/site-packages/airflow/example_dags/example_latest_only_with_trigger.py
[2023-12-24T01:40:27.821+0000] {logging_mixin.py:154} INFO - [2023-12-24T01:40:27.821+0000] {dag.py:2941} INFO - Sync 1 DAGs
[2023-12-24T01:40:27.833+0000] {logging_mixin.py:154} INFO - [2023-12-24T01:40:27.833+0000] {dag.py:3722} INFO - Setting next_dagrun for latest_only_with_trigger to 2023-12-23T21:40:27.833565+00:00, run_after=2023-12-24T01:40:27.833565+00:00
[2023-12-24T01:40:27.844+0000] {processor.py:179} INFO - Processing /home/airflow/.local/lib/python3.8/site-packages/airflow/example_dags/example_latest_only_with_trigger.py took 0.046 seconds
[2023-12-24T01:41:30.289+0000] {processor.py:157} INFO - Started process (PID=54) to work on /home/airflow/.local/lib/python3.8/site-packages/airflow/example_dags/example_latest_only_with_trigger.py
[2023-12-24T01:41:30.291+0000] {processor.py:829} INFO - Processing file /home/airflow/.local/lib/python3.8/site-packages/airflow/example_dags/example_latest_only_with_trigger.py for tasks to queue
[2023-12-24T01:41:30.293+0000] {logging_mixin.py:154} INFO - [2023-12-24T01:41:30.293+0000] {dagbag.py:536} INFO - Filling up the DagBag from /home/airflow/.local/lib/python3.8/site-packages/airflow/example_dags/example_latest_only_with_trigger.py
[2023-12-24T01:41:30.303+0000] {processor.py:839} INFO - DAG(s) dict_keys(['latest_only_with_trigger']) retrieved from /home/airflow/.local/lib/python3.8/site-packages/airflow/example_dags/example_latest_only_with_trigger.py
[2023-12-24T01:41:30.315+0000] {logging_mixin.py:154} INFO - [2023-12-24T01:41:30.315+0000] {dag.py:2941} INFO - Sync 1 DAGs
[2023-12-24T01:41:30.332+0000] {logging_mixin.py:154} INFO - [2023-12-24T01:41:30.332+0000] {dag.py:3722} INFO - Setting next_dagrun for latest_only_with_trigger to 2023-12-23T21:41:30.332272+00:00, run_after=2023-12-24T01:41:30.332272+00:00
[2023-12-24T01:41:30.350+0000] {processor.py:179} INFO - Processing /home/airflow/.local/lib/python3.8/site-packages/airflow/example_dags/example_latest_only_with_trigger.py took 0.064 seconds
[2023-12-24T01:42:00.842+0000] {processor.py:157} INFO - Started process (PID=110) to work on /home/airflow/.local/lib/python3.8/site-packages/airflow/example_dags/example_latest_only_with_trigger.py
[2023-12-24T01:42:00.843+0000] {processor.py:829} INFO - Processing file /home/airflow/.local/lib/python3.8/site-packages/airflow/example_dags/example_latest_only_with_trigger.py for tasks to queue
[2023-12-24T01:42:00.845+0000] {logging_mixin.py:154} INFO - [2023-12-24T01:42:00.845+0000] {dagbag.py:536} INFO - Filling up the DagBag from /home/airflow/.local/lib/python3.8/site-packages/airflow/example_dags/example_latest_only_with_trigger.py
[2023-12-24T01:42:00.849+0000] {processor.py:839} INFO - DAG(s) dict_keys(['latest_only_with_trigger']) retrieved from /home/airflow/.local/lib/python3.8/site-packages/airflow/example_dags/example_latest_only_with_trigger.py
[2023-12-24T01:42:00.863+0000] {logging_mixin.py:154} INFO - [2023-12-24T01:42:00.863+0000] {dag.py:2941} INFO - Sync 1 DAGs
[2023-12-24T01:42:00.874+0000] {logging_mixin.py:154} INFO - [2023-12-24T01:42:00.874+0000] {dag.py:3722} INFO - Setting next_dagrun for latest_only_with_trigger to 2023-12-23T21:42:00.874610+00:00, run_after=2023-12-24T01:42:00.874610+00:00
[2023-12-24T01:42:00.885+0000] {processor.py:179} INFO - Processing /home/airflow/.local/lib/python3.8/site-packages/airflow/example_dags/example_latest_only_with_trigger.py took 0.045 seconds
[2023-12-24T01:42:31.076+0000] {processor.py:157} INFO - Started process (PID=165) to work on /home/airflow/.local/lib/python3.8/site-packages/airflow/example_dags/example_latest_only_with_trigger.py
[2023-12-24T01:42:31.078+0000] {processor.py:829} INFO - Processing file /home/airflow/.local/lib/python3.8/site-packages/airflow/example_dags/example_latest_only_with_trigger.py for tasks to queue
[2023-12-24T01:42:31.079+0000] {logging_mixin.py:154} INFO - [2023-12-24T01:42:31.079+0000] {dagbag.py:536} INFO - Filling up the DagBag from /home/airflow/.local/lib/python3.8/site-packages/airflow/example_dags/example_latest_only_with_trigger.py
[2023-12-24T01:42:31.084+0000] {processor.py:839} INFO - DAG(s) dict_keys(['latest_only_with_trigger']) retrieved from /home/airflow/.local/lib/python3.8/site-packages/airflow/example_dags/example_latest_only_with_trigger.py
[2023-12-24T01:42:31.097+0000] {logging_mixin.py:154} INFO - [2023-12-24T01:42:31.097+0000] {dag.py:2941} INFO - Sync 1 DAGs
[2023-12-24T01:42:31.109+0000] {logging_mixin.py:154} INFO - [2023-12-24T01:42:31.109+0000] {dag.py:3722} INFO - Setting next_dagrun for latest_only_with_trigger to 2023-12-23T21:42:31.109076+00:00, run_after=2023-12-24T01:42:31.109076+00:00
[2023-12-24T01:42:31.119+0000] {processor.py:179} INFO - Processing /home/airflow/.local/lib/python3.8/site-packages/airflow/example_dags/example_latest_only_with_trigger.py took 0.045 seconds
[2023-12-24T01:43:02.138+0000] {processor.py:157} INFO - Started process (PID=220) to work on /home/airflow/.local/lib/python3.8/site-packages/airflow/example_dags/example_latest_only_with_trigger.py
[2023-12-24T01:43:02.139+0000] {processor.py:829} INFO - Processing file /home/airflow/.local/lib/python3.8/site-packages/airflow/example_dags/example_latest_only_with_trigger.py for tasks to queue
[2023-12-24T01:43:02.141+0000] {logging_mixin.py:154} INFO - [2023-12-24T01:43:02.141+0000] {dagbag.py:536} INFO - Filling up the DagBag from /home/airflow/.local/lib/python3.8/site-packages/airflow/example_dags/example_latest_only_with_trigger.py
[2023-12-24T01:43:02.145+0000] {processor.py:839} INFO - DAG(s) dict_keys(['latest_only_with_trigger']) retrieved from /home/airflow/.local/lib/python3.8/site-packages/airflow/example_dags/example_latest_only_with_trigger.py
[2023-12-24T01:43:02.159+0000] {logging_mixin.py:154} INFO - [2023-12-24T01:43:02.158+0000] {dag.py:2941} INFO - Sync 1 DAGs
[2023-12-24T01:43:02.284+0000] {logging_mixin.py:154} INFO - [2023-12-24T01:43:02.283+0000] {dag.py:3722} INFO - Setting next_dagrun for latest_only_with_trigger to 2023-12-23T21:43:02.283814+00:00, run_after=2023-12-24T01:43:02.283814+00:00
[2023-12-24T01:43:02.294+0000] {processor.py:179} INFO - Processing /home/airflow/.local/lib/python3.8/site-packages/airflow/example_dags/example_latest_only_with_trigger.py took 0.158 seconds
[2023-12-24T01:43:33.146+0000] {processor.py:157} INFO - Started process (PID=276) to work on /home/airflow/.local/lib/python3.8/site-packages/airflow/example_dags/example_latest_only_with_trigger.py
[2023-12-24T01:43:33.147+0000] {processor.py:829} INFO - Processing file /home/airflow/.local/lib/python3.8/site-packages/airflow/example_dags/example_latest_only_with_trigger.py for tasks to queue
[2023-12-24T01:43:33.149+0000] {logging_mixin.py:154} INFO - [2023-12-24T01:43:33.149+0000] {dagbag.py:536} INFO - Filling up the DagBag from /home/airflow/.local/lib/python3.8/site-packages/airflow/example_dags/example_latest_only_with_trigger.py
[2023-12-24T01:43:33.154+0000] {processor.py:839} INFO - DAG(s) dict_keys(['latest_only_with_trigger']) retrieved from /home/airflow/.local/lib/python3.8/site-packages/airflow/example_dags/example_latest_only_with_trigger.py
[2023-12-24T01:43:33.169+0000] {logging_mixin.py:154} INFO - [2023-12-24T01:43:33.169+0000] {dag.py:2941} INFO - Sync 1 DAGs
[2023-12-24T01:43:33.181+0000] {logging_mixin.py:154} INFO - [2023-12-24T01:43:33.181+0000] {dag.py:3722} INFO - Setting next_dagrun for latest_only_with_trigger to 2023-12-23T21:43:33.180943+00:00, run_after=2023-12-24T01:43:33.180943+00:00
[2023-12-24T01:43:33.192+0000] {processor.py:179} INFO - Processing /home/airflow/.local/lib/python3.8/site-packages/airflow/example_dags/example_latest_only_with_trigger.py took 0.048 seconds
[2023-12-24T01:44:03.272+0000] {processor.py:157} INFO - Started process (PID=331) to work on /home/airflow/.local/lib/python3.8/site-packages/airflow/example_dags/example_latest_only_with_trigger.py
[2023-12-24T01:44:03.274+0000] {processor.py:829} INFO - Processing file /home/airflow/.local/lib/python3.8/site-packages/airflow/example_dags/example_latest_only_with_trigger.py for tasks to queue
[2023-12-24T01:44:03.276+0000] {logging_mixin.py:154} INFO - [2023-12-24T01:44:03.276+0000] {dagbag.py:536} INFO - Filling up the DagBag from /home/airflow/.local/lib/python3.8/site-packages/airflow/example_dags/example_latest_only_with_trigger.py
[2023-12-24T01:44:03.280+0000] {processor.py:839} INFO - DAG(s) dict_keys(['latest_only_with_trigger']) retrieved from /home/airflow/.local/lib/python3.8/site-packages/airflow/example_dags/example_latest_only_with_trigger.py
[2023-12-24T01:44:03.293+0000] {logging_mixin.py:154} INFO - [2023-12-24T01:44:03.293+0000] {dag.py:2941} INFO - Sync 1 DAGs
[2023-12-24T01:44:03.305+0000] {logging_mixin.py:154} INFO - [2023-12-24T01:44:03.305+0000] {dag.py:3722} INFO - Setting next_dagrun for latest_only_with_trigger to 2023-12-23T21:44:03.305103+00:00, run_after=2023-12-24T01:44:03.305103+00:00
[2023-12-24T01:44:03.315+0000] {processor.py:179} INFO - Processing /home/airflow/.local/lib/python3.8/site-packages/airflow/example_dags/example_latest_only_with_trigger.py took 0.045 seconds
[2023-12-24T01:44:34.247+0000] {processor.py:157} INFO - Started process (PID=387) to work on /home/airflow/.local/lib/python3.8/site-packages/airflow/example_dags/example_latest_only_with_trigger.py
[2023-12-24T01:44:34.248+0000] {processor.py:829} INFO - Processing file /home/airflow/.local/lib/python3.8/site-packages/airflow/example_dags/example_latest_only_with_trigger.py for tasks to queue
[2023-12-24T01:44:34.250+0000] {logging_mixin.py:154} INFO - [2023-12-24T01:44:34.250+0000] {dagbag.py:536} INFO - Filling up the DagBag from /home/airflow/.local/lib/python3.8/site-packages/airflow/example_dags/example_latest_only_with_trigger.py
[2023-12-24T01:44:34.255+0000] {processor.py:839} INFO - DAG(s) dict_keys(['latest_only_with_trigger']) retrieved from /home/airflow/.local/lib/python3.8/site-packages/airflow/example_dags/example_latest_only_with_trigger.py
[2023-12-24T01:44:34.268+0000] {logging_mixin.py:154} INFO - [2023-12-24T01:44:34.268+0000] {dag.py:2941} INFO - Sync 1 DAGs
[2023-12-24T01:44:34.279+0000] {logging_mixin.py:154} INFO - [2023-12-24T01:44:34.279+0000] {dag.py:3722} INFO - Setting next_dagrun for latest_only_with_trigger to 2023-12-23T21:44:34.279381+00:00, run_after=2023-12-24T01:44:34.279381+00:00
[2023-12-24T01:44:34.289+0000] {processor.py:179} INFO - Processing /home/airflow/.local/lib/python3.8/site-packages/airflow/example_dags/example_latest_only_with_trigger.py took 0.044 seconds
[2023-12-24T01:45:05.095+0000] {processor.py:157} INFO - Started process (PID=442) to work on /home/airflow/.local/lib/python3.8/site-packages/airflow/example_dags/example_latest_only_with_trigger.py
[2023-12-24T01:45:05.096+0000] {processor.py:829} INFO - Processing file /home/airflow/.local/lib/python3.8/site-packages/airflow/example_dags/example_latest_only_with_trigger.py for tasks to queue
[2023-12-24T01:45:05.098+0000] {logging_mixin.py:154} INFO - [2023-12-24T01:45:05.098+0000] {dagbag.py:536} INFO - Filling up the DagBag from /home/airflow/.local/lib/python3.8/site-packages/airflow/example_dags/example_latest_only_with_trigger.py
[2023-12-24T01:45:05.102+0000] {processor.py:839} INFO - DAG(s) dict_keys(['latest_only_with_trigger']) retrieved from /home/airflow/.local/lib/python3.8/site-packages/airflow/example_dags/example_latest_only_with_trigger.py
[2023-12-24T01:45:05.115+0000] {logging_mixin.py:154} INFO - [2023-12-24T01:45:05.115+0000] {dag.py:2941} INFO - Sync 1 DAGs
[2023-12-24T01:45:05.223+0000] {logging_mixin.py:154} INFO - [2023-12-24T01:45:05.223+0000] {dag.py:3722} INFO - Setting next_dagrun for latest_only_with_trigger to 2023-12-23T21:45:05.223166+00:00, run_after=2023-12-24T01:45:05.223166+00:00
[2023-12-24T01:45:05.234+0000] {processor.py:179} INFO - Processing /home/airflow/.local/lib/python3.8/site-packages/airflow/example_dags/example_latest_only_with_trigger.py took 0.142 seconds
[2023-12-24T01:45:35.923+0000] {processor.py:157} INFO - Started process (PID=498) to work on /home/airflow/.local/lib/python3.8/site-packages/airflow/example_dags/example_latest_only_with_trigger.py
[2023-12-24T01:45:35.924+0000] {processor.py:829} INFO - Processing file /home/airflow/.local/lib/python3.8/site-packages/airflow/example_dags/example_latest_only_with_trigger.py for tasks to queue
[2023-12-24T01:45:35.926+0000] {logging_mixin.py:154} INFO - [2023-12-24T01:45:35.926+0000] {dagbag.py:536} INFO - Filling up the DagBag from /home/airflow/.local/lib/python3.8/site-packages/airflow/example_dags/example_latest_only_with_trigger.py
[2023-12-24T01:45:35.930+0000] {processor.py:839} INFO - DAG(s) dict_keys(['latest_only_with_trigger']) retrieved from /home/airflow/.local/lib/python3.8/site-packages/airflow/example_dags/example_latest_only_with_trigger.py
[2023-12-24T01:45:35.944+0000] {logging_mixin.py:154} INFO - [2023-12-24T01:45:35.944+0000] {dag.py:2941} INFO - Sync 1 DAGs
[2023-12-24T01:45:35.958+0000] {logging_mixin.py:154} INFO - [2023-12-24T01:45:35.957+0000] {dag.py:3722} INFO - Setting next_dagrun for latest_only_with_trigger to 2023-12-23T21:45:35.957706+00:00, run_after=2023-12-24T01:45:35.957706+00:00
[2023-12-24T01:45:36.073+0000] {processor.py:179} INFO - Processing /home/airflow/.local/lib/python3.8/site-packages/airflow/example_dags/example_latest_only_with_trigger.py took 0.153 seconds
[2023-12-24T01:46:06.347+0000] {processor.py:157} INFO - Started process (PID=553) to work on /home/airflow/.local/lib/python3.8/site-packages/airflow/example_dags/example_latest_only_with_trigger.py
[2023-12-24T01:46:06.348+0000] {processor.py:829} INFO - Processing file /home/airflow/.local/lib/python3.8/site-packages/airflow/example_dags/example_latest_only_with_trigger.py for tasks to queue
[2023-12-24T01:46:06.350+0000] {logging_mixin.py:154} INFO - [2023-12-24T01:46:06.350+0000] {dagbag.py:536} INFO - Filling up the DagBag from /home/airflow/.local/lib/python3.8/site-packages/airflow/example_dags/example_latest_only_with_trigger.py
[2023-12-24T01:46:06.354+0000] {processor.py:839} INFO - DAG(s) dict_keys(['latest_only_with_trigger']) retrieved from /home/airflow/.local/lib/python3.8/site-packages/airflow/example_dags/example_latest_only_with_trigger.py
[2023-12-24T01:46:06.368+0000] {logging_mixin.py:154} INFO - [2023-12-24T01:46:06.368+0000] {dag.py:2941} INFO - Sync 1 DAGs
[2023-12-24T01:46:06.381+0000] {logging_mixin.py:154} INFO - [2023-12-24T01:46:06.381+0000] {dag.py:3722} INFO - Setting next_dagrun for latest_only_with_trigger to 2023-12-23T21:46:06.381404+00:00, run_after=2023-12-24T01:46:06.381404+00:00
[2023-12-24T01:46:06.394+0000] {processor.py:179} INFO - Processing /home/airflow/.local/lib/python3.8/site-packages/airflow/example_dags/example_latest_only_with_trigger.py took 0.049 seconds
[2023-12-24T01:46:37.286+0000] {processor.py:157} INFO - Started process (PID=608) to work on /home/airflow/.local/lib/python3.8/site-packages/airflow/example_dags/example_latest_only_with_trigger.py
[2023-12-24T01:46:37.287+0000] {processor.py:829} INFO - Processing file /home/airflow/.local/lib/python3.8/site-packages/airflow/example_dags/example_latest_only_with_trigger.py for tasks to queue
[2023-12-24T01:46:37.289+0000] {logging_mixin.py:154} INFO - [2023-12-24T01:46:37.289+0000] {dagbag.py:536} INFO - Filling up the DagBag from /home/airflow/.local/lib/python3.8/site-packages/airflow/example_dags/example_latest_only_with_trigger.py
[2023-12-24T01:46:37.398+0000] {processor.py:839} INFO - DAG(s) dict_keys(['latest_only_with_trigger']) retrieved from /home/airflow/.local/lib/python3.8/site-packages/airflow/example_dags/example_latest_only_with_trigger.py
[2023-12-24T01:46:37.411+0000] {logging_mixin.py:154} INFO - [2023-12-24T01:46:37.411+0000] {dag.py:2941} INFO - Sync 1 DAGs
[2023-12-24T01:46:37.423+0000] {logging_mixin.py:154} INFO - [2023-12-24T01:46:37.423+0000] {dag.py:3722} INFO - Setting next_dagrun for latest_only_with_trigger to 2023-12-23T21:46:37.422992+00:00, run_after=2023-12-24T01:46:37.422992+00:00
[2023-12-24T01:46:37.431+0000] {processor.py:179} INFO - Processing /home/airflow/.local/lib/python3.8/site-packages/airflow/example_dags/example_latest_only_with_trigger.py took 0.148 seconds
[2023-12-24T01:50:41.868+0000] {processor.py:157} INFO - Started process (PID=1041) to work on /home/airflow/.local/lib/python3.8/site-packages/airflow/example_dags/example_latest_only_with_trigger.py
[2023-12-24T01:50:41.870+0000] {processor.py:829} INFO - Processing file /home/airflow/.local/lib/python3.8/site-packages/airflow/example_dags/example_latest_only_with_trigger.py for tasks to queue
[2023-12-24T01:50:41.871+0000] {logging_mixin.py:154} INFO - [2023-12-24T01:50:41.871+0000] {dagbag.py:536} INFO - Filling up the DagBag from /home/airflow/.local/lib/python3.8/site-packages/airflow/example_dags/example_latest_only_with_trigger.py
[2023-12-24T01:50:41.876+0000] {processor.py:839} INFO - DAG(s) dict_keys(['latest_only_with_trigger']) retrieved from /home/airflow/.local/lib/python3.8/site-packages/airflow/example_dags/example_latest_only_with_trigger.py
[2023-12-24T01:50:41.939+0000] {logging_mixin.py:154} INFO - [2023-12-24T01:50:41.939+0000] {dag.py:2941} INFO - Sync 1 DAGs
[2023-12-24T01:50:41.952+0000] {logging_mixin.py:154} INFO - [2023-12-24T01:50:41.952+0000] {dag.py:3722} INFO - Setting next_dagrun for latest_only_with_trigger to 2023-12-23T21:50:41.951899+00:00, run_after=2023-12-24T01:50:41.951899+00:00
[2023-12-24T01:50:41.966+0000] {processor.py:179} INFO - Processing /home/airflow/.local/lib/python3.8/site-packages/airflow/example_dags/example_latest_only_with_trigger.py took 0.100 seconds
[2023-12-24T01:51:12.858+0000] {processor.py:157} INFO - Started process (PID=1096) to work on /home/airflow/.local/lib/python3.8/site-packages/airflow/example_dags/example_latest_only_with_trigger.py
[2023-12-24T01:51:12.859+0000] {processor.py:829} INFO - Processing file /home/airflow/.local/lib/python3.8/site-packages/airflow/example_dags/example_latest_only_with_trigger.py for tasks to queue
[2023-12-24T01:51:12.860+0000] {logging_mixin.py:154} INFO - [2023-12-24T01:51:12.860+0000] {dagbag.py:536} INFO - Filling up the DagBag from /home/airflow/.local/lib/python3.8/site-packages/airflow/example_dags/example_latest_only_with_trigger.py
[2023-12-24T01:51:12.866+0000] {processor.py:839} INFO - DAG(s) dict_keys(['latest_only_with_trigger']) retrieved from /home/airflow/.local/lib/python3.8/site-packages/airflow/example_dags/example_latest_only_with_trigger.py
[2023-12-24T01:51:12.881+0000] {logging_mixin.py:154} INFO - [2023-12-24T01:51:12.881+0000] {dag.py:2941} INFO - Sync 1 DAGs
[2023-12-24T01:51:12.896+0000] {logging_mixin.py:154} INFO - [2023-12-24T01:51:12.896+0000] {dag.py:3722} INFO - Setting next_dagrun for latest_only_with_trigger to 2023-12-23T21:51:12.896271+00:00, run_after=2023-12-24T01:51:12.896271+00:00
[2023-12-24T01:51:12.908+0000] {processor.py:179} INFO - Processing /home/airflow/.local/lib/python3.8/site-packages/airflow/example_dags/example_latest_only_with_trigger.py took 0.052 seconds
[2023-12-24T01:51:43.061+0000] {processor.py:157} INFO - Started process (PID=1152) to work on /home/airflow/.local/lib/python3.8/site-packages/airflow/example_dags/example_latest_only_with_trigger.py
[2023-12-24T01:51:43.062+0000] {processor.py:829} INFO - Processing file /home/airflow/.local/lib/python3.8/site-packages/airflow/example_dags/example_latest_only_with_trigger.py for tasks to queue
[2023-12-24T01:51:43.063+0000] {logging_mixin.py:154} INFO - [2023-12-24T01:51:43.063+0000] {dagbag.py:536} INFO - Filling up the DagBag from /home/airflow/.local/lib/python3.8/site-packages/airflow/example_dags/example_latest_only_with_trigger.py
[2023-12-24T01:51:43.068+0000] {processor.py:839} INFO - DAG(s) dict_keys(['latest_only_with_trigger']) retrieved from /home/airflow/.local/lib/python3.8/site-packages/airflow/example_dags/example_latest_only_with_trigger.py
[2023-12-24T01:51:43.083+0000] {logging_mixin.py:154} INFO - [2023-12-24T01:51:43.083+0000] {dag.py:2941} INFO - Sync 1 DAGs
[2023-12-24T01:51:43.096+0000] {logging_mixin.py:154} INFO - [2023-12-24T01:51:43.096+0000] {dag.py:3722} INFO - Setting next_dagrun for latest_only_with_trigger to 2023-12-23T21:51:43.096412+00:00, run_after=2023-12-24T01:51:43.096412+00:00
[2023-12-24T01:51:43.109+0000] {processor.py:179} INFO - Processing /home/airflow/.local/lib/python3.8/site-packages/airflow/example_dags/example_latest_only_with_trigger.py took 0.050 seconds
[2023-12-24T01:52:13.229+0000] {processor.py:157} INFO - Started process (PID=1207) to work on /home/airflow/.local/lib/python3.8/site-packages/airflow/example_dags/example_latest_only_with_trigger.py
[2023-12-24T01:52:13.230+0000] {processor.py:829} INFO - Processing file /home/airflow/.local/lib/python3.8/site-packages/airflow/example_dags/example_latest_only_with_trigger.py for tasks to queue
[2023-12-24T01:52:13.231+0000] {logging_mixin.py:154} INFO - [2023-12-24T01:52:13.231+0000] {dagbag.py:536} INFO - Filling up the DagBag from /home/airflow/.local/lib/python3.8/site-packages/airflow/example_dags/example_latest_only_with_trigger.py
[2023-12-24T01:52:13.236+0000] {processor.py:839} INFO - DAG(s) dict_keys(['latest_only_with_trigger']) retrieved from /home/airflow/.local/lib/python3.8/site-packages/airflow/example_dags/example_latest_only_with_trigger.py
[2023-12-24T01:52:13.249+0000] {logging_mixin.py:154} INFO - [2023-12-24T01:52:13.248+0000] {dag.py:2941} INFO - Sync 1 DAGs
[2023-12-24T01:52:13.276+0000] {logging_mixin.py:154} INFO - [2023-12-24T01:52:13.276+0000] {dag.py:3722} INFO - Setting next_dagrun for latest_only_with_trigger to 2023-12-23T21:52:13.275869+00:00, run_after=2023-12-24T01:52:13.275869+00:00
[2023-12-24T01:52:13.287+0000] {processor.py:179} INFO - Processing /home/airflow/.local/lib/python3.8/site-packages/airflow/example_dags/example_latest_only_with_trigger.py took 0.060 seconds
[2023-12-24T01:52:43.475+0000] {processor.py:157} INFO - Started process (PID=1262) to work on /home/airflow/.local/lib/python3.8/site-packages/airflow/example_dags/example_latest_only_with_trigger.py
[2023-12-24T01:52:43.476+0000] {processor.py:829} INFO - Processing file /home/airflow/.local/lib/python3.8/site-packages/airflow/example_dags/example_latest_only_with_trigger.py for tasks to queue
[2023-12-24T01:52:43.477+0000] {logging_mixin.py:154} INFO - [2023-12-24T01:52:43.477+0000] {dagbag.py:536} INFO - Filling up the DagBag from /home/airflow/.local/lib/python3.8/site-packages/airflow/example_dags/example_latest_only_with_trigger.py
[2023-12-24T01:52:43.483+0000] {processor.py:839} INFO - DAG(s) dict_keys(['latest_only_with_trigger']) retrieved from /home/airflow/.local/lib/python3.8/site-packages/airflow/example_dags/example_latest_only_with_trigger.py
[2023-12-24T01:52:43.498+0000] {logging_mixin.py:154} INFO - [2023-12-24T01:52:43.498+0000] {dag.py:2941} INFO - Sync 1 DAGs
[2023-12-24T01:52:43.510+0000] {logging_mixin.py:154} INFO - [2023-12-24T01:52:43.510+0000] {dag.py:3722} INFO - Setting next_dagrun for latest_only_with_trigger to 2023-12-23T21:52:43.510588+00:00, run_after=2023-12-24T01:52:43.510588+00:00
[2023-12-24T01:52:43.520+0000] {processor.py:179} INFO - Processing /home/airflow/.local/lib/python3.8/site-packages/airflow/example_dags/example_latest_only_with_trigger.py took 0.048 seconds
