[2023-12-24T00:16:12.102+0000] {processor.py:157} INFO - Started process (PID=6223) to work on /home/airflow/.local/lib/python3.8/site-packages/airflow/example_dags/example_xcom.py
[2023-12-24T00:16:12.104+0000] {processor.py:829} INFO - Processing file /home/airflow/.local/lib/python3.8/site-packages/airflow/example_dags/example_xcom.py for tasks to queue
[2023-12-24T00:16:12.106+0000] {logging_mixin.py:154} INFO - [2023-12-24T00:16:12.106+0000] {dagbag.py:536} INFO - Filling up the DagBag from /home/airflow/.local/lib/python3.8/site-packages/airflow/example_dags/example_xcom.py
[2023-12-24T00:16:12.112+0000] {processor.py:839} INFO - DAG(s) dict_keys(['example_xcom']) retrieved from /home/airflow/.local/lib/python3.8/site-packages/airflow/example_dags/example_xcom.py
[2023-12-24T00:16:12.127+0000] {logging_mixin.py:154} INFO - [2023-12-24T00:16:12.127+0000] {dag.py:2941} INFO - Sync 1 DAGs
[2023-12-24T00:16:12.141+0000] {logging_mixin.py:154} INFO - [2023-12-24T00:16:12.141+0000] {dag.py:3722} INFO - Setting next_dagrun for example_xcom to 2021-01-01T00:00:00+00:00, run_after=2021-01-01T00:00:00+00:00
[2023-12-24T00:16:12.154+0000] {processor.py:179} INFO - Processing /home/airflow/.local/lib/python3.8/site-packages/airflow/example_dags/example_xcom.py took 0.055 seconds
[2023-12-24T00:16:42.399+0000] {processor.py:157} INFO - Started process (PID=6279) to work on /home/airflow/.local/lib/python3.8/site-packages/airflow/example_dags/example_xcom.py
[2023-12-24T00:16:42.400+0000] {processor.py:829} INFO - Processing file /home/airflow/.local/lib/python3.8/site-packages/airflow/example_dags/example_xcom.py for tasks to queue
[2023-12-24T00:16:42.402+0000] {logging_mixin.py:154} INFO - [2023-12-24T00:16:42.402+0000] {dagbag.py:536} INFO - Filling up the DagBag from /home/airflow/.local/lib/python3.8/site-packages/airflow/example_dags/example_xcom.py
[2023-12-24T00:16:42.407+0000] {processor.py:839} INFO - DAG(s) dict_keys(['example_xcom']) retrieved from /home/airflow/.local/lib/python3.8/site-packages/airflow/example_dags/example_xcom.py
[2023-12-24T00:16:42.421+0000] {logging_mixin.py:154} INFO - [2023-12-24T00:16:42.421+0000] {dag.py:2941} INFO - Sync 1 DAGs
[2023-12-24T00:16:42.433+0000] {logging_mixin.py:154} INFO - [2023-12-24T00:16:42.433+0000] {dag.py:3722} INFO - Setting next_dagrun for example_xcom to 2021-01-01T00:00:00+00:00, run_after=2021-01-01T00:00:00+00:00
[2023-12-24T00:16:42.442+0000] {processor.py:179} INFO - Processing /home/airflow/.local/lib/python3.8/site-packages/airflow/example_dags/example_xcom.py took 0.045 seconds
[2023-12-24T00:33:51.320+0000] {processor.py:157} INFO - Started process (PID=6335) to work on /home/airflow/.local/lib/python3.8/site-packages/airflow/example_dags/example_xcom.py
[2023-12-24T00:33:51.321+0000] {processor.py:829} INFO - Processing file /home/airflow/.local/lib/python3.8/site-packages/airflow/example_dags/example_xcom.py for tasks to queue
[2023-12-24T00:33:51.323+0000] {logging_mixin.py:154} INFO - [2023-12-24T00:33:51.323+0000] {dagbag.py:536} INFO - Filling up the DagBag from /home/airflow/.local/lib/python3.8/site-packages/airflow/example_dags/example_xcom.py
[2023-12-24T00:33:51.328+0000] {processor.py:839} INFO - DAG(s) dict_keys(['example_xcom']) retrieved from /home/airflow/.local/lib/python3.8/site-packages/airflow/example_dags/example_xcom.py
[2023-12-24T00:33:51.342+0000] {logging_mixin.py:154} INFO - [2023-12-24T00:33:51.342+0000] {dag.py:2941} INFO - Sync 1 DAGs
[2023-12-24T00:33:51.354+0000] {logging_mixin.py:154} INFO - [2023-12-24T00:33:51.354+0000] {dag.py:3722} INFO - Setting next_dagrun for example_xcom to 2021-01-01T00:00:00+00:00, run_after=2021-01-01T00:00:00+00:00
[2023-12-24T00:33:51.364+0000] {processor.py:179} INFO - Processing /home/airflow/.local/lib/python3.8/site-packages/airflow/example_dags/example_xcom.py took 0.047 seconds
[2023-12-24T00:34:21.576+0000] {processor.py:157} INFO - Started process (PID=6391) to work on /home/airflow/.local/lib/python3.8/site-packages/airflow/example_dags/example_xcom.py
[2023-12-24T00:34:21.577+0000] {processor.py:829} INFO - Processing file /home/airflow/.local/lib/python3.8/site-packages/airflow/example_dags/example_xcom.py for tasks to queue
[2023-12-24T00:34:21.580+0000] {logging_mixin.py:154} INFO - [2023-12-24T00:34:21.579+0000] {dagbag.py:536} INFO - Filling up the DagBag from /home/airflow/.local/lib/python3.8/site-packages/airflow/example_dags/example_xcom.py
[2023-12-24T00:34:21.585+0000] {processor.py:839} INFO - DAG(s) dict_keys(['example_xcom']) retrieved from /home/airflow/.local/lib/python3.8/site-packages/airflow/example_dags/example_xcom.py
[2023-12-24T00:34:21.598+0000] {logging_mixin.py:154} INFO - [2023-12-24T00:34:21.598+0000] {dag.py:2941} INFO - Sync 1 DAGs
[2023-12-24T00:34:21.610+0000] {logging_mixin.py:154} INFO - [2023-12-24T00:34:21.610+0000] {dag.py:3722} INFO - Setting next_dagrun for example_xcom to 2021-01-01T00:00:00+00:00, run_after=2021-01-01T00:00:00+00:00
[2023-12-24T00:34:21.620+0000] {processor.py:179} INFO - Processing /home/airflow/.local/lib/python3.8/site-packages/airflow/example_dags/example_xcom.py took 0.047 seconds
[2023-12-24T00:51:36.708+0000] {processor.py:157} INFO - Started process (PID=6446) to work on /home/airflow/.local/lib/python3.8/site-packages/airflow/example_dags/example_xcom.py
[2023-12-24T00:51:36.710+0000] {processor.py:829} INFO - Processing file /home/airflow/.local/lib/python3.8/site-packages/airflow/example_dags/example_xcom.py for tasks to queue
[2023-12-24T00:51:36.714+0000] {logging_mixin.py:154} INFO - [2023-12-24T00:51:36.713+0000] {dagbag.py:536} INFO - Filling up the DagBag from /home/airflow/.local/lib/python3.8/site-packages/airflow/example_dags/example_xcom.py
[2023-12-24T00:51:36.722+0000] {processor.py:839} INFO - DAG(s) dict_keys(['example_xcom']) retrieved from /home/airflow/.local/lib/python3.8/site-packages/airflow/example_dags/example_xcom.py
[2023-12-24T00:51:36.741+0000] {logging_mixin.py:154} INFO - [2023-12-24T00:51:36.741+0000] {dag.py:2941} INFO - Sync 1 DAGs
[2023-12-24T00:51:36.758+0000] {logging_mixin.py:154} INFO - [2023-12-24T00:51:36.758+0000] {dag.py:3722} INFO - Setting next_dagrun for example_xcom to 2021-01-01T00:00:00+00:00, run_after=2021-01-01T00:00:00+00:00
[2023-12-24T00:51:36.774+0000] {processor.py:179} INFO - Processing /home/airflow/.local/lib/python3.8/site-packages/airflow/example_dags/example_xcom.py took 0.071 seconds
[2023-12-24T00:52:07.093+0000] {processor.py:157} INFO - Started process (PID=6501) to work on /home/airflow/.local/lib/python3.8/site-packages/airflow/example_dags/example_xcom.py
[2023-12-24T00:52:07.094+0000] {processor.py:829} INFO - Processing file /home/airflow/.local/lib/python3.8/site-packages/airflow/example_dags/example_xcom.py for tasks to queue
[2023-12-24T00:52:07.096+0000] {logging_mixin.py:154} INFO - [2023-12-24T00:52:07.096+0000] {dagbag.py:536} INFO - Filling up the DagBag from /home/airflow/.local/lib/python3.8/site-packages/airflow/example_dags/example_xcom.py
[2023-12-24T00:52:07.101+0000] {processor.py:839} INFO - DAG(s) dict_keys(['example_xcom']) retrieved from /home/airflow/.local/lib/python3.8/site-packages/airflow/example_dags/example_xcom.py
[2023-12-24T00:52:07.114+0000] {logging_mixin.py:154} INFO - [2023-12-24T00:52:07.114+0000] {dag.py:2941} INFO - Sync 1 DAGs
[2023-12-24T00:52:07.126+0000] {logging_mixin.py:154} INFO - [2023-12-24T00:52:07.126+0000] {dag.py:3722} INFO - Setting next_dagrun for example_xcom to 2021-01-01T00:00:00+00:00, run_after=2021-01-01T00:00:00+00:00
[2023-12-24T00:52:07.137+0000] {processor.py:179} INFO - Processing /home/airflow/.local/lib/python3.8/site-packages/airflow/example_dags/example_xcom.py took 0.047 seconds
[2023-12-24T01:08:53.459+0000] {processor.py:157} INFO - Started process (PID=6556) to work on /home/airflow/.local/lib/python3.8/site-packages/airflow/example_dags/example_xcom.py
[2023-12-24T01:08:53.460+0000] {processor.py:829} INFO - Processing file /home/airflow/.local/lib/python3.8/site-packages/airflow/example_dags/example_xcom.py for tasks to queue
[2023-12-24T01:08:53.462+0000] {logging_mixin.py:154} INFO - [2023-12-24T01:08:53.462+0000] {dagbag.py:536} INFO - Filling up the DagBag from /home/airflow/.local/lib/python3.8/site-packages/airflow/example_dags/example_xcom.py
[2023-12-24T01:08:53.468+0000] {processor.py:839} INFO - DAG(s) dict_keys(['example_xcom']) retrieved from /home/airflow/.local/lib/python3.8/site-packages/airflow/example_dags/example_xcom.py
[2023-12-24T01:08:53.481+0000] {logging_mixin.py:154} INFO - [2023-12-24T01:08:53.481+0000] {dag.py:2941} INFO - Sync 1 DAGs
[2023-12-24T01:08:53.492+0000] {logging_mixin.py:154} INFO - [2023-12-24T01:08:53.492+0000] {dag.py:3722} INFO - Setting next_dagrun for example_xcom to 2021-01-01T00:00:00+00:00, run_after=2021-01-01T00:00:00+00:00
[2023-12-24T01:08:53.501+0000] {processor.py:179} INFO - Processing /home/airflow/.local/lib/python3.8/site-packages/airflow/example_dags/example_xcom.py took 0.044 seconds
[2023-12-24T01:26:17.589+0000] {processor.py:157} INFO - Started process (PID=6612) to work on /home/airflow/.local/lib/python3.8/site-packages/airflow/example_dags/example_xcom.py
[2023-12-24T01:26:17.590+0000] {processor.py:829} INFO - Processing file /home/airflow/.local/lib/python3.8/site-packages/airflow/example_dags/example_xcom.py for tasks to queue
[2023-12-24T01:26:17.592+0000] {logging_mixin.py:154} INFO - [2023-12-24T01:26:17.592+0000] {dagbag.py:536} INFO - Filling up the DagBag from /home/airflow/.local/lib/python3.8/site-packages/airflow/example_dags/example_xcom.py
[2023-12-24T01:26:17.597+0000] {processor.py:839} INFO - DAG(s) dict_keys(['example_xcom']) retrieved from /home/airflow/.local/lib/python3.8/site-packages/airflow/example_dags/example_xcom.py
[2023-12-24T01:26:17.611+0000] {logging_mixin.py:154} INFO - [2023-12-24T01:26:17.611+0000] {dag.py:2941} INFO - Sync 1 DAGs
[2023-12-24T01:26:17.622+0000] {logging_mixin.py:154} INFO - [2023-12-24T01:26:17.622+0000] {dag.py:3722} INFO - Setting next_dagrun for example_xcom to 2021-01-01T00:00:00+00:00, run_after=2021-01-01T00:00:00+00:00
[2023-12-24T01:26:17.632+0000] {processor.py:179} INFO - Processing /home/airflow/.local/lib/python3.8/site-packages/airflow/example_dags/example_xcom.py took 0.045 seconds
[2023-12-24T01:26:47.890+0000] {processor.py:157} INFO - Started process (PID=6668) to work on /home/airflow/.local/lib/python3.8/site-packages/airflow/example_dags/example_xcom.py
[2023-12-24T01:26:47.891+0000] {processor.py:829} INFO - Processing file /home/airflow/.local/lib/python3.8/site-packages/airflow/example_dags/example_xcom.py for tasks to queue
[2023-12-24T01:26:47.893+0000] {logging_mixin.py:154} INFO - [2023-12-24T01:26:47.893+0000] {dagbag.py:536} INFO - Filling up the DagBag from /home/airflow/.local/lib/python3.8/site-packages/airflow/example_dags/example_xcom.py
[2023-12-24T01:26:47.897+0000] {processor.py:839} INFO - DAG(s) dict_keys(['example_xcom']) retrieved from /home/airflow/.local/lib/python3.8/site-packages/airflow/example_dags/example_xcom.py
[2023-12-24T01:26:47.911+0000] {logging_mixin.py:154} INFO - [2023-12-24T01:26:47.911+0000] {dag.py:2941} INFO - Sync 1 DAGs
[2023-12-24T01:26:47.924+0000] {logging_mixin.py:154} INFO - [2023-12-24T01:26:47.924+0000] {dag.py:3722} INFO - Setting next_dagrun for example_xcom to 2021-01-01T00:00:00+00:00, run_after=2021-01-01T00:00:00+00:00
[2023-12-24T01:26:47.934+0000] {processor.py:179} INFO - Processing /home/airflow/.local/lib/python3.8/site-packages/airflow/example_dags/example_xcom.py took 0.047 seconds
[2023-12-24T01:39:27.475+0000] {processor.py:157} INFO - Started process (PID=6725) to work on /home/airflow/.local/lib/python3.8/site-packages/airflow/example_dags/example_xcom.py
[2023-12-24T01:39:27.477+0000] {processor.py:829} INFO - Processing file /home/airflow/.local/lib/python3.8/site-packages/airflow/example_dags/example_xcom.py for tasks to queue
[2023-12-24T01:39:27.479+0000] {logging_mixin.py:154} INFO - [2023-12-24T01:39:27.479+0000] {dagbag.py:536} INFO - Filling up the DagBag from /home/airflow/.local/lib/python3.8/site-packages/airflow/example_dags/example_xcom.py
[2023-12-24T01:39:27.484+0000] {processor.py:839} INFO - DAG(s) dict_keys(['example_xcom']) retrieved from /home/airflow/.local/lib/python3.8/site-packages/airflow/example_dags/example_xcom.py
[2023-12-24T01:39:27.498+0000] {logging_mixin.py:154} INFO - [2023-12-24T01:39:27.498+0000] {dag.py:2941} INFO - Sync 1 DAGs
[2023-12-24T01:39:27.510+0000] {logging_mixin.py:154} INFO - [2023-12-24T01:39:27.510+0000] {dag.py:3722} INFO - Setting next_dagrun for example_xcom to 2021-01-01T00:00:00+00:00, run_after=2021-01-01T00:00:00+00:00
[2023-12-24T01:39:27.520+0000] {processor.py:179} INFO - Processing /home/airflow/.local/lib/python3.8/site-packages/airflow/example_dags/example_xcom.py took 0.047 seconds
[2023-12-24T01:39:57.806+0000] {processor.py:157} INFO - Started process (PID=6780) to work on /home/airflow/.local/lib/python3.8/site-packages/airflow/example_dags/example_xcom.py
[2023-12-24T01:39:57.807+0000] {processor.py:829} INFO - Processing file /home/airflow/.local/lib/python3.8/site-packages/airflow/example_dags/example_xcom.py for tasks to queue
[2023-12-24T01:39:57.809+0000] {logging_mixin.py:154} INFO - [2023-12-24T01:39:57.808+0000] {dagbag.py:536} INFO - Filling up the DagBag from /home/airflow/.local/lib/python3.8/site-packages/airflow/example_dags/example_xcom.py
[2023-12-24T01:39:57.814+0000] {processor.py:839} INFO - DAG(s) dict_keys(['example_xcom']) retrieved from /home/airflow/.local/lib/python3.8/site-packages/airflow/example_dags/example_xcom.py
[2023-12-24T01:39:57.827+0000] {logging_mixin.py:154} INFO - [2023-12-24T01:39:57.827+0000] {dag.py:2941} INFO - Sync 1 DAGs
[2023-12-24T01:39:57.839+0000] {logging_mixin.py:154} INFO - [2023-12-24T01:39:57.839+0000] {dag.py:3722} INFO - Setting next_dagrun for example_xcom to 2021-01-01T00:00:00+00:00, run_after=2021-01-01T00:00:00+00:00
[2023-12-24T01:39:57.849+0000] {processor.py:179} INFO - Processing /home/airflow/.local/lib/python3.8/site-packages/airflow/example_dags/example_xcom.py took 0.046 seconds
[2023-12-24T01:40:28.057+0000] {processor.py:157} INFO - Started process (PID=6835) to work on /home/airflow/.local/lib/python3.8/site-packages/airflow/example_dags/example_xcom.py
[2023-12-24T01:40:28.065+0000] {processor.py:829} INFO - Processing file /home/airflow/.local/lib/python3.8/site-packages/airflow/example_dags/example_xcom.py for tasks to queue
[2023-12-24T01:40:28.068+0000] {logging_mixin.py:154} INFO - [2023-12-24T01:40:28.067+0000] {dagbag.py:536} INFO - Filling up the DagBag from /home/airflow/.local/lib/python3.8/site-packages/airflow/example_dags/example_xcom.py
[2023-12-24T01:40:28.073+0000] {processor.py:839} INFO - DAG(s) dict_keys(['example_xcom']) retrieved from /home/airflow/.local/lib/python3.8/site-packages/airflow/example_dags/example_xcom.py
[2023-12-24T01:40:28.086+0000] {logging_mixin.py:154} INFO - [2023-12-24T01:40:28.086+0000] {dag.py:2941} INFO - Sync 1 DAGs
[2023-12-24T01:40:28.098+0000] {logging_mixin.py:154} INFO - [2023-12-24T01:40:28.098+0000] {dag.py:3722} INFO - Setting next_dagrun for example_xcom to 2021-01-01T00:00:00+00:00, run_after=2021-01-01T00:00:00+00:00
[2023-12-24T01:40:28.108+0000] {processor.py:179} INFO - Processing /home/airflow/.local/lib/python3.8/site-packages/airflow/example_dags/example_xcom.py took 0.053 seconds
[2023-12-24T01:41:30.689+0000] {processor.py:157} INFO - Started process (PID=62) to work on /home/airflow/.local/lib/python3.8/site-packages/airflow/example_dags/example_xcom.py
[2023-12-24T01:41:30.691+0000] {processor.py:829} INFO - Processing file /home/airflow/.local/lib/python3.8/site-packages/airflow/example_dags/example_xcom.py for tasks to queue
[2023-12-24T01:41:30.693+0000] {logging_mixin.py:154} INFO - [2023-12-24T01:41:30.693+0000] {dagbag.py:536} INFO - Filling up the DagBag from /home/airflow/.local/lib/python3.8/site-packages/airflow/example_dags/example_xcom.py
[2023-12-24T01:41:30.701+0000] {processor.py:839} INFO - DAG(s) dict_keys(['example_xcom']) retrieved from /home/airflow/.local/lib/python3.8/site-packages/airflow/example_dags/example_xcom.py
[2023-12-24T01:41:30.713+0000] {logging_mixin.py:154} INFO - [2023-12-24T01:41:30.713+0000] {dag.py:2941} INFO - Sync 1 DAGs
[2023-12-24T01:41:30.728+0000] {logging_mixin.py:154} INFO - [2023-12-24T01:41:30.728+0000] {dag.py:3722} INFO - Setting next_dagrun for example_xcom to 2021-01-01T00:00:00+00:00, run_after=2021-01-01T00:00:00+00:00
[2023-12-24T01:41:30.741+0000] {processor.py:179} INFO - Processing /home/airflow/.local/lib/python3.8/site-packages/airflow/example_dags/example_xcom.py took 0.054 seconds
[2023-12-24T01:42:01.164+0000] {processor.py:157} INFO - Started process (PID=118) to work on /home/airflow/.local/lib/python3.8/site-packages/airflow/example_dags/example_xcom.py
[2023-12-24T01:42:01.166+0000] {processor.py:829} INFO - Processing file /home/airflow/.local/lib/python3.8/site-packages/airflow/example_dags/example_xcom.py for tasks to queue
[2023-12-24T01:42:01.168+0000] {logging_mixin.py:154} INFO - [2023-12-24T01:42:01.167+0000] {dagbag.py:536} INFO - Filling up the DagBag from /home/airflow/.local/lib/python3.8/site-packages/airflow/example_dags/example_xcom.py
[2023-12-24T01:42:01.173+0000] {processor.py:839} INFO - DAG(s) dict_keys(['example_xcom']) retrieved from /home/airflow/.local/lib/python3.8/site-packages/airflow/example_dags/example_xcom.py
[2023-12-24T01:42:01.187+0000] {logging_mixin.py:154} INFO - [2023-12-24T01:42:01.187+0000] {dag.py:2941} INFO - Sync 1 DAGs
[2023-12-24T01:42:01.199+0000] {logging_mixin.py:154} INFO - [2023-12-24T01:42:01.199+0000] {dag.py:3722} INFO - Setting next_dagrun for example_xcom to 2021-01-01T00:00:00+00:00, run_after=2021-01-01T00:00:00+00:00
[2023-12-24T01:42:01.209+0000] {processor.py:179} INFO - Processing /home/airflow/.local/lib/python3.8/site-packages/airflow/example_dags/example_xcom.py took 0.048 seconds
[2023-12-24T01:42:31.393+0000] {processor.py:157} INFO - Started process (PID=173) to work on /home/airflow/.local/lib/python3.8/site-packages/airflow/example_dags/example_xcom.py
[2023-12-24T01:42:31.394+0000] {processor.py:829} INFO - Processing file /home/airflow/.local/lib/python3.8/site-packages/airflow/example_dags/example_xcom.py for tasks to queue
[2023-12-24T01:42:31.396+0000] {logging_mixin.py:154} INFO - [2023-12-24T01:42:31.396+0000] {dagbag.py:536} INFO - Filling up the DagBag from /home/airflow/.local/lib/python3.8/site-packages/airflow/example_dags/example_xcom.py
[2023-12-24T01:42:31.401+0000] {processor.py:839} INFO - DAG(s) dict_keys(['example_xcom']) retrieved from /home/airflow/.local/lib/python3.8/site-packages/airflow/example_dags/example_xcom.py
[2023-12-24T01:42:31.415+0000] {logging_mixin.py:154} INFO - [2023-12-24T01:42:31.414+0000] {dag.py:2941} INFO - Sync 1 DAGs
[2023-12-24T01:42:31.426+0000] {logging_mixin.py:154} INFO - [2023-12-24T01:42:31.426+0000] {dag.py:3722} INFO - Setting next_dagrun for example_xcom to 2021-01-01T00:00:00+00:00, run_after=2021-01-01T00:00:00+00:00
[2023-12-24T01:42:31.436+0000] {processor.py:179} INFO - Processing /home/airflow/.local/lib/python3.8/site-packages/airflow/example_dags/example_xcom.py took 0.045 seconds
[2023-12-24T01:43:02.922+0000] {processor.py:157} INFO - Started process (PID=228) to work on /home/airflow/.local/lib/python3.8/site-packages/airflow/example_dags/example_xcom.py
[2023-12-24T01:43:02.923+0000] {processor.py:829} INFO - Processing file /home/airflow/.local/lib/python3.8/site-packages/airflow/example_dags/example_xcom.py for tasks to queue
[2023-12-24T01:43:02.925+0000] {logging_mixin.py:154} INFO - [2023-12-24T01:43:02.925+0000] {dagbag.py:536} INFO - Filling up the DagBag from /home/airflow/.local/lib/python3.8/site-packages/airflow/example_dags/example_xcom.py
[2023-12-24T01:43:02.931+0000] {processor.py:839} INFO - DAG(s) dict_keys(['example_xcom']) retrieved from /home/airflow/.local/lib/python3.8/site-packages/airflow/example_dags/example_xcom.py
[2023-12-24T01:43:02.947+0000] {logging_mixin.py:154} INFO - [2023-12-24T01:43:02.947+0000] {dag.py:2941} INFO - Sync 1 DAGs
[2023-12-24T01:43:03.077+0000] {logging_mixin.py:154} INFO - [2023-12-24T01:43:03.077+0000] {dag.py:3722} INFO - Setting next_dagrun for example_xcom to 2021-01-01T00:00:00+00:00, run_after=2021-01-01T00:00:00+00:00
[2023-12-24T01:43:03.089+0000] {processor.py:179} INFO - Processing /home/airflow/.local/lib/python3.8/site-packages/airflow/example_dags/example_xcom.py took 0.169 seconds
[2023-12-24T01:43:33.561+0000] {processor.py:157} INFO - Started process (PID=284) to work on /home/airflow/.local/lib/python3.8/site-packages/airflow/example_dags/example_xcom.py
[2023-12-24T01:43:33.562+0000] {processor.py:829} INFO - Processing file /home/airflow/.local/lib/python3.8/site-packages/airflow/example_dags/example_xcom.py for tasks to queue
[2023-12-24T01:43:33.564+0000] {logging_mixin.py:154} INFO - [2023-12-24T01:43:33.564+0000] {dagbag.py:536} INFO - Filling up the DagBag from /home/airflow/.local/lib/python3.8/site-packages/airflow/example_dags/example_xcom.py
[2023-12-24T01:43:33.569+0000] {processor.py:839} INFO - DAG(s) dict_keys(['example_xcom']) retrieved from /home/airflow/.local/lib/python3.8/site-packages/airflow/example_dags/example_xcom.py
[2023-12-24T01:43:33.584+0000] {logging_mixin.py:154} INFO - [2023-12-24T01:43:33.584+0000] {dag.py:2941} INFO - Sync 1 DAGs
[2023-12-24T01:43:33.597+0000] {logging_mixin.py:154} INFO - [2023-12-24T01:43:33.597+0000] {dag.py:3722} INFO - Setting next_dagrun for example_xcom to 2021-01-01T00:00:00+00:00, run_after=2021-01-01T00:00:00+00:00
[2023-12-24T01:43:33.727+0000] {processor.py:179} INFO - Processing /home/airflow/.local/lib/python3.8/site-packages/airflow/example_dags/example_xcom.py took 0.169 seconds
[2023-12-24T01:44:04.548+0000] {processor.py:157} INFO - Started process (PID=339) to work on /home/airflow/.local/lib/python3.8/site-packages/airflow/example_dags/example_xcom.py
[2023-12-24T01:44:04.550+0000] {processor.py:829} INFO - Processing file /home/airflow/.local/lib/python3.8/site-packages/airflow/example_dags/example_xcom.py for tasks to queue
[2023-12-24T01:44:04.551+0000] {logging_mixin.py:154} INFO - [2023-12-24T01:44:04.551+0000] {dagbag.py:536} INFO - Filling up the DagBag from /home/airflow/.local/lib/python3.8/site-packages/airflow/example_dags/example_xcom.py
[2023-12-24T01:44:04.556+0000] {processor.py:839} INFO - DAG(s) dict_keys(['example_xcom']) retrieved from /home/airflow/.local/lib/python3.8/site-packages/airflow/example_dags/example_xcom.py
[2023-12-24T01:44:04.569+0000] {logging_mixin.py:154} INFO - [2023-12-24T01:44:04.569+0000] {dag.py:2941} INFO - Sync 1 DAGs
[2023-12-24T01:44:04.580+0000] {logging_mixin.py:154} INFO - [2023-12-24T01:44:04.580+0000] {dag.py:3722} INFO - Setting next_dagrun for example_xcom to 2021-01-01T00:00:00+00:00, run_after=2021-01-01T00:00:00+00:00
[2023-12-24T01:44:04.590+0000] {processor.py:179} INFO - Processing /home/airflow/.local/lib/python3.8/site-packages/airflow/example_dags/example_xcom.py took 0.044 seconds
[2023-12-24T01:44:35.507+0000] {processor.py:157} INFO - Started process (PID=395) to work on /home/airflow/.local/lib/python3.8/site-packages/airflow/example_dags/example_xcom.py
[2023-12-24T01:44:35.508+0000] {processor.py:829} INFO - Processing file /home/airflow/.local/lib/python3.8/site-packages/airflow/example_dags/example_xcom.py for tasks to queue
[2023-12-24T01:44:35.510+0000] {logging_mixin.py:154} INFO - [2023-12-24T01:44:35.510+0000] {dagbag.py:536} INFO - Filling up the DagBag from /home/airflow/.local/lib/python3.8/site-packages/airflow/example_dags/example_xcom.py
[2023-12-24T01:44:35.516+0000] {processor.py:839} INFO - DAG(s) dict_keys(['example_xcom']) retrieved from /home/airflow/.local/lib/python3.8/site-packages/airflow/example_dags/example_xcom.py
[2023-12-24T01:44:35.531+0000] {logging_mixin.py:154} INFO - [2023-12-24T01:44:35.531+0000] {dag.py:2941} INFO - Sync 1 DAGs
[2023-12-24T01:44:35.545+0000] {logging_mixin.py:154} INFO - [2023-12-24T01:44:35.545+0000] {dag.py:3722} INFO - Setting next_dagrun for example_xcom to 2021-01-01T00:00:00+00:00, run_after=2021-01-01T00:00:00+00:00
[2023-12-24T01:44:35.557+0000] {processor.py:179} INFO - Processing /home/airflow/.local/lib/python3.8/site-packages/airflow/example_dags/example_xcom.py took 0.053 seconds
[2023-12-24T01:45:05.948+0000] {processor.py:157} INFO - Started process (PID=450) to work on /home/airflow/.local/lib/python3.8/site-packages/airflow/example_dags/example_xcom.py
[2023-12-24T01:45:05.949+0000] {processor.py:829} INFO - Processing file /home/airflow/.local/lib/python3.8/site-packages/airflow/example_dags/example_xcom.py for tasks to queue
[2023-12-24T01:45:05.951+0000] {logging_mixin.py:154} INFO - [2023-12-24T01:45:05.951+0000] {dagbag.py:536} INFO - Filling up the DagBag from /home/airflow/.local/lib/python3.8/site-packages/airflow/example_dags/example_xcom.py
[2023-12-24T01:45:05.956+0000] {processor.py:839} INFO - DAG(s) dict_keys(['example_xcom']) retrieved from /home/airflow/.local/lib/python3.8/site-packages/airflow/example_dags/example_xcom.py
[2023-12-24T01:45:05.969+0000] {logging_mixin.py:154} INFO - [2023-12-24T01:45:05.969+0000] {dag.py:2941} INFO - Sync 1 DAGs
[2023-12-24T01:45:06.070+0000] {logging_mixin.py:154} INFO - [2023-12-24T01:45:06.070+0000] {dag.py:3722} INFO - Setting next_dagrun for example_xcom to 2021-01-01T00:00:00+00:00, run_after=2021-01-01T00:00:00+00:00
[2023-12-24T01:45:06.079+0000] {processor.py:179} INFO - Processing /home/airflow/.local/lib/python3.8/site-packages/airflow/example_dags/example_xcom.py took 0.134 seconds
[2023-12-24T01:45:36.486+0000] {processor.py:157} INFO - Started process (PID=506) to work on /home/airflow/.local/lib/python3.8/site-packages/airflow/example_dags/example_xcom.py
[2023-12-24T01:45:36.487+0000] {processor.py:829} INFO - Processing file /home/airflow/.local/lib/python3.8/site-packages/airflow/example_dags/example_xcom.py for tasks to queue
[2023-12-24T01:45:36.489+0000] {logging_mixin.py:154} INFO - [2023-12-24T01:45:36.489+0000] {dagbag.py:536} INFO - Filling up the DagBag from /home/airflow/.local/lib/python3.8/site-packages/airflow/example_dags/example_xcom.py
[2023-12-24T01:45:36.494+0000] {processor.py:839} INFO - DAG(s) dict_keys(['example_xcom']) retrieved from /home/airflow/.local/lib/python3.8/site-packages/airflow/example_dags/example_xcom.py
[2023-12-24T01:45:36.509+0000] {logging_mixin.py:154} INFO - [2023-12-24T01:45:36.509+0000] {dag.py:2941} INFO - Sync 1 DAGs
[2023-12-24T01:45:36.527+0000] {logging_mixin.py:154} INFO - [2023-12-24T01:45:36.527+0000] {dag.py:3722} INFO - Setting next_dagrun for example_xcom to 2021-01-01T00:00:00+00:00, run_after=2021-01-01T00:00:00+00:00
[2023-12-24T01:45:36.654+0000] {processor.py:179} INFO - Processing /home/airflow/.local/lib/python3.8/site-packages/airflow/example_dags/example_xcom.py took 0.170 seconds
[2023-12-24T01:46:06.696+0000] {processor.py:157} INFO - Started process (PID=561) to work on /home/airflow/.local/lib/python3.8/site-packages/airflow/example_dags/example_xcom.py
[2023-12-24T01:46:06.697+0000] {processor.py:829} INFO - Processing file /home/airflow/.local/lib/python3.8/site-packages/airflow/example_dags/example_xcom.py for tasks to queue
[2023-12-24T01:46:06.699+0000] {logging_mixin.py:154} INFO - [2023-12-24T01:46:06.699+0000] {dagbag.py:536} INFO - Filling up the DagBag from /home/airflow/.local/lib/python3.8/site-packages/airflow/example_dags/example_xcom.py
[2023-12-24T01:46:06.703+0000] {processor.py:839} INFO - DAG(s) dict_keys(['example_xcom']) retrieved from /home/airflow/.local/lib/python3.8/site-packages/airflow/example_dags/example_xcom.py
[2023-12-24T01:46:06.717+0000] {logging_mixin.py:154} INFO - [2023-12-24T01:46:06.717+0000] {dag.py:2941} INFO - Sync 1 DAGs
[2023-12-24T01:46:06.728+0000] {logging_mixin.py:154} INFO - [2023-12-24T01:46:06.728+0000] {dag.py:3722} INFO - Setting next_dagrun for example_xcom to 2021-01-01T00:00:00+00:00, run_after=2021-01-01T00:00:00+00:00
[2023-12-24T01:46:06.737+0000] {processor.py:179} INFO - Processing /home/airflow/.local/lib/python3.8/site-packages/airflow/example_dags/example_xcom.py took 0.044 seconds
[2023-12-24T01:46:37.894+0000] {processor.py:157} INFO - Started process (PID=616) to work on /home/airflow/.local/lib/python3.8/site-packages/airflow/example_dags/example_xcom.py
[2023-12-24T01:46:37.896+0000] {processor.py:829} INFO - Processing file /home/airflow/.local/lib/python3.8/site-packages/airflow/example_dags/example_xcom.py for tasks to queue
[2023-12-24T01:46:37.899+0000] {logging_mixin.py:154} INFO - [2023-12-24T01:46:37.899+0000] {dagbag.py:536} INFO - Filling up the DagBag from /home/airflow/.local/lib/python3.8/site-packages/airflow/example_dags/example_xcom.py
[2023-12-24T01:46:37.905+0000] {processor.py:839} INFO - DAG(s) dict_keys(['example_xcom']) retrieved from /home/airflow/.local/lib/python3.8/site-packages/airflow/example_dags/example_xcom.py
[2023-12-24T01:46:37.921+0000] {logging_mixin.py:154} INFO - [2023-12-24T01:46:37.921+0000] {dag.py:2941} INFO - Sync 1 DAGs
[2023-12-24T01:46:37.937+0000] {logging_mixin.py:154} INFO - [2023-12-24T01:46:37.936+0000] {dag.py:3722} INFO - Setting next_dagrun for example_xcom to 2021-01-01T00:00:00+00:00, run_after=2021-01-01T00:00:00+00:00
[2023-12-24T01:46:37.949+0000] {processor.py:179} INFO - Processing /home/airflow/.local/lib/python3.8/site-packages/airflow/example_dags/example_xcom.py took 0.058 seconds
