[2023-12-24T00:16:11.324+0000] {processor.py:157} INFO - Started process (PID=6210) to work on /home/airflow/.local/lib/python3.8/site-packages/airflow/example_dags/example_setup_teardown_taskflow.py
[2023-12-24T00:16:11.326+0000] {processor.py:829} INFO - Processing file /home/airflow/.local/lib/python3.8/site-packages/airflow/example_dags/example_setup_teardown_taskflow.py for tasks to queue
[2023-12-24T00:16:11.328+0000] {logging_mixin.py:154} INFO - [2023-12-24T00:16:11.328+0000] {dagbag.py:536} INFO - Filling up the DagBag from /home/airflow/.local/lib/python3.8/site-packages/airflow/example_dags/example_setup_teardown_taskflow.py
[2023-12-24T00:16:11.335+0000] {processor.py:839} INFO - DAG(s) dict_keys(['example_setup_teardown_taskflow']) retrieved from /home/airflow/.local/lib/python3.8/site-packages/airflow/example_dags/example_setup_teardown_taskflow.py
[2023-12-24T00:16:11.354+0000] {logging_mixin.py:154} INFO - [2023-12-24T00:16:11.354+0000] {dag.py:2941} INFO - Sync 1 DAGs
[2023-12-24T00:16:11.373+0000] {logging_mixin.py:154} INFO - [2023-12-24T00:16:11.373+0000] {dag.py:3722} INFO - Setting next_dagrun for example_setup_teardown_taskflow to 2023-12-23T00:16:11.372928+00:00, run_after=2023-12-24T00:16:11.372928+00:00
[2023-12-24T00:16:11.387+0000] {processor.py:179} INFO - Processing /home/airflow/.local/lib/python3.8/site-packages/airflow/example_dags/example_setup_teardown_taskflow.py took 0.065 seconds
[2023-12-24T00:16:41.954+0000] {processor.py:157} INFO - Started process (PID=6266) to work on /home/airflow/.local/lib/python3.8/site-packages/airflow/example_dags/example_setup_teardown_taskflow.py
[2023-12-24T00:16:41.956+0000] {processor.py:829} INFO - Processing file /home/airflow/.local/lib/python3.8/site-packages/airflow/example_dags/example_setup_teardown_taskflow.py for tasks to queue
[2023-12-24T00:16:41.958+0000] {logging_mixin.py:154} INFO - [2023-12-24T00:16:41.958+0000] {dagbag.py:536} INFO - Filling up the DagBag from /home/airflow/.local/lib/python3.8/site-packages/airflow/example_dags/example_setup_teardown_taskflow.py
[2023-12-24T00:16:41.963+0000] {processor.py:839} INFO - DAG(s) dict_keys(['example_setup_teardown_taskflow']) retrieved from /home/airflow/.local/lib/python3.8/site-packages/airflow/example_dags/example_setup_teardown_taskflow.py
[2023-12-24T00:16:41.976+0000] {logging_mixin.py:154} INFO - [2023-12-24T00:16:41.976+0000] {dag.py:2941} INFO - Sync 1 DAGs
[2023-12-24T00:16:41.988+0000] {logging_mixin.py:154} INFO - [2023-12-24T00:16:41.988+0000] {dag.py:3722} INFO - Setting next_dagrun for example_setup_teardown_taskflow to 2023-12-23T00:16:41.988200+00:00, run_after=2023-12-24T00:16:41.988200+00:00
[2023-12-24T00:16:41.998+0000] {processor.py:179} INFO - Processing /home/airflow/.local/lib/python3.8/site-packages/airflow/example_dags/example_setup_teardown_taskflow.py took 0.046 seconds
[2023-12-24T00:33:50.751+0000] {processor.py:157} INFO - Started process (PID=6322) to work on /home/airflow/.local/lib/python3.8/site-packages/airflow/example_dags/example_setup_teardown_taskflow.py
[2023-12-24T00:33:50.753+0000] {processor.py:829} INFO - Processing file /home/airflow/.local/lib/python3.8/site-packages/airflow/example_dags/example_setup_teardown_taskflow.py for tasks to queue
[2023-12-24T00:33:50.756+0000] {logging_mixin.py:154} INFO - [2023-12-24T00:33:50.756+0000] {dagbag.py:536} INFO - Filling up the DagBag from /home/airflow/.local/lib/python3.8/site-packages/airflow/example_dags/example_setup_teardown_taskflow.py
[2023-12-24T00:33:50.764+0000] {processor.py:839} INFO - DAG(s) dict_keys(['example_setup_teardown_taskflow']) retrieved from /home/airflow/.local/lib/python3.8/site-packages/airflow/example_dags/example_setup_teardown_taskflow.py
[2023-12-24T00:33:50.785+0000] {logging_mixin.py:154} INFO - [2023-12-24T00:33:50.784+0000] {dag.py:2941} INFO - Sync 1 DAGs
[2023-12-24T00:33:50.803+0000] {logging_mixin.py:154} INFO - [2023-12-24T00:33:50.803+0000] {dag.py:3722} INFO - Setting next_dagrun for example_setup_teardown_taskflow to 2023-12-23T00:33:50.803300+00:00, run_after=2023-12-24T00:33:50.803300+00:00
[2023-12-24T00:33:50.817+0000] {processor.py:179} INFO - Processing /home/airflow/.local/lib/python3.8/site-packages/airflow/example_dags/example_setup_teardown_taskflow.py took 0.069 seconds
[2023-12-24T00:34:21.079+0000] {processor.py:157} INFO - Started process (PID=6378) to work on /home/airflow/.local/lib/python3.8/site-packages/airflow/example_dags/example_setup_teardown_taskflow.py
[2023-12-24T00:34:21.080+0000] {processor.py:829} INFO - Processing file /home/airflow/.local/lib/python3.8/site-packages/airflow/example_dags/example_setup_teardown_taskflow.py for tasks to queue
[2023-12-24T00:34:21.082+0000] {logging_mixin.py:154} INFO - [2023-12-24T00:34:21.082+0000] {dagbag.py:536} INFO - Filling up the DagBag from /home/airflow/.local/lib/python3.8/site-packages/airflow/example_dags/example_setup_teardown_taskflow.py
[2023-12-24T00:34:21.088+0000] {processor.py:839} INFO - DAG(s) dict_keys(['example_setup_teardown_taskflow']) retrieved from /home/airflow/.local/lib/python3.8/site-packages/airflow/example_dags/example_setup_teardown_taskflow.py
[2023-12-24T00:34:21.101+0000] {logging_mixin.py:154} INFO - [2023-12-24T00:34:21.101+0000] {dag.py:2941} INFO - Sync 1 DAGs
[2023-12-24T00:34:21.112+0000] {logging_mixin.py:154} INFO - [2023-12-24T00:34:21.112+0000] {dag.py:3722} INFO - Setting next_dagrun for example_setup_teardown_taskflow to 2023-12-23T00:34:21.111985+00:00, run_after=2023-12-24T00:34:21.111985+00:00
[2023-12-24T00:34:21.122+0000] {processor.py:179} INFO - Processing /home/airflow/.local/lib/python3.8/site-packages/airflow/example_dags/example_setup_teardown_taskflow.py took 0.046 seconds
[2023-12-24T00:51:35.991+0000] {processor.py:157} INFO - Started process (PID=6433) to work on /home/airflow/.local/lib/python3.8/site-packages/airflow/example_dags/example_setup_teardown_taskflow.py
[2023-12-24T00:51:35.993+0000] {processor.py:829} INFO - Processing file /home/airflow/.local/lib/python3.8/site-packages/airflow/example_dags/example_setup_teardown_taskflow.py for tasks to queue
[2023-12-24T00:51:35.996+0000] {logging_mixin.py:154} INFO - [2023-12-24T00:51:35.996+0000] {dagbag.py:536} INFO - Filling up the DagBag from /home/airflow/.local/lib/python3.8/site-packages/airflow/example_dags/example_setup_teardown_taskflow.py
[2023-12-24T00:51:36.004+0000] {processor.py:839} INFO - DAG(s) dict_keys(['example_setup_teardown_taskflow']) retrieved from /home/airflow/.local/lib/python3.8/site-packages/airflow/example_dags/example_setup_teardown_taskflow.py
[2023-12-24T00:51:36.019+0000] {logging_mixin.py:154} INFO - [2023-12-24T00:51:36.019+0000] {dag.py:2941} INFO - Sync 1 DAGs
[2023-12-24T00:51:36.035+0000] {logging_mixin.py:154} INFO - [2023-12-24T00:51:36.035+0000] {dag.py:3722} INFO - Setting next_dagrun for example_setup_teardown_taskflow to 2023-12-23T00:51:36.034709+00:00, run_after=2023-12-24T00:51:36.034709+00:00
[2023-12-24T00:51:36.049+0000] {processor.py:179} INFO - Processing /home/airflow/.local/lib/python3.8/site-packages/airflow/example_dags/example_setup_teardown_taskflow.py took 0.062 seconds
[2023-12-24T00:52:06.560+0000] {processor.py:157} INFO - Started process (PID=6488) to work on /home/airflow/.local/lib/python3.8/site-packages/airflow/example_dags/example_setup_teardown_taskflow.py
[2023-12-24T00:52:06.561+0000] {processor.py:829} INFO - Processing file /home/airflow/.local/lib/python3.8/site-packages/airflow/example_dags/example_setup_teardown_taskflow.py for tasks to queue
[2023-12-24T00:52:06.563+0000] {logging_mixin.py:154} INFO - [2023-12-24T00:52:06.563+0000] {dagbag.py:536} INFO - Filling up the DagBag from /home/airflow/.local/lib/python3.8/site-packages/airflow/example_dags/example_setup_teardown_taskflow.py
[2023-12-24T00:52:06.569+0000] {processor.py:839} INFO - DAG(s) dict_keys(['example_setup_teardown_taskflow']) retrieved from /home/airflow/.local/lib/python3.8/site-packages/airflow/example_dags/example_setup_teardown_taskflow.py
[2023-12-24T00:52:06.581+0000] {logging_mixin.py:154} INFO - [2023-12-24T00:52:06.581+0000] {dag.py:2941} INFO - Sync 1 DAGs
[2023-12-24T00:52:06.593+0000] {logging_mixin.py:154} INFO - [2023-12-24T00:52:06.593+0000] {dag.py:3722} INFO - Setting next_dagrun for example_setup_teardown_taskflow to 2023-12-23T00:52:06.593105+00:00, run_after=2023-12-24T00:52:06.593105+00:00
[2023-12-24T00:52:06.602+0000] {processor.py:179} INFO - Processing /home/airflow/.local/lib/python3.8/site-packages/airflow/example_dags/example_setup_teardown_taskflow.py took 0.044 seconds
[2023-12-24T01:08:52.867+0000] {processor.py:157} INFO - Started process (PID=6543) to work on /home/airflow/.local/lib/python3.8/site-packages/airflow/example_dags/example_setup_teardown_taskflow.py
[2023-12-24T01:08:52.868+0000] {processor.py:829} INFO - Processing file /home/airflow/.local/lib/python3.8/site-packages/airflow/example_dags/example_setup_teardown_taskflow.py for tasks to queue
[2023-12-24T01:08:52.871+0000] {logging_mixin.py:154} INFO - [2023-12-24T01:08:52.871+0000] {dagbag.py:536} INFO - Filling up the DagBag from /home/airflow/.local/lib/python3.8/site-packages/airflow/example_dags/example_setup_teardown_taskflow.py
[2023-12-24T01:08:52.878+0000] {processor.py:839} INFO - DAG(s) dict_keys(['example_setup_teardown_taskflow']) retrieved from /home/airflow/.local/lib/python3.8/site-packages/airflow/example_dags/example_setup_teardown_taskflow.py
[2023-12-24T01:08:52.895+0000] {logging_mixin.py:154} INFO - [2023-12-24T01:08:52.894+0000] {dag.py:2941} INFO - Sync 1 DAGs
[2023-12-24T01:08:52.909+0000] {logging_mixin.py:154} INFO - [2023-12-24T01:08:52.909+0000] {dag.py:3722} INFO - Setting next_dagrun for example_setup_teardown_taskflow to 2023-12-23T01:08:52.909192+00:00, run_after=2023-12-24T01:08:52.909192+00:00
[2023-12-24T01:08:52.925+0000] {processor.py:179} INFO - Processing /home/airflow/.local/lib/python3.8/site-packages/airflow/example_dags/example_setup_teardown_taskflow.py took 0.061 seconds
[2023-12-24T01:26:17.134+0000] {processor.py:157} INFO - Started process (PID=6599) to work on /home/airflow/.local/lib/python3.8/site-packages/airflow/example_dags/example_setup_teardown_taskflow.py
[2023-12-24T01:26:17.135+0000] {processor.py:829} INFO - Processing file /home/airflow/.local/lib/python3.8/site-packages/airflow/example_dags/example_setup_teardown_taskflow.py for tasks to queue
[2023-12-24T01:26:17.138+0000] {logging_mixin.py:154} INFO - [2023-12-24T01:26:17.138+0000] {dagbag.py:536} INFO - Filling up the DagBag from /home/airflow/.local/lib/python3.8/site-packages/airflow/example_dags/example_setup_teardown_taskflow.py
[2023-12-24T01:26:17.147+0000] {processor.py:839} INFO - DAG(s) dict_keys(['example_setup_teardown_taskflow']) retrieved from /home/airflow/.local/lib/python3.8/site-packages/airflow/example_dags/example_setup_teardown_taskflow.py
[2023-12-24T01:26:17.161+0000] {logging_mixin.py:154} INFO - [2023-12-24T01:26:17.161+0000] {dag.py:2941} INFO - Sync 1 DAGs
[2023-12-24T01:26:17.173+0000] {logging_mixin.py:154} INFO - [2023-12-24T01:26:17.173+0000] {dag.py:3722} INFO - Setting next_dagrun for example_setup_teardown_taskflow to 2023-12-23T01:26:17.172897+00:00, run_after=2023-12-24T01:26:17.172897+00:00
[2023-12-24T01:26:17.182+0000] {processor.py:179} INFO - Processing /home/airflow/.local/lib/python3.8/site-packages/airflow/example_dags/example_setup_teardown_taskflow.py took 0.051 seconds
[2023-12-24T01:26:47.368+0000] {processor.py:157} INFO - Started process (PID=6655) to work on /home/airflow/.local/lib/python3.8/site-packages/airflow/example_dags/example_setup_teardown_taskflow.py
[2023-12-24T01:26:47.369+0000] {processor.py:829} INFO - Processing file /home/airflow/.local/lib/python3.8/site-packages/airflow/example_dags/example_setup_teardown_taskflow.py for tasks to queue
[2023-12-24T01:26:47.372+0000] {logging_mixin.py:154} INFO - [2023-12-24T01:26:47.372+0000] {dagbag.py:536} INFO - Filling up the DagBag from /home/airflow/.local/lib/python3.8/site-packages/airflow/example_dags/example_setup_teardown_taskflow.py
[2023-12-24T01:26:47.378+0000] {processor.py:839} INFO - DAG(s) dict_keys(['example_setup_teardown_taskflow']) retrieved from /home/airflow/.local/lib/python3.8/site-packages/airflow/example_dags/example_setup_teardown_taskflow.py
[2023-12-24T01:26:47.391+0000] {logging_mixin.py:154} INFO - [2023-12-24T01:26:47.391+0000] {dag.py:2941} INFO - Sync 1 DAGs
[2023-12-24T01:26:47.404+0000] {logging_mixin.py:154} INFO - [2023-12-24T01:26:47.404+0000] {dag.py:3722} INFO - Setting next_dagrun for example_setup_teardown_taskflow to 2023-12-23T01:26:47.403954+00:00, run_after=2023-12-24T01:26:47.403954+00:00
[2023-12-24T01:26:47.413+0000] {processor.py:179} INFO - Processing /home/airflow/.local/lib/python3.8/site-packages/airflow/example_dags/example_setup_teardown_taskflow.py took 0.047 seconds
[2023-12-24T01:39:26.894+0000] {processor.py:157} INFO - Started process (PID=6712) to work on /home/airflow/.local/lib/python3.8/site-packages/airflow/example_dags/example_setup_teardown_taskflow.py
[2023-12-24T01:39:26.896+0000] {processor.py:829} INFO - Processing file /home/airflow/.local/lib/python3.8/site-packages/airflow/example_dags/example_setup_teardown_taskflow.py for tasks to queue
[2023-12-24T01:39:26.899+0000] {logging_mixin.py:154} INFO - [2023-12-24T01:39:26.898+0000] {dagbag.py:536} INFO - Filling up the DagBag from /home/airflow/.local/lib/python3.8/site-packages/airflow/example_dags/example_setup_teardown_taskflow.py
[2023-12-24T01:39:26.906+0000] {processor.py:839} INFO - DAG(s) dict_keys(['example_setup_teardown_taskflow']) retrieved from /home/airflow/.local/lib/python3.8/site-packages/airflow/example_dags/example_setup_teardown_taskflow.py
[2023-12-24T01:39:26.928+0000] {logging_mixin.py:154} INFO - [2023-12-24T01:39:26.928+0000] {dag.py:2941} INFO - Sync 1 DAGs
[2023-12-24T01:39:26.946+0000] {logging_mixin.py:154} INFO - [2023-12-24T01:39:26.945+0000] {dag.py:3722} INFO - Setting next_dagrun for example_setup_teardown_taskflow to 2023-12-23T01:39:26.945685+00:00, run_after=2023-12-24T01:39:26.945685+00:00
[2023-12-24T01:39:26.959+0000] {processor.py:179} INFO - Processing /home/airflow/.local/lib/python3.8/site-packages/airflow/example_dags/example_setup_teardown_taskflow.py took 0.068 seconds
[2023-12-24T01:39:57.276+0000] {processor.py:157} INFO - Started process (PID=6767) to work on /home/airflow/.local/lib/python3.8/site-packages/airflow/example_dags/example_setup_teardown_taskflow.py
[2023-12-24T01:39:57.277+0000] {processor.py:829} INFO - Processing file /home/airflow/.local/lib/python3.8/site-packages/airflow/example_dags/example_setup_teardown_taskflow.py for tasks to queue
[2023-12-24T01:39:57.280+0000] {logging_mixin.py:154} INFO - [2023-12-24T01:39:57.280+0000] {dagbag.py:536} INFO - Filling up the DagBag from /home/airflow/.local/lib/python3.8/site-packages/airflow/example_dags/example_setup_teardown_taskflow.py
[2023-12-24T01:39:57.286+0000] {processor.py:839} INFO - DAG(s) dict_keys(['example_setup_teardown_taskflow']) retrieved from /home/airflow/.local/lib/python3.8/site-packages/airflow/example_dags/example_setup_teardown_taskflow.py
[2023-12-24T01:39:57.301+0000] {logging_mixin.py:154} INFO - [2023-12-24T01:39:57.301+0000] {dag.py:2941} INFO - Sync 1 DAGs
[2023-12-24T01:39:57.314+0000] {logging_mixin.py:154} INFO - [2023-12-24T01:39:57.314+0000] {dag.py:3722} INFO - Setting next_dagrun for example_setup_teardown_taskflow to 2023-12-23T01:39:57.314066+00:00, run_after=2023-12-24T01:39:57.314066+00:00
[2023-12-24T01:39:57.325+0000] {processor.py:179} INFO - Processing /home/airflow/.local/lib/python3.8/site-packages/airflow/example_dags/example_setup_teardown_taskflow.py took 0.051 seconds
[2023-12-24T01:40:27.586+0000] {processor.py:157} INFO - Started process (PID=6822) to work on /home/airflow/.local/lib/python3.8/site-packages/airflow/example_dags/example_setup_teardown_taskflow.py
[2023-12-24T01:40:27.587+0000] {processor.py:829} INFO - Processing file /home/airflow/.local/lib/python3.8/site-packages/airflow/example_dags/example_setup_teardown_taskflow.py for tasks to queue
[2023-12-24T01:40:27.589+0000] {logging_mixin.py:154} INFO - [2023-12-24T01:40:27.589+0000] {dagbag.py:536} INFO - Filling up the DagBag from /home/airflow/.local/lib/python3.8/site-packages/airflow/example_dags/example_setup_teardown_taskflow.py
[2023-12-24T01:40:27.596+0000] {processor.py:839} INFO - DAG(s) dict_keys(['example_setup_teardown_taskflow']) retrieved from /home/airflow/.local/lib/python3.8/site-packages/airflow/example_dags/example_setup_teardown_taskflow.py
[2023-12-24T01:40:27.610+0000] {logging_mixin.py:154} INFO - [2023-12-24T01:40:27.610+0000] {dag.py:2941} INFO - Sync 1 DAGs
[2023-12-24T01:40:27.623+0000] {logging_mixin.py:154} INFO - [2023-12-24T01:40:27.623+0000] {dag.py:3722} INFO - Setting next_dagrun for example_setup_teardown_taskflow to 2023-12-23T01:40:27.623117+00:00, run_after=2023-12-24T01:40:27.623117+00:00
[2023-12-24T01:40:27.634+0000] {processor.py:179} INFO - Processing /home/airflow/.local/lib/python3.8/site-packages/airflow/example_dags/example_setup_teardown_taskflow.py took 0.051 seconds
[2023-12-24T01:41:30.045+0000] {processor.py:157} INFO - Started process (PID=49) to work on /home/airflow/.local/lib/python3.8/site-packages/airflow/example_dags/example_setup_teardown_taskflow.py
[2023-12-24T01:41:30.046+0000] {processor.py:829} INFO - Processing file /home/airflow/.local/lib/python3.8/site-packages/airflow/example_dags/example_setup_teardown_taskflow.py for tasks to queue
[2023-12-24T01:41:30.049+0000] {logging_mixin.py:154} INFO - [2023-12-24T01:41:30.048+0000] {dagbag.py:536} INFO - Filling up the DagBag from /home/airflow/.local/lib/python3.8/site-packages/airflow/example_dags/example_setup_teardown_taskflow.py
[2023-12-24T01:41:30.058+0000] {processor.py:839} INFO - DAG(s) dict_keys(['example_setup_teardown_taskflow']) retrieved from /home/airflow/.local/lib/python3.8/site-packages/airflow/example_dags/example_setup_teardown_taskflow.py
[2023-12-24T01:41:30.069+0000] {logging_mixin.py:154} INFO - [2023-12-24T01:41:30.069+0000] {dag.py:2941} INFO - Sync 1 DAGs
[2023-12-24T01:41:30.085+0000] {logging_mixin.py:154} INFO - [2023-12-24T01:41:30.085+0000] {dag.py:3722} INFO - Setting next_dagrun for example_setup_teardown_taskflow to 2023-12-23T01:41:30.085009+00:00, run_after=2023-12-24T01:41:30.085009+00:00
[2023-12-24T01:41:30.098+0000] {processor.py:179} INFO - Processing /home/airflow/.local/lib/python3.8/site-packages/airflow/example_dags/example_setup_teardown_taskflow.py took 0.055 seconds
[2023-12-24T01:42:00.622+0000] {processor.py:157} INFO - Started process (PID=105) to work on /home/airflow/.local/lib/python3.8/site-packages/airflow/example_dags/example_setup_teardown_taskflow.py
[2023-12-24T01:42:00.623+0000] {processor.py:829} INFO - Processing file /home/airflow/.local/lib/python3.8/site-packages/airflow/example_dags/example_setup_teardown_taskflow.py for tasks to queue
[2023-12-24T01:42:00.626+0000] {logging_mixin.py:154} INFO - [2023-12-24T01:42:00.625+0000] {dagbag.py:536} INFO - Filling up the DagBag from /home/airflow/.local/lib/python3.8/site-packages/airflow/example_dags/example_setup_teardown_taskflow.py
[2023-12-24T01:42:00.631+0000] {processor.py:839} INFO - DAG(s) dict_keys(['example_setup_teardown_taskflow']) retrieved from /home/airflow/.local/lib/python3.8/site-packages/airflow/example_dags/example_setup_teardown_taskflow.py
[2023-12-24T01:42:00.645+0000] {logging_mixin.py:154} INFO - [2023-12-24T01:42:00.644+0000] {dag.py:2941} INFO - Sync 1 DAGs
[2023-12-24T01:42:00.656+0000] {logging_mixin.py:154} INFO - [2023-12-24T01:42:00.656+0000] {dag.py:3722} INFO - Setting next_dagrun for example_setup_teardown_taskflow to 2023-12-23T01:42:00.656537+00:00, run_after=2023-12-24T01:42:00.656537+00:00
[2023-12-24T01:42:00.667+0000] {processor.py:179} INFO - Processing /home/airflow/.local/lib/python3.8/site-packages/airflow/example_dags/example_setup_teardown_taskflow.py took 0.047 seconds
[2023-12-24T01:42:30.905+0000] {processor.py:157} INFO - Started process (PID=160) to work on /home/airflow/.local/lib/python3.8/site-packages/airflow/example_dags/example_setup_teardown_taskflow.py
[2023-12-24T01:42:30.906+0000] {processor.py:829} INFO - Processing file /home/airflow/.local/lib/python3.8/site-packages/airflow/example_dags/example_setup_teardown_taskflow.py for tasks to queue
[2023-12-24T01:42:30.908+0000] {logging_mixin.py:154} INFO - [2023-12-24T01:42:30.908+0000] {dagbag.py:536} INFO - Filling up the DagBag from /home/airflow/.local/lib/python3.8/site-packages/airflow/example_dags/example_setup_teardown_taskflow.py
[2023-12-24T01:42:30.913+0000] {processor.py:839} INFO - DAG(s) dict_keys(['example_setup_teardown_taskflow']) retrieved from /home/airflow/.local/lib/python3.8/site-packages/airflow/example_dags/example_setup_teardown_taskflow.py
[2023-12-24T01:42:30.927+0000] {logging_mixin.py:154} INFO - [2023-12-24T01:42:30.927+0000] {dag.py:2941} INFO - Sync 1 DAGs
[2023-12-24T01:42:30.940+0000] {logging_mixin.py:154} INFO - [2023-12-24T01:42:30.940+0000] {dag.py:3722} INFO - Setting next_dagrun for example_setup_teardown_taskflow to 2023-12-23T01:42:30.939918+00:00, run_after=2023-12-24T01:42:30.939918+00:00
[2023-12-24T01:42:30.950+0000] {processor.py:179} INFO - Processing /home/airflow/.local/lib/python3.8/site-packages/airflow/example_dags/example_setup_teardown_taskflow.py took 0.047 seconds
[2023-12-24T01:43:01.720+0000] {processor.py:157} INFO - Started process (PID=215) to work on /home/airflow/.local/lib/python3.8/site-packages/airflow/example_dags/example_setup_teardown_taskflow.py
[2023-12-24T01:43:01.721+0000] {processor.py:829} INFO - Processing file /home/airflow/.local/lib/python3.8/site-packages/airflow/example_dags/example_setup_teardown_taskflow.py for tasks to queue
[2023-12-24T01:43:01.724+0000] {logging_mixin.py:154} INFO - [2023-12-24T01:43:01.723+0000] {dagbag.py:536} INFO - Filling up the DagBag from /home/airflow/.local/lib/python3.8/site-packages/airflow/example_dags/example_setup_teardown_taskflow.py
[2023-12-24T01:43:01.731+0000] {processor.py:839} INFO - DAG(s) dict_keys(['example_setup_teardown_taskflow']) retrieved from /home/airflow/.local/lib/python3.8/site-packages/airflow/example_dags/example_setup_teardown_taskflow.py
[2023-12-24T01:43:01.747+0000] {logging_mixin.py:154} INFO - [2023-12-24T01:43:01.747+0000] {dag.py:2941} INFO - Sync 1 DAGs
[2023-12-24T01:43:01.882+0000] {logging_mixin.py:154} INFO - [2023-12-24T01:43:01.882+0000] {dag.py:3722} INFO - Setting next_dagrun for example_setup_teardown_taskflow to 2023-12-23T01:43:01.882569+00:00, run_after=2023-12-24T01:43:01.882569+00:00
[2023-12-24T01:43:01.898+0000] {processor.py:179} INFO - Processing /home/airflow/.local/lib/python3.8/site-packages/airflow/example_dags/example_setup_teardown_taskflow.py took 0.180 seconds
[2023-12-24T01:43:32.816+0000] {processor.py:157} INFO - Started process (PID=271) to work on /home/airflow/.local/lib/python3.8/site-packages/airflow/example_dags/example_setup_teardown_taskflow.py
[2023-12-24T01:43:32.817+0000] {processor.py:829} INFO - Processing file /home/airflow/.local/lib/python3.8/site-packages/airflow/example_dags/example_setup_teardown_taskflow.py for tasks to queue
[2023-12-24T01:43:32.820+0000] {logging_mixin.py:154} INFO - [2023-12-24T01:43:32.820+0000] {dagbag.py:536} INFO - Filling up the DagBag from /home/airflow/.local/lib/python3.8/site-packages/airflow/example_dags/example_setup_teardown_taskflow.py
[2023-12-24T01:43:32.826+0000] {processor.py:839} INFO - DAG(s) dict_keys(['example_setup_teardown_taskflow']) retrieved from /home/airflow/.local/lib/python3.8/site-packages/airflow/example_dags/example_setup_teardown_taskflow.py
[2023-12-24T01:43:32.844+0000] {logging_mixin.py:154} INFO - [2023-12-24T01:43:32.843+0000] {dag.py:2941} INFO - Sync 1 DAGs
[2023-12-24T01:43:32.860+0000] {logging_mixin.py:154} INFO - [2023-12-24T01:43:32.860+0000] {dag.py:3722} INFO - Setting next_dagrun for example_setup_teardown_taskflow to 2023-12-23T01:43:32.859972+00:00, run_after=2023-12-24T01:43:32.859972+00:00
[2023-12-24T01:43:32.873+0000] {processor.py:179} INFO - Processing /home/airflow/.local/lib/python3.8/site-packages/airflow/example_dags/example_setup_teardown_taskflow.py took 0.059 seconds
[2023-12-24T01:44:03.056+0000] {processor.py:157} INFO - Started process (PID=326) to work on /home/airflow/.local/lib/python3.8/site-packages/airflow/example_dags/example_setup_teardown_taskflow.py
[2023-12-24T01:44:03.060+0000] {processor.py:829} INFO - Processing file /home/airflow/.local/lib/python3.8/site-packages/airflow/example_dags/example_setup_teardown_taskflow.py for tasks to queue
[2023-12-24T01:44:03.064+0000] {logging_mixin.py:154} INFO - [2023-12-24T01:44:03.063+0000] {dagbag.py:536} INFO - Filling up the DagBag from /home/airflow/.local/lib/python3.8/site-packages/airflow/example_dags/example_setup_teardown_taskflow.py
[2023-12-24T01:44:03.071+0000] {processor.py:839} INFO - DAG(s) dict_keys(['example_setup_teardown_taskflow']) retrieved from /home/airflow/.local/lib/python3.8/site-packages/airflow/example_dags/example_setup_teardown_taskflow.py
[2023-12-24T01:44:03.090+0000] {logging_mixin.py:154} INFO - [2023-12-24T01:44:03.090+0000] {dag.py:2941} INFO - Sync 1 DAGs
[2023-12-24T01:44:03.104+0000] {logging_mixin.py:154} INFO - [2023-12-24T01:44:03.104+0000] {dag.py:3722} INFO - Setting next_dagrun for example_setup_teardown_taskflow to 2023-12-23T01:44:03.104051+00:00, run_after=2023-12-24T01:44:03.104051+00:00
[2023-12-24T01:44:03.116+0000] {processor.py:179} INFO - Processing /home/airflow/.local/lib/python3.8/site-packages/airflow/example_dags/example_setup_teardown_taskflow.py took 0.065 seconds
[2023-12-24T01:44:34.037+0000] {processor.py:157} INFO - Started process (PID=382) to work on /home/airflow/.local/lib/python3.8/site-packages/airflow/example_dags/example_setup_teardown_taskflow.py
[2023-12-24T01:44:34.039+0000] {processor.py:829} INFO - Processing file /home/airflow/.local/lib/python3.8/site-packages/airflow/example_dags/example_setup_teardown_taskflow.py for tasks to queue
[2023-12-24T01:44:34.043+0000] {logging_mixin.py:154} INFO - [2023-12-24T01:44:34.042+0000] {dagbag.py:536} INFO - Filling up the DagBag from /home/airflow/.local/lib/python3.8/site-packages/airflow/example_dags/example_setup_teardown_taskflow.py
[2023-12-24T01:44:34.051+0000] {processor.py:839} INFO - DAG(s) dict_keys(['example_setup_teardown_taskflow']) retrieved from /home/airflow/.local/lib/python3.8/site-packages/airflow/example_dags/example_setup_teardown_taskflow.py
[2023-12-24T01:44:34.068+0000] {logging_mixin.py:154} INFO - [2023-12-24T01:44:34.068+0000] {dag.py:2941} INFO - Sync 1 DAGs
[2023-12-24T01:44:34.082+0000] {logging_mixin.py:154} INFO - [2023-12-24T01:44:34.081+0000] {dag.py:3722} INFO - Setting next_dagrun for example_setup_teardown_taskflow to 2023-12-23T01:44:34.081788+00:00, run_after=2023-12-24T01:44:34.081788+00:00
[2023-12-24T01:44:34.093+0000] {processor.py:179} INFO - Processing /home/airflow/.local/lib/python3.8/site-packages/airflow/example_dags/example_setup_teardown_taskflow.py took 0.059 seconds
[2023-12-24T01:45:04.733+0000] {processor.py:157} INFO - Started process (PID=437) to work on /home/airflow/.local/lib/python3.8/site-packages/airflow/example_dags/example_setup_teardown_taskflow.py
[2023-12-24T01:45:04.736+0000] {processor.py:829} INFO - Processing file /home/airflow/.local/lib/python3.8/site-packages/airflow/example_dags/example_setup_teardown_taskflow.py for tasks to queue
[2023-12-24T01:45:04.741+0000] {logging_mixin.py:154} INFO - [2023-12-24T01:45:04.740+0000] {dagbag.py:536} INFO - Filling up the DagBag from /home/airflow/.local/lib/python3.8/site-packages/airflow/example_dags/example_setup_teardown_taskflow.py
[2023-12-24T01:45:04.752+0000] {processor.py:839} INFO - DAG(s) dict_keys(['example_setup_teardown_taskflow']) retrieved from /home/airflow/.local/lib/python3.8/site-packages/airflow/example_dags/example_setup_teardown_taskflow.py
[2023-12-24T01:45:04.768+0000] {logging_mixin.py:154} INFO - [2023-12-24T01:45:04.768+0000] {dag.py:2941} INFO - Sync 1 DAGs
[2023-12-24T01:45:04.882+0000] {logging_mixin.py:154} INFO - [2023-12-24T01:45:04.882+0000] {dag.py:3722} INFO - Setting next_dagrun for example_setup_teardown_taskflow to 2023-12-23T01:45:04.881903+00:00, run_after=2023-12-24T01:45:04.881903+00:00
[2023-12-24T01:45:04.892+0000] {processor.py:179} INFO - Processing /home/airflow/.local/lib/python3.8/site-packages/airflow/example_dags/example_setup_teardown_taskflow.py took 0.165 seconds
[2023-12-24T01:45:35.607+0000] {processor.py:157} INFO - Started process (PID=493) to work on /home/airflow/.local/lib/python3.8/site-packages/airflow/example_dags/example_setup_teardown_taskflow.py
[2023-12-24T01:45:35.609+0000] {processor.py:829} INFO - Processing file /home/airflow/.local/lib/python3.8/site-packages/airflow/example_dags/example_setup_teardown_taskflow.py for tasks to queue
[2023-12-24T01:45:35.612+0000] {logging_mixin.py:154} INFO - [2023-12-24T01:45:35.612+0000] {dagbag.py:536} INFO - Filling up the DagBag from /home/airflow/.local/lib/python3.8/site-packages/airflow/example_dags/example_setup_teardown_taskflow.py
[2023-12-24T01:45:35.620+0000] {processor.py:839} INFO - DAG(s) dict_keys(['example_setup_teardown_taskflow']) retrieved from /home/airflow/.local/lib/python3.8/site-packages/airflow/example_dags/example_setup_teardown_taskflow.py
[2023-12-24T01:45:35.637+0000] {logging_mixin.py:154} INFO - [2023-12-24T01:45:35.636+0000] {dag.py:2941} INFO - Sync 1 DAGs
[2023-12-24T01:45:35.650+0000] {logging_mixin.py:154} INFO - [2023-12-24T01:45:35.650+0000] {dag.py:3722} INFO - Setting next_dagrun for example_setup_teardown_taskflow to 2023-12-23T01:45:35.649986+00:00, run_after=2023-12-24T01:45:35.649986+00:00
[2023-12-24T01:45:35.660+0000] {processor.py:179} INFO - Processing /home/airflow/.local/lib/python3.8/site-packages/airflow/example_dags/example_setup_teardown_taskflow.py took 0.057 seconds
[2023-12-24T01:46:06.137+0000] {processor.py:157} INFO - Started process (PID=548) to work on /home/airflow/.local/lib/python3.8/site-packages/airflow/example_dags/example_setup_teardown_taskflow.py
[2023-12-24T01:46:06.139+0000] {processor.py:829} INFO - Processing file /home/airflow/.local/lib/python3.8/site-packages/airflow/example_dags/example_setup_teardown_taskflow.py for tasks to queue
[2023-12-24T01:46:06.142+0000] {logging_mixin.py:154} INFO - [2023-12-24T01:46:06.142+0000] {dagbag.py:536} INFO - Filling up the DagBag from /home/airflow/.local/lib/python3.8/site-packages/airflow/example_dags/example_setup_teardown_taskflow.py
[2023-12-24T01:46:06.152+0000] {processor.py:839} INFO - DAG(s) dict_keys(['example_setup_teardown_taskflow']) retrieved from /home/airflow/.local/lib/python3.8/site-packages/airflow/example_dags/example_setup_teardown_taskflow.py
[2023-12-24T01:46:06.169+0000] {logging_mixin.py:154} INFO - [2023-12-24T01:46:06.169+0000] {dag.py:2941} INFO - Sync 1 DAGs
[2023-12-24T01:46:06.183+0000] {logging_mixin.py:154} INFO - [2023-12-24T01:46:06.182+0000] {dag.py:3722} INFO - Setting next_dagrun for example_setup_teardown_taskflow to 2023-12-23T01:46:06.182797+00:00, run_after=2023-12-24T01:46:06.182797+00:00
[2023-12-24T01:46:06.194+0000] {processor.py:179} INFO - Processing /home/airflow/.local/lib/python3.8/site-packages/airflow/example_dags/example_setup_teardown_taskflow.py took 0.062 seconds
[2023-12-24T01:46:36.775+0000] {processor.py:157} INFO - Started process (PID=603) to work on /home/airflow/.local/lib/python3.8/site-packages/airflow/example_dags/example_setup_teardown_taskflow.py
[2023-12-24T01:46:36.777+0000] {processor.py:829} INFO - Processing file /home/airflow/.local/lib/python3.8/site-packages/airflow/example_dags/example_setup_teardown_taskflow.py for tasks to queue
[2023-12-24T01:46:36.782+0000] {logging_mixin.py:154} INFO - [2023-12-24T01:46:36.781+0000] {dagbag.py:536} INFO - Filling up the DagBag from /home/airflow/.local/lib/python3.8/site-packages/airflow/example_dags/example_setup_teardown_taskflow.py
[2023-12-24T01:46:36.792+0000] {processor.py:839} INFO - DAG(s) dict_keys(['example_setup_teardown_taskflow']) retrieved from /home/airflow/.local/lib/python3.8/site-packages/airflow/example_dags/example_setup_teardown_taskflow.py
[2023-12-24T01:46:36.913+0000] {logging_mixin.py:154} INFO - [2023-12-24T01:46:36.913+0000] {dag.py:2941} INFO - Sync 1 DAGs
[2023-12-24T01:46:36.922+0000] {logging_mixin.py:154} INFO - [2023-12-24T01:46:36.922+0000] {dag.py:3722} INFO - Setting next_dagrun for example_setup_teardown_taskflow to 2023-12-23T01:46:36.922305+00:00, run_after=2023-12-24T01:46:36.922305+00:00
[2023-12-24T01:46:36.934+0000] {processor.py:179} INFO - Processing /home/airflow/.local/lib/python3.8/site-packages/airflow/example_dags/example_setup_teardown_taskflow.py took 0.164 seconds
[2023-12-24T01:50:41.498+0000] {processor.py:157} INFO - Started process (PID=1036) to work on /home/airflow/.local/lib/python3.8/site-packages/airflow/example_dags/example_setup_teardown_taskflow.py
[2023-12-24T01:50:41.499+0000] {processor.py:829} INFO - Processing file /home/airflow/.local/lib/python3.8/site-packages/airflow/example_dags/example_setup_teardown_taskflow.py for tasks to queue
[2023-12-24T01:50:41.500+0000] {logging_mixin.py:154} INFO - [2023-12-24T01:50:41.500+0000] {dagbag.py:536} INFO - Filling up the DagBag from /home/airflow/.local/lib/python3.8/site-packages/airflow/example_dags/example_setup_teardown_taskflow.py
[2023-12-24T01:50:41.510+0000] {processor.py:839} INFO - DAG(s) dict_keys(['example_setup_teardown_taskflow']) retrieved from /home/airflow/.local/lib/python3.8/site-packages/airflow/example_dags/example_setup_teardown_taskflow.py
[2023-12-24T01:50:41.573+0000] {logging_mixin.py:154} INFO - [2023-12-24T01:50:41.573+0000] {dag.py:2941} INFO - Sync 1 DAGs
[2023-12-24T01:50:41.584+0000] {logging_mixin.py:154} INFO - [2023-12-24T01:50:41.584+0000] {dag.py:3722} INFO - Setting next_dagrun for example_setup_teardown_taskflow to 2023-12-23T01:50:41.584535+00:00, run_after=2023-12-24T01:50:41.584535+00:00
[2023-12-24T01:50:41.598+0000] {processor.py:179} INFO - Processing /home/airflow/.local/lib/python3.8/site-packages/airflow/example_dags/example_setup_teardown_taskflow.py took 0.104 seconds
[2023-12-24T01:51:12.612+0000] {processor.py:157} INFO - Started process (PID=1091) to work on /home/airflow/.local/lib/python3.8/site-packages/airflow/example_dags/example_setup_teardown_taskflow.py
[2023-12-24T01:51:12.614+0000] {processor.py:829} INFO - Processing file /home/airflow/.local/lib/python3.8/site-packages/airflow/example_dags/example_setup_teardown_taskflow.py for tasks to queue
[2023-12-24T01:51:12.616+0000] {logging_mixin.py:154} INFO - [2023-12-24T01:51:12.615+0000] {dagbag.py:536} INFO - Filling up the DagBag from /home/airflow/.local/lib/python3.8/site-packages/airflow/example_dags/example_setup_teardown_taskflow.py
[2023-12-24T01:51:12.626+0000] {processor.py:839} INFO - DAG(s) dict_keys(['example_setup_teardown_taskflow']) retrieved from /home/airflow/.local/lib/python3.8/site-packages/airflow/example_dags/example_setup_teardown_taskflow.py
[2023-12-24T01:51:12.644+0000] {logging_mixin.py:154} INFO - [2023-12-24T01:51:12.644+0000] {dag.py:2941} INFO - Sync 1 DAGs
[2023-12-24T01:51:12.658+0000] {logging_mixin.py:154} INFO - [2023-12-24T01:51:12.658+0000] {dag.py:3722} INFO - Setting next_dagrun for example_setup_teardown_taskflow to 2023-12-23T01:51:12.658700+00:00, run_after=2023-12-24T01:51:12.658700+00:00
[2023-12-24T01:51:12.670+0000] {processor.py:179} INFO - Processing /home/airflow/.local/lib/python3.8/site-packages/airflow/example_dags/example_setup_teardown_taskflow.py took 0.062 seconds
[2023-12-24T01:51:42.853+0000] {processor.py:157} INFO - Started process (PID=1147) to work on /home/airflow/.local/lib/python3.8/site-packages/airflow/example_dags/example_setup_teardown_taskflow.py
[2023-12-24T01:51:42.854+0000] {processor.py:829} INFO - Processing file /home/airflow/.local/lib/python3.8/site-packages/airflow/example_dags/example_setup_teardown_taskflow.py for tasks to queue
[2023-12-24T01:51:42.855+0000] {logging_mixin.py:154} INFO - [2023-12-24T01:51:42.855+0000] {dagbag.py:536} INFO - Filling up the DagBag from /home/airflow/.local/lib/python3.8/site-packages/airflow/example_dags/example_setup_teardown_taskflow.py
[2023-12-24T01:51:42.863+0000] {processor.py:839} INFO - DAG(s) dict_keys(['example_setup_teardown_taskflow']) retrieved from /home/airflow/.local/lib/python3.8/site-packages/airflow/example_dags/example_setup_teardown_taskflow.py
[2023-12-24T01:51:42.880+0000] {logging_mixin.py:154} INFO - [2023-12-24T01:51:42.880+0000] {dag.py:2941} INFO - Sync 1 DAGs
[2023-12-24T01:51:42.892+0000] {logging_mixin.py:154} INFO - [2023-12-24T01:51:42.892+0000] {dag.py:3722} INFO - Setting next_dagrun for example_setup_teardown_taskflow to 2023-12-23T01:51:42.892545+00:00, run_after=2023-12-24T01:51:42.892545+00:00
[2023-12-24T01:51:42.904+0000] {processor.py:179} INFO - Processing /home/airflow/.local/lib/python3.8/site-packages/airflow/example_dags/example_setup_teardown_taskflow.py took 0.054 seconds
[2023-12-24T01:52:13.019+0000] {processor.py:157} INFO - Started process (PID=1202) to work on /home/airflow/.local/lib/python3.8/site-packages/airflow/example_dags/example_setup_teardown_taskflow.py
[2023-12-24T01:52:13.021+0000] {processor.py:829} INFO - Processing file /home/airflow/.local/lib/python3.8/site-packages/airflow/example_dags/example_setup_teardown_taskflow.py for tasks to queue
[2023-12-24T01:52:13.023+0000] {logging_mixin.py:154} INFO - [2023-12-24T01:52:13.022+0000] {dagbag.py:536} INFO - Filling up the DagBag from /home/airflow/.local/lib/python3.8/site-packages/airflow/example_dags/example_setup_teardown_taskflow.py
[2023-12-24T01:52:13.033+0000] {processor.py:839} INFO - DAG(s) dict_keys(['example_setup_teardown_taskflow']) retrieved from /home/airflow/.local/lib/python3.8/site-packages/airflow/example_dags/example_setup_teardown_taskflow.py
[2023-12-24T01:52:13.050+0000] {logging_mixin.py:154} INFO - [2023-12-24T01:52:13.050+0000] {dag.py:2941} INFO - Sync 1 DAGs
[2023-12-24T01:52:13.064+0000] {logging_mixin.py:154} INFO - [2023-12-24T01:52:13.064+0000] {dag.py:3722} INFO - Setting next_dagrun for example_setup_teardown_taskflow to 2023-12-23T01:52:13.063864+00:00, run_after=2023-12-24T01:52:13.063864+00:00
[2023-12-24T01:52:13.074+0000] {processor.py:179} INFO - Processing /home/airflow/.local/lib/python3.8/site-packages/airflow/example_dags/example_setup_teardown_taskflow.py took 0.061 seconds
[2023-12-24T01:52:43.292+0000] {processor.py:157} INFO - Started process (PID=1257) to work on /home/airflow/.local/lib/python3.8/site-packages/airflow/example_dags/example_setup_teardown_taskflow.py
[2023-12-24T01:52:43.294+0000] {processor.py:829} INFO - Processing file /home/airflow/.local/lib/python3.8/site-packages/airflow/example_dags/example_setup_teardown_taskflow.py for tasks to queue
[2023-12-24T01:52:43.297+0000] {logging_mixin.py:154} INFO - [2023-12-24T01:52:43.296+0000] {dagbag.py:536} INFO - Filling up the DagBag from /home/airflow/.local/lib/python3.8/site-packages/airflow/example_dags/example_setup_teardown_taskflow.py
[2023-12-24T01:52:43.309+0000] {processor.py:839} INFO - DAG(s) dict_keys(['example_setup_teardown_taskflow']) retrieved from /home/airflow/.local/lib/python3.8/site-packages/airflow/example_dags/example_setup_teardown_taskflow.py
[2023-12-24T01:52:43.328+0000] {logging_mixin.py:154} INFO - [2023-12-24T01:52:43.328+0000] {dag.py:2941} INFO - Sync 1 DAGs
[2023-12-24T01:52:43.342+0000] {logging_mixin.py:154} INFO - [2023-12-24T01:52:43.342+0000] {dag.py:3722} INFO - Setting next_dagrun for example_setup_teardown_taskflow to 2023-12-23T01:52:43.342374+00:00, run_after=2023-12-24T01:52:43.342374+00:00
[2023-12-24T01:52:43.355+0000] {processor.py:179} INFO - Processing /home/airflow/.local/lib/python3.8/site-packages/airflow/example_dags/example_setup_teardown_taskflow.py took 0.069 seconds
