[2023-12-24T00:16:11.498+0000] {processor.py:157} INFO - Started process (PID=6213) to work on /home/airflow/.local/lib/python3.8/site-packages/airflow/example_dags/example_kubernetes_executor.py
[2023-12-24T00:16:11.500+0000] {processor.py:829} INFO - Processing file /home/airflow/.local/lib/python3.8/site-packages/airflow/example_dags/example_kubernetes_executor.py for tasks to queue
[2023-12-24T00:16:11.504+0000] {logging_mixin.py:154} INFO - [2023-12-24T00:16:11.503+0000] {dagbag.py:536} INFO - Filling up the DagBag from /home/airflow/.local/lib/python3.8/site-packages/airflow/example_dags/example_kubernetes_executor.py
[2023-12-24T00:16:11.517+0000] {processor.py:839} INFO - DAG(s) dict_keys(['example_kubernetes_executor']) retrieved from /home/airflow/.local/lib/python3.8/site-packages/airflow/example_dags/example_kubernetes_executor.py
[2023-12-24T00:16:11.547+0000] {logging_mixin.py:154} INFO - [2023-12-24T00:16:11.547+0000] {dag.py:2941} INFO - Sync 1 DAGs
[2023-12-24T00:16:11.559+0000] {logging_mixin.py:154} INFO - [2023-12-24T00:16:11.559+0000] {dag.py:3722} INFO - Setting next_dagrun for example_kubernetes_executor to None, run_after=None
[2023-12-24T00:16:11.574+0000] {processor.py:179} INFO - Processing /home/airflow/.local/lib/python3.8/site-packages/airflow/example_dags/example_kubernetes_executor.py took 0.081 seconds
[2023-12-24T00:16:42.078+0000] {processor.py:157} INFO - Started process (PID=6269) to work on /home/airflow/.local/lib/python3.8/site-packages/airflow/example_dags/example_kubernetes_executor.py
[2023-12-24T00:16:42.079+0000] {processor.py:829} INFO - Processing file /home/airflow/.local/lib/python3.8/site-packages/airflow/example_dags/example_kubernetes_executor.py for tasks to queue
[2023-12-24T00:16:42.081+0000] {logging_mixin.py:154} INFO - [2023-12-24T00:16:42.081+0000] {dagbag.py:536} INFO - Filling up the DagBag from /home/airflow/.local/lib/python3.8/site-packages/airflow/example_dags/example_kubernetes_executor.py
[2023-12-24T00:16:42.089+0000] {processor.py:839} INFO - DAG(s) dict_keys(['example_kubernetes_executor']) retrieved from /home/airflow/.local/lib/python3.8/site-packages/airflow/example_dags/example_kubernetes_executor.py
[2023-12-24T00:16:42.111+0000] {logging_mixin.py:154} INFO - [2023-12-24T00:16:42.111+0000] {dag.py:2941} INFO - Sync 1 DAGs
[2023-12-24T00:16:42.118+0000] {logging_mixin.py:154} INFO - [2023-12-24T00:16:42.118+0000] {dag.py:3722} INFO - Setting next_dagrun for example_kubernetes_executor to None, run_after=None
[2023-12-24T00:16:42.129+0000] {processor.py:179} INFO - Processing /home/airflow/.local/lib/python3.8/site-packages/airflow/example_dags/example_kubernetes_executor.py took 0.052 seconds
[2023-12-24T00:33:50.912+0000] {processor.py:157} INFO - Started process (PID=6325) to work on /home/airflow/.local/lib/python3.8/site-packages/airflow/example_dags/example_kubernetes_executor.py
[2023-12-24T00:33:50.914+0000] {processor.py:829} INFO - Processing file /home/airflow/.local/lib/python3.8/site-packages/airflow/example_dags/example_kubernetes_executor.py for tasks to queue
[2023-12-24T00:33:50.918+0000] {logging_mixin.py:154} INFO - [2023-12-24T00:33:50.918+0000] {dagbag.py:536} INFO - Filling up the DagBag from /home/airflow/.local/lib/python3.8/site-packages/airflow/example_dags/example_kubernetes_executor.py
[2023-12-24T00:33:50.932+0000] {processor.py:839} INFO - DAG(s) dict_keys(['example_kubernetes_executor']) retrieved from /home/airflow/.local/lib/python3.8/site-packages/airflow/example_dags/example_kubernetes_executor.py
[2023-12-24T00:33:50.960+0000] {logging_mixin.py:154} INFO - [2023-12-24T00:33:50.960+0000] {dag.py:2941} INFO - Sync 1 DAGs
[2023-12-24T00:33:50.969+0000] {logging_mixin.py:154} INFO - [2023-12-24T00:33:50.969+0000] {dag.py:3722} INFO - Setting next_dagrun for example_kubernetes_executor to None, run_after=None
[2023-12-24T00:33:50.981+0000] {processor.py:179} INFO - Processing /home/airflow/.local/lib/python3.8/site-packages/airflow/example_dags/example_kubernetes_executor.py took 0.073 seconds
[2023-12-24T00:34:21.199+0000] {processor.py:157} INFO - Started process (PID=6381) to work on /home/airflow/.local/lib/python3.8/site-packages/airflow/example_dags/example_kubernetes_executor.py
[2023-12-24T00:34:21.201+0000] {processor.py:829} INFO - Processing file /home/airflow/.local/lib/python3.8/site-packages/airflow/example_dags/example_kubernetes_executor.py for tasks to queue
[2023-12-24T00:34:21.203+0000] {logging_mixin.py:154} INFO - [2023-12-24T00:34:21.202+0000] {dagbag.py:536} INFO - Filling up the DagBag from /home/airflow/.local/lib/python3.8/site-packages/airflow/example_dags/example_kubernetes_executor.py
[2023-12-24T00:34:21.211+0000] {processor.py:839} INFO - DAG(s) dict_keys(['example_kubernetes_executor']) retrieved from /home/airflow/.local/lib/python3.8/site-packages/airflow/example_dags/example_kubernetes_executor.py
[2023-12-24T00:34:21.233+0000] {logging_mixin.py:154} INFO - [2023-12-24T00:34:21.232+0000] {dag.py:2941} INFO - Sync 1 DAGs
[2023-12-24T00:34:21.239+0000] {logging_mixin.py:154} INFO - [2023-12-24T00:34:21.239+0000] {dag.py:3722} INFO - Setting next_dagrun for example_kubernetes_executor to None, run_after=None
[2023-12-24T00:34:21.249+0000] {processor.py:179} INFO - Processing /home/airflow/.local/lib/python3.8/site-packages/airflow/example_dags/example_kubernetes_executor.py took 0.052 seconds
[2023-12-24T00:51:36.158+0000] {processor.py:157} INFO - Started process (PID=6436) to work on /home/airflow/.local/lib/python3.8/site-packages/airflow/example_dags/example_kubernetes_executor.py
[2023-12-24T00:51:36.160+0000] {processor.py:829} INFO - Processing file /home/airflow/.local/lib/python3.8/site-packages/airflow/example_dags/example_kubernetes_executor.py for tasks to queue
[2023-12-24T00:51:36.162+0000] {logging_mixin.py:154} INFO - [2023-12-24T00:51:36.162+0000] {dagbag.py:536} INFO - Filling up the DagBag from /home/airflow/.local/lib/python3.8/site-packages/airflow/example_dags/example_kubernetes_executor.py
[2023-12-24T00:51:36.171+0000] {processor.py:839} INFO - DAG(s) dict_keys(['example_kubernetes_executor']) retrieved from /home/airflow/.local/lib/python3.8/site-packages/airflow/example_dags/example_kubernetes_executor.py
[2023-12-24T00:51:36.196+0000] {logging_mixin.py:154} INFO - [2023-12-24T00:51:36.195+0000] {dag.py:2941} INFO - Sync 1 DAGs
[2023-12-24T00:51:36.204+0000] {logging_mixin.py:154} INFO - [2023-12-24T00:51:36.204+0000] {dag.py:3722} INFO - Setting next_dagrun for example_kubernetes_executor to None, run_after=None
[2023-12-24T00:51:36.219+0000] {processor.py:179} INFO - Processing /home/airflow/.local/lib/python3.8/site-packages/airflow/example_dags/example_kubernetes_executor.py took 0.063 seconds
[2023-12-24T00:52:06.693+0000] {processor.py:157} INFO - Started process (PID=6491) to work on /home/airflow/.local/lib/python3.8/site-packages/airflow/example_dags/example_kubernetes_executor.py
[2023-12-24T00:52:06.694+0000] {processor.py:829} INFO - Processing file /home/airflow/.local/lib/python3.8/site-packages/airflow/example_dags/example_kubernetes_executor.py for tasks to queue
[2023-12-24T00:52:06.696+0000] {logging_mixin.py:154} INFO - [2023-12-24T00:52:06.696+0000] {dagbag.py:536} INFO - Filling up the DagBag from /home/airflow/.local/lib/python3.8/site-packages/airflow/example_dags/example_kubernetes_executor.py
[2023-12-24T00:52:06.704+0000] {processor.py:839} INFO - DAG(s) dict_keys(['example_kubernetes_executor']) retrieved from /home/airflow/.local/lib/python3.8/site-packages/airflow/example_dags/example_kubernetes_executor.py
[2023-12-24T00:52:06.726+0000] {logging_mixin.py:154} INFO - [2023-12-24T00:52:06.726+0000] {dag.py:2941} INFO - Sync 1 DAGs
[2023-12-24T00:52:06.734+0000] {logging_mixin.py:154} INFO - [2023-12-24T00:52:06.734+0000] {dag.py:3722} INFO - Setting next_dagrun for example_kubernetes_executor to None, run_after=None
[2023-12-24T00:52:06.744+0000] {processor.py:179} INFO - Processing /home/airflow/.local/lib/python3.8/site-packages/airflow/example_dags/example_kubernetes_executor.py took 0.054 seconds
[2023-12-24T01:08:53.043+0000] {processor.py:157} INFO - Started process (PID=6546) to work on /home/airflow/.local/lib/python3.8/site-packages/airflow/example_dags/example_kubernetes_executor.py
[2023-12-24T01:08:53.045+0000] {processor.py:829} INFO - Processing file /home/airflow/.local/lib/python3.8/site-packages/airflow/example_dags/example_kubernetes_executor.py for tasks to queue
[2023-12-24T01:08:53.048+0000] {logging_mixin.py:154} INFO - [2023-12-24T01:08:53.048+0000] {dagbag.py:536} INFO - Filling up the DagBag from /home/airflow/.local/lib/python3.8/site-packages/airflow/example_dags/example_kubernetes_executor.py
[2023-12-24T01:08:53.057+0000] {processor.py:839} INFO - DAG(s) dict_keys(['example_kubernetes_executor']) retrieved from /home/airflow/.local/lib/python3.8/site-packages/airflow/example_dags/example_kubernetes_executor.py
[2023-12-24T01:08:53.081+0000] {logging_mixin.py:154} INFO - [2023-12-24T01:08:53.081+0000] {dag.py:2941} INFO - Sync 1 DAGs
[2023-12-24T01:08:53.088+0000] {logging_mixin.py:154} INFO - [2023-12-24T01:08:53.088+0000] {dag.py:3722} INFO - Setting next_dagrun for example_kubernetes_executor to None, run_after=None
[2023-12-24T01:08:53.099+0000] {processor.py:179} INFO - Processing /home/airflow/.local/lib/python3.8/site-packages/airflow/example_dags/example_kubernetes_executor.py took 0.058 seconds
[2023-12-24T01:26:17.264+0000] {processor.py:157} INFO - Started process (PID=6602) to work on /home/airflow/.local/lib/python3.8/site-packages/airflow/example_dags/example_kubernetes_executor.py
[2023-12-24T01:26:17.265+0000] {processor.py:829} INFO - Processing file /home/airflow/.local/lib/python3.8/site-packages/airflow/example_dags/example_kubernetes_executor.py for tasks to queue
[2023-12-24T01:26:17.267+0000] {logging_mixin.py:154} INFO - [2023-12-24T01:26:17.267+0000] {dagbag.py:536} INFO - Filling up the DagBag from /home/airflow/.local/lib/python3.8/site-packages/airflow/example_dags/example_kubernetes_executor.py
[2023-12-24T01:26:17.276+0000] {processor.py:839} INFO - DAG(s) dict_keys(['example_kubernetes_executor']) retrieved from /home/airflow/.local/lib/python3.8/site-packages/airflow/example_dags/example_kubernetes_executor.py
[2023-12-24T01:26:17.298+0000] {logging_mixin.py:154} INFO - [2023-12-24T01:26:17.297+0000] {dag.py:2941} INFO - Sync 1 DAGs
[2023-12-24T01:26:17.304+0000] {logging_mixin.py:154} INFO - [2023-12-24T01:26:17.304+0000] {dag.py:3722} INFO - Setting next_dagrun for example_kubernetes_executor to None, run_after=None
[2023-12-24T01:26:17.315+0000] {processor.py:179} INFO - Processing /home/airflow/.local/lib/python3.8/site-packages/airflow/example_dags/example_kubernetes_executor.py took 0.053 seconds
[2023-12-24T01:26:47.494+0000] {processor.py:157} INFO - Started process (PID=6658) to work on /home/airflow/.local/lib/python3.8/site-packages/airflow/example_dags/example_kubernetes_executor.py
[2023-12-24T01:26:47.495+0000] {processor.py:829} INFO - Processing file /home/airflow/.local/lib/python3.8/site-packages/airflow/example_dags/example_kubernetes_executor.py for tasks to queue
[2023-12-24T01:26:47.497+0000] {logging_mixin.py:154} INFO - [2023-12-24T01:26:47.497+0000] {dagbag.py:536} INFO - Filling up the DagBag from /home/airflow/.local/lib/python3.8/site-packages/airflow/example_dags/example_kubernetes_executor.py
[2023-12-24T01:26:47.505+0000] {processor.py:839} INFO - DAG(s) dict_keys(['example_kubernetes_executor']) retrieved from /home/airflow/.local/lib/python3.8/site-packages/airflow/example_dags/example_kubernetes_executor.py
[2023-12-24T01:26:47.527+0000] {logging_mixin.py:154} INFO - [2023-12-24T01:26:47.527+0000] {dag.py:2941} INFO - Sync 1 DAGs
[2023-12-24T01:26:47.534+0000] {logging_mixin.py:154} INFO - [2023-12-24T01:26:47.534+0000] {dag.py:3722} INFO - Setting next_dagrun for example_kubernetes_executor to None, run_after=None
[2023-12-24T01:26:47.543+0000] {processor.py:179} INFO - Processing /home/airflow/.local/lib/python3.8/site-packages/airflow/example_dags/example_kubernetes_executor.py took 0.051 seconds
[2023-12-24T01:39:27.070+0000] {processor.py:157} INFO - Started process (PID=6715) to work on /home/airflow/.local/lib/python3.8/site-packages/airflow/example_dags/example_kubernetes_executor.py
[2023-12-24T01:39:27.073+0000] {processor.py:829} INFO - Processing file /home/airflow/.local/lib/python3.8/site-packages/airflow/example_dags/example_kubernetes_executor.py for tasks to queue
[2023-12-24T01:39:27.076+0000] {logging_mixin.py:154} INFO - [2023-12-24T01:39:27.076+0000] {dagbag.py:536} INFO - Filling up the DagBag from /home/airflow/.local/lib/python3.8/site-packages/airflow/example_dags/example_kubernetes_executor.py
[2023-12-24T01:39:27.086+0000] {processor.py:839} INFO - DAG(s) dict_keys(['example_kubernetes_executor']) retrieved from /home/airflow/.local/lib/python3.8/site-packages/airflow/example_dags/example_kubernetes_executor.py
[2023-12-24T01:39:27.110+0000] {logging_mixin.py:154} INFO - [2023-12-24T01:39:27.110+0000] {dag.py:2941} INFO - Sync 1 DAGs
[2023-12-24T01:39:27.121+0000] {logging_mixin.py:154} INFO - [2023-12-24T01:39:27.121+0000] {dag.py:3722} INFO - Setting next_dagrun for example_kubernetes_executor to None, run_after=None
[2023-12-24T01:39:27.156+0000] {processor.py:179} INFO - Processing /home/airflow/.local/lib/python3.8/site-packages/airflow/example_dags/example_kubernetes_executor.py took 0.090 seconds
[2023-12-24T01:39:57.405+0000] {processor.py:157} INFO - Started process (PID=6770) to work on /home/airflow/.local/lib/python3.8/site-packages/airflow/example_dags/example_kubernetes_executor.py
[2023-12-24T01:39:57.407+0000] {processor.py:829} INFO - Processing file /home/airflow/.local/lib/python3.8/site-packages/airflow/example_dags/example_kubernetes_executor.py for tasks to queue
[2023-12-24T01:39:57.409+0000] {logging_mixin.py:154} INFO - [2023-12-24T01:39:57.409+0000] {dagbag.py:536} INFO - Filling up the DagBag from /home/airflow/.local/lib/python3.8/site-packages/airflow/example_dags/example_kubernetes_executor.py
[2023-12-24T01:39:57.418+0000] {processor.py:839} INFO - DAG(s) dict_keys(['example_kubernetes_executor']) retrieved from /home/airflow/.local/lib/python3.8/site-packages/airflow/example_dags/example_kubernetes_executor.py
[2023-12-24T01:39:57.442+0000] {logging_mixin.py:154} INFO - [2023-12-24T01:39:57.441+0000] {dag.py:2941} INFO - Sync 1 DAGs
[2023-12-24T01:39:57.449+0000] {logging_mixin.py:154} INFO - [2023-12-24T01:39:57.449+0000] {dag.py:3722} INFO - Setting next_dagrun for example_kubernetes_executor to None, run_after=None
[2023-12-24T01:39:57.461+0000] {processor.py:179} INFO - Processing /home/airflow/.local/lib/python3.8/site-packages/airflow/example_dags/example_kubernetes_executor.py took 0.058 seconds
[2023-12-24T01:40:27.725+0000] {processor.py:157} INFO - Started process (PID=6825) to work on /home/airflow/.local/lib/python3.8/site-packages/airflow/example_dags/example_kubernetes_executor.py
[2023-12-24T01:40:27.726+0000] {processor.py:829} INFO - Processing file /home/airflow/.local/lib/python3.8/site-packages/airflow/example_dags/example_kubernetes_executor.py for tasks to queue
[2023-12-24T01:40:27.728+0000] {logging_mixin.py:154} INFO - [2023-12-24T01:40:27.728+0000] {dagbag.py:536} INFO - Filling up the DagBag from /home/airflow/.local/lib/python3.8/site-packages/airflow/example_dags/example_kubernetes_executor.py
[2023-12-24T01:40:27.737+0000] {processor.py:839} INFO - DAG(s) dict_keys(['example_kubernetes_executor']) retrieved from /home/airflow/.local/lib/python3.8/site-packages/airflow/example_dags/example_kubernetes_executor.py
[2023-12-24T01:40:27.760+0000] {logging_mixin.py:154} INFO - [2023-12-24T01:40:27.760+0000] {dag.py:2941} INFO - Sync 1 DAGs
[2023-12-24T01:40:27.767+0000] {logging_mixin.py:154} INFO - [2023-12-24T01:40:27.767+0000] {dag.py:3722} INFO - Setting next_dagrun for example_kubernetes_executor to None, run_after=None
[2023-12-24T01:40:27.779+0000] {processor.py:179} INFO - Processing /home/airflow/.local/lib/python3.8/site-packages/airflow/example_dags/example_kubernetes_executor.py took 0.056 seconds
[2023-12-24T01:41:30.198+0000] {processor.py:157} INFO - Started process (PID=52) to work on /home/airflow/.local/lib/python3.8/site-packages/airflow/example_dags/example_kubernetes_executor.py
[2023-12-24T01:41:30.201+0000] {processor.py:829} INFO - Processing file /home/airflow/.local/lib/python3.8/site-packages/airflow/example_dags/example_kubernetes_executor.py for tasks to queue
[2023-12-24T01:41:30.204+0000] {logging_mixin.py:154} INFO - [2023-12-24T01:41:30.203+0000] {dagbag.py:536} INFO - Filling up the DagBag from /home/airflow/.local/lib/python3.8/site-packages/airflow/example_dags/example_kubernetes_executor.py
[2023-12-24T01:41:30.218+0000] {processor.py:839} INFO - DAG(s) dict_keys(['example_kubernetes_executor']) retrieved from /home/airflow/.local/lib/python3.8/site-packages/airflow/example_dags/example_kubernetes_executor.py
[2023-12-24T01:41:30.230+0000] {logging_mixin.py:154} INFO - [2023-12-24T01:41:30.229+0000] {dag.py:2941} INFO - Sync 1 DAGs
[2023-12-24T01:41:30.240+0000] {logging_mixin.py:154} INFO - [2023-12-24T01:41:30.240+0000] {dag.py:3722} INFO - Setting next_dagrun for example_kubernetes_executor to None, run_after=None
[2023-12-24T01:41:30.256+0000] {processor.py:179} INFO - Processing /home/airflow/.local/lib/python3.8/site-packages/airflow/example_dags/example_kubernetes_executor.py took 0.061 seconds
[2023-12-24T01:42:00.765+0000] {processor.py:157} INFO - Started process (PID=108) to work on /home/airflow/.local/lib/python3.8/site-packages/airflow/example_dags/example_kubernetes_executor.py
[2023-12-24T01:42:00.766+0000] {processor.py:829} INFO - Processing file /home/airflow/.local/lib/python3.8/site-packages/airflow/example_dags/example_kubernetes_executor.py for tasks to queue
[2023-12-24T01:42:00.768+0000] {logging_mixin.py:154} INFO - [2023-12-24T01:42:00.768+0000] {dagbag.py:536} INFO - Filling up the DagBag from /home/airflow/.local/lib/python3.8/site-packages/airflow/example_dags/example_kubernetes_executor.py
[2023-12-24T01:42:00.776+0000] {processor.py:839} INFO - DAG(s) dict_keys(['example_kubernetes_executor']) retrieved from /home/airflow/.local/lib/python3.8/site-packages/airflow/example_dags/example_kubernetes_executor.py
[2023-12-24T01:42:00.802+0000] {logging_mixin.py:154} INFO - [2023-12-24T01:42:00.801+0000] {dag.py:2941} INFO - Sync 1 DAGs
[2023-12-24T01:42:00.809+0000] {logging_mixin.py:154} INFO - [2023-12-24T01:42:00.809+0000] {dag.py:3722} INFO - Setting next_dagrun for example_kubernetes_executor to None, run_after=None
[2023-12-24T01:42:00.820+0000] {processor.py:179} INFO - Processing /home/airflow/.local/lib/python3.8/site-packages/airflow/example_dags/example_kubernetes_executor.py took 0.058 seconds
[2023-12-24T01:42:31.006+0000] {processor.py:157} INFO - Started process (PID=163) to work on /home/airflow/.local/lib/python3.8/site-packages/airflow/example_dags/example_kubernetes_executor.py
[2023-12-24T01:42:31.007+0000] {processor.py:829} INFO - Processing file /home/airflow/.local/lib/python3.8/site-packages/airflow/example_dags/example_kubernetes_executor.py for tasks to queue
[2023-12-24T01:42:31.009+0000] {logging_mixin.py:154} INFO - [2023-12-24T01:42:31.009+0000] {dagbag.py:536} INFO - Filling up the DagBag from /home/airflow/.local/lib/python3.8/site-packages/airflow/example_dags/example_kubernetes_executor.py
[2023-12-24T01:42:31.017+0000] {processor.py:839} INFO - DAG(s) dict_keys(['example_kubernetes_executor']) retrieved from /home/airflow/.local/lib/python3.8/site-packages/airflow/example_dags/example_kubernetes_executor.py
[2023-12-24T01:42:31.039+0000] {logging_mixin.py:154} INFO - [2023-12-24T01:42:31.039+0000] {dag.py:2941} INFO - Sync 1 DAGs
[2023-12-24T01:42:31.046+0000] {logging_mixin.py:154} INFO - [2023-12-24T01:42:31.046+0000] {dag.py:3722} INFO - Setting next_dagrun for example_kubernetes_executor to None, run_after=None
[2023-12-24T01:42:31.056+0000] {processor.py:179} INFO - Processing /home/airflow/.local/lib/python3.8/site-packages/airflow/example_dags/example_kubernetes_executor.py took 0.052 seconds
[2023-12-24T01:43:01.954+0000] {processor.py:157} INFO - Started process (PID=218) to work on /home/airflow/.local/lib/python3.8/site-packages/airflow/example_dags/example_kubernetes_executor.py
[2023-12-24T01:43:01.956+0000] {processor.py:829} INFO - Processing file /home/airflow/.local/lib/python3.8/site-packages/airflow/example_dags/example_kubernetes_executor.py for tasks to queue
[2023-12-24T01:43:01.958+0000] {logging_mixin.py:154} INFO - [2023-12-24T01:43:01.958+0000] {dagbag.py:536} INFO - Filling up the DagBag from /home/airflow/.local/lib/python3.8/site-packages/airflow/example_dags/example_kubernetes_executor.py
[2023-12-24T01:43:01.967+0000] {processor.py:839} INFO - DAG(s) dict_keys(['example_kubernetes_executor']) retrieved from /home/airflow/.local/lib/python3.8/site-packages/airflow/example_dags/example_kubernetes_executor.py
[2023-12-24T01:43:02.093+0000] {logging_mixin.py:154} INFO - [2023-12-24T01:43:02.093+0000] {dag.py:2941} INFO - Sync 1 DAGs
[2023-12-24T01:43:02.100+0000] {logging_mixin.py:154} INFO - [2023-12-24T01:43:02.100+0000] {dag.py:3722} INFO - Setting next_dagrun for example_kubernetes_executor to None, run_after=None
[2023-12-24T01:43:02.112+0000] {processor.py:179} INFO - Processing /home/airflow/.local/lib/python3.8/site-packages/airflow/example_dags/example_kubernetes_executor.py took 0.160 seconds
[2023-12-24T01:43:32.962+0000] {processor.py:157} INFO - Started process (PID=274) to work on /home/airflow/.local/lib/python3.8/site-packages/airflow/example_dags/example_kubernetes_executor.py
[2023-12-24T01:43:32.964+0000] {processor.py:829} INFO - Processing file /home/airflow/.local/lib/python3.8/site-packages/airflow/example_dags/example_kubernetes_executor.py for tasks to queue
[2023-12-24T01:43:32.965+0000] {logging_mixin.py:154} INFO - [2023-12-24T01:43:32.965+0000] {dagbag.py:536} INFO - Filling up the DagBag from /home/airflow/.local/lib/python3.8/site-packages/airflow/example_dags/example_kubernetes_executor.py
[2023-12-24T01:43:32.973+0000] {processor.py:839} INFO - DAG(s) dict_keys(['example_kubernetes_executor']) retrieved from /home/airflow/.local/lib/python3.8/site-packages/airflow/example_dags/example_kubernetes_executor.py
[2023-12-24T01:43:32.996+0000] {logging_mixin.py:154} INFO - [2023-12-24T01:43:32.996+0000] {dag.py:2941} INFO - Sync 1 DAGs
[2023-12-24T01:43:33.003+0000] {logging_mixin.py:154} INFO - [2023-12-24T01:43:33.003+0000] {dag.py:3722} INFO - Setting next_dagrun for example_kubernetes_executor to None, run_after=None
[2023-12-24T01:43:33.120+0000] {processor.py:179} INFO - Processing /home/airflow/.local/lib/python3.8/site-packages/airflow/example_dags/example_kubernetes_executor.py took 0.160 seconds
[2023-12-24T01:44:03.201+0000] {processor.py:157} INFO - Started process (PID=329) to work on /home/airflow/.local/lib/python3.8/site-packages/airflow/example_dags/example_kubernetes_executor.py
[2023-12-24T01:44:03.202+0000] {processor.py:829} INFO - Processing file /home/airflow/.local/lib/python3.8/site-packages/airflow/example_dags/example_kubernetes_executor.py for tasks to queue
[2023-12-24T01:44:03.204+0000] {logging_mixin.py:154} INFO - [2023-12-24T01:44:03.204+0000] {dagbag.py:536} INFO - Filling up the DagBag from /home/airflow/.local/lib/python3.8/site-packages/airflow/example_dags/example_kubernetes_executor.py
[2023-12-24T01:44:03.213+0000] {processor.py:839} INFO - DAG(s) dict_keys(['example_kubernetes_executor']) retrieved from /home/airflow/.local/lib/python3.8/site-packages/airflow/example_dags/example_kubernetes_executor.py
[2023-12-24T01:44:03.234+0000] {logging_mixin.py:154} INFO - [2023-12-24T01:44:03.234+0000] {dag.py:2941} INFO - Sync 1 DAGs
[2023-12-24T01:44:03.240+0000] {logging_mixin.py:154} INFO - [2023-12-24T01:44:03.240+0000] {dag.py:3722} INFO - Setting next_dagrun for example_kubernetes_executor to None, run_after=None
[2023-12-24T01:44:03.252+0000] {processor.py:179} INFO - Processing /home/airflow/.local/lib/python3.8/site-packages/airflow/example_dags/example_kubernetes_executor.py took 0.054 seconds
[2023-12-24T01:44:34.175+0000] {processor.py:157} INFO - Started process (PID=385) to work on /home/airflow/.local/lib/python3.8/site-packages/airflow/example_dags/example_kubernetes_executor.py
[2023-12-24T01:44:34.177+0000] {processor.py:829} INFO - Processing file /home/airflow/.local/lib/python3.8/site-packages/airflow/example_dags/example_kubernetes_executor.py for tasks to queue
[2023-12-24T01:44:34.179+0000] {logging_mixin.py:154} INFO - [2023-12-24T01:44:34.179+0000] {dagbag.py:536} INFO - Filling up the DagBag from /home/airflow/.local/lib/python3.8/site-packages/airflow/example_dags/example_kubernetes_executor.py
[2023-12-24T01:44:34.187+0000] {processor.py:839} INFO - DAG(s) dict_keys(['example_kubernetes_executor']) retrieved from /home/airflow/.local/lib/python3.8/site-packages/airflow/example_dags/example_kubernetes_executor.py
[2023-12-24T01:44:34.208+0000] {logging_mixin.py:154} INFO - [2023-12-24T01:44:34.208+0000] {dag.py:2941} INFO - Sync 1 DAGs
[2023-12-24T01:44:34.215+0000] {logging_mixin.py:154} INFO - [2023-12-24T01:44:34.215+0000] {dag.py:3722} INFO - Setting next_dagrun for example_kubernetes_executor to None, run_after=None
[2023-12-24T01:44:34.227+0000] {processor.py:179} INFO - Processing /home/airflow/.local/lib/python3.8/site-packages/airflow/example_dags/example_kubernetes_executor.py took 0.054 seconds
[2023-12-24T01:45:04.921+0000] {processor.py:157} INFO - Started process (PID=440) to work on /home/airflow/.local/lib/python3.8/site-packages/airflow/example_dags/example_kubernetes_executor.py
[2023-12-24T01:45:04.922+0000] {processor.py:829} INFO - Processing file /home/airflow/.local/lib/python3.8/site-packages/airflow/example_dags/example_kubernetes_executor.py for tasks to queue
[2023-12-24T01:45:04.924+0000] {logging_mixin.py:154} INFO - [2023-12-24T01:45:04.924+0000] {dagbag.py:536} INFO - Filling up the DagBag from /home/airflow/.local/lib/python3.8/site-packages/airflow/example_dags/example_kubernetes_executor.py
[2023-12-24T01:45:04.932+0000] {processor.py:839} INFO - DAG(s) dict_keys(['example_kubernetes_executor']) retrieved from /home/airflow/.local/lib/python3.8/site-packages/airflow/example_dags/example_kubernetes_executor.py
[2023-12-24T01:45:05.053+0000] {logging_mixin.py:154} INFO - [2023-12-24T01:45:05.053+0000] {dag.py:2941} INFO - Sync 1 DAGs
[2023-12-24T01:45:05.059+0000] {logging_mixin.py:154} INFO - [2023-12-24T01:45:05.059+0000] {dag.py:3722} INFO - Setting next_dagrun for example_kubernetes_executor to None, run_after=None
[2023-12-24T01:45:05.069+0000] {processor.py:179} INFO - Processing /home/airflow/.local/lib/python3.8/site-packages/airflow/example_dags/example_kubernetes_executor.py took 0.150 seconds
[2023-12-24T01:45:35.745+0000] {processor.py:157} INFO - Started process (PID=496) to work on /home/airflow/.local/lib/python3.8/site-packages/airflow/example_dags/example_kubernetes_executor.py
[2023-12-24T01:45:35.747+0000] {processor.py:829} INFO - Processing file /home/airflow/.local/lib/python3.8/site-packages/airflow/example_dags/example_kubernetes_executor.py for tasks to queue
[2023-12-24T01:45:35.749+0000] {logging_mixin.py:154} INFO - [2023-12-24T01:45:35.748+0000] {dagbag.py:536} INFO - Filling up the DagBag from /home/airflow/.local/lib/python3.8/site-packages/airflow/example_dags/example_kubernetes_executor.py
[2023-12-24T01:45:35.757+0000] {processor.py:839} INFO - DAG(s) dict_keys(['example_kubernetes_executor']) retrieved from /home/airflow/.local/lib/python3.8/site-packages/airflow/example_dags/example_kubernetes_executor.py
[2023-12-24T01:45:35.778+0000] {logging_mixin.py:154} INFO - [2023-12-24T01:45:35.778+0000] {dag.py:2941} INFO - Sync 1 DAGs
[2023-12-24T01:45:35.887+0000] {logging_mixin.py:154} INFO - [2023-12-24T01:45:35.887+0000] {dag.py:3722} INFO - Setting next_dagrun for example_kubernetes_executor to None, run_after=None
[2023-12-24T01:45:35.899+0000] {processor.py:179} INFO - Processing /home/airflow/.local/lib/python3.8/site-packages/airflow/example_dags/example_kubernetes_executor.py took 0.155 seconds
[2023-12-24T01:46:06.276+0000] {processor.py:157} INFO - Started process (PID=551) to work on /home/airflow/.local/lib/python3.8/site-packages/airflow/example_dags/example_kubernetes_executor.py
[2023-12-24T01:46:06.277+0000] {processor.py:829} INFO - Processing file /home/airflow/.local/lib/python3.8/site-packages/airflow/example_dags/example_kubernetes_executor.py for tasks to queue
[2023-12-24T01:46:06.279+0000] {logging_mixin.py:154} INFO - [2023-12-24T01:46:06.279+0000] {dagbag.py:536} INFO - Filling up the DagBag from /home/airflow/.local/lib/python3.8/site-packages/airflow/example_dags/example_kubernetes_executor.py
[2023-12-24T01:46:06.288+0000] {processor.py:839} INFO - DAG(s) dict_keys(['example_kubernetes_executor']) retrieved from /home/airflow/.local/lib/python3.8/site-packages/airflow/example_dags/example_kubernetes_executor.py
[2023-12-24T01:46:06.308+0000] {logging_mixin.py:154} INFO - [2023-12-24T01:46:06.308+0000] {dag.py:2941} INFO - Sync 1 DAGs
[2023-12-24T01:46:06.314+0000] {logging_mixin.py:154} INFO - [2023-12-24T01:46:06.314+0000] {dag.py:3722} INFO - Setting next_dagrun for example_kubernetes_executor to None, run_after=None
[2023-12-24T01:46:06.327+0000] {processor.py:179} INFO - Processing /home/airflow/.local/lib/python3.8/site-packages/airflow/example_dags/example_kubernetes_executor.py took 0.053 seconds
[2023-12-24T01:46:37.114+0000] {processor.py:157} INFO - Started process (PID=606) to work on /home/airflow/.local/lib/python3.8/site-packages/airflow/example_dags/example_kubernetes_executor.py
[2023-12-24T01:46:37.116+0000] {processor.py:829} INFO - Processing file /home/airflow/.local/lib/python3.8/site-packages/airflow/example_dags/example_kubernetes_executor.py for tasks to queue
[2023-12-24T01:46:37.118+0000] {logging_mixin.py:154} INFO - [2023-12-24T01:46:37.117+0000] {dagbag.py:536} INFO - Filling up the DagBag from /home/airflow/.local/lib/python3.8/site-packages/airflow/example_dags/example_kubernetes_executor.py
[2023-12-24T01:46:37.228+0000] {processor.py:839} INFO - DAG(s) dict_keys(['example_kubernetes_executor']) retrieved from /home/airflow/.local/lib/python3.8/site-packages/airflow/example_dags/example_kubernetes_executor.py
[2023-12-24T01:46:37.245+0000] {logging_mixin.py:154} INFO - [2023-12-24T01:46:37.245+0000] {dag.py:2941} INFO - Sync 1 DAGs
[2023-12-24T01:46:37.251+0000] {logging_mixin.py:154} INFO - [2023-12-24T01:46:37.251+0000] {dag.py:3722} INFO - Setting next_dagrun for example_kubernetes_executor to None, run_after=None
[2023-12-24T01:46:37.261+0000] {processor.py:179} INFO - Processing /home/airflow/.local/lib/python3.8/site-packages/airflow/example_dags/example_kubernetes_executor.py took 0.149 seconds
