[2023-12-24T00:16:11.152+0000] {processor.py:157} INFO - Started process (PID=6206) to work on /home/airflow/.local/lib/python3.8/site-packages/airflow/example_dags/example_short_circuit_decorator.py
[2023-12-24T00:16:11.153+0000] {processor.py:829} INFO - Processing file /home/airflow/.local/lib/python3.8/site-packages/airflow/example_dags/example_short_circuit_decorator.py for tasks to queue
[2023-12-24T00:16:11.155+0000] {logging_mixin.py:154} INFO - [2023-12-24T00:16:11.155+0000] {dagbag.py:536} INFO - Filling up the DagBag from /home/airflow/.local/lib/python3.8/site-packages/airflow/example_dags/example_short_circuit_decorator.py
[2023-12-24T00:16:11.161+0000] {processor.py:839} INFO - DAG(s) dict_keys(['example_short_circuit_decorator']) retrieved from /home/airflow/.local/lib/python3.8/site-packages/airflow/example_dags/example_short_circuit_decorator.py
[2023-12-24T00:16:11.175+0000] {logging_mixin.py:154} INFO - [2023-12-24T00:16:11.175+0000] {dag.py:2941} INFO - Sync 1 DAGs
[2023-12-24T00:16:11.195+0000] {logging_mixin.py:154} INFO - [2023-12-24T00:16:11.195+0000] {dag.py:3722} INFO - Setting next_dagrun for example_short_circuit_decorator to 2023-12-23T00:16:11.195240+00:00, run_after=2023-12-24T00:16:11.195240+00:00
[2023-12-24T00:16:11.206+0000] {processor.py:179} INFO - Processing /home/airflow/.local/lib/python3.8/site-packages/airflow/example_dags/example_short_circuit_decorator.py took 0.057 seconds
[2023-12-24T00:16:41.823+0000] {processor.py:157} INFO - Started process (PID=6262) to work on /home/airflow/.local/lib/python3.8/site-packages/airflow/example_dags/example_short_circuit_decorator.py
[2023-12-24T00:16:41.824+0000] {processor.py:829} INFO - Processing file /home/airflow/.local/lib/python3.8/site-packages/airflow/example_dags/example_short_circuit_decorator.py for tasks to queue
[2023-12-24T00:16:41.826+0000] {logging_mixin.py:154} INFO - [2023-12-24T00:16:41.826+0000] {dagbag.py:536} INFO - Filling up the DagBag from /home/airflow/.local/lib/python3.8/site-packages/airflow/example_dags/example_short_circuit_decorator.py
[2023-12-24T00:16:41.832+0000] {processor.py:839} INFO - DAG(s) dict_keys(['example_short_circuit_decorator']) retrieved from /home/airflow/.local/lib/python3.8/site-packages/airflow/example_dags/example_short_circuit_decorator.py
[2023-12-24T00:16:41.845+0000] {logging_mixin.py:154} INFO - [2023-12-24T00:16:41.845+0000] {dag.py:2941} INFO - Sync 1 DAGs
[2023-12-24T00:16:41.857+0000] {logging_mixin.py:154} INFO - [2023-12-24T00:16:41.857+0000] {dag.py:3722} INFO - Setting next_dagrun for example_short_circuit_decorator to 2023-12-23T00:16:41.856864+00:00, run_after=2023-12-24T00:16:41.856864+00:00
[2023-12-24T00:16:41.868+0000] {processor.py:179} INFO - Processing /home/airflow/.local/lib/python3.8/site-packages/airflow/example_dags/example_short_circuit_decorator.py took 0.047 seconds
[2023-12-24T00:33:50.546+0000] {processor.py:157} INFO - Started process (PID=6318) to work on /home/airflow/.local/lib/python3.8/site-packages/airflow/example_dags/example_short_circuit_decorator.py
[2023-12-24T00:33:50.549+0000] {processor.py:829} INFO - Processing file /home/airflow/.local/lib/python3.8/site-packages/airflow/example_dags/example_short_circuit_decorator.py for tasks to queue
[2023-12-24T00:33:50.554+0000] {logging_mixin.py:154} INFO - [2023-12-24T00:33:50.554+0000] {dagbag.py:536} INFO - Filling up the DagBag from /home/airflow/.local/lib/python3.8/site-packages/airflow/example_dags/example_short_circuit_decorator.py
[2023-12-24T00:33:50.572+0000] {processor.py:839} INFO - DAG(s) dict_keys(['example_short_circuit_decorator']) retrieved from /home/airflow/.local/lib/python3.8/site-packages/airflow/example_dags/example_short_circuit_decorator.py
[2023-12-24T00:33:50.590+0000] {logging_mixin.py:154} INFO - [2023-12-24T00:33:50.590+0000] {dag.py:2941} INFO - Sync 1 DAGs
[2023-12-24T00:33:50.604+0000] {logging_mixin.py:154} INFO - [2023-12-24T00:33:50.604+0000] {dag.py:3722} INFO - Setting next_dagrun for example_short_circuit_decorator to 2023-12-23T00:33:50.603824+00:00, run_after=2023-12-24T00:33:50.603824+00:00
[2023-12-24T00:33:50.618+0000] {processor.py:179} INFO - Processing /home/airflow/.local/lib/python3.8/site-packages/airflow/example_dags/example_short_circuit_decorator.py took 0.081 seconds
[2023-12-24T00:34:20.948+0000] {processor.py:157} INFO - Started process (PID=6374) to work on /home/airflow/.local/lib/python3.8/site-packages/airflow/example_dags/example_short_circuit_decorator.py
[2023-12-24T00:34:20.949+0000] {processor.py:829} INFO - Processing file /home/airflow/.local/lib/python3.8/site-packages/airflow/example_dags/example_short_circuit_decorator.py for tasks to queue
[2023-12-24T00:34:20.951+0000] {logging_mixin.py:154} INFO - [2023-12-24T00:34:20.951+0000] {dagbag.py:536} INFO - Filling up the DagBag from /home/airflow/.local/lib/python3.8/site-packages/airflow/example_dags/example_short_circuit_decorator.py
[2023-12-24T00:34:20.957+0000] {processor.py:839} INFO - DAG(s) dict_keys(['example_short_circuit_decorator']) retrieved from /home/airflow/.local/lib/python3.8/site-packages/airflow/example_dags/example_short_circuit_decorator.py
[2023-12-24T00:34:20.970+0000] {logging_mixin.py:154} INFO - [2023-12-24T00:34:20.970+0000] {dag.py:2941} INFO - Sync 1 DAGs
[2023-12-24T00:34:20.982+0000] {logging_mixin.py:154} INFO - [2023-12-24T00:34:20.982+0000] {dag.py:3722} INFO - Setting next_dagrun for example_short_circuit_decorator to 2023-12-23T00:34:20.981908+00:00, run_after=2023-12-24T00:34:20.981908+00:00
[2023-12-24T00:34:20.992+0000] {processor.py:179} INFO - Processing /home/airflow/.local/lib/python3.8/site-packages/airflow/example_dags/example_short_circuit_decorator.py took 0.046 seconds
[2023-12-24T00:51:35.821+0000] {processor.py:157} INFO - Started process (PID=6429) to work on /home/airflow/.local/lib/python3.8/site-packages/airflow/example_dags/example_short_circuit_decorator.py
[2023-12-24T00:51:35.822+0000] {processor.py:829} INFO - Processing file /home/airflow/.local/lib/python3.8/site-packages/airflow/example_dags/example_short_circuit_decorator.py for tasks to queue
[2023-12-24T00:51:35.825+0000] {logging_mixin.py:154} INFO - [2023-12-24T00:51:35.825+0000] {dagbag.py:536} INFO - Filling up the DagBag from /home/airflow/.local/lib/python3.8/site-packages/airflow/example_dags/example_short_circuit_decorator.py
[2023-12-24T00:51:35.832+0000] {processor.py:839} INFO - DAG(s) dict_keys(['example_short_circuit_decorator']) retrieved from /home/airflow/.local/lib/python3.8/site-packages/airflow/example_dags/example_short_circuit_decorator.py
[2023-12-24T00:51:35.848+0000] {logging_mixin.py:154} INFO - [2023-12-24T00:51:35.848+0000] {dag.py:2941} INFO - Sync 1 DAGs
[2023-12-24T00:51:35.862+0000] {logging_mixin.py:154} INFO - [2023-12-24T00:51:35.862+0000] {dag.py:3722} INFO - Setting next_dagrun for example_short_circuit_decorator to 2023-12-23T00:51:35.861913+00:00, run_after=2023-12-24T00:51:35.861913+00:00
[2023-12-24T00:51:35.875+0000] {processor.py:179} INFO - Processing /home/airflow/.local/lib/python3.8/site-packages/airflow/example_dags/example_short_circuit_decorator.py took 0.057 seconds
[2023-12-24T00:52:06.431+0000] {processor.py:157} INFO - Started process (PID=6484) to work on /home/airflow/.local/lib/python3.8/site-packages/airflow/example_dags/example_short_circuit_decorator.py
[2023-12-24T00:52:06.432+0000] {processor.py:829} INFO - Processing file /home/airflow/.local/lib/python3.8/site-packages/airflow/example_dags/example_short_circuit_decorator.py for tasks to queue
[2023-12-24T00:52:06.434+0000] {logging_mixin.py:154} INFO - [2023-12-24T00:52:06.434+0000] {dagbag.py:536} INFO - Filling up the DagBag from /home/airflow/.local/lib/python3.8/site-packages/airflow/example_dags/example_short_circuit_decorator.py
[2023-12-24T00:52:06.440+0000] {processor.py:839} INFO - DAG(s) dict_keys(['example_short_circuit_decorator']) retrieved from /home/airflow/.local/lib/python3.8/site-packages/airflow/example_dags/example_short_circuit_decorator.py
[2023-12-24T00:52:06.454+0000] {logging_mixin.py:154} INFO - [2023-12-24T00:52:06.454+0000] {dag.py:2941} INFO - Sync 1 DAGs
[2023-12-24T00:52:06.466+0000] {logging_mixin.py:154} INFO - [2023-12-24T00:52:06.466+0000] {dag.py:3722} INFO - Setting next_dagrun for example_short_circuit_decorator to 2023-12-23T00:52:06.465845+00:00, run_after=2023-12-24T00:52:06.465845+00:00
[2023-12-24T00:52:06.475+0000] {processor.py:179} INFO - Processing /home/airflow/.local/lib/python3.8/site-packages/airflow/example_dags/example_short_circuit_decorator.py took 0.046 seconds
[2023-12-24T01:08:52.691+0000] {processor.py:157} INFO - Started process (PID=6539) to work on /home/airflow/.local/lib/python3.8/site-packages/airflow/example_dags/example_short_circuit_decorator.py
[2023-12-24T01:08:52.693+0000] {processor.py:829} INFO - Processing file /home/airflow/.local/lib/python3.8/site-packages/airflow/example_dags/example_short_circuit_decorator.py for tasks to queue
[2023-12-24T01:08:52.696+0000] {logging_mixin.py:154} INFO - [2023-12-24T01:08:52.695+0000] {dagbag.py:536} INFO - Filling up the DagBag from /home/airflow/.local/lib/python3.8/site-packages/airflow/example_dags/example_short_circuit_decorator.py
[2023-12-24T01:08:52.704+0000] {processor.py:839} INFO - DAG(s) dict_keys(['example_short_circuit_decorator']) retrieved from /home/airflow/.local/lib/python3.8/site-packages/airflow/example_dags/example_short_circuit_decorator.py
[2023-12-24T01:08:52.724+0000] {logging_mixin.py:154} INFO - [2023-12-24T01:08:52.724+0000] {dag.py:2941} INFO - Sync 1 DAGs
[2023-12-24T01:08:52.738+0000] {logging_mixin.py:154} INFO - [2023-12-24T01:08:52.738+0000] {dag.py:3722} INFO - Setting next_dagrun for example_short_circuit_decorator to 2023-12-23T01:08:52.738145+00:00, run_after=2023-12-24T01:08:52.738145+00:00
[2023-12-24T01:08:52.752+0000] {processor.py:179} INFO - Processing /home/airflow/.local/lib/python3.8/site-packages/airflow/example_dags/example_short_circuit_decorator.py took 0.066 seconds
[2023-12-24T01:26:16.949+0000] {processor.py:157} INFO - Started process (PID=6595) to work on /home/airflow/.local/lib/python3.8/site-packages/airflow/example_dags/example_short_circuit_decorator.py
[2023-12-24T01:26:16.951+0000] {processor.py:829} INFO - Processing file /home/airflow/.local/lib/python3.8/site-packages/airflow/example_dags/example_short_circuit_decorator.py for tasks to queue
[2023-12-24T01:26:16.954+0000] {logging_mixin.py:154} INFO - [2023-12-24T01:26:16.953+0000] {dagbag.py:536} INFO - Filling up the DagBag from /home/airflow/.local/lib/python3.8/site-packages/airflow/example_dags/example_short_circuit_decorator.py
[2023-12-24T01:26:16.962+0000] {processor.py:839} INFO - DAG(s) dict_keys(['example_short_circuit_decorator']) retrieved from /home/airflow/.local/lib/python3.8/site-packages/airflow/example_dags/example_short_circuit_decorator.py
[2023-12-24T01:26:16.979+0000] {logging_mixin.py:154} INFO - [2023-12-24T01:26:16.979+0000] {dag.py:2941} INFO - Sync 1 DAGs
[2023-12-24T01:26:16.993+0000] {logging_mixin.py:154} INFO - [2023-12-24T01:26:16.993+0000] {dag.py:3722} INFO - Setting next_dagrun for example_short_circuit_decorator to 2023-12-23T01:26:16.993588+00:00, run_after=2023-12-24T01:26:16.993588+00:00
[2023-12-24T01:26:17.006+0000] {processor.py:179} INFO - Processing /home/airflow/.local/lib/python3.8/site-packages/airflow/example_dags/example_short_circuit_decorator.py took 0.060 seconds
[2023-12-24T01:26:47.240+0000] {processor.py:157} INFO - Started process (PID=6651) to work on /home/airflow/.local/lib/python3.8/site-packages/airflow/example_dags/example_short_circuit_decorator.py
[2023-12-24T01:26:47.241+0000] {processor.py:829} INFO - Processing file /home/airflow/.local/lib/python3.8/site-packages/airflow/example_dags/example_short_circuit_decorator.py for tasks to queue
[2023-12-24T01:26:47.243+0000] {logging_mixin.py:154} INFO - [2023-12-24T01:26:47.243+0000] {dagbag.py:536} INFO - Filling up the DagBag from /home/airflow/.local/lib/python3.8/site-packages/airflow/example_dags/example_short_circuit_decorator.py
[2023-12-24T01:26:47.249+0000] {processor.py:839} INFO - DAG(s) dict_keys(['example_short_circuit_decorator']) retrieved from /home/airflow/.local/lib/python3.8/site-packages/airflow/example_dags/example_short_circuit_decorator.py
[2023-12-24T01:26:47.263+0000] {logging_mixin.py:154} INFO - [2023-12-24T01:26:47.263+0000] {dag.py:2941} INFO - Sync 1 DAGs
[2023-12-24T01:26:47.274+0000] {logging_mixin.py:154} INFO - [2023-12-24T01:26:47.274+0000] {dag.py:3722} INFO - Setting next_dagrun for example_short_circuit_decorator to 2023-12-23T01:26:47.274663+00:00, run_after=2023-12-24T01:26:47.274663+00:00
[2023-12-24T01:26:47.285+0000] {processor.py:179} INFO - Processing /home/airflow/.local/lib/python3.8/site-packages/airflow/example_dags/example_short_circuit_decorator.py took 0.046 seconds
[2023-12-24T01:39:26.715+0000] {processor.py:157} INFO - Started process (PID=6708) to work on /home/airflow/.local/lib/python3.8/site-packages/airflow/example_dags/example_short_circuit_decorator.py
[2023-12-24T01:39:26.717+0000] {processor.py:829} INFO - Processing file /home/airflow/.local/lib/python3.8/site-packages/airflow/example_dags/example_short_circuit_decorator.py for tasks to queue
[2023-12-24T01:39:26.719+0000] {logging_mixin.py:154} INFO - [2023-12-24T01:39:26.719+0000] {dagbag.py:536} INFO - Filling up the DagBag from /home/airflow/.local/lib/python3.8/site-packages/airflow/example_dags/example_short_circuit_decorator.py
[2023-12-24T01:39:26.727+0000] {processor.py:839} INFO - DAG(s) dict_keys(['example_short_circuit_decorator']) retrieved from /home/airflow/.local/lib/python3.8/site-packages/airflow/example_dags/example_short_circuit_decorator.py
[2023-12-24T01:39:26.745+0000] {logging_mixin.py:154} INFO - [2023-12-24T01:39:26.745+0000] {dag.py:2941} INFO - Sync 1 DAGs
[2023-12-24T01:39:26.760+0000] {logging_mixin.py:154} INFO - [2023-12-24T01:39:26.760+0000] {dag.py:3722} INFO - Setting next_dagrun for example_short_circuit_decorator to 2023-12-23T01:39:26.759893+00:00, run_after=2023-12-24T01:39:26.759893+00:00
[2023-12-24T01:39:26.773+0000] {processor.py:179} INFO - Processing /home/airflow/.local/lib/python3.8/site-packages/airflow/example_dags/example_short_circuit_decorator.py took 0.060 seconds
[2023-12-24T01:39:57.122+0000] {processor.py:157} INFO - Started process (PID=6763) to work on /home/airflow/.local/lib/python3.8/site-packages/airflow/example_dags/example_short_circuit_decorator.py
[2023-12-24T01:39:57.124+0000] {processor.py:829} INFO - Processing file /home/airflow/.local/lib/python3.8/site-packages/airflow/example_dags/example_short_circuit_decorator.py for tasks to queue
[2023-12-24T01:39:57.126+0000] {logging_mixin.py:154} INFO - [2023-12-24T01:39:57.126+0000] {dagbag.py:536} INFO - Filling up the DagBag from /home/airflow/.local/lib/python3.8/site-packages/airflow/example_dags/example_short_circuit_decorator.py
[2023-12-24T01:39:57.133+0000] {processor.py:839} INFO - DAG(s) dict_keys(['example_short_circuit_decorator']) retrieved from /home/airflow/.local/lib/python3.8/site-packages/airflow/example_dags/example_short_circuit_decorator.py
[2023-12-24T01:39:57.150+0000] {logging_mixin.py:154} INFO - [2023-12-24T01:39:57.150+0000] {dag.py:2941} INFO - Sync 1 DAGs
[2023-12-24T01:39:57.164+0000] {logging_mixin.py:154} INFO - [2023-12-24T01:39:57.164+0000] {dag.py:3722} INFO - Setting next_dagrun for example_short_circuit_decorator to 2023-12-23T01:39:57.164078+00:00, run_after=2023-12-24T01:39:57.164078+00:00
[2023-12-24T01:39:57.178+0000] {processor.py:179} INFO - Processing /home/airflow/.local/lib/python3.8/site-packages/airflow/example_dags/example_short_circuit_decorator.py took 0.058 seconds
[2023-12-24T01:40:27.388+0000] {processor.py:157} INFO - Started process (PID=6818) to work on /home/airflow/.local/lib/python3.8/site-packages/airflow/example_dags/example_short_circuit_decorator.py
[2023-12-24T01:40:27.389+0000] {processor.py:829} INFO - Processing file /home/airflow/.local/lib/python3.8/site-packages/airflow/example_dags/example_short_circuit_decorator.py for tasks to queue
[2023-12-24T01:40:27.391+0000] {logging_mixin.py:154} INFO - [2023-12-24T01:40:27.391+0000] {dagbag.py:536} INFO - Filling up the DagBag from /home/airflow/.local/lib/python3.8/site-packages/airflow/example_dags/example_short_circuit_decorator.py
[2023-12-24T01:40:27.397+0000] {processor.py:839} INFO - DAG(s) dict_keys(['example_short_circuit_decorator']) retrieved from /home/airflow/.local/lib/python3.8/site-packages/airflow/example_dags/example_short_circuit_decorator.py
[2023-12-24T01:40:27.412+0000] {logging_mixin.py:154} INFO - [2023-12-24T01:40:27.412+0000] {dag.py:2941} INFO - Sync 1 DAGs
[2023-12-24T01:40:27.424+0000] {logging_mixin.py:154} INFO - [2023-12-24T01:40:27.424+0000] {dag.py:3722} INFO - Setting next_dagrun for example_short_circuit_decorator to 2023-12-23T01:40:27.424513+00:00, run_after=2023-12-24T01:40:27.424513+00:00
[2023-12-24T01:40:27.434+0000] {processor.py:179} INFO - Processing /home/airflow/.local/lib/python3.8/site-packages/airflow/example_dags/example_short_circuit_decorator.py took 0.049 seconds
[2023-12-24T01:41:29.868+0000] {processor.py:157} INFO - Started process (PID=45) to work on /home/airflow/.local/lib/python3.8/site-packages/airflow/example_dags/example_short_circuit_decorator.py
[2023-12-24T01:41:29.870+0000] {processor.py:829} INFO - Processing file /home/airflow/.local/lib/python3.8/site-packages/airflow/example_dags/example_short_circuit_decorator.py for tasks to queue
[2023-12-24T01:41:29.873+0000] {logging_mixin.py:154} INFO - [2023-12-24T01:41:29.873+0000] {dagbag.py:536} INFO - Filling up the DagBag from /home/airflow/.local/lib/python3.8/site-packages/airflow/example_dags/example_short_circuit_decorator.py
[2023-12-24T01:41:29.884+0000] {processor.py:839} INFO - DAG(s) dict_keys(['example_short_circuit_decorator']) retrieved from /home/airflow/.local/lib/python3.8/site-packages/airflow/example_dags/example_short_circuit_decorator.py
[2023-12-24T01:41:29.894+0000] {logging_mixin.py:154} INFO - [2023-12-24T01:41:29.893+0000] {dag.py:2941} INFO - Sync 1 DAGs
[2023-12-24T01:41:29.911+0000] {logging_mixin.py:154} INFO - [2023-12-24T01:41:29.911+0000] {dag.py:3722} INFO - Setting next_dagrun for example_short_circuit_decorator to 2023-12-23T01:41:29.910901+00:00, run_after=2023-12-24T01:41:29.910901+00:00
[2023-12-24T01:41:29.926+0000] {processor.py:179} INFO - Processing /home/airflow/.local/lib/python3.8/site-packages/airflow/example_dags/example_short_circuit_decorator.py took 0.061 seconds
[2023-12-24T01:42:00.491+0000] {processor.py:157} INFO - Started process (PID=101) to work on /home/airflow/.local/lib/python3.8/site-packages/airflow/example_dags/example_short_circuit_decorator.py
[2023-12-24T01:42:00.492+0000] {processor.py:829} INFO - Processing file /home/airflow/.local/lib/python3.8/site-packages/airflow/example_dags/example_short_circuit_decorator.py for tasks to queue
[2023-12-24T01:42:00.494+0000] {logging_mixin.py:154} INFO - [2023-12-24T01:42:00.494+0000] {dagbag.py:536} INFO - Filling up the DagBag from /home/airflow/.local/lib/python3.8/site-packages/airflow/example_dags/example_short_circuit_decorator.py
[2023-12-24T01:42:00.500+0000] {processor.py:839} INFO - DAG(s) dict_keys(['example_short_circuit_decorator']) retrieved from /home/airflow/.local/lib/python3.8/site-packages/airflow/example_dags/example_short_circuit_decorator.py
[2023-12-24T01:42:00.514+0000] {logging_mixin.py:154} INFO - [2023-12-24T01:42:00.514+0000] {dag.py:2941} INFO - Sync 1 DAGs
[2023-12-24T01:42:00.525+0000] {logging_mixin.py:154} INFO - [2023-12-24T01:42:00.525+0000] {dag.py:3722} INFO - Setting next_dagrun for example_short_circuit_decorator to 2023-12-23T01:42:00.525577+00:00, run_after=2023-12-24T01:42:00.525577+00:00
[2023-12-24T01:42:00.535+0000] {processor.py:179} INFO - Processing /home/airflow/.local/lib/python3.8/site-packages/airflow/example_dags/example_short_circuit_decorator.py took 0.046 seconds
[2023-12-24T01:42:30.774+0000] {processor.py:157} INFO - Started process (PID=156) to work on /home/airflow/.local/lib/python3.8/site-packages/airflow/example_dags/example_short_circuit_decorator.py
[2023-12-24T01:42:30.776+0000] {processor.py:829} INFO - Processing file /home/airflow/.local/lib/python3.8/site-packages/airflow/example_dags/example_short_circuit_decorator.py for tasks to queue
[2023-12-24T01:42:30.778+0000] {logging_mixin.py:154} INFO - [2023-12-24T01:42:30.778+0000] {dagbag.py:536} INFO - Filling up the DagBag from /home/airflow/.local/lib/python3.8/site-packages/airflow/example_dags/example_short_circuit_decorator.py
[2023-12-24T01:42:30.784+0000] {processor.py:839} INFO - DAG(s) dict_keys(['example_short_circuit_decorator']) retrieved from /home/airflow/.local/lib/python3.8/site-packages/airflow/example_dags/example_short_circuit_decorator.py
[2023-12-24T01:42:30.799+0000] {logging_mixin.py:154} INFO - [2023-12-24T01:42:30.798+0000] {dag.py:2941} INFO - Sync 1 DAGs
[2023-12-24T01:42:30.811+0000] {logging_mixin.py:154} INFO - [2023-12-24T01:42:30.811+0000] {dag.py:3722} INFO - Setting next_dagrun for example_short_circuit_decorator to 2023-12-23T01:42:30.811310+00:00, run_after=2023-12-24T01:42:30.811310+00:00
[2023-12-24T01:42:30.821+0000] {processor.py:179} INFO - Processing /home/airflow/.local/lib/python3.8/site-packages/airflow/example_dags/example_short_circuit_decorator.py took 0.049 seconds
[2023-12-24T01:43:01.318+0000] {processor.py:157} INFO - Started process (PID=211) to work on /home/airflow/.local/lib/python3.8/site-packages/airflow/example_dags/example_short_circuit_decorator.py
[2023-12-24T01:43:01.319+0000] {processor.py:829} INFO - Processing file /home/airflow/.local/lib/python3.8/site-packages/airflow/example_dags/example_short_circuit_decorator.py for tasks to queue
[2023-12-24T01:43:01.321+0000] {logging_mixin.py:154} INFO - [2023-12-24T01:43:01.321+0000] {dagbag.py:536} INFO - Filling up the DagBag from /home/airflow/.local/lib/python3.8/site-packages/airflow/example_dags/example_short_circuit_decorator.py
[2023-12-24T01:43:01.329+0000] {processor.py:839} INFO - DAG(s) dict_keys(['example_short_circuit_decorator']) retrieved from /home/airflow/.local/lib/python3.8/site-packages/airflow/example_dags/example_short_circuit_decorator.py
[2023-12-24T01:43:01.347+0000] {logging_mixin.py:154} INFO - [2023-12-24T01:43:01.347+0000] {dag.py:2941} INFO - Sync 1 DAGs
[2023-12-24T01:43:01.363+0000] {logging_mixin.py:154} INFO - [2023-12-24T01:43:01.363+0000] {dag.py:3722} INFO - Setting next_dagrun for example_short_circuit_decorator to 2023-12-23T01:43:01.362952+00:00, run_after=2023-12-24T01:43:01.362952+00:00
[2023-12-24T01:43:01.495+0000] {processor.py:179} INFO - Processing /home/airflow/.local/lib/python3.8/site-packages/airflow/example_dags/example_short_circuit_decorator.py took 0.179 seconds
[2023-12-24T01:43:31.660+0000] {processor.py:157} INFO - Started process (PID=267) to work on /home/airflow/.local/lib/python3.8/site-packages/airflow/example_dags/example_short_circuit_decorator.py
[2023-12-24T01:43:31.661+0000] {processor.py:829} INFO - Processing file /home/airflow/.local/lib/python3.8/site-packages/airflow/example_dags/example_short_circuit_decorator.py for tasks to queue
[2023-12-24T01:43:31.663+0000] {logging_mixin.py:154} INFO - [2023-12-24T01:43:31.663+0000] {dagbag.py:536} INFO - Filling up the DagBag from /home/airflow/.local/lib/python3.8/site-packages/airflow/example_dags/example_short_circuit_decorator.py
[2023-12-24T01:43:31.669+0000] {processor.py:839} INFO - DAG(s) dict_keys(['example_short_circuit_decorator']) retrieved from /home/airflow/.local/lib/python3.8/site-packages/airflow/example_dags/example_short_circuit_decorator.py
[2023-12-24T01:43:31.683+0000] {logging_mixin.py:154} INFO - [2023-12-24T01:43:31.683+0000] {dag.py:2941} INFO - Sync 1 DAGs
[2023-12-24T01:43:31.695+0000] {logging_mixin.py:154} INFO - [2023-12-24T01:43:31.695+0000] {dag.py:3722} INFO - Setting next_dagrun for example_short_circuit_decorator to 2023-12-23T01:43:31.695047+00:00, run_after=2023-12-24T01:43:31.695047+00:00
[2023-12-24T01:43:31.706+0000] {processor.py:179} INFO - Processing /home/airflow/.local/lib/python3.8/site-packages/airflow/example_dags/example_short_circuit_decorator.py took 0.049 seconds
[2023-12-24T01:44:01.890+0000] {processor.py:157} INFO - Started process (PID=322) to work on /home/airflow/.local/lib/python3.8/site-packages/airflow/example_dags/example_short_circuit_decorator.py
[2023-12-24T01:44:01.892+0000] {processor.py:829} INFO - Processing file /home/airflow/.local/lib/python3.8/site-packages/airflow/example_dags/example_short_circuit_decorator.py for tasks to queue
[2023-12-24T01:44:01.894+0000] {logging_mixin.py:154} INFO - [2023-12-24T01:44:01.894+0000] {dagbag.py:536} INFO - Filling up the DagBag from /home/airflow/.local/lib/python3.8/site-packages/airflow/example_dags/example_short_circuit_decorator.py
[2023-12-24T01:44:01.900+0000] {processor.py:839} INFO - DAG(s) dict_keys(['example_short_circuit_decorator']) retrieved from /home/airflow/.local/lib/python3.8/site-packages/airflow/example_dags/example_short_circuit_decorator.py
[2023-12-24T01:44:01.913+0000] {logging_mixin.py:154} INFO - [2023-12-24T01:44:01.913+0000] {dag.py:2941} INFO - Sync 1 DAGs
[2023-12-24T01:44:01.924+0000] {logging_mixin.py:154} INFO - [2023-12-24T01:44:01.924+0000] {dag.py:3722} INFO - Setting next_dagrun for example_short_circuit_decorator to 2023-12-23T01:44:01.924635+00:00, run_after=2023-12-24T01:44:01.924635+00:00
[2023-12-24T01:44:01.935+0000] {processor.py:179} INFO - Processing /home/airflow/.local/lib/python3.8/site-packages/airflow/example_dags/example_short_circuit_decorator.py took 0.046 seconds
[2023-12-24T01:44:32.870+0000] {processor.py:157} INFO - Started process (PID=378) to work on /home/airflow/.local/lib/python3.8/site-packages/airflow/example_dags/example_short_circuit_decorator.py
[2023-12-24T01:44:32.871+0000] {processor.py:829} INFO - Processing file /home/airflow/.local/lib/python3.8/site-packages/airflow/example_dags/example_short_circuit_decorator.py for tasks to queue
[2023-12-24T01:44:32.873+0000] {logging_mixin.py:154} INFO - [2023-12-24T01:44:32.873+0000] {dagbag.py:536} INFO - Filling up the DagBag from /home/airflow/.local/lib/python3.8/site-packages/airflow/example_dags/example_short_circuit_decorator.py
[2023-12-24T01:44:32.878+0000] {processor.py:839} INFO - DAG(s) dict_keys(['example_short_circuit_decorator']) retrieved from /home/airflow/.local/lib/python3.8/site-packages/airflow/example_dags/example_short_circuit_decorator.py
[2023-12-24T01:44:32.892+0000] {logging_mixin.py:154} INFO - [2023-12-24T01:44:32.892+0000] {dag.py:2941} INFO - Sync 1 DAGs
[2023-12-24T01:44:32.903+0000] {logging_mixin.py:154} INFO - [2023-12-24T01:44:32.903+0000] {dag.py:3722} INFO - Setting next_dagrun for example_short_circuit_decorator to 2023-12-23T01:44:32.902943+00:00, run_after=2023-12-24T01:44:32.902943+00:00
[2023-12-24T01:44:32.912+0000] {processor.py:179} INFO - Processing /home/airflow/.local/lib/python3.8/site-packages/airflow/example_dags/example_short_circuit_decorator.py took 0.044 seconds
[2023-12-24T01:45:03.318+0000] {processor.py:157} INFO - Started process (PID=433) to work on /home/airflow/.local/lib/python3.8/site-packages/airflow/example_dags/example_short_circuit_decorator.py
[2023-12-24T01:45:03.319+0000] {processor.py:829} INFO - Processing file /home/airflow/.local/lib/python3.8/site-packages/airflow/example_dags/example_short_circuit_decorator.py for tasks to queue
[2023-12-24T01:45:03.321+0000] {logging_mixin.py:154} INFO - [2023-12-24T01:45:03.321+0000] {dagbag.py:536} INFO - Filling up the DagBag from /home/airflow/.local/lib/python3.8/site-packages/airflow/example_dags/example_short_circuit_decorator.py
[2023-12-24T01:45:03.328+0000] {processor.py:839} INFO - DAG(s) dict_keys(['example_short_circuit_decorator']) retrieved from /home/airflow/.local/lib/python3.8/site-packages/airflow/example_dags/example_short_circuit_decorator.py
[2023-12-24T01:45:03.344+0000] {logging_mixin.py:154} INFO - [2023-12-24T01:45:03.344+0000] {dag.py:2941} INFO - Sync 1 DAGs
[2023-12-24T01:45:03.360+0000] {logging_mixin.py:154} INFO - [2023-12-24T01:45:03.360+0000] {dag.py:3722} INFO - Setting next_dagrun for example_short_circuit_decorator to 2023-12-23T01:45:03.359920+00:00, run_after=2023-12-24T01:45:03.359920+00:00
[2023-12-24T01:45:03.482+0000] {processor.py:179} INFO - Processing /home/airflow/.local/lib/python3.8/site-packages/airflow/example_dags/example_short_circuit_decorator.py took 0.167 seconds
[2023-12-24T01:45:34.438+0000] {processor.py:157} INFO - Started process (PID=489) to work on /home/airflow/.local/lib/python3.8/site-packages/airflow/example_dags/example_short_circuit_decorator.py
[2023-12-24T01:45:34.441+0000] {processor.py:829} INFO - Processing file /home/airflow/.local/lib/python3.8/site-packages/airflow/example_dags/example_short_circuit_decorator.py for tasks to queue
[2023-12-24T01:45:34.444+0000] {logging_mixin.py:154} INFO - [2023-12-24T01:45:34.444+0000] {dagbag.py:536} INFO - Filling up the DagBag from /home/airflow/.local/lib/python3.8/site-packages/airflow/example_dags/example_short_circuit_decorator.py
[2023-12-24T01:45:34.455+0000] {processor.py:839} INFO - DAG(s) dict_keys(['example_short_circuit_decorator']) retrieved from /home/airflow/.local/lib/python3.8/site-packages/airflow/example_dags/example_short_circuit_decorator.py
[2023-12-24T01:45:34.472+0000] {logging_mixin.py:154} INFO - [2023-12-24T01:45:34.471+0000] {dag.py:2941} INFO - Sync 1 DAGs
[2023-12-24T01:45:34.484+0000] {logging_mixin.py:154} INFO - [2023-12-24T01:45:34.484+0000] {dag.py:3722} INFO - Setting next_dagrun for example_short_circuit_decorator to 2023-12-23T01:45:34.484257+00:00, run_after=2023-12-24T01:45:34.484257+00:00
[2023-12-24T01:45:34.494+0000] {processor.py:179} INFO - Processing /home/airflow/.local/lib/python3.8/site-packages/airflow/example_dags/example_short_circuit_decorator.py took 0.061 seconds
[2023-12-24T01:46:04.956+0000] {processor.py:157} INFO - Started process (PID=544) to work on /home/airflow/.local/lib/python3.8/site-packages/airflow/example_dags/example_short_circuit_decorator.py
[2023-12-24T01:46:04.958+0000] {processor.py:829} INFO - Processing file /home/airflow/.local/lib/python3.8/site-packages/airflow/example_dags/example_short_circuit_decorator.py for tasks to queue
[2023-12-24T01:46:04.961+0000] {logging_mixin.py:154} INFO - [2023-12-24T01:46:04.961+0000] {dagbag.py:536} INFO - Filling up the DagBag from /home/airflow/.local/lib/python3.8/site-packages/airflow/example_dags/example_short_circuit_decorator.py
[2023-12-24T01:46:04.970+0000] {processor.py:839} INFO - DAG(s) dict_keys(['example_short_circuit_decorator']) retrieved from /home/airflow/.local/lib/python3.8/site-packages/airflow/example_dags/example_short_circuit_decorator.py
[2023-12-24T01:46:04.988+0000] {logging_mixin.py:154} INFO - [2023-12-24T01:46:04.988+0000] {dag.py:2941} INFO - Sync 1 DAGs
[2023-12-24T01:46:05.001+0000] {logging_mixin.py:154} INFO - [2023-12-24T01:46:05.001+0000] {dag.py:3722} INFO - Setting next_dagrun for example_short_circuit_decorator to 2023-12-23T01:46:05.000988+00:00, run_after=2023-12-24T01:46:05.000988+00:00
[2023-12-24T01:46:05.010+0000] {processor.py:179} INFO - Processing /home/airflow/.local/lib/python3.8/site-packages/airflow/example_dags/example_short_circuit_decorator.py took 0.059 seconds
[2023-12-24T01:46:35.369+0000] {processor.py:157} INFO - Started process (PID=599) to work on /home/airflow/.local/lib/python3.8/site-packages/airflow/example_dags/example_short_circuit_decorator.py
[2023-12-24T01:46:35.370+0000] {processor.py:829} INFO - Processing file /home/airflow/.local/lib/python3.8/site-packages/airflow/example_dags/example_short_circuit_decorator.py for tasks to queue
[2023-12-24T01:46:35.372+0000] {logging_mixin.py:154} INFO - [2023-12-24T01:46:35.372+0000] {dagbag.py:536} INFO - Filling up the DagBag from /home/airflow/.local/lib/python3.8/site-packages/airflow/example_dags/example_short_circuit_decorator.py
[2023-12-24T01:46:35.378+0000] {processor.py:839} INFO - DAG(s) dict_keys(['example_short_circuit_decorator']) retrieved from /home/airflow/.local/lib/python3.8/site-packages/airflow/example_dags/example_short_circuit_decorator.py
[2023-12-24T01:46:35.507+0000] {logging_mixin.py:154} INFO - [2023-12-24T01:46:35.507+0000] {dag.py:2941} INFO - Sync 1 DAGs
[2023-12-24T01:46:35.518+0000] {logging_mixin.py:154} INFO - [2023-12-24T01:46:35.518+0000] {dag.py:3722} INFO - Setting next_dagrun for example_short_circuit_decorator to 2023-12-23T01:46:35.518017+00:00, run_after=2023-12-24T01:46:35.518017+00:00
[2023-12-24T01:46:35.529+0000] {processor.py:179} INFO - Processing /home/airflow/.local/lib/python3.8/site-packages/airflow/example_dags/example_short_circuit_decorator.py took 0.162 seconds
[2023-12-24T01:50:39.249+0000] {processor.py:157} INFO - Started process (PID=1032) to work on /home/airflow/.local/lib/python3.8/site-packages/airflow/example_dags/example_short_circuit_decorator.py
[2023-12-24T01:50:39.250+0000] {processor.py:829} INFO - Processing file /home/airflow/.local/lib/python3.8/site-packages/airflow/example_dags/example_short_circuit_decorator.py for tasks to queue
[2023-12-24T01:50:39.252+0000] {logging_mixin.py:154} INFO - [2023-12-24T01:50:39.251+0000] {dagbag.py:536} INFO - Filling up the DagBag from /home/airflow/.local/lib/python3.8/site-packages/airflow/example_dags/example_short_circuit_decorator.py
[2023-12-24T01:50:39.259+0000] {processor.py:839} INFO - DAG(s) dict_keys(['example_short_circuit_decorator']) retrieved from /home/airflow/.local/lib/python3.8/site-packages/airflow/example_dags/example_short_circuit_decorator.py
[2023-12-24T01:50:39.316+0000] {logging_mixin.py:154} INFO - [2023-12-24T01:50:39.316+0000] {dag.py:2941} INFO - Sync 1 DAGs
[2023-12-24T01:50:39.328+0000] {logging_mixin.py:154} INFO - [2023-12-24T01:50:39.328+0000] {dag.py:3722} INFO - Setting next_dagrun for example_short_circuit_decorator to 2023-12-23T01:50:39.328030+00:00, run_after=2023-12-24T01:50:39.328030+00:00
[2023-12-24T01:50:39.340+0000] {processor.py:179} INFO - Processing /home/airflow/.local/lib/python3.8/site-packages/airflow/example_dags/example_short_circuit_decorator.py took 0.093 seconds
[2023-12-24T01:51:09.374+0000] {processor.py:157} INFO - Started process (PID=1087) to work on /home/airflow/.local/lib/python3.8/site-packages/airflow/example_dags/example_short_circuit_decorator.py
[2023-12-24T01:51:09.376+0000] {processor.py:829} INFO - Processing file /home/airflow/.local/lib/python3.8/site-packages/airflow/example_dags/example_short_circuit_decorator.py for tasks to queue
[2023-12-24T01:51:09.377+0000] {logging_mixin.py:154} INFO - [2023-12-24T01:51:09.376+0000] {dagbag.py:536} INFO - Filling up the DagBag from /home/airflow/.local/lib/python3.8/site-packages/airflow/example_dags/example_short_circuit_decorator.py
[2023-12-24T01:51:09.383+0000] {processor.py:839} INFO - DAG(s) dict_keys(['example_short_circuit_decorator']) retrieved from /home/airflow/.local/lib/python3.8/site-packages/airflow/example_dags/example_short_circuit_decorator.py
[2023-12-24T01:51:09.396+0000] {logging_mixin.py:154} INFO - [2023-12-24T01:51:09.396+0000] {dag.py:2941} INFO - Sync 1 DAGs
[2023-12-24T01:51:09.408+0000] {logging_mixin.py:154} INFO - [2023-12-24T01:51:09.408+0000] {dag.py:3722} INFO - Setting next_dagrun for example_short_circuit_decorator to 2023-12-23T01:51:09.407998+00:00, run_after=2023-12-24T01:51:09.407998+00:00
[2023-12-24T01:51:09.417+0000] {processor.py:179} INFO - Processing /home/airflow/.local/lib/python3.8/site-packages/airflow/example_dags/example_short_circuit_decorator.py took 0.045 seconds
[2023-12-24T01:51:39.663+0000] {processor.py:157} INFO - Started process (PID=1143) to work on /home/airflow/.local/lib/python3.8/site-packages/airflow/example_dags/example_short_circuit_decorator.py
[2023-12-24T01:51:39.664+0000] {processor.py:829} INFO - Processing file /home/airflow/.local/lib/python3.8/site-packages/airflow/example_dags/example_short_circuit_decorator.py for tasks to queue
[2023-12-24T01:51:39.665+0000] {logging_mixin.py:154} INFO - [2023-12-24T01:51:39.665+0000] {dagbag.py:536} INFO - Filling up the DagBag from /home/airflow/.local/lib/python3.8/site-packages/airflow/example_dags/example_short_circuit_decorator.py
[2023-12-24T01:51:39.672+0000] {processor.py:839} INFO - DAG(s) dict_keys(['example_short_circuit_decorator']) retrieved from /home/airflow/.local/lib/python3.8/site-packages/airflow/example_dags/example_short_circuit_decorator.py
[2023-12-24T01:51:39.690+0000] {logging_mixin.py:154} INFO - [2023-12-24T01:51:39.689+0000] {dag.py:2941} INFO - Sync 1 DAGs
[2023-12-24T01:51:39.703+0000] {logging_mixin.py:154} INFO - [2023-12-24T01:51:39.703+0000] {dag.py:3722} INFO - Setting next_dagrun for example_short_circuit_decorator to 2023-12-23T01:51:39.703692+00:00, run_after=2023-12-24T01:51:39.703692+00:00
[2023-12-24T01:51:39.718+0000] {processor.py:179} INFO - Processing /home/airflow/.local/lib/python3.8/site-packages/airflow/example_dags/example_short_circuit_decorator.py took 0.057 seconds
[2023-12-24T01:52:09.809+0000] {processor.py:157} INFO - Started process (PID=1198) to work on /home/airflow/.local/lib/python3.8/site-packages/airflow/example_dags/example_short_circuit_decorator.py
[2023-12-24T01:52:09.811+0000] {processor.py:829} INFO - Processing file /home/airflow/.local/lib/python3.8/site-packages/airflow/example_dags/example_short_circuit_decorator.py for tasks to queue
[2023-12-24T01:52:09.812+0000] {logging_mixin.py:154} INFO - [2023-12-24T01:52:09.812+0000] {dagbag.py:536} INFO - Filling up the DagBag from /home/airflow/.local/lib/python3.8/site-packages/airflow/example_dags/example_short_circuit_decorator.py
[2023-12-24T01:52:09.820+0000] {processor.py:839} INFO - DAG(s) dict_keys(['example_short_circuit_decorator']) retrieved from /home/airflow/.local/lib/python3.8/site-packages/airflow/example_dags/example_short_circuit_decorator.py
[2023-12-24T01:52:09.837+0000] {logging_mixin.py:154} INFO - [2023-12-24T01:52:09.837+0000] {dag.py:2941} INFO - Sync 1 DAGs
[2023-12-24T01:52:09.851+0000] {logging_mixin.py:154} INFO - [2023-12-24T01:52:09.851+0000] {dag.py:3722} INFO - Setting next_dagrun for example_short_circuit_decorator to 2023-12-23T01:52:09.851609+00:00, run_after=2023-12-24T01:52:09.851609+00:00
[2023-12-24T01:52:09.865+0000] {processor.py:179} INFO - Processing /home/airflow/.local/lib/python3.8/site-packages/airflow/example_dags/example_short_circuit_decorator.py took 0.058 seconds
[2023-12-24T01:52:40.079+0000] {processor.py:157} INFO - Started process (PID=1253) to work on /home/airflow/.local/lib/python3.8/site-packages/airflow/example_dags/example_short_circuit_decorator.py
[2023-12-24T01:52:40.080+0000] {processor.py:829} INFO - Processing file /home/airflow/.local/lib/python3.8/site-packages/airflow/example_dags/example_short_circuit_decorator.py for tasks to queue
[2023-12-24T01:52:40.081+0000] {logging_mixin.py:154} INFO - [2023-12-24T01:52:40.081+0000] {dagbag.py:536} INFO - Filling up the DagBag from /home/airflow/.local/lib/python3.8/site-packages/airflow/example_dags/example_short_circuit_decorator.py
[2023-12-24T01:52:40.089+0000] {processor.py:839} INFO - DAG(s) dict_keys(['example_short_circuit_decorator']) retrieved from /home/airflow/.local/lib/python3.8/site-packages/airflow/example_dags/example_short_circuit_decorator.py
[2023-12-24T01:52:40.105+0000] {logging_mixin.py:154} INFO - [2023-12-24T01:52:40.104+0000] {dag.py:2941} INFO - Sync 1 DAGs
[2023-12-24T01:52:40.117+0000] {logging_mixin.py:154} INFO - [2023-12-24T01:52:40.117+0000] {dag.py:3722} INFO - Setting next_dagrun for example_short_circuit_decorator to 2023-12-23T01:52:40.116949+00:00, run_after=2023-12-24T01:52:40.116949+00:00
[2023-12-24T01:52:40.129+0000] {processor.py:179} INFO - Processing /home/airflow/.local/lib/python3.8/site-packages/airflow/example_dags/example_short_circuit_decorator.py took 0.053 seconds
[2023-12-24T01:53:10.333+0000] {processor.py:157} INFO - Started process (PID=1309) to work on /home/airflow/.local/lib/python3.8/site-packages/airflow/example_dags/example_short_circuit_decorator.py
[2023-12-24T01:53:10.334+0000] {processor.py:829} INFO - Processing file /home/airflow/.local/lib/python3.8/site-packages/airflow/example_dags/example_short_circuit_decorator.py for tasks to queue
[2023-12-24T01:53:10.335+0000] {logging_mixin.py:154} INFO - [2023-12-24T01:53:10.335+0000] {dagbag.py:536} INFO - Filling up the DagBag from /home/airflow/.local/lib/python3.8/site-packages/airflow/example_dags/example_short_circuit_decorator.py
[2023-12-24T01:53:10.342+0000] {processor.py:839} INFO - DAG(s) dict_keys(['example_short_circuit_decorator']) retrieved from /home/airflow/.local/lib/python3.8/site-packages/airflow/example_dags/example_short_circuit_decorator.py
[2023-12-24T01:53:10.356+0000] {logging_mixin.py:154} INFO - [2023-12-24T01:53:10.356+0000] {dag.py:2941} INFO - Sync 1 DAGs
[2023-12-24T01:53:10.368+0000] {logging_mixin.py:154} INFO - [2023-12-24T01:53:10.368+0000] {dag.py:3722} INFO - Setting next_dagrun for example_short_circuit_decorator to 2023-12-23T01:53:10.368106+00:00, run_after=2023-12-24T01:53:10.368106+00:00
[2023-12-24T01:53:10.378+0000] {processor.py:179} INFO - Processing /home/airflow/.local/lib/python3.8/site-packages/airflow/example_dags/example_short_circuit_decorator.py took 0.047 seconds
