[2023-12-24T00:16:12.002+0000] {processor.py:157} INFO - Started process (PID=6221) to work on /home/airflow/.local/lib/python3.8/site-packages/airflow/example_dags/example_short_circuit_operator.py
[2023-12-24T00:16:12.004+0000] {processor.py:829} INFO - Processing file /home/airflow/.local/lib/python3.8/site-packages/airflow/example_dags/example_short_circuit_operator.py for tasks to queue
[2023-12-24T00:16:12.007+0000] {logging_mixin.py:154} INFO - [2023-12-24T00:16:12.006+0000] {dagbag.py:536} INFO - Filling up the DagBag from /home/airflow/.local/lib/python3.8/site-packages/airflow/example_dags/example_short_circuit_operator.py
[2023-12-24T00:16:12.015+0000] {processor.py:839} INFO - DAG(s) dict_keys(['example_short_circuit_operator']) retrieved from /home/airflow/.local/lib/python3.8/site-packages/airflow/example_dags/example_short_circuit_operator.py
[2023-12-24T00:16:12.038+0000] {logging_mixin.py:154} INFO - [2023-12-24T00:16:12.038+0000] {dag.py:2941} INFO - Sync 1 DAGs
[2023-12-24T00:16:12.055+0000] {logging_mixin.py:154} INFO - [2023-12-24T00:16:12.055+0000] {dag.py:3722} INFO - Setting next_dagrun for example_short_circuit_operator to 2023-12-23T00:16:12.055312+00:00, run_after=2023-12-24T00:16:12.055312+00:00
[2023-12-24T00:16:12.067+0000] {processor.py:179} INFO - Processing /home/airflow/.local/lib/python3.8/site-packages/airflow/example_dags/example_short_circuit_operator.py took 0.068 seconds
[2023-12-24T00:16:42.334+0000] {processor.py:157} INFO - Started process (PID=6277) to work on /home/airflow/.local/lib/python3.8/site-packages/airflow/example_dags/example_short_circuit_operator.py
[2023-12-24T00:16:42.335+0000] {processor.py:829} INFO - Processing file /home/airflow/.local/lib/python3.8/site-packages/airflow/example_dags/example_short_circuit_operator.py for tasks to queue
[2023-12-24T00:16:42.337+0000] {logging_mixin.py:154} INFO - [2023-12-24T00:16:42.337+0000] {dagbag.py:536} INFO - Filling up the DagBag from /home/airflow/.local/lib/python3.8/site-packages/airflow/example_dags/example_short_circuit_operator.py
[2023-12-24T00:16:42.342+0000] {processor.py:839} INFO - DAG(s) dict_keys(['example_short_circuit_operator']) retrieved from /home/airflow/.local/lib/python3.8/site-packages/airflow/example_dags/example_short_circuit_operator.py
[2023-12-24T00:16:42.356+0000] {logging_mixin.py:154} INFO - [2023-12-24T00:16:42.356+0000] {dag.py:2941} INFO - Sync 1 DAGs
[2023-12-24T00:16:42.368+0000] {logging_mixin.py:154} INFO - [2023-12-24T00:16:42.367+0000] {dag.py:3722} INFO - Setting next_dagrun for example_short_circuit_operator to 2023-12-23T00:16:42.367790+00:00, run_after=2023-12-24T00:16:42.367790+00:00
[2023-12-24T00:16:42.377+0000] {processor.py:179} INFO - Processing /home/airflow/.local/lib/python3.8/site-packages/airflow/example_dags/example_short_circuit_operator.py took 0.046 seconds
[2023-12-24T00:33:51.195+0000] {processor.py:157} INFO - Started process (PID=6333) to work on /home/airflow/.local/lib/python3.8/site-packages/airflow/example_dags/example_short_circuit_operator.py
[2023-12-24T00:33:51.196+0000] {processor.py:829} INFO - Processing file /home/airflow/.local/lib/python3.8/site-packages/airflow/example_dags/example_short_circuit_operator.py for tasks to queue
[2023-12-24T00:33:51.198+0000] {logging_mixin.py:154} INFO - [2023-12-24T00:33:51.198+0000] {dagbag.py:536} INFO - Filling up the DagBag from /home/airflow/.local/lib/python3.8/site-packages/airflow/example_dags/example_short_circuit_operator.py
[2023-12-24T00:33:51.203+0000] {processor.py:839} INFO - DAG(s) dict_keys(['example_short_circuit_operator']) retrieved from /home/airflow/.local/lib/python3.8/site-packages/airflow/example_dags/example_short_circuit_operator.py
[2023-12-24T00:33:51.217+0000] {logging_mixin.py:154} INFO - [2023-12-24T00:33:51.217+0000] {dag.py:2941} INFO - Sync 1 DAGs
[2023-12-24T00:33:51.229+0000] {logging_mixin.py:154} INFO - [2023-12-24T00:33:51.229+0000] {dag.py:3722} INFO - Setting next_dagrun for example_short_circuit_operator to 2023-12-23T00:33:51.229375+00:00, run_after=2023-12-24T00:33:51.229375+00:00
[2023-12-24T00:33:51.241+0000] {processor.py:179} INFO - Processing /home/airflow/.local/lib/python3.8/site-packages/airflow/example_dags/example_short_circuit_operator.py took 0.048 seconds
[2023-12-24T00:34:21.453+0000] {processor.py:157} INFO - Started process (PID=6389) to work on /home/airflow/.local/lib/python3.8/site-packages/airflow/example_dags/example_short_circuit_operator.py
[2023-12-24T00:34:21.454+0000] {processor.py:829} INFO - Processing file /home/airflow/.local/lib/python3.8/site-packages/airflow/example_dags/example_short_circuit_operator.py for tasks to queue
[2023-12-24T00:34:21.455+0000] {logging_mixin.py:154} INFO - [2023-12-24T00:34:21.455+0000] {dagbag.py:536} INFO - Filling up the DagBag from /home/airflow/.local/lib/python3.8/site-packages/airflow/example_dags/example_short_circuit_operator.py
[2023-12-24T00:34:21.461+0000] {processor.py:839} INFO - DAG(s) dict_keys(['example_short_circuit_operator']) retrieved from /home/airflow/.local/lib/python3.8/site-packages/airflow/example_dags/example_short_circuit_operator.py
[2023-12-24T00:34:21.475+0000] {logging_mixin.py:154} INFO - [2023-12-24T00:34:21.474+0000] {dag.py:2941} INFO - Sync 1 DAGs
[2023-12-24T00:34:21.486+0000] {logging_mixin.py:154} INFO - [2023-12-24T00:34:21.486+0000] {dag.py:3722} INFO - Setting next_dagrun for example_short_circuit_operator to 2023-12-23T00:34:21.486470+00:00, run_after=2023-12-24T00:34:21.486470+00:00
[2023-12-24T00:34:21.495+0000] {processor.py:179} INFO - Processing /home/airflow/.local/lib/python3.8/site-packages/airflow/example_dags/example_short_circuit_operator.py took 0.045 seconds
[2023-12-24T00:51:36.618+0000] {processor.py:157} INFO - Started process (PID=6444) to work on /home/airflow/.local/lib/python3.8/site-packages/airflow/example_dags/example_short_circuit_operator.py
[2023-12-24T00:51:36.620+0000] {processor.py:829} INFO - Processing file /home/airflow/.local/lib/python3.8/site-packages/airflow/example_dags/example_short_circuit_operator.py for tasks to queue
[2023-12-24T00:51:36.623+0000] {logging_mixin.py:154} INFO - [2023-12-24T00:51:36.622+0000] {dagbag.py:536} INFO - Filling up the DagBag from /home/airflow/.local/lib/python3.8/site-packages/airflow/example_dags/example_short_circuit_operator.py
[2023-12-24T00:51:36.630+0000] {processor.py:839} INFO - DAG(s) dict_keys(['example_short_circuit_operator']) retrieved from /home/airflow/.local/lib/python3.8/site-packages/airflow/example_dags/example_short_circuit_operator.py
[2023-12-24T00:51:36.648+0000] {logging_mixin.py:154} INFO - [2023-12-24T00:51:36.648+0000] {dag.py:2941} INFO - Sync 1 DAGs
[2023-12-24T00:51:36.667+0000] {logging_mixin.py:154} INFO - [2023-12-24T00:51:36.667+0000] {dag.py:3722} INFO - Setting next_dagrun for example_short_circuit_operator to 2023-12-23T00:51:36.667509+00:00, run_after=2023-12-24T00:51:36.667509+00:00
[2023-12-24T00:51:36.679+0000] {processor.py:179} INFO - Processing /home/airflow/.local/lib/python3.8/site-packages/airflow/example_dags/example_short_circuit_operator.py took 0.065 seconds
[2023-12-24T00:52:07.026+0000] {processor.py:157} INFO - Started process (PID=6499) to work on /home/airflow/.local/lib/python3.8/site-packages/airflow/example_dags/example_short_circuit_operator.py
[2023-12-24T00:52:07.027+0000] {processor.py:829} INFO - Processing file /home/airflow/.local/lib/python3.8/site-packages/airflow/example_dags/example_short_circuit_operator.py for tasks to queue
[2023-12-24T00:52:07.029+0000] {logging_mixin.py:154} INFO - [2023-12-24T00:52:07.029+0000] {dagbag.py:536} INFO - Filling up the DagBag from /home/airflow/.local/lib/python3.8/site-packages/airflow/example_dags/example_short_circuit_operator.py
[2023-12-24T00:52:07.034+0000] {processor.py:839} INFO - DAG(s) dict_keys(['example_short_circuit_operator']) retrieved from /home/airflow/.local/lib/python3.8/site-packages/airflow/example_dags/example_short_circuit_operator.py
[2023-12-24T00:52:07.049+0000] {logging_mixin.py:154} INFO - [2023-12-24T00:52:07.048+0000] {dag.py:2941} INFO - Sync 1 DAGs
[2023-12-24T00:52:07.060+0000] {logging_mixin.py:154} INFO - [2023-12-24T00:52:07.060+0000] {dag.py:3722} INFO - Setting next_dagrun for example_short_circuit_operator to 2023-12-23T00:52:07.060559+00:00, run_after=2023-12-24T00:52:07.060559+00:00
[2023-12-24T00:52:07.072+0000] {processor.py:179} INFO - Processing /home/airflow/.local/lib/python3.8/site-packages/airflow/example_dags/example_short_circuit_operator.py took 0.048 seconds
[2023-12-24T01:08:53.393+0000] {processor.py:157} INFO - Started process (PID=6554) to work on /home/airflow/.local/lib/python3.8/site-packages/airflow/example_dags/example_short_circuit_operator.py
[2023-12-24T01:08:53.394+0000] {processor.py:829} INFO - Processing file /home/airflow/.local/lib/python3.8/site-packages/airflow/example_dags/example_short_circuit_operator.py for tasks to queue
[2023-12-24T01:08:53.396+0000] {logging_mixin.py:154} INFO - [2023-12-24T01:08:53.395+0000] {dagbag.py:536} INFO - Filling up the DagBag from /home/airflow/.local/lib/python3.8/site-packages/airflow/example_dags/example_short_circuit_operator.py
[2023-12-24T01:08:53.401+0000] {processor.py:839} INFO - DAG(s) dict_keys(['example_short_circuit_operator']) retrieved from /home/airflow/.local/lib/python3.8/site-packages/airflow/example_dags/example_short_circuit_operator.py
[2023-12-24T01:08:53.415+0000] {logging_mixin.py:154} INFO - [2023-12-24T01:08:53.415+0000] {dag.py:2941} INFO - Sync 1 DAGs
[2023-12-24T01:08:53.428+0000] {logging_mixin.py:154} INFO - [2023-12-24T01:08:53.428+0000] {dag.py:3722} INFO - Setting next_dagrun for example_short_circuit_operator to 2023-12-23T01:08:53.427836+00:00, run_after=2023-12-24T01:08:53.427836+00:00
[2023-12-24T01:08:53.438+0000] {processor.py:179} INFO - Processing /home/airflow/.local/lib/python3.8/site-packages/airflow/example_dags/example_short_circuit_operator.py took 0.048 seconds
[2023-12-24T01:26:17.521+0000] {processor.py:157} INFO - Started process (PID=6610) to work on /home/airflow/.local/lib/python3.8/site-packages/airflow/example_dags/example_short_circuit_operator.py
[2023-12-24T01:26:17.523+0000] {processor.py:829} INFO - Processing file /home/airflow/.local/lib/python3.8/site-packages/airflow/example_dags/example_short_circuit_operator.py for tasks to queue
[2023-12-24T01:26:17.525+0000] {logging_mixin.py:154} INFO - [2023-12-24T01:26:17.525+0000] {dagbag.py:536} INFO - Filling up the DagBag from /home/airflow/.local/lib/python3.8/site-packages/airflow/example_dags/example_short_circuit_operator.py
[2023-12-24T01:26:17.530+0000] {processor.py:839} INFO - DAG(s) dict_keys(['example_short_circuit_operator']) retrieved from /home/airflow/.local/lib/python3.8/site-packages/airflow/example_dags/example_short_circuit_operator.py
[2023-12-24T01:26:17.544+0000] {logging_mixin.py:154} INFO - [2023-12-24T01:26:17.544+0000] {dag.py:2941} INFO - Sync 1 DAGs
[2023-12-24T01:26:17.556+0000] {logging_mixin.py:154} INFO - [2023-12-24T01:26:17.556+0000] {dag.py:3722} INFO - Setting next_dagrun for example_short_circuit_operator to 2023-12-23T01:26:17.556337+00:00, run_after=2023-12-24T01:26:17.556337+00:00
[2023-12-24T01:26:17.567+0000] {processor.py:179} INFO - Processing /home/airflow/.local/lib/python3.8/site-packages/airflow/example_dags/example_short_circuit_operator.py took 0.048 seconds
[2023-12-24T01:26:47.823+0000] {processor.py:157} INFO - Started process (PID=6666) to work on /home/airflow/.local/lib/python3.8/site-packages/airflow/example_dags/example_short_circuit_operator.py
[2023-12-24T01:26:47.825+0000] {processor.py:829} INFO - Processing file /home/airflow/.local/lib/python3.8/site-packages/airflow/example_dags/example_short_circuit_operator.py for tasks to queue
[2023-12-24T01:26:47.826+0000] {logging_mixin.py:154} INFO - [2023-12-24T01:26:47.826+0000] {dagbag.py:536} INFO - Filling up the DagBag from /home/airflow/.local/lib/python3.8/site-packages/airflow/example_dags/example_short_circuit_operator.py
[2023-12-24T01:26:47.831+0000] {processor.py:839} INFO - DAG(s) dict_keys(['example_short_circuit_operator']) retrieved from /home/airflow/.local/lib/python3.8/site-packages/airflow/example_dags/example_short_circuit_operator.py
[2023-12-24T01:26:47.846+0000] {logging_mixin.py:154} INFO - [2023-12-24T01:26:47.846+0000] {dag.py:2941} INFO - Sync 1 DAGs
[2023-12-24T01:26:47.858+0000] {logging_mixin.py:154} INFO - [2023-12-24T01:26:47.858+0000] {dag.py:3722} INFO - Setting next_dagrun for example_short_circuit_operator to 2023-12-23T01:26:47.858409+00:00, run_after=2023-12-24T01:26:47.858409+00:00
[2023-12-24T01:26:47.868+0000] {processor.py:179} INFO - Processing /home/airflow/.local/lib/python3.8/site-packages/airflow/example_dags/example_short_circuit_operator.py took 0.047 seconds
[2023-12-24T01:39:27.400+0000] {processor.py:157} INFO - Started process (PID=6723) to work on /home/airflow/.local/lib/python3.8/site-packages/airflow/example_dags/example_short_circuit_operator.py
[2023-12-24T01:39:27.401+0000] {processor.py:829} INFO - Processing file /home/airflow/.local/lib/python3.8/site-packages/airflow/example_dags/example_short_circuit_operator.py for tasks to queue
[2023-12-24T01:39:27.403+0000] {logging_mixin.py:154} INFO - [2023-12-24T01:39:27.403+0000] {dagbag.py:536} INFO - Filling up the DagBag from /home/airflow/.local/lib/python3.8/site-packages/airflow/example_dags/example_short_circuit_operator.py
[2023-12-24T01:39:27.408+0000] {processor.py:839} INFO - DAG(s) dict_keys(['example_short_circuit_operator']) retrieved from /home/airflow/.local/lib/python3.8/site-packages/airflow/example_dags/example_short_circuit_operator.py
[2023-12-24T01:39:27.423+0000] {logging_mixin.py:154} INFO - [2023-12-24T01:39:27.423+0000] {dag.py:2941} INFO - Sync 1 DAGs
[2023-12-24T01:39:27.435+0000] {logging_mixin.py:154} INFO - [2023-12-24T01:39:27.434+0000] {dag.py:3722} INFO - Setting next_dagrun for example_short_circuit_operator to 2023-12-23T01:39:27.434794+00:00, run_after=2023-12-24T01:39:27.434794+00:00
[2023-12-24T01:39:27.447+0000] {processor.py:179} INFO - Processing /home/airflow/.local/lib/python3.8/site-packages/airflow/example_dags/example_short_circuit_operator.py took 0.049 seconds
[2023-12-24T01:39:57.681+0000] {processor.py:157} INFO - Started process (PID=6778) to work on /home/airflow/.local/lib/python3.8/site-packages/airflow/example_dags/example_short_circuit_operator.py
[2023-12-24T01:39:57.682+0000] {processor.py:829} INFO - Processing file /home/airflow/.local/lib/python3.8/site-packages/airflow/example_dags/example_short_circuit_operator.py for tasks to queue
[2023-12-24T01:39:57.684+0000] {logging_mixin.py:154} INFO - [2023-12-24T01:39:57.684+0000] {dagbag.py:536} INFO - Filling up the DagBag from /home/airflow/.local/lib/python3.8/site-packages/airflow/example_dags/example_short_circuit_operator.py
[2023-12-24T01:39:57.689+0000] {processor.py:839} INFO - DAG(s) dict_keys(['example_short_circuit_operator']) retrieved from /home/airflow/.local/lib/python3.8/site-packages/airflow/example_dags/example_short_circuit_operator.py
[2023-12-24T01:39:57.703+0000] {logging_mixin.py:154} INFO - [2023-12-24T01:39:57.703+0000] {dag.py:2941} INFO - Sync 1 DAGs
[2023-12-24T01:39:57.715+0000] {logging_mixin.py:154} INFO - [2023-12-24T01:39:57.715+0000] {dag.py:3722} INFO - Setting next_dagrun for example_short_circuit_operator to 2023-12-23T01:39:57.715251+00:00, run_after=2023-12-24T01:39:57.715251+00:00
[2023-12-24T01:39:57.725+0000] {processor.py:179} INFO - Processing /home/airflow/.local/lib/python3.8/site-packages/airflow/example_dags/example_short_circuit_operator.py took 0.047 seconds
[2023-12-24T01:40:27.988+0000] {processor.py:157} INFO - Started process (PID=6833) to work on /home/airflow/.local/lib/python3.8/site-packages/airflow/example_dags/example_short_circuit_operator.py
[2023-12-24T01:40:27.990+0000] {processor.py:829} INFO - Processing file /home/airflow/.local/lib/python3.8/site-packages/airflow/example_dags/example_short_circuit_operator.py for tasks to queue
[2023-12-24T01:40:27.992+0000] {logging_mixin.py:154} INFO - [2023-12-24T01:40:27.992+0000] {dagbag.py:536} INFO - Filling up the DagBag from /home/airflow/.local/lib/python3.8/site-packages/airflow/example_dags/example_short_circuit_operator.py
[2023-12-24T01:40:27.997+0000] {processor.py:839} INFO - DAG(s) dict_keys(['example_short_circuit_operator']) retrieved from /home/airflow/.local/lib/python3.8/site-packages/airflow/example_dags/example_short_circuit_operator.py
[2023-12-24T01:40:28.012+0000] {logging_mixin.py:154} INFO - [2023-12-24T01:40:28.012+0000] {dag.py:2941} INFO - Sync 1 DAGs
[2023-12-24T01:40:28.024+0000] {logging_mixin.py:154} INFO - [2023-12-24T01:40:28.023+0000] {dag.py:3722} INFO - Setting next_dagrun for example_short_circuit_operator to 2023-12-23T01:40:28.023761+00:00, run_after=2023-12-24T01:40:28.023761+00:00
[2023-12-24T01:40:28.034+0000] {processor.py:179} INFO - Processing /home/airflow/.local/lib/python3.8/site-packages/airflow/example_dags/example_short_circuit_operator.py took 0.048 seconds
[2023-12-24T01:41:30.619+0000] {processor.py:157} INFO - Started process (PID=60) to work on /home/airflow/.local/lib/python3.8/site-packages/airflow/example_dags/example_short_circuit_operator.py
[2023-12-24T01:41:30.621+0000] {processor.py:829} INFO - Processing file /home/airflow/.local/lib/python3.8/site-packages/airflow/example_dags/example_short_circuit_operator.py for tasks to queue
[2023-12-24T01:41:30.623+0000] {logging_mixin.py:154} INFO - [2023-12-24T01:41:30.623+0000] {dagbag.py:536} INFO - Filling up the DagBag from /home/airflow/.local/lib/python3.8/site-packages/airflow/example_dags/example_short_circuit_operator.py
[2023-12-24T01:41:30.631+0000] {processor.py:839} INFO - DAG(s) dict_keys(['example_short_circuit_operator']) retrieved from /home/airflow/.local/lib/python3.8/site-packages/airflow/example_dags/example_short_circuit_operator.py
[2023-12-24T01:41:30.640+0000] {logging_mixin.py:154} INFO - [2023-12-24T01:41:30.640+0000] {dag.py:2941} INFO - Sync 1 DAGs
[2023-12-24T01:41:30.654+0000] {logging_mixin.py:154} INFO - [2023-12-24T01:41:30.654+0000] {dag.py:3722} INFO - Setting next_dagrun for example_short_circuit_operator to 2023-12-23T01:41:30.654048+00:00, run_after=2023-12-24T01:41:30.654048+00:00
[2023-12-24T01:41:30.667+0000] {processor.py:179} INFO - Processing /home/airflow/.local/lib/python3.8/site-packages/airflow/example_dags/example_short_circuit_operator.py took 0.050 seconds
[2023-12-24T01:42:01.101+0000] {processor.py:157} INFO - Started process (PID=116) to work on /home/airflow/.local/lib/python3.8/site-packages/airflow/example_dags/example_short_circuit_operator.py
[2023-12-24T01:42:01.102+0000] {processor.py:829} INFO - Processing file /home/airflow/.local/lib/python3.8/site-packages/airflow/example_dags/example_short_circuit_operator.py for tasks to queue
[2023-12-24T01:42:01.104+0000] {logging_mixin.py:154} INFO - [2023-12-24T01:42:01.104+0000] {dagbag.py:536} INFO - Filling up the DagBag from /home/airflow/.local/lib/python3.8/site-packages/airflow/example_dags/example_short_circuit_operator.py
[2023-12-24T01:42:01.109+0000] {processor.py:839} INFO - DAG(s) dict_keys(['example_short_circuit_operator']) retrieved from /home/airflow/.local/lib/python3.8/site-packages/airflow/example_dags/example_short_circuit_operator.py
[2023-12-24T01:42:01.123+0000] {logging_mixin.py:154} INFO - [2023-12-24T01:42:01.123+0000] {dag.py:2941} INFO - Sync 1 DAGs
[2023-12-24T01:42:01.134+0000] {logging_mixin.py:154} INFO - [2023-12-24T01:42:01.134+0000] {dag.py:3722} INFO - Setting next_dagrun for example_short_circuit_operator to 2023-12-23T01:42:01.134422+00:00, run_after=2023-12-24T01:42:01.134422+00:00
[2023-12-24T01:42:01.144+0000] {processor.py:179} INFO - Processing /home/airflow/.local/lib/python3.8/site-packages/airflow/example_dags/example_short_circuit_operator.py took 0.045 seconds
[2023-12-24T01:42:31.328+0000] {processor.py:157} INFO - Started process (PID=171) to work on /home/airflow/.local/lib/python3.8/site-packages/airflow/example_dags/example_short_circuit_operator.py
[2023-12-24T01:42:31.329+0000] {processor.py:829} INFO - Processing file /home/airflow/.local/lib/python3.8/site-packages/airflow/example_dags/example_short_circuit_operator.py for tasks to queue
[2023-12-24T01:42:31.331+0000] {logging_mixin.py:154} INFO - [2023-12-24T01:42:31.331+0000] {dagbag.py:536} INFO - Filling up the DagBag from /home/airflow/.local/lib/python3.8/site-packages/airflow/example_dags/example_short_circuit_operator.py
[2023-12-24T01:42:31.336+0000] {processor.py:839} INFO - DAG(s) dict_keys(['example_short_circuit_operator']) retrieved from /home/airflow/.local/lib/python3.8/site-packages/airflow/example_dags/example_short_circuit_operator.py
[2023-12-24T01:42:31.351+0000] {logging_mixin.py:154} INFO - [2023-12-24T01:42:31.351+0000] {dag.py:2941} INFO - Sync 1 DAGs
[2023-12-24T01:42:31.362+0000] {logging_mixin.py:154} INFO - [2023-12-24T01:42:31.362+0000] {dag.py:3722} INFO - Setting next_dagrun for example_short_circuit_operator to 2023-12-23T01:42:31.362697+00:00, run_after=2023-12-24T01:42:31.362697+00:00
[2023-12-24T01:42:31.372+0000] {processor.py:179} INFO - Processing /home/airflow/.local/lib/python3.8/site-packages/airflow/example_dags/example_short_circuit_operator.py took 0.047 seconds
[2023-12-24T01:43:02.732+0000] {processor.py:157} INFO - Started process (PID=226) to work on /home/airflow/.local/lib/python3.8/site-packages/airflow/example_dags/example_short_circuit_operator.py
[2023-12-24T01:43:02.734+0000] {processor.py:829} INFO - Processing file /home/airflow/.local/lib/python3.8/site-packages/airflow/example_dags/example_short_circuit_operator.py for tasks to queue
[2023-12-24T01:43:02.736+0000] {logging_mixin.py:154} INFO - [2023-12-24T01:43:02.735+0000] {dagbag.py:536} INFO - Filling up the DagBag from /home/airflow/.local/lib/python3.8/site-packages/airflow/example_dags/example_short_circuit_operator.py
[2023-12-24T01:43:02.741+0000] {processor.py:839} INFO - DAG(s) dict_keys(['example_short_circuit_operator']) retrieved from /home/airflow/.local/lib/python3.8/site-packages/airflow/example_dags/example_short_circuit_operator.py
[2023-12-24T01:43:02.757+0000] {logging_mixin.py:154} INFO - [2023-12-24T01:43:02.757+0000] {dag.py:2941} INFO - Sync 1 DAGs
[2023-12-24T01:43:02.885+0000] {logging_mixin.py:154} INFO - [2023-12-24T01:43:02.885+0000] {dag.py:3722} INFO - Setting next_dagrun for example_short_circuit_operator to 2023-12-23T01:43:02.885483+00:00, run_after=2023-12-24T01:43:02.885483+00:00
[2023-12-24T01:43:02.896+0000] {processor.py:179} INFO - Processing /home/airflow/.local/lib/python3.8/site-packages/airflow/example_dags/example_short_circuit_operator.py took 0.166 seconds
[2023-12-24T01:43:33.373+0000] {processor.py:157} INFO - Started process (PID=282) to work on /home/airflow/.local/lib/python3.8/site-packages/airflow/example_dags/example_short_circuit_operator.py
[2023-12-24T01:43:33.374+0000] {processor.py:829} INFO - Processing file /home/airflow/.local/lib/python3.8/site-packages/airflow/example_dags/example_short_circuit_operator.py for tasks to queue
[2023-12-24T01:43:33.376+0000] {logging_mixin.py:154} INFO - [2023-12-24T01:43:33.375+0000] {dagbag.py:536} INFO - Filling up the DagBag from /home/airflow/.local/lib/python3.8/site-packages/airflow/example_dags/example_short_circuit_operator.py
[2023-12-24T01:43:33.381+0000] {processor.py:839} INFO - DAG(s) dict_keys(['example_short_circuit_operator']) retrieved from /home/airflow/.local/lib/python3.8/site-packages/airflow/example_dags/example_short_circuit_operator.py
[2023-12-24T01:43:33.396+0000] {logging_mixin.py:154} INFO - [2023-12-24T01:43:33.396+0000] {dag.py:2941} INFO - Sync 1 DAGs
[2023-12-24T01:43:33.410+0000] {logging_mixin.py:154} INFO - [2023-12-24T01:43:33.410+0000] {dag.py:3722} INFO - Setting next_dagrun for example_short_circuit_operator to 2023-12-23T01:43:33.410060+00:00, run_after=2023-12-24T01:43:33.410060+00:00
[2023-12-24T01:43:33.534+0000] {processor.py:179} INFO - Processing /home/airflow/.local/lib/python3.8/site-packages/airflow/example_dags/example_short_circuit_operator.py took 0.163 seconds
[2023-12-24T01:44:04.472+0000] {processor.py:157} INFO - Started process (PID=337) to work on /home/airflow/.local/lib/python3.8/site-packages/airflow/example_dags/example_short_circuit_operator.py
[2023-12-24T01:44:04.473+0000] {processor.py:829} INFO - Processing file /home/airflow/.local/lib/python3.8/site-packages/airflow/example_dags/example_short_circuit_operator.py for tasks to queue
[2023-12-24T01:44:04.477+0000] {logging_mixin.py:154} INFO - [2023-12-24T01:44:04.476+0000] {dagbag.py:536} INFO - Filling up the DagBag from /home/airflow/.local/lib/python3.8/site-packages/airflow/example_dags/example_short_circuit_operator.py
[2023-12-24T01:44:04.483+0000] {processor.py:839} INFO - DAG(s) dict_keys(['example_short_circuit_operator']) retrieved from /home/airflow/.local/lib/python3.8/site-packages/airflow/example_dags/example_short_circuit_operator.py
[2023-12-24T01:44:04.500+0000] {logging_mixin.py:154} INFO - [2023-12-24T01:44:04.500+0000] {dag.py:2941} INFO - Sync 1 DAGs
[2023-12-24T01:44:04.512+0000] {logging_mixin.py:154} INFO - [2023-12-24T01:44:04.512+0000] {dag.py:3722} INFO - Setting next_dagrun for example_short_circuit_operator to 2023-12-23T01:44:04.512651+00:00, run_after=2023-12-24T01:44:04.512651+00:00
[2023-12-24T01:44:04.523+0000] {processor.py:179} INFO - Processing /home/airflow/.local/lib/python3.8/site-packages/airflow/example_dags/example_short_circuit_operator.py took 0.054 seconds
[2023-12-24T01:44:35.425+0000] {processor.py:157} INFO - Started process (PID=393) to work on /home/airflow/.local/lib/python3.8/site-packages/airflow/example_dags/example_short_circuit_operator.py
[2023-12-24T01:44:35.427+0000] {processor.py:829} INFO - Processing file /home/airflow/.local/lib/python3.8/site-packages/airflow/example_dags/example_short_circuit_operator.py for tasks to queue
[2023-12-24T01:44:35.429+0000] {logging_mixin.py:154} INFO - [2023-12-24T01:44:35.429+0000] {dagbag.py:536} INFO - Filling up the DagBag from /home/airflow/.local/lib/python3.8/site-packages/airflow/example_dags/example_short_circuit_operator.py
[2023-12-24T01:44:35.434+0000] {processor.py:839} INFO - DAG(s) dict_keys(['example_short_circuit_operator']) retrieved from /home/airflow/.local/lib/python3.8/site-packages/airflow/example_dags/example_short_circuit_operator.py
[2023-12-24T01:44:35.451+0000] {logging_mixin.py:154} INFO - [2023-12-24T01:44:35.451+0000] {dag.py:2941} INFO - Sync 1 DAGs
[2023-12-24T01:44:35.464+0000] {logging_mixin.py:154} INFO - [2023-12-24T01:44:35.464+0000] {dag.py:3722} INFO - Setting next_dagrun for example_short_circuit_operator to 2023-12-23T01:44:35.464073+00:00, run_after=2023-12-24T01:44:35.464073+00:00
[2023-12-24T01:44:35.475+0000] {processor.py:179} INFO - Processing /home/airflow/.local/lib/python3.8/site-packages/airflow/example_dags/example_short_circuit_operator.py took 0.052 seconds
[2023-12-24T01:45:05.779+0000] {processor.py:157} INFO - Started process (PID=448) to work on /home/airflow/.local/lib/python3.8/site-packages/airflow/example_dags/example_short_circuit_operator.py
[2023-12-24T01:45:05.781+0000] {processor.py:829} INFO - Processing file /home/airflow/.local/lib/python3.8/site-packages/airflow/example_dags/example_short_circuit_operator.py for tasks to queue
[2023-12-24T01:45:05.782+0000] {logging_mixin.py:154} INFO - [2023-12-24T01:45:05.782+0000] {dagbag.py:536} INFO - Filling up the DagBag from /home/airflow/.local/lib/python3.8/site-packages/airflow/example_dags/example_short_circuit_operator.py
[2023-12-24T01:45:05.787+0000] {processor.py:839} INFO - DAG(s) dict_keys(['example_short_circuit_operator']) retrieved from /home/airflow/.local/lib/python3.8/site-packages/airflow/example_dags/example_short_circuit_operator.py
[2023-12-24T01:45:05.802+0000] {logging_mixin.py:154} INFO - [2023-12-24T01:45:05.802+0000] {dag.py:2941} INFO - Sync 1 DAGs
[2023-12-24T01:45:05.910+0000] {logging_mixin.py:154} INFO - [2023-12-24T01:45:05.910+0000] {dag.py:3722} INFO - Setting next_dagrun for example_short_circuit_operator to 2023-12-23T01:45:05.910349+00:00, run_after=2023-12-24T01:45:05.910349+00:00
[2023-12-24T01:45:05.920+0000] {processor.py:179} INFO - Processing /home/airflow/.local/lib/python3.8/site-packages/airflow/example_dags/example_short_circuit_operator.py took 0.143 seconds
[2023-12-24T01:45:36.302+0000] {processor.py:157} INFO - Started process (PID=504) to work on /home/airflow/.local/lib/python3.8/site-packages/airflow/example_dags/example_short_circuit_operator.py
[2023-12-24T01:45:36.303+0000] {processor.py:829} INFO - Processing file /home/airflow/.local/lib/python3.8/site-packages/airflow/example_dags/example_short_circuit_operator.py for tasks to queue
[2023-12-24T01:45:36.305+0000] {logging_mixin.py:154} INFO - [2023-12-24T01:45:36.305+0000] {dagbag.py:536} INFO - Filling up the DagBag from /home/airflow/.local/lib/python3.8/site-packages/airflow/example_dags/example_short_circuit_operator.py
[2023-12-24T01:45:36.310+0000] {processor.py:839} INFO - DAG(s) dict_keys(['example_short_circuit_operator']) retrieved from /home/airflow/.local/lib/python3.8/site-packages/airflow/example_dags/example_short_circuit_operator.py
[2023-12-24T01:45:36.326+0000] {logging_mixin.py:154} INFO - [2023-12-24T01:45:36.326+0000] {dag.py:2941} INFO - Sync 1 DAGs
[2023-12-24T01:45:36.338+0000] {logging_mixin.py:154} INFO - [2023-12-24T01:45:36.338+0000] {dag.py:3722} INFO - Setting next_dagrun for example_short_circuit_operator to 2023-12-23T01:45:36.338562+00:00, run_after=2023-12-24T01:45:36.338562+00:00
[2023-12-24T01:45:36.461+0000] {processor.py:179} INFO - Processing /home/airflow/.local/lib/python3.8/site-packages/airflow/example_dags/example_short_circuit_operator.py took 0.161 seconds
[2023-12-24T01:46:06.589+0000] {processor.py:157} INFO - Started process (PID=559) to work on /home/airflow/.local/lib/python3.8/site-packages/airflow/example_dags/example_short_circuit_operator.py
[2023-12-24T01:46:06.590+0000] {processor.py:829} INFO - Processing file /home/airflow/.local/lib/python3.8/site-packages/airflow/example_dags/example_short_circuit_operator.py for tasks to queue
[2023-12-24T01:46:06.592+0000] {logging_mixin.py:154} INFO - [2023-12-24T01:46:06.591+0000] {dagbag.py:536} INFO - Filling up the DagBag from /home/airflow/.local/lib/python3.8/site-packages/airflow/example_dags/example_short_circuit_operator.py
[2023-12-24T01:46:06.597+0000] {processor.py:839} INFO - DAG(s) dict_keys(['example_short_circuit_operator']) retrieved from /home/airflow/.local/lib/python3.8/site-packages/airflow/example_dags/example_short_circuit_operator.py
[2023-12-24T01:46:06.611+0000] {logging_mixin.py:154} INFO - [2023-12-24T01:46:06.611+0000] {dag.py:2941} INFO - Sync 1 DAGs
[2023-12-24T01:46:06.623+0000] {logging_mixin.py:154} INFO - [2023-12-24T01:46:06.623+0000] {dag.py:3722} INFO - Setting next_dagrun for example_short_circuit_operator to 2023-12-23T01:46:06.622936+00:00, run_after=2023-12-24T01:46:06.622936+00:00
[2023-12-24T01:46:06.634+0000] {processor.py:179} INFO - Processing /home/airflow/.local/lib/python3.8/site-packages/airflow/example_dags/example_short_circuit_operator.py took 0.048 seconds
[2023-12-24T01:46:37.814+0000] {processor.py:157} INFO - Started process (PID=614) to work on /home/airflow/.local/lib/python3.8/site-packages/airflow/example_dags/example_short_circuit_operator.py
[2023-12-24T01:46:37.815+0000] {processor.py:829} INFO - Processing file /home/airflow/.local/lib/python3.8/site-packages/airflow/example_dags/example_short_circuit_operator.py for tasks to queue
[2023-12-24T01:46:37.818+0000] {logging_mixin.py:154} INFO - [2023-12-24T01:46:37.818+0000] {dagbag.py:536} INFO - Filling up the DagBag from /home/airflow/.local/lib/python3.8/site-packages/airflow/example_dags/example_short_circuit_operator.py
[2023-12-24T01:46:37.824+0000] {processor.py:839} INFO - DAG(s) dict_keys(['example_short_circuit_operator']) retrieved from /home/airflow/.local/lib/python3.8/site-packages/airflow/example_dags/example_short_circuit_operator.py
[2023-12-24T01:46:37.840+0000] {logging_mixin.py:154} INFO - [2023-12-24T01:46:37.840+0000] {dag.py:2941} INFO - Sync 1 DAGs
[2023-12-24T01:46:37.854+0000] {logging_mixin.py:154} INFO - [2023-12-24T01:46:37.854+0000] {dag.py:3722} INFO - Setting next_dagrun for example_short_circuit_operator to 2023-12-23T01:46:37.854475+00:00, run_after=2023-12-24T01:46:37.854475+00:00
[2023-12-24T01:46:37.868+0000] {processor.py:179} INFO - Processing /home/airflow/.local/lib/python3.8/site-packages/airflow/example_dags/example_short_circuit_operator.py took 0.057 seconds
[2023-12-24T01:50:42.220+0000] {processor.py:157} INFO - Started process (PID=1047) to work on /home/airflow/.local/lib/python3.8/site-packages/airflow/example_dags/example_short_circuit_operator.py
[2023-12-24T01:50:42.221+0000] {processor.py:829} INFO - Processing file /home/airflow/.local/lib/python3.8/site-packages/airflow/example_dags/example_short_circuit_operator.py for tasks to queue
[2023-12-24T01:50:42.222+0000] {logging_mixin.py:154} INFO - [2023-12-24T01:50:42.222+0000] {dagbag.py:536} INFO - Filling up the DagBag from /home/airflow/.local/lib/python3.8/site-packages/airflow/example_dags/example_short_circuit_operator.py
[2023-12-24T01:50:42.228+0000] {processor.py:839} INFO - DAG(s) dict_keys(['example_short_circuit_operator']) retrieved from /home/airflow/.local/lib/python3.8/site-packages/airflow/example_dags/example_short_circuit_operator.py
[2023-12-24T01:50:42.289+0000] {logging_mixin.py:154} INFO - [2023-12-24T01:50:42.289+0000] {dag.py:2941} INFO - Sync 1 DAGs
[2023-12-24T01:50:42.302+0000] {logging_mixin.py:154} INFO - [2023-12-24T01:50:42.302+0000] {dag.py:3722} INFO - Setting next_dagrun for example_short_circuit_operator to 2023-12-23T01:50:42.301956+00:00, run_after=2023-12-24T01:50:42.301956+00:00
[2023-12-24T01:50:42.316+0000] {processor.py:179} INFO - Processing /home/airflow/.local/lib/python3.8/site-packages/airflow/example_dags/example_short_circuit_operator.py took 0.098 seconds
[2023-12-24T01:51:13.057+0000] {processor.py:157} INFO - Started process (PID=1102) to work on /home/airflow/.local/lib/python3.8/site-packages/airflow/example_dags/example_short_circuit_operator.py
[2023-12-24T01:51:13.058+0000] {processor.py:829} INFO - Processing file /home/airflow/.local/lib/python3.8/site-packages/airflow/example_dags/example_short_circuit_operator.py for tasks to queue
[2023-12-24T01:51:13.059+0000] {logging_mixin.py:154} INFO - [2023-12-24T01:51:13.059+0000] {dagbag.py:536} INFO - Filling up the DagBag from /home/airflow/.local/lib/python3.8/site-packages/airflow/example_dags/example_short_circuit_operator.py
[2023-12-24T01:51:13.064+0000] {processor.py:839} INFO - DAG(s) dict_keys(['example_short_circuit_operator']) retrieved from /home/airflow/.local/lib/python3.8/site-packages/airflow/example_dags/example_short_circuit_operator.py
[2023-12-24T01:51:13.077+0000] {logging_mixin.py:154} INFO - [2023-12-24T01:51:13.077+0000] {dag.py:2941} INFO - Sync 1 DAGs
[2023-12-24T01:51:13.089+0000] {logging_mixin.py:154} INFO - [2023-12-24T01:51:13.089+0000] {dag.py:3722} INFO - Setting next_dagrun for example_short_circuit_operator to 2023-12-23T01:51:13.089153+00:00, run_after=2023-12-24T01:51:13.089153+00:00
[2023-12-24T01:51:13.099+0000] {processor.py:179} INFO - Processing /home/airflow/.local/lib/python3.8/site-packages/airflow/example_dags/example_short_circuit_operator.py took 0.045 seconds
[2023-12-24T01:51:43.277+0000] {processor.py:157} INFO - Started process (PID=1158) to work on /home/airflow/.local/lib/python3.8/site-packages/airflow/example_dags/example_short_circuit_operator.py
[2023-12-24T01:51:43.278+0000] {processor.py:829} INFO - Processing file /home/airflow/.local/lib/python3.8/site-packages/airflow/example_dags/example_short_circuit_operator.py for tasks to queue
[2023-12-24T01:51:43.280+0000] {logging_mixin.py:154} INFO - [2023-12-24T01:51:43.280+0000] {dagbag.py:536} INFO - Filling up the DagBag from /home/airflow/.local/lib/python3.8/site-packages/airflow/example_dags/example_short_circuit_operator.py
[2023-12-24T01:51:43.285+0000] {processor.py:839} INFO - DAG(s) dict_keys(['example_short_circuit_operator']) retrieved from /home/airflow/.local/lib/python3.8/site-packages/airflow/example_dags/example_short_circuit_operator.py
[2023-12-24T01:51:43.298+0000] {logging_mixin.py:154} INFO - [2023-12-24T01:51:43.298+0000] {dag.py:2941} INFO - Sync 1 DAGs
[2023-12-24T01:51:43.311+0000] {logging_mixin.py:154} INFO - [2023-12-24T01:51:43.310+0000] {dag.py:3722} INFO - Setting next_dagrun for example_short_circuit_operator to 2023-12-23T01:51:43.310856+00:00, run_after=2023-12-24T01:51:43.310856+00:00
[2023-12-24T01:51:43.320+0000] {processor.py:179} INFO - Processing /home/airflow/.local/lib/python3.8/site-packages/airflow/example_dags/example_short_circuit_operator.py took 0.046 seconds
[2023-12-24T01:52:13.425+0000] {processor.py:157} INFO - Started process (PID=1213) to work on /home/airflow/.local/lib/python3.8/site-packages/airflow/example_dags/example_short_circuit_operator.py
[2023-12-24T01:52:13.426+0000] {processor.py:829} INFO - Processing file /home/airflow/.local/lib/python3.8/site-packages/airflow/example_dags/example_short_circuit_operator.py for tasks to queue
[2023-12-24T01:52:13.427+0000] {logging_mixin.py:154} INFO - [2023-12-24T01:52:13.427+0000] {dagbag.py:536} INFO - Filling up the DagBag from /home/airflow/.local/lib/python3.8/site-packages/airflow/example_dags/example_short_circuit_operator.py
[2023-12-24T01:52:13.433+0000] {processor.py:839} INFO - DAG(s) dict_keys(['example_short_circuit_operator']) retrieved from /home/airflow/.local/lib/python3.8/site-packages/airflow/example_dags/example_short_circuit_operator.py
[2023-12-24T01:52:13.447+0000] {logging_mixin.py:154} INFO - [2023-12-24T01:52:13.447+0000] {dag.py:2941} INFO - Sync 1 DAGs
[2023-12-24T01:52:13.459+0000] {logging_mixin.py:154} INFO - [2023-12-24T01:52:13.459+0000] {dag.py:3722} INFO - Setting next_dagrun for example_short_circuit_operator to 2023-12-23T01:52:13.459110+00:00, run_after=2023-12-24T01:52:13.459110+00:00
[2023-12-24T01:52:13.470+0000] {processor.py:179} INFO - Processing /home/airflow/.local/lib/python3.8/site-packages/airflow/example_dags/example_short_circuit_operator.py took 0.047 seconds
[2023-12-24T01:52:43.732+0000] {processor.py:157} INFO - Started process (PID=1268) to work on /home/airflow/.local/lib/python3.8/site-packages/airflow/example_dags/example_short_circuit_operator.py
[2023-12-24T01:52:43.733+0000] {processor.py:829} INFO - Processing file /home/airflow/.local/lib/python3.8/site-packages/airflow/example_dags/example_short_circuit_operator.py for tasks to queue
[2023-12-24T01:52:43.734+0000] {logging_mixin.py:154} INFO - [2023-12-24T01:52:43.734+0000] {dagbag.py:536} INFO - Filling up the DagBag from /home/airflow/.local/lib/python3.8/site-packages/airflow/example_dags/example_short_circuit_operator.py
[2023-12-24T01:52:43.739+0000] {processor.py:839} INFO - DAG(s) dict_keys(['example_short_circuit_operator']) retrieved from /home/airflow/.local/lib/python3.8/site-packages/airflow/example_dags/example_short_circuit_operator.py
[2023-12-24T01:52:43.754+0000] {logging_mixin.py:154} INFO - [2023-12-24T01:52:43.753+0000] {dag.py:2941} INFO - Sync 1 DAGs
[2023-12-24T01:52:43.766+0000] {logging_mixin.py:154} INFO - [2023-12-24T01:52:43.766+0000] {dag.py:3722} INFO - Setting next_dagrun for example_short_circuit_operator to 2023-12-23T01:52:43.766106+00:00, run_after=2023-12-24T01:52:43.766106+00:00
[2023-12-24T01:52:43.776+0000] {processor.py:179} INFO - Processing /home/airflow/.local/lib/python3.8/site-packages/airflow/example_dags/example_short_circuit_operator.py took 0.047 seconds
