[2023-12-24T00:16:10.781+0000] {processor.py:157} INFO - Started process (PID=6196) to work on /home/airflow/.local/lib/python3.8/site-packages/airflow/example_dags/example_dag_decorator.py
[2023-12-24T00:16:10.782+0000] {processor.py:829} INFO - Processing file /home/airflow/.local/lib/python3.8/site-packages/airflow/example_dags/example_dag_decorator.py for tasks to queue
[2023-12-24T00:16:10.784+0000] {logging_mixin.py:154} INFO - [2023-12-24T00:16:10.783+0000] {dagbag.py:536} INFO - Filling up the DagBag from /home/airflow/.local/lib/python3.8/site-packages/airflow/example_dags/example_dag_decorator.py
[2023-12-24T00:16:10.821+0000] {processor.py:839} INFO - DAG(s) dict_keys(['example_dag_decorator']) retrieved from /home/airflow/.local/lib/python3.8/site-packages/airflow/example_dags/example_dag_decorator.py
[2023-12-24T00:16:10.835+0000] {logging_mixin.py:154} INFO - [2023-12-24T00:16:10.835+0000] {dag.py:2941} INFO - Sync 1 DAGs
[2023-12-24T00:16:10.842+0000] {logging_mixin.py:154} INFO - [2023-12-24T00:16:10.842+0000] {dag.py:3722} INFO - Setting next_dagrun for example_dag_decorator to None, run_after=None
[2023-12-24T00:16:10.853+0000] {processor.py:179} INFO - Processing /home/airflow/.local/lib/python3.8/site-packages/airflow/example_dags/example_dag_decorator.py took 0.074 seconds
[2023-12-24T00:16:41.378+0000] {processor.py:157} INFO - Started process (PID=6252) to work on /home/airflow/.local/lib/python3.8/site-packages/airflow/example_dags/example_dag_decorator.py
[2023-12-24T00:16:41.379+0000] {processor.py:829} INFO - Processing file /home/airflow/.local/lib/python3.8/site-packages/airflow/example_dags/example_dag_decorator.py for tasks to queue
[2023-12-24T00:16:41.382+0000] {logging_mixin.py:154} INFO - [2023-12-24T00:16:41.382+0000] {dagbag.py:536} INFO - Filling up the DagBag from /home/airflow/.local/lib/python3.8/site-packages/airflow/example_dags/example_dag_decorator.py
[2023-12-24T00:16:41.425+0000] {processor.py:839} INFO - DAG(s) dict_keys(['example_dag_decorator']) retrieved from /home/airflow/.local/lib/python3.8/site-packages/airflow/example_dags/example_dag_decorator.py
[2023-12-24T00:16:41.478+0000] {logging_mixin.py:154} INFO - [2023-12-24T00:16:41.478+0000] {dag.py:2941} INFO - Sync 1 DAGs
[2023-12-24T00:16:41.484+0000] {logging_mixin.py:154} INFO - [2023-12-24T00:16:41.484+0000] {dag.py:3722} INFO - Setting next_dagrun for example_dag_decorator to None, run_after=None
[2023-12-24T00:16:41.494+0000] {processor.py:179} INFO - Processing /home/airflow/.local/lib/python3.8/site-packages/airflow/example_dags/example_dag_decorator.py took 0.119 seconds
[2023-12-24T00:33:49.931+0000] {processor.py:157} INFO - Started process (PID=6308) to work on /home/airflow/.local/lib/python3.8/site-packages/airflow/example_dags/example_dag_decorator.py
[2023-12-24T00:33:49.933+0000] {processor.py:829} INFO - Processing file /home/airflow/.local/lib/python3.8/site-packages/airflow/example_dags/example_dag_decorator.py for tasks to queue
[2023-12-24T00:33:49.935+0000] {logging_mixin.py:154} INFO - [2023-12-24T00:33:49.935+0000] {dagbag.py:536} INFO - Filling up the DagBag from /home/airflow/.local/lib/python3.8/site-packages/airflow/example_dags/example_dag_decorator.py
[2023-12-24T00:33:49.976+0000] {processor.py:839} INFO - DAG(s) dict_keys(['example_dag_decorator']) retrieved from /home/airflow/.local/lib/python3.8/site-packages/airflow/example_dags/example_dag_decorator.py
[2023-12-24T00:33:50.041+0000] {logging_mixin.py:154} INFO - [2023-12-24T00:33:50.041+0000] {dag.py:2941} INFO - Sync 1 DAGs
[2023-12-24T00:33:50.048+0000] {logging_mixin.py:154} INFO - [2023-12-24T00:33:50.048+0000] {dag.py:3722} INFO - Setting next_dagrun for example_dag_decorator to None, run_after=None
[2023-12-24T00:33:50.060+0000] {processor.py:179} INFO - Processing /home/airflow/.local/lib/python3.8/site-packages/airflow/example_dags/example_dag_decorator.py took 0.132 seconds
[2023-12-24T00:34:20.496+0000] {processor.py:157} INFO - Started process (PID=6364) to work on /home/airflow/.local/lib/python3.8/site-packages/airflow/example_dags/example_dag_decorator.py
[2023-12-24T00:34:20.498+0000] {processor.py:829} INFO - Processing file /home/airflow/.local/lib/python3.8/site-packages/airflow/example_dags/example_dag_decorator.py for tasks to queue
[2023-12-24T00:34:20.501+0000] {logging_mixin.py:154} INFO - [2023-12-24T00:34:20.501+0000] {dagbag.py:536} INFO - Filling up the DagBag from /home/airflow/.local/lib/python3.8/site-packages/airflow/example_dags/example_dag_decorator.py
[2023-12-24T00:34:20.550+0000] {processor.py:839} INFO - DAG(s) dict_keys(['example_dag_decorator']) retrieved from /home/airflow/.local/lib/python3.8/site-packages/airflow/example_dags/example_dag_decorator.py
[2023-12-24T00:34:20.603+0000] {logging_mixin.py:154} INFO - [2023-12-24T00:34:20.603+0000] {dag.py:2941} INFO - Sync 1 DAGs
[2023-12-24T00:34:20.610+0000] {logging_mixin.py:154} INFO - [2023-12-24T00:34:20.610+0000] {dag.py:3722} INFO - Setting next_dagrun for example_dag_decorator to None, run_after=None
[2023-12-24T00:34:20.620+0000] {processor.py:179} INFO - Processing /home/airflow/.local/lib/python3.8/site-packages/airflow/example_dags/example_dag_decorator.py took 0.127 seconds
[2023-12-24T00:51:35.364+0000] {processor.py:157} INFO - Started process (PID=6419) to work on /home/airflow/.local/lib/python3.8/site-packages/airflow/example_dags/example_dag_decorator.py
[2023-12-24T00:51:35.365+0000] {processor.py:829} INFO - Processing file /home/airflow/.local/lib/python3.8/site-packages/airflow/example_dags/example_dag_decorator.py for tasks to queue
[2023-12-24T00:51:35.368+0000] {logging_mixin.py:154} INFO - [2023-12-24T00:51:35.367+0000] {dagbag.py:536} INFO - Filling up the DagBag from /home/airflow/.local/lib/python3.8/site-packages/airflow/example_dags/example_dag_decorator.py
[2023-12-24T00:51:35.406+0000] {processor.py:839} INFO - DAG(s) dict_keys(['example_dag_decorator']) retrieved from /home/airflow/.local/lib/python3.8/site-packages/airflow/example_dags/example_dag_decorator.py
[2023-12-24T00:51:35.459+0000] {logging_mixin.py:154} INFO - [2023-12-24T00:51:35.459+0000] {dag.py:2941} INFO - Sync 1 DAGs
[2023-12-24T00:51:35.466+0000] {logging_mixin.py:154} INFO - [2023-12-24T00:51:35.465+0000] {dag.py:3722} INFO - Setting next_dagrun for example_dag_decorator to None, run_after=None
[2023-12-24T00:51:35.475+0000] {processor.py:179} INFO - Processing /home/airflow/.local/lib/python3.8/site-packages/airflow/example_dags/example_dag_decorator.py took 0.113 seconds
[2023-12-24T00:52:05.930+0000] {processor.py:157} INFO - Started process (PID=6474) to work on /home/airflow/.local/lib/python3.8/site-packages/airflow/example_dags/example_dag_decorator.py
[2023-12-24T00:52:05.932+0000] {processor.py:829} INFO - Processing file /home/airflow/.local/lib/python3.8/site-packages/airflow/example_dags/example_dag_decorator.py for tasks to queue
[2023-12-24T00:52:05.935+0000] {logging_mixin.py:154} INFO - [2023-12-24T00:52:05.934+0000] {dagbag.py:536} INFO - Filling up the DagBag from /home/airflow/.local/lib/python3.8/site-packages/airflow/example_dags/example_dag_decorator.py
[2023-12-24T00:52:05.978+0000] {processor.py:839} INFO - DAG(s) dict_keys(['example_dag_decorator']) retrieved from /home/airflow/.local/lib/python3.8/site-packages/airflow/example_dags/example_dag_decorator.py
[2023-12-24T00:52:06.031+0000] {logging_mixin.py:154} INFO - [2023-12-24T00:52:06.030+0000] {dag.py:2941} INFO - Sync 1 DAGs
[2023-12-24T00:52:06.036+0000] {logging_mixin.py:154} INFO - [2023-12-24T00:52:06.036+0000] {dag.py:3722} INFO - Setting next_dagrun for example_dag_decorator to None, run_after=None
[2023-12-24T00:52:06.046+0000] {processor.py:179} INFO - Processing /home/airflow/.local/lib/python3.8/site-packages/airflow/example_dags/example_dag_decorator.py took 0.120 seconds
[2023-12-24T01:08:52.053+0000] {processor.py:157} INFO - Started process (PID=6529) to work on /home/airflow/.local/lib/python3.8/site-packages/airflow/example_dags/example_dag_decorator.py
[2023-12-24T01:08:52.054+0000] {processor.py:829} INFO - Processing file /home/airflow/.local/lib/python3.8/site-packages/airflow/example_dags/example_dag_decorator.py for tasks to queue
[2023-12-24T01:08:52.058+0000] {logging_mixin.py:154} INFO - [2023-12-24T01:08:52.058+0000] {dagbag.py:536} INFO - Filling up the DagBag from /home/airflow/.local/lib/python3.8/site-packages/airflow/example_dags/example_dag_decorator.py
[2023-12-24T01:08:52.101+0000] {processor.py:839} INFO - DAG(s) dict_keys(['example_dag_decorator']) retrieved from /home/airflow/.local/lib/python3.8/site-packages/airflow/example_dags/example_dag_decorator.py
[2023-12-24T01:08:52.163+0000] {logging_mixin.py:154} INFO - [2023-12-24T01:08:52.163+0000] {dag.py:2941} INFO - Sync 1 DAGs
[2023-12-24T01:08:52.171+0000] {logging_mixin.py:154} INFO - [2023-12-24T01:08:52.171+0000] {dag.py:3722} INFO - Setting next_dagrun for example_dag_decorator to None, run_after=None
[2023-12-24T01:08:52.187+0000] {processor.py:179} INFO - Processing /home/airflow/.local/lib/python3.8/site-packages/airflow/example_dags/example_dag_decorator.py took 0.136 seconds
[2023-12-24T01:26:16.313+0000] {processor.py:157} INFO - Started process (PID=6585) to work on /home/airflow/.local/lib/python3.8/site-packages/airflow/example_dags/example_dag_decorator.py
[2023-12-24T01:26:16.315+0000] {processor.py:829} INFO - Processing file /home/airflow/.local/lib/python3.8/site-packages/airflow/example_dags/example_dag_decorator.py for tasks to queue
[2023-12-24T01:26:16.318+0000] {logging_mixin.py:154} INFO - [2023-12-24T01:26:16.317+0000] {dagbag.py:536} INFO - Filling up the DagBag from /home/airflow/.local/lib/python3.8/site-packages/airflow/example_dags/example_dag_decorator.py
[2023-12-24T01:26:16.373+0000] {processor.py:839} INFO - DAG(s) dict_keys(['example_dag_decorator']) retrieved from /home/airflow/.local/lib/python3.8/site-packages/airflow/example_dags/example_dag_decorator.py
[2023-12-24T01:26:16.447+0000] {logging_mixin.py:154} INFO - [2023-12-24T01:26:16.446+0000] {dag.py:2941} INFO - Sync 1 DAGs
[2023-12-24T01:26:16.455+0000] {logging_mixin.py:154} INFO - [2023-12-24T01:26:16.455+0000] {dag.py:3722} INFO - Setting next_dagrun for example_dag_decorator to None, run_after=None
[2023-12-24T01:26:16.468+0000] {processor.py:179} INFO - Processing /home/airflow/.local/lib/python3.8/site-packages/airflow/example_dags/example_dag_decorator.py took 0.159 seconds
[2023-12-24T01:26:46.789+0000] {processor.py:157} INFO - Started process (PID=6641) to work on /home/airflow/.local/lib/python3.8/site-packages/airflow/example_dags/example_dag_decorator.py
[2023-12-24T01:26:46.791+0000] {processor.py:829} INFO - Processing file /home/airflow/.local/lib/python3.8/site-packages/airflow/example_dags/example_dag_decorator.py for tasks to queue
[2023-12-24T01:26:46.795+0000] {logging_mixin.py:154} INFO - [2023-12-24T01:26:46.794+0000] {dagbag.py:536} INFO - Filling up the DagBag from /home/airflow/.local/lib/python3.8/site-packages/airflow/example_dags/example_dag_decorator.py
[2023-12-24T01:26:46.838+0000] {processor.py:839} INFO - DAG(s) dict_keys(['example_dag_decorator']) retrieved from /home/airflow/.local/lib/python3.8/site-packages/airflow/example_dags/example_dag_decorator.py
[2023-12-24T01:26:46.892+0000] {logging_mixin.py:154} INFO - [2023-12-24T01:26:46.892+0000] {dag.py:2941} INFO - Sync 1 DAGs
[2023-12-24T01:26:46.898+0000] {logging_mixin.py:154} INFO - [2023-12-24T01:26:46.898+0000] {dag.py:3722} INFO - Setting next_dagrun for example_dag_decorator to None, run_after=None
[2023-12-24T01:26:46.907+0000] {processor.py:179} INFO - Processing /home/airflow/.local/lib/python3.8/site-packages/airflow/example_dags/example_dag_decorator.py took 0.122 seconds
[2023-12-24T01:39:25.994+0000] {processor.py:157} INFO - Started process (PID=6698) to work on /home/airflow/.local/lib/python3.8/site-packages/airflow/example_dags/example_dag_decorator.py
[2023-12-24T01:39:25.995+0000] {processor.py:829} INFO - Processing file /home/airflow/.local/lib/python3.8/site-packages/airflow/example_dags/example_dag_decorator.py for tasks to queue
[2023-12-24T01:39:25.998+0000] {logging_mixin.py:154} INFO - [2023-12-24T01:39:25.997+0000] {dagbag.py:536} INFO - Filling up the DagBag from /home/airflow/.local/lib/python3.8/site-packages/airflow/example_dags/example_dag_decorator.py
[2023-12-24T01:39:26.039+0000] {processor.py:839} INFO - DAG(s) dict_keys(['example_dag_decorator']) retrieved from /home/airflow/.local/lib/python3.8/site-packages/airflow/example_dags/example_dag_decorator.py
[2023-12-24T01:39:26.106+0000] {logging_mixin.py:154} INFO - [2023-12-24T01:39:26.106+0000] {dag.py:2941} INFO - Sync 1 DAGs
[2023-12-24T01:39:26.115+0000] {logging_mixin.py:154} INFO - [2023-12-24T01:39:26.115+0000] {dag.py:3722} INFO - Setting next_dagrun for example_dag_decorator to None, run_after=None
[2023-12-24T01:39:26.129+0000] {processor.py:179} INFO - Processing /home/airflow/.local/lib/python3.8/site-packages/airflow/example_dags/example_dag_decorator.py took 0.138 seconds
[2023-12-24T01:39:56.581+0000] {processor.py:157} INFO - Started process (PID=6753) to work on /home/airflow/.local/lib/python3.8/site-packages/airflow/example_dags/example_dag_decorator.py
[2023-12-24T01:39:56.582+0000] {processor.py:829} INFO - Processing file /home/airflow/.local/lib/python3.8/site-packages/airflow/example_dags/example_dag_decorator.py for tasks to queue
[2023-12-24T01:39:56.586+0000] {logging_mixin.py:154} INFO - [2023-12-24T01:39:56.585+0000] {dagbag.py:536} INFO - Filling up the DagBag from /home/airflow/.local/lib/python3.8/site-packages/airflow/example_dags/example_dag_decorator.py
[2023-12-24T01:39:56.628+0000] {processor.py:839} INFO - DAG(s) dict_keys(['example_dag_decorator']) retrieved from /home/airflow/.local/lib/python3.8/site-packages/airflow/example_dags/example_dag_decorator.py
[2023-12-24T01:39:56.687+0000] {logging_mixin.py:154} INFO - [2023-12-24T01:39:56.686+0000] {dag.py:2941} INFO - Sync 1 DAGs
[2023-12-24T01:39:56.693+0000] {logging_mixin.py:154} INFO - [2023-12-24T01:39:56.693+0000] {dag.py:3722} INFO - Setting next_dagrun for example_dag_decorator to None, run_after=None
[2023-12-24T01:39:56.704+0000] {processor.py:179} INFO - Processing /home/airflow/.local/lib/python3.8/site-packages/airflow/example_dags/example_dag_decorator.py took 0.126 seconds
[2023-12-24T01:40:26.931+0000] {processor.py:157} INFO - Started process (PID=6808) to work on /home/airflow/.local/lib/python3.8/site-packages/airflow/example_dags/example_dag_decorator.py
[2023-12-24T01:40:26.932+0000] {processor.py:829} INFO - Processing file /home/airflow/.local/lib/python3.8/site-packages/airflow/example_dags/example_dag_decorator.py for tasks to queue
[2023-12-24T01:40:26.935+0000] {logging_mixin.py:154} INFO - [2023-12-24T01:40:26.935+0000] {dagbag.py:536} INFO - Filling up the DagBag from /home/airflow/.local/lib/python3.8/site-packages/airflow/example_dags/example_dag_decorator.py
[2023-12-24T01:40:26.984+0000] {processor.py:839} INFO - DAG(s) dict_keys(['example_dag_decorator']) retrieved from /home/airflow/.local/lib/python3.8/site-packages/airflow/example_dags/example_dag_decorator.py
[2023-12-24T01:40:27.038+0000] {logging_mixin.py:154} INFO - [2023-12-24T01:40:27.038+0000] {dag.py:2941} INFO - Sync 1 DAGs
[2023-12-24T01:40:27.044+0000] {logging_mixin.py:154} INFO - [2023-12-24T01:40:27.044+0000] {dag.py:3722} INFO - Setting next_dagrun for example_dag_decorator to None, run_after=None
[2023-12-24T01:40:27.054+0000] {processor.py:179} INFO - Processing /home/airflow/.local/lib/python3.8/site-packages/airflow/example_dags/example_dag_decorator.py took 0.128 seconds
[2023-12-24T01:41:29.244+0000] {processor.py:157} INFO - Started process (PID=35) to work on /home/airflow/.local/lib/python3.8/site-packages/airflow/example_dags/example_dag_decorator.py
[2023-12-24T01:41:29.246+0000] {processor.py:829} INFO - Processing file /home/airflow/.local/lib/python3.8/site-packages/airflow/example_dags/example_dag_decorator.py for tasks to queue
[2023-12-24T01:41:29.250+0000] {logging_mixin.py:154} INFO - [2023-12-24T01:41:29.250+0000] {dagbag.py:536} INFO - Filling up the DagBag from /home/airflow/.local/lib/python3.8/site-packages/airflow/example_dags/example_dag_decorator.py
[2023-12-24T01:41:29.350+0000] {processor.py:839} INFO - DAG(s) dict_keys(['example_dag_decorator']) retrieved from /home/airflow/.local/lib/python3.8/site-packages/airflow/example_dags/example_dag_decorator.py
[2023-12-24T01:41:29.369+0000] {logging_mixin.py:154} INFO - [2023-12-24T01:41:29.369+0000] {dag.py:2941} INFO - Sync 1 DAGs
[2023-12-24T01:41:29.379+0000] {logging_mixin.py:154} INFO - [2023-12-24T01:41:29.379+0000] {dag.py:3722} INFO - Setting next_dagrun for example_dag_decorator to None, run_after=None
[2023-12-24T01:41:29.395+0000] {processor.py:179} INFO - Processing /home/airflow/.local/lib/python3.8/site-packages/airflow/example_dags/example_dag_decorator.py took 0.154 seconds
[2023-12-24T01:41:59.967+0000] {processor.py:157} INFO - Started process (PID=91) to work on /home/airflow/.local/lib/python3.8/site-packages/airflow/example_dags/example_dag_decorator.py
[2023-12-24T01:41:59.969+0000] {processor.py:829} INFO - Processing file /home/airflow/.local/lib/python3.8/site-packages/airflow/example_dags/example_dag_decorator.py for tasks to queue
[2023-12-24T01:41:59.972+0000] {logging_mixin.py:154} INFO - [2023-12-24T01:41:59.972+0000] {dagbag.py:536} INFO - Filling up the DagBag from /home/airflow/.local/lib/python3.8/site-packages/airflow/example_dags/example_dag_decorator.py
[2023-12-24T01:42:00.014+0000] {processor.py:839} INFO - DAG(s) dict_keys(['example_dag_decorator']) retrieved from /home/airflow/.local/lib/python3.8/site-packages/airflow/example_dags/example_dag_decorator.py
[2023-12-24T01:42:00.171+0000] {logging_mixin.py:154} INFO - [2023-12-24T01:42:00.171+0000] {dag.py:2941} INFO - Sync 1 DAGs
[2023-12-24T01:42:00.177+0000] {logging_mixin.py:154} INFO - [2023-12-24T01:42:00.176+0000] {dag.py:3722} INFO - Setting next_dagrun for example_dag_decorator to None, run_after=None
[2023-12-24T01:42:00.186+0000] {processor.py:179} INFO - Processing /home/airflow/.local/lib/python3.8/site-packages/airflow/example_dags/example_dag_decorator.py took 0.223 seconds
[2023-12-24T01:42:30.311+0000] {processor.py:157} INFO - Started process (PID=146) to work on /home/airflow/.local/lib/python3.8/site-packages/airflow/example_dags/example_dag_decorator.py
[2023-12-24T01:42:30.312+0000] {processor.py:829} INFO - Processing file /home/airflow/.local/lib/python3.8/site-packages/airflow/example_dags/example_dag_decorator.py for tasks to queue
[2023-12-24T01:42:30.314+0000] {logging_mixin.py:154} INFO - [2023-12-24T01:42:30.314+0000] {dagbag.py:536} INFO - Filling up the DagBag from /home/airflow/.local/lib/python3.8/site-packages/airflow/example_dags/example_dag_decorator.py
[2023-12-24T01:42:30.353+0000] {processor.py:839} INFO - DAG(s) dict_keys(['example_dag_decorator']) retrieved from /home/airflow/.local/lib/python3.8/site-packages/airflow/example_dags/example_dag_decorator.py
[2023-12-24T01:42:30.516+0000] {logging_mixin.py:154} INFO - [2023-12-24T01:42:30.516+0000] {dag.py:2941} INFO - Sync 1 DAGs
[2023-12-24T01:42:30.522+0000] {logging_mixin.py:154} INFO - [2023-12-24T01:42:30.521+0000] {dag.py:3722} INFO - Setting next_dagrun for example_dag_decorator to None, run_after=None
[2023-12-24T01:42:30.534+0000] {processor.py:179} INFO - Processing /home/airflow/.local/lib/python3.8/site-packages/airflow/example_dags/example_dag_decorator.py took 0.226 seconds
[2023-12-24T01:43:00.591+0000] {processor.py:157} INFO - Started process (PID=202) to work on /home/airflow/.local/lib/python3.8/site-packages/airflow/example_dags/example_dag_decorator.py
[2023-12-24T01:43:00.592+0000] {processor.py:829} INFO - Processing file /home/airflow/.local/lib/python3.8/site-packages/airflow/example_dags/example_dag_decorator.py for tasks to queue
[2023-12-24T01:43:00.594+0000] {logging_mixin.py:154} INFO - [2023-12-24T01:43:00.594+0000] {dagbag.py:536} INFO - Filling up the DagBag from /home/airflow/.local/lib/python3.8/site-packages/airflow/example_dags/example_dag_decorator.py
[2023-12-24T01:43:00.750+0000] {processor.py:839} INFO - DAG(s) dict_keys(['example_dag_decorator']) retrieved from /home/airflow/.local/lib/python3.8/site-packages/airflow/example_dags/example_dag_decorator.py
[2023-12-24T01:43:00.807+0000] {logging_mixin.py:154} INFO - [2023-12-24T01:43:00.807+0000] {dag.py:2941} INFO - Sync 1 DAGs
[2023-12-24T01:43:00.814+0000] {logging_mixin.py:154} INFO - [2023-12-24T01:43:00.814+0000] {dag.py:3722} INFO - Setting next_dagrun for example_dag_decorator to None, run_after=None
[2023-12-24T01:43:00.828+0000] {processor.py:179} INFO - Processing /home/airflow/.local/lib/python3.8/site-packages/airflow/example_dags/example_dag_decorator.py took 0.240 seconds
[2023-12-24T01:43:31.235+0000] {processor.py:157} INFO - Started process (PID=257) to work on /home/airflow/.local/lib/python3.8/site-packages/airflow/example_dags/example_dag_decorator.py
[2023-12-24T01:43:31.236+0000] {processor.py:829} INFO - Processing file /home/airflow/.local/lib/python3.8/site-packages/airflow/example_dags/example_dag_decorator.py for tasks to queue
[2023-12-24T01:43:31.239+0000] {logging_mixin.py:154} INFO - [2023-12-24T01:43:31.238+0000] {dagbag.py:536} INFO - Filling up the DagBag from /home/airflow/.local/lib/python3.8/site-packages/airflow/example_dags/example_dag_decorator.py
[2023-12-24T01:43:31.283+0000] {processor.py:839} INFO - DAG(s) dict_keys(['example_dag_decorator']) retrieved from /home/airflow/.local/lib/python3.8/site-packages/airflow/example_dags/example_dag_decorator.py
[2023-12-24T01:43:31.437+0000] {logging_mixin.py:154} INFO - [2023-12-24T01:43:31.437+0000] {dag.py:2941} INFO - Sync 1 DAGs
[2023-12-24T01:43:31.443+0000] {logging_mixin.py:154} INFO - [2023-12-24T01:43:31.443+0000] {dag.py:3722} INFO - Setting next_dagrun for example_dag_decorator to None, run_after=None
[2023-12-24T01:43:31.453+0000] {processor.py:179} INFO - Processing /home/airflow/.local/lib/python3.8/site-packages/airflow/example_dags/example_dag_decorator.py took 0.223 seconds
[2023-12-24T01:44:01.497+0000] {processor.py:157} INFO - Started process (PID=313) to work on /home/airflow/.local/lib/python3.8/site-packages/airflow/example_dags/example_dag_decorator.py
[2023-12-24T01:44:01.498+0000] {processor.py:829} INFO - Processing file /home/airflow/.local/lib/python3.8/site-packages/airflow/example_dags/example_dag_decorator.py for tasks to queue
[2023-12-24T01:44:01.501+0000] {logging_mixin.py:154} INFO - [2023-12-24T01:44:01.500+0000] {dagbag.py:536} INFO - Filling up the DagBag from /home/airflow/.local/lib/python3.8/site-packages/airflow/example_dags/example_dag_decorator.py
[2023-12-24T01:44:01.538+0000] {processor.py:839} INFO - DAG(s) dict_keys(['example_dag_decorator']) retrieved from /home/airflow/.local/lib/python3.8/site-packages/airflow/example_dags/example_dag_decorator.py
[2023-12-24T01:44:01.714+0000] {logging_mixin.py:154} INFO - [2023-12-24T01:44:01.714+0000] {dag.py:2941} INFO - Sync 1 DAGs
[2023-12-24T01:44:01.721+0000] {logging_mixin.py:154} INFO - [2023-12-24T01:44:01.721+0000] {dag.py:3722} INFO - Setting next_dagrun for example_dag_decorator to None, run_after=None
[2023-12-24T01:44:01.735+0000] {processor.py:179} INFO - Processing /home/airflow/.local/lib/python3.8/site-packages/airflow/example_dags/example_dag_decorator.py took 0.240 seconds
[2023-12-24T01:44:31.876+0000] {processor.py:157} INFO - Started process (PID=368) to work on /home/airflow/.local/lib/python3.8/site-packages/airflow/example_dags/example_dag_decorator.py
[2023-12-24T01:44:31.896+0000] {processor.py:829} INFO - Processing file /home/airflow/.local/lib/python3.8/site-packages/airflow/example_dags/example_dag_decorator.py for tasks to queue
[2023-12-24T01:44:31.899+0000] {logging_mixin.py:154} INFO - [2023-12-24T01:44:31.899+0000] {dagbag.py:536} INFO - Filling up the DagBag from /home/airflow/.local/lib/python3.8/site-packages/airflow/example_dags/example_dag_decorator.py
[2023-12-24T01:44:32.040+0000] {processor.py:839} INFO - DAG(s) dict_keys(['example_dag_decorator']) retrieved from /home/airflow/.local/lib/python3.8/site-packages/airflow/example_dags/example_dag_decorator.py
[2023-12-24T01:44:32.088+0000] {logging_mixin.py:154} INFO - [2023-12-24T01:44:32.088+0000] {dag.py:2941} INFO - Sync 1 DAGs
[2023-12-24T01:44:32.095+0000] {logging_mixin.py:154} INFO - [2023-12-24T01:44:32.095+0000] {dag.py:3722} INFO - Setting next_dagrun for example_dag_decorator to None, run_after=None
[2023-12-24T01:44:32.105+0000] {processor.py:179} INFO - Processing /home/airflow/.local/lib/python3.8/site-packages/airflow/example_dags/example_dag_decorator.py took 0.232 seconds
[2023-12-24T01:45:02.579+0000] {processor.py:157} INFO - Started process (PID=423) to work on /home/airflow/.local/lib/python3.8/site-packages/airflow/example_dags/example_dag_decorator.py
[2023-12-24T01:45:02.581+0000] {processor.py:829} INFO - Processing file /home/airflow/.local/lib/python3.8/site-packages/airflow/example_dags/example_dag_decorator.py for tasks to queue
[2023-12-24T01:45:02.584+0000] {logging_mixin.py:154} INFO - [2023-12-24T01:45:02.583+0000] {dagbag.py:536} INFO - Filling up the DagBag from /home/airflow/.local/lib/python3.8/site-packages/airflow/example_dags/example_dag_decorator.py
[2023-12-24T01:45:02.740+0000] {processor.py:839} INFO - DAG(s) dict_keys(['example_dag_decorator']) retrieved from /home/airflow/.local/lib/python3.8/site-packages/airflow/example_dags/example_dag_decorator.py
[2023-12-24T01:45:02.789+0000] {logging_mixin.py:154} INFO - [2023-12-24T01:45:02.789+0000] {dag.py:2941} INFO - Sync 1 DAGs
[2023-12-24T01:45:02.795+0000] {logging_mixin.py:154} INFO - [2023-12-24T01:45:02.795+0000] {dag.py:3722} INFO - Setting next_dagrun for example_dag_decorator to None, run_after=None
[2023-12-24T01:45:02.806+0000] {processor.py:179} INFO - Processing /home/airflow/.local/lib/python3.8/site-packages/airflow/example_dags/example_dag_decorator.py took 0.231 seconds
[2023-12-24T01:45:32.987+0000] {processor.py:157} INFO - Started process (PID=481) to work on /home/airflow/.local/lib/python3.8/site-packages/airflow/example_dags/example_dag_decorator.py
[2023-12-24T01:45:32.988+0000] {processor.py:829} INFO - Processing file /home/airflow/.local/lib/python3.8/site-packages/airflow/example_dags/example_dag_decorator.py for tasks to queue
[2023-12-24T01:45:32.990+0000] {logging_mixin.py:154} INFO - [2023-12-24T01:45:32.990+0000] {dagbag.py:536} INFO - Filling up the DagBag from /home/airflow/.local/lib/python3.8/site-packages/airflow/example_dags/example_dag_decorator.py
[2023-12-24T01:45:33.027+0000] {processor.py:839} INFO - DAG(s) dict_keys(['example_dag_decorator']) retrieved from /home/airflow/.local/lib/python3.8/site-packages/airflow/example_dags/example_dag_decorator.py
[2023-12-24T01:45:33.170+0000] {logging_mixin.py:154} INFO - [2023-12-24T01:45:33.170+0000] {dag.py:2941} INFO - Sync 1 DAGs
[2023-12-24T01:45:33.193+0000] {logging_mixin.py:154} INFO - [2023-12-24T01:45:33.193+0000] {dag.py:3722} INFO - Setting next_dagrun for example_dag_decorator to None, run_after=None
[2023-12-24T01:45:33.202+0000] {processor.py:179} INFO - Processing /home/airflow/.local/lib/python3.8/site-packages/airflow/example_dags/example_dag_decorator.py took 0.217 seconds
[2023-12-24T01:46:03.370+0000] {processor.py:157} INFO - Started process (PID=534) to work on /home/airflow/.local/lib/python3.8/site-packages/airflow/example_dags/example_dag_decorator.py
[2023-12-24T01:46:03.389+0000] {processor.py:829} INFO - Processing file /home/airflow/.local/lib/python3.8/site-packages/airflow/example_dags/example_dag_decorator.py for tasks to queue
[2023-12-24T01:46:03.391+0000] {logging_mixin.py:154} INFO - [2023-12-24T01:46:03.391+0000] {dagbag.py:536} INFO - Filling up the DagBag from /home/airflow/.local/lib/python3.8/site-packages/airflow/example_dags/example_dag_decorator.py
[2023-12-24T01:46:03.525+0000] {processor.py:839} INFO - DAG(s) dict_keys(['example_dag_decorator']) retrieved from /home/airflow/.local/lib/python3.8/site-packages/airflow/example_dags/example_dag_decorator.py
[2023-12-24T01:46:03.576+0000] {logging_mixin.py:154} INFO - [2023-12-24T01:46:03.576+0000] {dag.py:2941} INFO - Sync 1 DAGs
[2023-12-24T01:46:03.582+0000] {logging_mixin.py:154} INFO - [2023-12-24T01:46:03.582+0000] {dag.py:3722} INFO - Setting next_dagrun for example_dag_decorator to None, run_after=None
[2023-12-24T01:46:03.593+0000] {processor.py:179} INFO - Processing /home/airflow/.local/lib/python3.8/site-packages/airflow/example_dags/example_dag_decorator.py took 0.226 seconds
[2023-12-24T01:46:34.384+0000] {processor.py:157} INFO - Started process (PID=589) to work on /home/airflow/.local/lib/python3.8/site-packages/airflow/example_dags/example_dag_decorator.py
[2023-12-24T01:46:34.386+0000] {processor.py:829} INFO - Processing file /home/airflow/.local/lib/python3.8/site-packages/airflow/example_dags/example_dag_decorator.py for tasks to queue
[2023-12-24T01:46:34.389+0000] {logging_mixin.py:154} INFO - [2023-12-24T01:46:34.389+0000] {dagbag.py:536} INFO - Filling up the DagBag from /home/airflow/.local/lib/python3.8/site-packages/airflow/example_dags/example_dag_decorator.py
[2023-12-24T01:46:34.536+0000] {processor.py:839} INFO - DAG(s) dict_keys(['example_dag_decorator']) retrieved from /home/airflow/.local/lib/python3.8/site-packages/airflow/example_dags/example_dag_decorator.py
[2023-12-24T01:46:34.583+0000] {logging_mixin.py:154} INFO - [2023-12-24T01:46:34.583+0000] {dag.py:2941} INFO - Sync 1 DAGs
[2023-12-24T01:46:34.590+0000] {logging_mixin.py:154} INFO - [2023-12-24T01:46:34.590+0000] {dag.py:3722} INFO - Setting next_dagrun for example_dag_decorator to None, run_after=None
[2023-12-24T01:46:34.600+0000] {processor.py:179} INFO - Processing /home/airflow/.local/lib/python3.8/site-packages/airflow/example_dags/example_dag_decorator.py took 0.219 seconds
[2023-12-24T01:50:38.694+0000] {processor.py:157} INFO - Started process (PID=1022) to work on /home/airflow/.local/lib/python3.8/site-packages/airflow/example_dags/example_dag_decorator.py
[2023-12-24T01:50:38.696+0000] {processor.py:829} INFO - Processing file /home/airflow/.local/lib/python3.8/site-packages/airflow/example_dags/example_dag_decorator.py for tasks to queue
[2023-12-24T01:50:38.697+0000] {logging_mixin.py:154} INFO - [2023-12-24T01:50:38.697+0000] {dagbag.py:536} INFO - Filling up the DagBag from /home/airflow/.local/lib/python3.8/site-packages/airflow/example_dags/example_dag_decorator.py
[2023-12-24T01:50:38.743+0000] {processor.py:839} INFO - DAG(s) dict_keys(['example_dag_decorator']) retrieved from /home/airflow/.local/lib/python3.8/site-packages/airflow/example_dags/example_dag_decorator.py
[2023-12-24T01:50:38.801+0000] {logging_mixin.py:154} INFO - [2023-12-24T01:50:38.801+0000] {dag.py:2941} INFO - Sync 1 DAGs
[2023-12-24T01:50:38.808+0000] {logging_mixin.py:154} INFO - [2023-12-24T01:50:38.808+0000] {dag.py:3722} INFO - Setting next_dagrun for example_dag_decorator to None, run_after=None
[2023-12-24T01:50:38.820+0000] {processor.py:179} INFO - Processing /home/airflow/.local/lib/python3.8/site-packages/airflow/example_dags/example_dag_decorator.py took 0.129 seconds
[2023-12-24T01:51:08.908+0000] {processor.py:157} INFO - Started process (PID=1077) to work on /home/airflow/.local/lib/python3.8/site-packages/airflow/example_dags/example_dag_decorator.py
[2023-12-24T01:51:08.911+0000] {processor.py:829} INFO - Processing file /home/airflow/.local/lib/python3.8/site-packages/airflow/example_dags/example_dag_decorator.py for tasks to queue
[2023-12-24T01:51:08.913+0000] {logging_mixin.py:154} INFO - [2023-12-24T01:51:08.912+0000] {dagbag.py:536} INFO - Filling up the DagBag from /home/airflow/.local/lib/python3.8/site-packages/airflow/example_dags/example_dag_decorator.py
[2023-12-24T01:51:08.964+0000] {processor.py:839} INFO - DAG(s) dict_keys(['example_dag_decorator']) retrieved from /home/airflow/.local/lib/python3.8/site-packages/airflow/example_dags/example_dag_decorator.py
[2023-12-24T01:51:09.024+0000] {logging_mixin.py:154} INFO - [2023-12-24T01:51:09.024+0000] {dag.py:2941} INFO - Sync 1 DAGs
[2023-12-24T01:51:09.031+0000] {logging_mixin.py:154} INFO - [2023-12-24T01:51:09.031+0000] {dag.py:3722} INFO - Setting next_dagrun for example_dag_decorator to None, run_after=None
[2023-12-24T01:51:09.042+0000] {processor.py:179} INFO - Processing /home/airflow/.local/lib/python3.8/site-packages/airflow/example_dags/example_dag_decorator.py took 0.139 seconds
[2023-12-24T01:51:39.253+0000] {processor.py:157} INFO - Started process (PID=1133) to work on /home/airflow/.local/lib/python3.8/site-packages/airflow/example_dags/example_dag_decorator.py
[2023-12-24T01:51:39.255+0000] {processor.py:829} INFO - Processing file /home/airflow/.local/lib/python3.8/site-packages/airflow/example_dags/example_dag_decorator.py for tasks to queue
[2023-12-24T01:51:39.256+0000] {logging_mixin.py:154} INFO - [2023-12-24T01:51:39.256+0000] {dagbag.py:536} INFO - Filling up the DagBag from /home/airflow/.local/lib/python3.8/site-packages/airflow/example_dags/example_dag_decorator.py
[2023-12-24T01:51:39.303+0000] {processor.py:839} INFO - DAG(s) dict_keys(['example_dag_decorator']) retrieved from /home/airflow/.local/lib/python3.8/site-packages/airflow/example_dags/example_dag_decorator.py
[2023-12-24T01:51:39.356+0000] {logging_mixin.py:154} INFO - [2023-12-24T01:51:39.356+0000] {dag.py:2941} INFO - Sync 1 DAGs
[2023-12-24T01:51:39.362+0000] {logging_mixin.py:154} INFO - [2023-12-24T01:51:39.362+0000] {dag.py:3722} INFO - Setting next_dagrun for example_dag_decorator to None, run_after=None
[2023-12-24T01:51:39.372+0000] {processor.py:179} INFO - Processing /home/airflow/.local/lib/python3.8/site-packages/airflow/example_dags/example_dag_decorator.py took 0.125 seconds
[2023-12-24T01:52:09.430+0000] {processor.py:157} INFO - Started process (PID=1189) to work on /home/airflow/.local/lib/python3.8/site-packages/airflow/example_dags/example_dag_decorator.py
[2023-12-24T01:52:09.432+0000] {processor.py:829} INFO - Processing file /home/airflow/.local/lib/python3.8/site-packages/airflow/example_dags/example_dag_decorator.py for tasks to queue
[2023-12-24T01:52:09.433+0000] {logging_mixin.py:154} INFO - [2023-12-24T01:52:09.433+0000] {dagbag.py:536} INFO - Filling up the DagBag from /home/airflow/.local/lib/python3.8/site-packages/airflow/example_dags/example_dag_decorator.py
[2023-12-24T01:52:09.477+0000] {processor.py:839} INFO - DAG(s) dict_keys(['example_dag_decorator']) retrieved from /home/airflow/.local/lib/python3.8/site-packages/airflow/example_dags/example_dag_decorator.py
[2023-12-24T01:52:09.535+0000] {logging_mixin.py:154} INFO - [2023-12-24T01:52:09.535+0000] {dag.py:2941} INFO - Sync 1 DAGs
[2023-12-24T01:52:09.543+0000] {logging_mixin.py:154} INFO - [2023-12-24T01:52:09.543+0000] {dag.py:3722} INFO - Setting next_dagrun for example_dag_decorator to None, run_after=None
[2023-12-24T01:52:09.557+0000] {processor.py:179} INFO - Processing /home/airflow/.local/lib/python3.8/site-packages/airflow/example_dags/example_dag_decorator.py took 0.129 seconds
[2023-12-24T01:52:39.666+0000] {processor.py:157} INFO - Started process (PID=1245) to work on /home/airflow/.local/lib/python3.8/site-packages/airflow/example_dags/example_dag_decorator.py
[2023-12-24T01:52:39.667+0000] {processor.py:829} INFO - Processing file /home/airflow/.local/lib/python3.8/site-packages/airflow/example_dags/example_dag_decorator.py for tasks to queue
[2023-12-24T01:52:39.669+0000] {logging_mixin.py:154} INFO - [2023-12-24T01:52:39.668+0000] {dagbag.py:536} INFO - Filling up the DagBag from /home/airflow/.local/lib/python3.8/site-packages/airflow/example_dags/example_dag_decorator.py
[2023-12-24T01:52:39.708+0000] {processor.py:839} INFO - DAG(s) dict_keys(['example_dag_decorator']) retrieved from /home/airflow/.local/lib/python3.8/site-packages/airflow/example_dags/example_dag_decorator.py
[2023-12-24T01:52:39.767+0000] {logging_mixin.py:154} INFO - [2023-12-24T01:52:39.767+0000] {dag.py:2941} INFO - Sync 1 DAGs
[2023-12-24T01:52:39.774+0000] {logging_mixin.py:154} INFO - [2023-12-24T01:52:39.774+0000] {dag.py:3722} INFO - Setting next_dagrun for example_dag_decorator to None, run_after=None
[2023-12-24T01:52:39.788+0000] {processor.py:179} INFO - Processing /home/airflow/.local/lib/python3.8/site-packages/airflow/example_dags/example_dag_decorator.py took 0.124 seconds
[2023-12-24T01:53:09.888+0000] {processor.py:157} INFO - Started process (PID=1299) to work on /home/airflow/.local/lib/python3.8/site-packages/airflow/example_dags/example_dag_decorator.py
[2023-12-24T01:53:09.890+0000] {processor.py:829} INFO - Processing file /home/airflow/.local/lib/python3.8/site-packages/airflow/example_dags/example_dag_decorator.py for tasks to queue
[2023-12-24T01:53:09.892+0000] {logging_mixin.py:154} INFO - [2023-12-24T01:53:09.892+0000] {dagbag.py:536} INFO - Filling up the DagBag from /home/airflow/.local/lib/python3.8/site-packages/airflow/example_dags/example_dag_decorator.py
[2023-12-24T01:53:09.938+0000] {processor.py:839} INFO - DAG(s) dict_keys(['example_dag_decorator']) retrieved from /home/airflow/.local/lib/python3.8/site-packages/airflow/example_dags/example_dag_decorator.py
[2023-12-24T01:53:09.991+0000] {logging_mixin.py:154} INFO - [2023-12-24T01:53:09.991+0000] {dag.py:2941} INFO - Sync 1 DAGs
[2023-12-24T01:53:09.998+0000] {logging_mixin.py:154} INFO - [2023-12-24T01:53:09.998+0000] {dag.py:3722} INFO - Setting next_dagrun for example_dag_decorator to None, run_after=None
[2023-12-24T01:53:10.009+0000] {processor.py:179} INFO - Processing /home/airflow/.local/lib/python3.8/site-packages/airflow/example_dags/example_dag_decorator.py took 0.125 seconds
