[2023-12-24T00:16:11.239+0000] {processor.py:157} INFO - Started process (PID=6208) to work on /home/airflow/.local/lib/python3.8/site-packages/airflow/example_dags/example_task_group.py
[2023-12-24T00:16:11.241+0000] {processor.py:829} INFO - Processing file /home/airflow/.local/lib/python3.8/site-packages/airflow/example_dags/example_task_group.py for tasks to queue
[2023-12-24T00:16:11.244+0000] {logging_mixin.py:154} INFO - [2023-12-24T00:16:11.243+0000] {dagbag.py:536} INFO - Filling up the DagBag from /home/airflow/.local/lib/python3.8/site-packages/airflow/example_dags/example_task_group.py
[2023-12-24T00:16:11.250+0000] {processor.py:839} INFO - DAG(s) dict_keys(['example_task_group']) retrieved from /home/airflow/.local/lib/python3.8/site-packages/airflow/example_dags/example_task_group.py
[2023-12-24T00:16:11.269+0000] {logging_mixin.py:154} INFO - [2023-12-24T00:16:11.268+0000] {dag.py:2941} INFO - Sync 1 DAGs
[2023-12-24T00:16:11.284+0000] {logging_mixin.py:154} INFO - [2023-12-24T00:16:11.284+0000] {dag.py:3722} INFO - Setting next_dagrun for example_task_group to 2023-12-23T00:16:11.284138+00:00, run_after=2023-12-24T00:16:11.284138+00:00
[2023-12-24T00:16:11.297+0000] {processor.py:179} INFO - Processing /home/airflow/.local/lib/python3.8/site-packages/airflow/example_dags/example_task_group.py took 0.061 seconds
[2023-12-24T00:16:41.889+0000] {processor.py:157} INFO - Started process (PID=6264) to work on /home/airflow/.local/lib/python3.8/site-packages/airflow/example_dags/example_task_group.py
[2023-12-24T00:16:41.890+0000] {processor.py:829} INFO - Processing file /home/airflow/.local/lib/python3.8/site-packages/airflow/example_dags/example_task_group.py for tasks to queue
[2023-12-24T00:16:41.892+0000] {logging_mixin.py:154} INFO - [2023-12-24T00:16:41.892+0000] {dagbag.py:536} INFO - Filling up the DagBag from /home/airflow/.local/lib/python3.8/site-packages/airflow/example_dags/example_task_group.py
[2023-12-24T00:16:41.897+0000] {processor.py:839} INFO - DAG(s) dict_keys(['example_task_group']) retrieved from /home/airflow/.local/lib/python3.8/site-packages/airflow/example_dags/example_task_group.py
[2023-12-24T00:16:41.911+0000] {logging_mixin.py:154} INFO - [2023-12-24T00:16:41.911+0000] {dag.py:2941} INFO - Sync 1 DAGs
[2023-12-24T00:16:41.923+0000] {logging_mixin.py:154} INFO - [2023-12-24T00:16:41.922+0000] {dag.py:3722} INFO - Setting next_dagrun for example_task_group to 2023-12-23T00:16:41.922782+00:00, run_after=2023-12-24T00:16:41.922782+00:00
[2023-12-24T00:16:41.933+0000] {processor.py:179} INFO - Processing /home/airflow/.local/lib/python3.8/site-packages/airflow/example_dags/example_task_group.py took 0.046 seconds
[2023-12-24T00:33:50.652+0000] {processor.py:157} INFO - Started process (PID=6320) to work on /home/airflow/.local/lib/python3.8/site-packages/airflow/example_dags/example_task_group.py
[2023-12-24T00:33:50.654+0000] {processor.py:829} INFO - Processing file /home/airflow/.local/lib/python3.8/site-packages/airflow/example_dags/example_task_group.py for tasks to queue
[2023-12-24T00:33:50.657+0000] {logging_mixin.py:154} INFO - [2023-12-24T00:33:50.657+0000] {dagbag.py:536} INFO - Filling up the DagBag from /home/airflow/.local/lib/python3.8/site-packages/airflow/example_dags/example_task_group.py
[2023-12-24T00:33:50.665+0000] {processor.py:839} INFO - DAG(s) dict_keys(['example_task_group']) retrieved from /home/airflow/.local/lib/python3.8/site-packages/airflow/example_dags/example_task_group.py
[2023-12-24T00:33:50.687+0000] {logging_mixin.py:154} INFO - [2023-12-24T00:33:50.687+0000] {dag.py:2941} INFO - Sync 1 DAGs
[2023-12-24T00:33:50.705+0000] {logging_mixin.py:154} INFO - [2023-12-24T00:33:50.705+0000] {dag.py:3722} INFO - Setting next_dagrun for example_task_group to 2023-12-23T00:33:50.705392+00:00, run_after=2023-12-24T00:33:50.705392+00:00
[2023-12-24T00:33:50.722+0000] {processor.py:179} INFO - Processing /home/airflow/.local/lib/python3.8/site-packages/airflow/example_dags/example_task_group.py took 0.075 seconds
[2023-12-24T00:34:21.013+0000] {processor.py:157} INFO - Started process (PID=6376) to work on /home/airflow/.local/lib/python3.8/site-packages/airflow/example_dags/example_task_group.py
[2023-12-24T00:34:21.014+0000] {processor.py:829} INFO - Processing file /home/airflow/.local/lib/python3.8/site-packages/airflow/example_dags/example_task_group.py for tasks to queue
[2023-12-24T00:34:21.016+0000] {logging_mixin.py:154} INFO - [2023-12-24T00:34:21.016+0000] {dagbag.py:536} INFO - Filling up the DagBag from /home/airflow/.local/lib/python3.8/site-packages/airflow/example_dags/example_task_group.py
[2023-12-24T00:34:21.021+0000] {processor.py:839} INFO - DAG(s) dict_keys(['example_task_group']) retrieved from /home/airflow/.local/lib/python3.8/site-packages/airflow/example_dags/example_task_group.py
[2023-12-24T00:34:21.035+0000] {logging_mixin.py:154} INFO - [2023-12-24T00:34:21.035+0000] {dag.py:2941} INFO - Sync 1 DAGs
[2023-12-24T00:34:21.047+0000] {logging_mixin.py:154} INFO - [2023-12-24T00:34:21.047+0000] {dag.py:3722} INFO - Setting next_dagrun for example_task_group to 2023-12-23T00:34:21.046908+00:00, run_after=2023-12-24T00:34:21.046908+00:00
[2023-12-24T00:34:21.057+0000] {processor.py:179} INFO - Processing /home/airflow/.local/lib/python3.8/site-packages/airflow/example_dags/example_task_group.py took 0.046 seconds
[2023-12-24T00:51:35.903+0000] {processor.py:157} INFO - Started process (PID=6431) to work on /home/airflow/.local/lib/python3.8/site-packages/airflow/example_dags/example_task_group.py
[2023-12-24T00:51:35.904+0000] {processor.py:829} INFO - Processing file /home/airflow/.local/lib/python3.8/site-packages/airflow/example_dags/example_task_group.py for tasks to queue
[2023-12-24T00:51:35.907+0000] {logging_mixin.py:154} INFO - [2023-12-24T00:51:35.906+0000] {dagbag.py:536} INFO - Filling up the DagBag from /home/airflow/.local/lib/python3.8/site-packages/airflow/example_dags/example_task_group.py
[2023-12-24T00:51:35.913+0000] {processor.py:839} INFO - DAG(s) dict_keys(['example_task_group']) retrieved from /home/airflow/.local/lib/python3.8/site-packages/airflow/example_dags/example_task_group.py
[2023-12-24T00:51:35.928+0000] {logging_mixin.py:154} INFO - [2023-12-24T00:51:35.927+0000] {dag.py:2941} INFO - Sync 1 DAGs
[2023-12-24T00:51:35.943+0000] {logging_mixin.py:154} INFO - [2023-12-24T00:51:35.943+0000] {dag.py:3722} INFO - Setting next_dagrun for example_task_group to 2023-12-23T00:51:35.943414+00:00, run_after=2023-12-24T00:51:35.943414+00:00
[2023-12-24T00:51:35.960+0000] {processor.py:179} INFO - Processing /home/airflow/.local/lib/python3.8/site-packages/airflow/example_dags/example_task_group.py took 0.060 seconds
[2023-12-24T00:52:06.497+0000] {processor.py:157} INFO - Started process (PID=6486) to work on /home/airflow/.local/lib/python3.8/site-packages/airflow/example_dags/example_task_group.py
[2023-12-24T00:52:06.498+0000] {processor.py:829} INFO - Processing file /home/airflow/.local/lib/python3.8/site-packages/airflow/example_dags/example_task_group.py for tasks to queue
[2023-12-24T00:52:06.499+0000] {logging_mixin.py:154} INFO - [2023-12-24T00:52:06.499+0000] {dagbag.py:536} INFO - Filling up the DagBag from /home/airflow/.local/lib/python3.8/site-packages/airflow/example_dags/example_task_group.py
[2023-12-24T00:52:06.505+0000] {processor.py:839} INFO - DAG(s) dict_keys(['example_task_group']) retrieved from /home/airflow/.local/lib/python3.8/site-packages/airflow/example_dags/example_task_group.py
[2023-12-24T00:52:06.518+0000] {logging_mixin.py:154} INFO - [2023-12-24T00:52:06.517+0000] {dag.py:2941} INFO - Sync 1 DAGs
[2023-12-24T00:52:06.530+0000] {logging_mixin.py:154} INFO - [2023-12-24T00:52:06.530+0000] {dag.py:3722} INFO - Setting next_dagrun for example_task_group to 2023-12-23T00:52:06.530047+00:00, run_after=2023-12-24T00:52:06.530047+00:00
[2023-12-24T00:52:06.540+0000] {processor.py:179} INFO - Processing /home/airflow/.local/lib/python3.8/site-packages/airflow/example_dags/example_task_group.py took 0.046 seconds
[2023-12-24T01:08:52.777+0000] {processor.py:157} INFO - Started process (PID=6541) to work on /home/airflow/.local/lib/python3.8/site-packages/airflow/example_dags/example_task_group.py
[2023-12-24T01:08:52.779+0000] {processor.py:829} INFO - Processing file /home/airflow/.local/lib/python3.8/site-packages/airflow/example_dags/example_task_group.py for tasks to queue
[2023-12-24T01:08:52.782+0000] {logging_mixin.py:154} INFO - [2023-12-24T01:08:52.782+0000] {dagbag.py:536} INFO - Filling up the DagBag from /home/airflow/.local/lib/python3.8/site-packages/airflow/example_dags/example_task_group.py
[2023-12-24T01:08:52.789+0000] {processor.py:839} INFO - DAG(s) dict_keys(['example_task_group']) retrieved from /home/airflow/.local/lib/python3.8/site-packages/airflow/example_dags/example_task_group.py
[2023-12-24T01:08:52.814+0000] {logging_mixin.py:154} INFO - [2023-12-24T01:08:52.814+0000] {dag.py:2941} INFO - Sync 1 DAGs
[2023-12-24T01:08:52.829+0000] {logging_mixin.py:154} INFO - [2023-12-24T01:08:52.829+0000] {dag.py:3722} INFO - Setting next_dagrun for example_task_group to 2023-12-23T01:08:52.829429+00:00, run_after=2023-12-24T01:08:52.829429+00:00
[2023-12-24T01:08:52.841+0000] {processor.py:179} INFO - Processing /home/airflow/.local/lib/python3.8/site-packages/airflow/example_dags/example_task_group.py took 0.067 seconds
[2023-12-24T01:26:17.040+0000] {processor.py:157} INFO - Started process (PID=6597) to work on /home/airflow/.local/lib/python3.8/site-packages/airflow/example_dags/example_task_group.py
[2023-12-24T01:26:17.042+0000] {processor.py:829} INFO - Processing file /home/airflow/.local/lib/python3.8/site-packages/airflow/example_dags/example_task_group.py for tasks to queue
[2023-12-24T01:26:17.045+0000] {logging_mixin.py:154} INFO - [2023-12-24T01:26:17.045+0000] {dagbag.py:536} INFO - Filling up the DagBag from /home/airflow/.local/lib/python3.8/site-packages/airflow/example_dags/example_task_group.py
[2023-12-24T01:26:17.053+0000] {processor.py:839} INFO - DAG(s) dict_keys(['example_task_group']) retrieved from /home/airflow/.local/lib/python3.8/site-packages/airflow/example_dags/example_task_group.py
[2023-12-24T01:26:17.076+0000] {logging_mixin.py:154} INFO - [2023-12-24T01:26:17.075+0000] {dag.py:2941} INFO - Sync 1 DAGs
[2023-12-24T01:26:17.094+0000] {logging_mixin.py:154} INFO - [2023-12-24T01:26:17.094+0000] {dag.py:3722} INFO - Setting next_dagrun for example_task_group to 2023-12-23T01:26:17.094247+00:00, run_after=2023-12-24T01:26:17.094247+00:00
[2023-12-24T01:26:17.106+0000] {processor.py:179} INFO - Processing /home/airflow/.local/lib/python3.8/site-packages/airflow/example_dags/example_task_group.py took 0.071 seconds
[2023-12-24T01:26:47.305+0000] {processor.py:157} INFO - Started process (PID=6653) to work on /home/airflow/.local/lib/python3.8/site-packages/airflow/example_dags/example_task_group.py
[2023-12-24T01:26:47.306+0000] {processor.py:829} INFO - Processing file /home/airflow/.local/lib/python3.8/site-packages/airflow/example_dags/example_task_group.py for tasks to queue
[2023-12-24T01:26:47.308+0000] {logging_mixin.py:154} INFO - [2023-12-24T01:26:47.308+0000] {dagbag.py:536} INFO - Filling up the DagBag from /home/airflow/.local/lib/python3.8/site-packages/airflow/example_dags/example_task_group.py
[2023-12-24T01:26:47.313+0000] {processor.py:839} INFO - DAG(s) dict_keys(['example_task_group']) retrieved from /home/airflow/.local/lib/python3.8/site-packages/airflow/example_dags/example_task_group.py
[2023-12-24T01:26:47.327+0000] {logging_mixin.py:154} INFO - [2023-12-24T01:26:47.327+0000] {dag.py:2941} INFO - Sync 1 DAGs
[2023-12-24T01:26:47.339+0000] {logging_mixin.py:154} INFO - [2023-12-24T01:26:47.339+0000] {dag.py:3722} INFO - Setting next_dagrun for example_task_group to 2023-12-23T01:26:47.339049+00:00, run_after=2023-12-24T01:26:47.339049+00:00
[2023-12-24T01:26:47.348+0000] {processor.py:179} INFO - Processing /home/airflow/.local/lib/python3.8/site-packages/airflow/example_dags/example_task_group.py took 0.045 seconds
[2023-12-24T01:39:26.806+0000] {processor.py:157} INFO - Started process (PID=6710) to work on /home/airflow/.local/lib/python3.8/site-packages/airflow/example_dags/example_task_group.py
[2023-12-24T01:39:26.809+0000] {processor.py:829} INFO - Processing file /home/airflow/.local/lib/python3.8/site-packages/airflow/example_dags/example_task_group.py for tasks to queue
[2023-12-24T01:39:26.813+0000] {logging_mixin.py:154} INFO - [2023-12-24T01:39:26.812+0000] {dagbag.py:536} INFO - Filling up the DagBag from /home/airflow/.local/lib/python3.8/site-packages/airflow/example_dags/example_task_group.py
[2023-12-24T01:39:26.820+0000] {processor.py:839} INFO - DAG(s) dict_keys(['example_task_group']) retrieved from /home/airflow/.local/lib/python3.8/site-packages/airflow/example_dags/example_task_group.py
[2023-12-24T01:39:26.840+0000] {logging_mixin.py:154} INFO - [2023-12-24T01:39:26.839+0000] {dag.py:2941} INFO - Sync 1 DAGs
[2023-12-24T01:39:26.855+0000] {logging_mixin.py:154} INFO - [2023-12-24T01:39:26.855+0000] {dag.py:3722} INFO - Setting next_dagrun for example_task_group to 2023-12-23T01:39:26.855540+00:00, run_after=2023-12-24T01:39:26.855540+00:00
[2023-12-24T01:39:26.870+0000] {processor.py:179} INFO - Processing /home/airflow/.local/lib/python3.8/site-packages/airflow/example_dags/example_task_group.py took 0.068 seconds
[2023-12-24T01:39:57.204+0000] {processor.py:157} INFO - Started process (PID=6765) to work on /home/airflow/.local/lib/python3.8/site-packages/airflow/example_dags/example_task_group.py
[2023-12-24T01:39:57.205+0000] {processor.py:829} INFO - Processing file /home/airflow/.local/lib/python3.8/site-packages/airflow/example_dags/example_task_group.py for tasks to queue
[2023-12-24T01:39:57.208+0000] {logging_mixin.py:154} INFO - [2023-12-24T01:39:57.207+0000] {dagbag.py:536} INFO - Filling up the DagBag from /home/airflow/.local/lib/python3.8/site-packages/airflow/example_dags/example_task_group.py
[2023-12-24T01:39:57.213+0000] {processor.py:839} INFO - DAG(s) dict_keys(['example_task_group']) retrieved from /home/airflow/.local/lib/python3.8/site-packages/airflow/example_dags/example_task_group.py
[2023-12-24T01:39:57.229+0000] {logging_mixin.py:154} INFO - [2023-12-24T01:39:57.229+0000] {dag.py:2941} INFO - Sync 1 DAGs
[2023-12-24T01:39:57.242+0000] {logging_mixin.py:154} INFO - [2023-12-24T01:39:57.242+0000] {dag.py:3722} INFO - Setting next_dagrun for example_task_group to 2023-12-23T01:39:57.242248+00:00, run_after=2023-12-24T01:39:57.242248+00:00
[2023-12-24T01:39:57.254+0000] {processor.py:179} INFO - Processing /home/airflow/.local/lib/python3.8/site-packages/airflow/example_dags/example_task_group.py took 0.053 seconds
[2023-12-24T01:40:27.459+0000] {processor.py:157} INFO - Started process (PID=6820) to work on /home/airflow/.local/lib/python3.8/site-packages/airflow/example_dags/example_task_group.py
[2023-12-24T01:40:27.460+0000] {processor.py:829} INFO - Processing file /home/airflow/.local/lib/python3.8/site-packages/airflow/example_dags/example_task_group.py for tasks to queue
[2023-12-24T01:40:27.461+0000] {logging_mixin.py:154} INFO - [2023-12-24T01:40:27.461+0000] {dagbag.py:536} INFO - Filling up the DagBag from /home/airflow/.local/lib/python3.8/site-packages/airflow/example_dags/example_task_group.py
[2023-12-24T01:40:27.466+0000] {processor.py:839} INFO - DAG(s) dict_keys(['example_task_group']) retrieved from /home/airflow/.local/lib/python3.8/site-packages/airflow/example_dags/example_task_group.py
[2023-12-24T01:40:27.480+0000] {logging_mixin.py:154} INFO - [2023-12-24T01:40:27.480+0000] {dag.py:2941} INFO - Sync 1 DAGs
[2023-12-24T01:40:27.492+0000] {logging_mixin.py:154} INFO - [2023-12-24T01:40:27.492+0000] {dag.py:3722} INFO - Setting next_dagrun for example_task_group to 2023-12-23T01:40:27.492109+00:00, run_after=2023-12-24T01:40:27.492109+00:00
[2023-12-24T01:40:27.502+0000] {processor.py:179} INFO - Processing /home/airflow/.local/lib/python3.8/site-packages/airflow/example_dags/example_task_group.py took 0.046 seconds
[2023-12-24T01:41:29.954+0000] {processor.py:157} INFO - Started process (PID=47) to work on /home/airflow/.local/lib/python3.8/site-packages/airflow/example_dags/example_task_group.py
[2023-12-24T01:41:29.957+0000] {processor.py:829} INFO - Processing file /home/airflow/.local/lib/python3.8/site-packages/airflow/example_dags/example_task_group.py for tasks to queue
[2023-12-24T01:41:29.960+0000] {logging_mixin.py:154} INFO - [2023-12-24T01:41:29.960+0000] {dagbag.py:536} INFO - Filling up the DagBag from /home/airflow/.local/lib/python3.8/site-packages/airflow/example_dags/example_task_group.py
[2023-12-24T01:41:29.970+0000] {processor.py:839} INFO - DAG(s) dict_keys(['example_task_group']) retrieved from /home/airflow/.local/lib/python3.8/site-packages/airflow/example_dags/example_task_group.py
[2023-12-24T01:41:29.983+0000] {logging_mixin.py:154} INFO - [2023-12-24T01:41:29.982+0000] {dag.py:2941} INFO - Sync 1 DAGs
[2023-12-24T01:41:29.998+0000] {logging_mixin.py:154} INFO - [2023-12-24T01:41:29.998+0000] {dag.py:3722} INFO - Setting next_dagrun for example_task_group to 2023-12-23T01:41:29.998112+00:00, run_after=2023-12-24T01:41:29.998112+00:00
[2023-12-24T01:41:30.013+0000] {processor.py:179} INFO - Processing /home/airflow/.local/lib/python3.8/site-packages/airflow/example_dags/example_task_group.py took 0.062 seconds
[2023-12-24T01:42:00.553+0000] {processor.py:157} INFO - Started process (PID=103) to work on /home/airflow/.local/lib/python3.8/site-packages/airflow/example_dags/example_task_group.py
[2023-12-24T01:42:00.554+0000] {processor.py:829} INFO - Processing file /home/airflow/.local/lib/python3.8/site-packages/airflow/example_dags/example_task_group.py for tasks to queue
[2023-12-24T01:42:00.556+0000] {logging_mixin.py:154} INFO - [2023-12-24T01:42:00.556+0000] {dagbag.py:536} INFO - Filling up the DagBag from /home/airflow/.local/lib/python3.8/site-packages/airflow/example_dags/example_task_group.py
[2023-12-24T01:42:00.561+0000] {processor.py:839} INFO - DAG(s) dict_keys(['example_task_group']) retrieved from /home/airflow/.local/lib/python3.8/site-packages/airflow/example_dags/example_task_group.py
[2023-12-24T01:42:00.575+0000] {logging_mixin.py:154} INFO - [2023-12-24T01:42:00.574+0000] {dag.py:2941} INFO - Sync 1 DAGs
[2023-12-24T01:42:00.588+0000] {logging_mixin.py:154} INFO - [2023-12-24T01:42:00.588+0000] {dag.py:3722} INFO - Setting next_dagrun for example_task_group to 2023-12-23T01:42:00.587889+00:00, run_after=2023-12-24T01:42:00.587889+00:00
[2023-12-24T01:42:00.600+0000] {processor.py:179} INFO - Processing /home/airflow/.local/lib/python3.8/site-packages/airflow/example_dags/example_task_group.py took 0.049 seconds
[2023-12-24T01:42:30.842+0000] {processor.py:157} INFO - Started process (PID=158) to work on /home/airflow/.local/lib/python3.8/site-packages/airflow/example_dags/example_task_group.py
[2023-12-24T01:42:30.843+0000] {processor.py:829} INFO - Processing file /home/airflow/.local/lib/python3.8/site-packages/airflow/example_dags/example_task_group.py for tasks to queue
[2023-12-24T01:42:30.844+0000] {logging_mixin.py:154} INFO - [2023-12-24T01:42:30.844+0000] {dagbag.py:536} INFO - Filling up the DagBag from /home/airflow/.local/lib/python3.8/site-packages/airflow/example_dags/example_task_group.py
[2023-12-24T01:42:30.849+0000] {processor.py:839} INFO - DAG(s) dict_keys(['example_task_group']) retrieved from /home/airflow/.local/lib/python3.8/site-packages/airflow/example_dags/example_task_group.py
[2023-12-24T01:42:30.863+0000] {logging_mixin.py:154} INFO - [2023-12-24T01:42:30.863+0000] {dag.py:2941} INFO - Sync 1 DAGs
[2023-12-24T01:42:30.875+0000] {logging_mixin.py:154} INFO - [2023-12-24T01:42:30.874+0000] {dag.py:3722} INFO - Setting next_dagrun for example_task_group to 2023-12-23T01:42:30.874855+00:00, run_after=2023-12-24T01:42:30.874855+00:00
[2023-12-24T01:42:30.885+0000] {processor.py:179} INFO - Processing /home/airflow/.local/lib/python3.8/site-packages/airflow/example_dags/example_task_group.py took 0.045 seconds
[2023-12-24T01:43:01.525+0000] {processor.py:157} INFO - Started process (PID=213) to work on /home/airflow/.local/lib/python3.8/site-packages/airflow/example_dags/example_task_group.py
[2023-12-24T01:43:01.526+0000] {processor.py:829} INFO - Processing file /home/airflow/.local/lib/python3.8/site-packages/airflow/example_dags/example_task_group.py for tasks to queue
[2023-12-24T01:43:01.529+0000] {logging_mixin.py:154} INFO - [2023-12-24T01:43:01.529+0000] {dagbag.py:536} INFO - Filling up the DagBag from /home/airflow/.local/lib/python3.8/site-packages/airflow/example_dags/example_task_group.py
[2023-12-24T01:43:01.534+0000] {processor.py:839} INFO - DAG(s) dict_keys(['example_task_group']) retrieved from /home/airflow/.local/lib/python3.8/site-packages/airflow/example_dags/example_task_group.py
[2023-12-24T01:43:01.551+0000] {logging_mixin.py:154} INFO - [2023-12-24T01:43:01.551+0000] {dag.py:2941} INFO - Sync 1 DAGs
[2023-12-24T01:43:01.678+0000] {logging_mixin.py:154} INFO - [2023-12-24T01:43:01.678+0000] {dag.py:3722} INFO - Setting next_dagrun for example_task_group to 2023-12-23T01:43:01.677880+00:00, run_after=2023-12-24T01:43:01.677880+00:00
[2023-12-24T01:43:01.692+0000] {processor.py:179} INFO - Processing /home/airflow/.local/lib/python3.8/site-packages/airflow/example_dags/example_task_group.py took 0.169 seconds
[2023-12-24T01:43:31.727+0000] {processor.py:157} INFO - Started process (PID=269) to work on /home/airflow/.local/lib/python3.8/site-packages/airflow/example_dags/example_task_group.py
[2023-12-24T01:43:31.728+0000] {processor.py:829} INFO - Processing file /home/airflow/.local/lib/python3.8/site-packages/airflow/example_dags/example_task_group.py for tasks to queue
[2023-12-24T01:43:31.730+0000] {logging_mixin.py:154} INFO - [2023-12-24T01:43:31.730+0000] {dagbag.py:536} INFO - Filling up the DagBag from /home/airflow/.local/lib/python3.8/site-packages/airflow/example_dags/example_task_group.py
[2023-12-24T01:43:31.735+0000] {processor.py:839} INFO - DAG(s) dict_keys(['example_task_group']) retrieved from /home/airflow/.local/lib/python3.8/site-packages/airflow/example_dags/example_task_group.py
[2023-12-24T01:43:31.748+0000] {logging_mixin.py:154} INFO - [2023-12-24T01:43:31.748+0000] {dag.py:2941} INFO - Sync 1 DAGs
[2023-12-24T01:43:31.760+0000] {logging_mixin.py:154} INFO - [2023-12-24T01:43:31.760+0000] {dag.py:3722} INFO - Setting next_dagrun for example_task_group to 2023-12-23T01:43:31.760288+00:00, run_after=2023-12-24T01:43:31.760288+00:00
[2023-12-24T01:43:31.770+0000] {processor.py:179} INFO - Processing /home/airflow/.local/lib/python3.8/site-packages/airflow/example_dags/example_task_group.py took 0.045 seconds
[2023-12-24T01:44:01.955+0000] {processor.py:157} INFO - Started process (PID=324) to work on /home/airflow/.local/lib/python3.8/site-packages/airflow/example_dags/example_task_group.py
[2023-12-24T01:44:01.956+0000] {processor.py:829} INFO - Processing file /home/airflow/.local/lib/python3.8/site-packages/airflow/example_dags/example_task_group.py for tasks to queue
[2023-12-24T01:44:01.957+0000] {logging_mixin.py:154} INFO - [2023-12-24T01:44:01.957+0000] {dagbag.py:536} INFO - Filling up the DagBag from /home/airflow/.local/lib/python3.8/site-packages/airflow/example_dags/example_task_group.py
[2023-12-24T01:44:01.962+0000] {processor.py:839} INFO - DAG(s) dict_keys(['example_task_group']) retrieved from /home/airflow/.local/lib/python3.8/site-packages/airflow/example_dags/example_task_group.py
[2023-12-24T01:44:01.977+0000] {logging_mixin.py:154} INFO - [2023-12-24T01:44:01.977+0000] {dag.py:2941} INFO - Sync 1 DAGs
[2023-12-24T01:44:01.992+0000] {logging_mixin.py:154} INFO - [2023-12-24T01:44:01.992+0000] {dag.py:3722} INFO - Setting next_dagrun for example_task_group to 2023-12-23T01:44:01.992328+00:00, run_after=2023-12-24T01:44:01.992328+00:00
[2023-12-24T01:44:02.005+0000] {processor.py:179} INFO - Processing /home/airflow/.local/lib/python3.8/site-packages/airflow/example_dags/example_task_group.py took 0.053 seconds
[2023-12-24T01:44:32.934+0000] {processor.py:157} INFO - Started process (PID=380) to work on /home/airflow/.local/lib/python3.8/site-packages/airflow/example_dags/example_task_group.py
[2023-12-24T01:44:32.935+0000] {processor.py:829} INFO - Processing file /home/airflow/.local/lib/python3.8/site-packages/airflow/example_dags/example_task_group.py for tasks to queue
[2023-12-24T01:44:32.937+0000] {logging_mixin.py:154} INFO - [2023-12-24T01:44:32.937+0000] {dagbag.py:536} INFO - Filling up the DagBag from /home/airflow/.local/lib/python3.8/site-packages/airflow/example_dags/example_task_group.py
[2023-12-24T01:44:32.941+0000] {processor.py:839} INFO - DAG(s) dict_keys(['example_task_group']) retrieved from /home/airflow/.local/lib/python3.8/site-packages/airflow/example_dags/example_task_group.py
[2023-12-24T01:44:32.954+0000] {logging_mixin.py:154} INFO - [2023-12-24T01:44:32.954+0000] {dag.py:2941} INFO - Sync 1 DAGs
[2023-12-24T01:44:32.965+0000] {logging_mixin.py:154} INFO - [2023-12-24T01:44:32.965+0000] {dag.py:3722} INFO - Setting next_dagrun for example_task_group to 2023-12-23T01:44:32.965044+00:00, run_after=2023-12-24T01:44:32.965044+00:00
[2023-12-24T01:44:32.974+0000] {processor.py:179} INFO - Processing /home/airflow/.local/lib/python3.8/site-packages/airflow/example_dags/example_task_group.py took 0.043 seconds
[2023-12-24T01:45:03.511+0000] {processor.py:157} INFO - Started process (PID=435) to work on /home/airflow/.local/lib/python3.8/site-packages/airflow/example_dags/example_task_group.py
[2023-12-24T01:45:03.512+0000] {processor.py:829} INFO - Processing file /home/airflow/.local/lib/python3.8/site-packages/airflow/example_dags/example_task_group.py for tasks to queue
[2023-12-24T01:45:03.514+0000] {logging_mixin.py:154} INFO - [2023-12-24T01:45:03.514+0000] {dagbag.py:536} INFO - Filling up the DagBag from /home/airflow/.local/lib/python3.8/site-packages/airflow/example_dags/example_task_group.py
[2023-12-24T01:45:03.519+0000] {processor.py:839} INFO - DAG(s) dict_keys(['example_task_group']) retrieved from /home/airflow/.local/lib/python3.8/site-packages/airflow/example_dags/example_task_group.py
[2023-12-24T01:45:03.535+0000] {logging_mixin.py:154} INFO - [2023-12-24T01:45:03.535+0000] {dag.py:2941} INFO - Sync 1 DAGs
[2023-12-24T01:45:03.657+0000] {logging_mixin.py:154} INFO - [2023-12-24T01:45:03.656+0000] {dag.py:3722} INFO - Setting next_dagrun for example_task_group to 2023-12-23T01:45:03.656879+00:00, run_after=2023-12-24T01:45:03.656879+00:00
[2023-12-24T01:45:03.668+0000] {processor.py:179} INFO - Processing /home/airflow/.local/lib/python3.8/site-packages/airflow/example_dags/example_task_group.py took 0.159 seconds
[2023-12-24T01:45:34.515+0000] {processor.py:157} INFO - Started process (PID=491) to work on /home/airflow/.local/lib/python3.8/site-packages/airflow/example_dags/example_task_group.py
[2023-12-24T01:45:34.516+0000] {processor.py:829} INFO - Processing file /home/airflow/.local/lib/python3.8/site-packages/airflow/example_dags/example_task_group.py for tasks to queue
[2023-12-24T01:45:34.518+0000] {logging_mixin.py:154} INFO - [2023-12-24T01:45:34.518+0000] {dagbag.py:536} INFO - Filling up the DagBag from /home/airflow/.local/lib/python3.8/site-packages/airflow/example_dags/example_task_group.py
[2023-12-24T01:45:34.523+0000] {processor.py:839} INFO - DAG(s) dict_keys(['example_task_group']) retrieved from /home/airflow/.local/lib/python3.8/site-packages/airflow/example_dags/example_task_group.py
[2023-12-24T01:45:34.537+0000] {logging_mixin.py:154} INFO - [2023-12-24T01:45:34.537+0000] {dag.py:2941} INFO - Sync 1 DAGs
[2023-12-24T01:45:34.548+0000] {logging_mixin.py:154} INFO - [2023-12-24T01:45:34.548+0000] {dag.py:3722} INFO - Setting next_dagrun for example_task_group to 2023-12-23T01:45:34.548360+00:00, run_after=2023-12-24T01:45:34.548360+00:00
[2023-12-24T01:45:34.557+0000] {processor.py:179} INFO - Processing /home/airflow/.local/lib/python3.8/site-packages/airflow/example_dags/example_task_group.py took 0.044 seconds
[2023-12-24T01:46:05.031+0000] {processor.py:157} INFO - Started process (PID=546) to work on /home/airflow/.local/lib/python3.8/site-packages/airflow/example_dags/example_task_group.py
[2023-12-24T01:46:05.032+0000] {processor.py:829} INFO - Processing file /home/airflow/.local/lib/python3.8/site-packages/airflow/example_dags/example_task_group.py for tasks to queue
[2023-12-24T01:46:05.034+0000] {logging_mixin.py:154} INFO - [2023-12-24T01:46:05.034+0000] {dagbag.py:536} INFO - Filling up the DagBag from /home/airflow/.local/lib/python3.8/site-packages/airflow/example_dags/example_task_group.py
[2023-12-24T01:46:05.039+0000] {processor.py:839} INFO - DAG(s) dict_keys(['example_task_group']) retrieved from /home/airflow/.local/lib/python3.8/site-packages/airflow/example_dags/example_task_group.py
[2023-12-24T01:46:05.052+0000] {logging_mixin.py:154} INFO - [2023-12-24T01:46:05.052+0000] {dag.py:2941} INFO - Sync 1 DAGs
[2023-12-24T01:46:05.063+0000] {logging_mixin.py:154} INFO - [2023-12-24T01:46:05.063+0000] {dag.py:3722} INFO - Setting next_dagrun for example_task_group to 2023-12-23T01:46:05.063726+00:00, run_after=2023-12-24T01:46:05.063726+00:00
[2023-12-24T01:46:05.072+0000] {processor.py:179} INFO - Processing /home/airflow/.local/lib/python3.8/site-packages/airflow/example_dags/example_task_group.py took 0.044 seconds
[2023-12-24T01:46:35.555+0000] {processor.py:157} INFO - Started process (PID=601) to work on /home/airflow/.local/lib/python3.8/site-packages/airflow/example_dags/example_task_group.py
[2023-12-24T01:46:35.556+0000] {processor.py:829} INFO - Processing file /home/airflow/.local/lib/python3.8/site-packages/airflow/example_dags/example_task_group.py for tasks to queue
[2023-12-24T01:46:35.558+0000] {logging_mixin.py:154} INFO - [2023-12-24T01:46:35.558+0000] {dagbag.py:536} INFO - Filling up the DagBag from /home/airflow/.local/lib/python3.8/site-packages/airflow/example_dags/example_task_group.py
[2023-12-24T01:46:35.563+0000] {processor.py:839} INFO - DAG(s) dict_keys(['example_task_group']) retrieved from /home/airflow/.local/lib/python3.8/site-packages/airflow/example_dags/example_task_group.py
[2023-12-24T01:46:35.698+0000] {logging_mixin.py:154} INFO - [2023-12-24T01:46:35.698+0000] {dag.py:2941} INFO - Sync 1 DAGs
[2023-12-24T01:46:35.708+0000] {logging_mixin.py:154} INFO - [2023-12-24T01:46:35.708+0000] {dag.py:3722} INFO - Setting next_dagrun for example_task_group to 2023-12-23T01:46:35.708205+00:00, run_after=2023-12-24T01:46:35.708205+00:00
[2023-12-24T01:46:35.720+0000] {processor.py:179} INFO - Processing /home/airflow/.local/lib/python3.8/site-packages/airflow/example_dags/example_task_group.py took 0.167 seconds
[2023-12-24T01:50:39.361+0000] {processor.py:157} INFO - Started process (PID=1034) to work on /home/airflow/.local/lib/python3.8/site-packages/airflow/example_dags/example_task_group.py
[2023-12-24T01:50:39.362+0000] {processor.py:829} INFO - Processing file /home/airflow/.local/lib/python3.8/site-packages/airflow/example_dags/example_task_group.py for tasks to queue
[2023-12-24T01:50:39.363+0000] {logging_mixin.py:154} INFO - [2023-12-24T01:50:39.363+0000] {dagbag.py:536} INFO - Filling up the DagBag from /home/airflow/.local/lib/python3.8/site-packages/airflow/example_dags/example_task_group.py
[2023-12-24T01:50:39.368+0000] {processor.py:839} INFO - DAG(s) dict_keys(['example_task_group']) retrieved from /home/airflow/.local/lib/python3.8/site-packages/airflow/example_dags/example_task_group.py
[2023-12-24T01:50:39.419+0000] {logging_mixin.py:154} INFO - [2023-12-24T01:50:39.419+0000] {dag.py:2941} INFO - Sync 1 DAGs
[2023-12-24T01:50:39.429+0000] {logging_mixin.py:154} INFO - [2023-12-24T01:50:39.429+0000] {dag.py:3722} INFO - Setting next_dagrun for example_task_group to 2023-12-23T01:50:39.429428+00:00, run_after=2023-12-24T01:50:39.429428+00:00
[2023-12-24T01:50:39.439+0000] {processor.py:179} INFO - Processing /home/airflow/.local/lib/python3.8/site-packages/airflow/example_dags/example_task_group.py took 0.081 seconds
[2023-12-24T01:51:09.496+0000] {processor.py:157} INFO - Started process (PID=1089) to work on /home/airflow/.local/lib/python3.8/site-packages/airflow/example_dags/example_task_group.py
[2023-12-24T01:51:09.497+0000] {processor.py:829} INFO - Processing file /home/airflow/.local/lib/python3.8/site-packages/airflow/example_dags/example_task_group.py for tasks to queue
[2023-12-24T01:51:09.498+0000] {logging_mixin.py:154} INFO - [2023-12-24T01:51:09.498+0000] {dagbag.py:536} INFO - Filling up the DagBag from /home/airflow/.local/lib/python3.8/site-packages/airflow/example_dags/example_task_group.py
[2023-12-24T01:51:09.504+0000] {processor.py:839} INFO - DAG(s) dict_keys(['example_task_group']) retrieved from /home/airflow/.local/lib/python3.8/site-packages/airflow/example_dags/example_task_group.py
[2023-12-24T01:51:09.516+0000] {logging_mixin.py:154} INFO - [2023-12-24T01:51:09.516+0000] {dag.py:2941} INFO - Sync 1 DAGs
[2023-12-24T01:51:09.528+0000] {logging_mixin.py:154} INFO - [2023-12-24T01:51:09.528+0000] {dag.py:3722} INFO - Setting next_dagrun for example_task_group to 2023-12-23T01:51:09.528053+00:00, run_after=2023-12-24T01:51:09.528053+00:00
[2023-12-24T01:51:09.537+0000] {processor.py:179} INFO - Processing /home/airflow/.local/lib/python3.8/site-packages/airflow/example_dags/example_task_group.py took 0.044 seconds
[2023-12-24T01:51:39.743+0000] {processor.py:157} INFO - Started process (PID=1145) to work on /home/airflow/.local/lib/python3.8/site-packages/airflow/example_dags/example_task_group.py
[2023-12-24T01:51:39.744+0000] {processor.py:829} INFO - Processing file /home/airflow/.local/lib/python3.8/site-packages/airflow/example_dags/example_task_group.py for tasks to queue
[2023-12-24T01:51:39.745+0000] {logging_mixin.py:154} INFO - [2023-12-24T01:51:39.745+0000] {dagbag.py:536} INFO - Filling up the DagBag from /home/airflow/.local/lib/python3.8/site-packages/airflow/example_dags/example_task_group.py
[2023-12-24T01:51:39.752+0000] {processor.py:839} INFO - DAG(s) dict_keys(['example_task_group']) retrieved from /home/airflow/.local/lib/python3.8/site-packages/airflow/example_dags/example_task_group.py
[2023-12-24T01:51:39.768+0000] {logging_mixin.py:154} INFO - [2023-12-24T01:51:39.767+0000] {dag.py:2941} INFO - Sync 1 DAGs
[2023-12-24T01:51:39.782+0000] {logging_mixin.py:154} INFO - [2023-12-24T01:51:39.782+0000] {dag.py:3722} INFO - Setting next_dagrun for example_task_group to 2023-12-23T01:51:39.782066+00:00, run_after=2023-12-24T01:51:39.782066+00:00
[2023-12-24T01:51:39.794+0000] {processor.py:179} INFO - Processing /home/airflow/.local/lib/python3.8/site-packages/airflow/example_dags/example_task_group.py took 0.054 seconds
[2023-12-24T01:52:09.890+0000] {processor.py:157} INFO - Started process (PID=1200) to work on /home/airflow/.local/lib/python3.8/site-packages/airflow/example_dags/example_task_group.py
[2023-12-24T01:52:09.891+0000] {processor.py:829} INFO - Processing file /home/airflow/.local/lib/python3.8/site-packages/airflow/example_dags/example_task_group.py for tasks to queue
[2023-12-24T01:52:09.892+0000] {logging_mixin.py:154} INFO - [2023-12-24T01:52:09.892+0000] {dagbag.py:536} INFO - Filling up the DagBag from /home/airflow/.local/lib/python3.8/site-packages/airflow/example_dags/example_task_group.py
[2023-12-24T01:52:09.898+0000] {processor.py:839} INFO - DAG(s) dict_keys(['example_task_group']) retrieved from /home/airflow/.local/lib/python3.8/site-packages/airflow/example_dags/example_task_group.py
[2023-12-24T01:52:09.914+0000] {logging_mixin.py:154} INFO - [2023-12-24T01:52:09.914+0000] {dag.py:2941} INFO - Sync 1 DAGs
[2023-12-24T01:52:09.928+0000] {logging_mixin.py:154} INFO - [2023-12-24T01:52:09.928+0000] {dag.py:3722} INFO - Setting next_dagrun for example_task_group to 2023-12-23T01:52:09.928272+00:00, run_after=2023-12-24T01:52:09.928272+00:00
[2023-12-24T01:52:09.941+0000] {processor.py:179} INFO - Processing /home/airflow/.local/lib/python3.8/site-packages/airflow/example_dags/example_task_group.py took 0.054 seconds
[2023-12-24T01:52:40.152+0000] {processor.py:157} INFO - Started process (PID=1255) to work on /home/airflow/.local/lib/python3.8/site-packages/airflow/example_dags/example_task_group.py
[2023-12-24T01:52:40.153+0000] {processor.py:829} INFO - Processing file /home/airflow/.local/lib/python3.8/site-packages/airflow/example_dags/example_task_group.py for tasks to queue
[2023-12-24T01:52:40.154+0000] {logging_mixin.py:154} INFO - [2023-12-24T01:52:40.154+0000] {dagbag.py:536} INFO - Filling up the DagBag from /home/airflow/.local/lib/python3.8/site-packages/airflow/example_dags/example_task_group.py
[2023-12-24T01:52:40.160+0000] {processor.py:839} INFO - DAG(s) dict_keys(['example_task_group']) retrieved from /home/airflow/.local/lib/python3.8/site-packages/airflow/example_dags/example_task_group.py
[2023-12-24T01:52:40.174+0000] {logging_mixin.py:154} INFO - [2023-12-24T01:52:40.173+0000] {dag.py:2941} INFO - Sync 1 DAGs
[2023-12-24T01:52:40.185+0000] {logging_mixin.py:154} INFO - [2023-12-24T01:52:40.185+0000] {dag.py:3722} INFO - Setting next_dagrun for example_task_group to 2023-12-23T01:52:40.185407+00:00, run_after=2023-12-24T01:52:40.185407+00:00
[2023-12-24T01:52:40.195+0000] {processor.py:179} INFO - Processing /home/airflow/.local/lib/python3.8/site-packages/airflow/example_dags/example_task_group.py took 0.045 seconds
[2023-12-24T01:53:10.402+0000] {processor.py:157} INFO - Started process (PID=1311) to work on /home/airflow/.local/lib/python3.8/site-packages/airflow/example_dags/example_task_group.py
[2023-12-24T01:53:10.403+0000] {processor.py:829} INFO - Processing file /home/airflow/.local/lib/python3.8/site-packages/airflow/example_dags/example_task_group.py for tasks to queue
[2023-12-24T01:53:10.404+0000] {logging_mixin.py:154} INFO - [2023-12-24T01:53:10.404+0000] {dagbag.py:536} INFO - Filling up the DagBag from /home/airflow/.local/lib/python3.8/site-packages/airflow/example_dags/example_task_group.py
[2023-12-24T01:53:10.409+0000] {processor.py:839} INFO - DAG(s) dict_keys(['example_task_group']) retrieved from /home/airflow/.local/lib/python3.8/site-packages/airflow/example_dags/example_task_group.py
[2023-12-24T01:53:10.422+0000] {logging_mixin.py:154} INFO - [2023-12-24T01:53:10.422+0000] {dag.py:2941} INFO - Sync 1 DAGs
[2023-12-24T01:53:10.434+0000] {logging_mixin.py:154} INFO - [2023-12-24T01:53:10.434+0000] {dag.py:3722} INFO - Setting next_dagrun for example_task_group to 2023-12-23T01:53:10.433984+00:00, run_after=2023-12-24T01:53:10.433984+00:00
[2023-12-24T01:53:10.443+0000] {processor.py:179} INFO - Processing /home/airflow/.local/lib/python3.8/site-packages/airflow/example_dags/example_task_group.py took 0.044 seconds
