[2023-12-24T00:16:11.546+0000] {processor.py:157} INFO - Started process (PID=6214) to work on /home/airflow/.local/lib/python3.8/site-packages/airflow/example_dags/example_datasets.py
[2023-12-24T00:16:11.548+0000] {processor.py:829} INFO - Processing file /home/airflow/.local/lib/python3.8/site-packages/airflow/example_dags/example_datasets.py for tasks to queue
[2023-12-24T00:16:11.552+0000] {logging_mixin.py:154} INFO - [2023-12-24T00:16:11.552+0000] {dagbag.py:536} INFO - Filling up the DagBag from /home/airflow/.local/lib/python3.8/site-packages/airflow/example_dags/example_datasets.py
[2023-12-24T00:16:11.561+0000] {processor.py:839} INFO - DAG(s) dict_keys(['dataset_consumes_unknown_never_scheduled', 'dataset_consumes_1', 'dataset_produces_2', 'dataset_consumes_1_never_scheduled', 'dataset_consumes_1_and_2', 'dataset_produces_1']) retrieved from /home/airflow/.local/lib/python3.8/site-packages/airflow/example_dags/example_datasets.py
[2023-12-24T00:16:11.599+0000] {logging_mixin.py:154} INFO - [2023-12-24T00:16:11.599+0000] {dag.py:2941} INFO - Sync 6 DAGs
[2023-12-24T00:16:11.619+0000] {logging_mixin.py:154} INFO - [2023-12-24T00:16:11.619+0000] {dag.py:3722} INFO - Setting next_dagrun for dataset_consumes_1 to None, run_after=None
[2023-12-24T00:16:11.623+0000] {logging_mixin.py:154} INFO - [2023-12-24T00:16:11.623+0000] {dag.py:3722} INFO - Setting next_dagrun for dataset_consumes_1_and_2 to None, run_after=None
[2023-12-24T00:16:11.626+0000] {logging_mixin.py:154} INFO - [2023-12-24T00:16:11.626+0000] {dag.py:3722} INFO - Setting next_dagrun for dataset_consumes_1_never_scheduled to None, run_after=None
[2023-12-24T00:16:11.628+0000] {logging_mixin.py:154} INFO - [2023-12-24T00:16:11.628+0000] {dag.py:3722} INFO - Setting next_dagrun for dataset_consumes_unknown_never_scheduled to None, run_after=None
[2023-12-24T00:16:11.631+0000] {logging_mixin.py:154} INFO - [2023-12-24T00:16:11.631+0000] {dag.py:3722} INFO - Setting next_dagrun for dataset_produces_1 to 2023-12-23T00:00:00+00:00, run_after=2023-12-24T00:00:00+00:00
[2023-12-24T00:16:11.636+0000] {logging_mixin.py:154} INFO - [2023-12-24T00:16:11.635+0000] {dag.py:3722} INFO - Setting next_dagrun for dataset_produces_2 to None, run_after=None
[2023-12-24T00:16:11.660+0000] {processor.py:179} INFO - Processing /home/airflow/.local/lib/python3.8/site-packages/airflow/example_dags/example_datasets.py took 0.118 seconds
[2023-12-24T00:16:42.088+0000] {processor.py:157} INFO - Started process (PID=6270) to work on /home/airflow/.local/lib/python3.8/site-packages/airflow/example_dags/example_datasets.py
[2023-12-24T00:16:42.089+0000] {processor.py:829} INFO - Processing file /home/airflow/.local/lib/python3.8/site-packages/airflow/example_dags/example_datasets.py for tasks to queue
[2023-12-24T00:16:42.090+0000] {logging_mixin.py:154} INFO - [2023-12-24T00:16:42.090+0000] {dagbag.py:536} INFO - Filling up the DagBag from /home/airflow/.local/lib/python3.8/site-packages/airflow/example_dags/example_datasets.py
[2023-12-24T00:16:42.096+0000] {processor.py:839} INFO - DAG(s) dict_keys(['dataset_consumes_1', 'dataset_consumes_1_never_scheduled', 'dataset_consumes_unknown_never_scheduled', 'dataset_produces_2', 'dataset_produces_1', 'dataset_consumes_1_and_2']) retrieved from /home/airflow/.local/lib/python3.8/site-packages/airflow/example_dags/example_datasets.py
[2023-12-24T00:16:42.117+0000] {logging_mixin.py:154} INFO - [2023-12-24T00:16:42.117+0000] {dag.py:2941} INFO - Sync 6 DAGs
[2023-12-24T00:16:42.129+0000] {logging_mixin.py:154} INFO - [2023-12-24T00:16:42.129+0000] {dag.py:3722} INFO - Setting next_dagrun for dataset_consumes_1 to None, run_after=None
[2023-12-24T00:16:42.132+0000] {logging_mixin.py:154} INFO - [2023-12-24T00:16:42.132+0000] {dag.py:3722} INFO - Setting next_dagrun for dataset_consumes_1_and_2 to None, run_after=None
[2023-12-24T00:16:42.133+0000] {logging_mixin.py:154} INFO - [2023-12-24T00:16:42.133+0000] {dag.py:3722} INFO - Setting next_dagrun for dataset_consumes_1_never_scheduled to None, run_after=None
[2023-12-24T00:16:42.134+0000] {logging_mixin.py:154} INFO - [2023-12-24T00:16:42.134+0000] {dag.py:3722} INFO - Setting next_dagrun for dataset_consumes_unknown_never_scheduled to None, run_after=None
[2023-12-24T00:16:42.137+0000] {logging_mixin.py:154} INFO - [2023-12-24T00:16:42.137+0000] {dag.py:3722} INFO - Setting next_dagrun for dataset_produces_1 to 2023-12-23T00:00:00+00:00, run_after=2023-12-24T00:00:00+00:00
[2023-12-24T00:16:42.138+0000] {logging_mixin.py:154} INFO - [2023-12-24T00:16:42.138+0000] {dag.py:3722} INFO - Setting next_dagrun for dataset_produces_2 to None, run_after=None
[2023-12-24T00:16:42.154+0000] {processor.py:179} INFO - Processing /home/airflow/.local/lib/python3.8/site-packages/airflow/example_dags/example_datasets.py took 0.069 seconds
[2023-12-24T00:33:50.929+0000] {processor.py:157} INFO - Started process (PID=6326) to work on /home/airflow/.local/lib/python3.8/site-packages/airflow/example_dags/example_datasets.py
[2023-12-24T00:33:50.931+0000] {processor.py:829} INFO - Processing file /home/airflow/.local/lib/python3.8/site-packages/airflow/example_dags/example_datasets.py for tasks to queue
[2023-12-24T00:33:50.935+0000] {logging_mixin.py:154} INFO - [2023-12-24T00:33:50.934+0000] {dagbag.py:536} INFO - Filling up the DagBag from /home/airflow/.local/lib/python3.8/site-packages/airflow/example_dags/example_datasets.py
[2023-12-24T00:33:50.946+0000] {processor.py:839} INFO - DAG(s) dict_keys(['dataset_produces_2', 'dataset_consumes_1_and_2', 'dataset_consumes_unknown_never_scheduled', 'dataset_produces_1', 'dataset_consumes_1_never_scheduled', 'dataset_consumes_1']) retrieved from /home/airflow/.local/lib/python3.8/site-packages/airflow/example_dags/example_datasets.py
[2023-12-24T00:33:50.971+0000] {logging_mixin.py:154} INFO - [2023-12-24T00:33:50.970+0000] {dag.py:2941} INFO - Sync 6 DAGs
[2023-12-24T00:33:50.984+0000] {logging_mixin.py:154} INFO - [2023-12-24T00:33:50.984+0000] {dag.py:3722} INFO - Setting next_dagrun for dataset_consumes_1 to None, run_after=None
[2023-12-24T00:33:50.988+0000] {logging_mixin.py:154} INFO - [2023-12-24T00:33:50.988+0000] {dag.py:3722} INFO - Setting next_dagrun for dataset_consumes_1_and_2 to None, run_after=None
[2023-12-24T00:33:50.990+0000] {logging_mixin.py:154} INFO - [2023-12-24T00:33:50.990+0000] {dag.py:3722} INFO - Setting next_dagrun for dataset_consumes_1_never_scheduled to None, run_after=None
[2023-12-24T00:33:50.991+0000] {logging_mixin.py:154} INFO - [2023-12-24T00:33:50.991+0000] {dag.py:3722} INFO - Setting next_dagrun for dataset_consumes_unknown_never_scheduled to None, run_after=None
[2023-12-24T00:33:50.994+0000] {logging_mixin.py:154} INFO - [2023-12-24T00:33:50.993+0000] {dag.py:3722} INFO - Setting next_dagrun for dataset_produces_1 to 2023-12-23T00:00:00+00:00, run_after=2023-12-24T00:00:00+00:00
[2023-12-24T00:33:50.995+0000] {logging_mixin.py:154} INFO - [2023-12-24T00:33:50.995+0000] {dag.py:3722} INFO - Setting next_dagrun for dataset_produces_2 to None, run_after=None
[2023-12-24T00:33:51.013+0000] {processor.py:179} INFO - Processing /home/airflow/.local/lib/python3.8/site-packages/airflow/example_dags/example_datasets.py took 0.088 seconds
[2023-12-24T00:34:21.210+0000] {processor.py:157} INFO - Started process (PID=6382) to work on /home/airflow/.local/lib/python3.8/site-packages/airflow/example_dags/example_datasets.py
[2023-12-24T00:34:21.211+0000] {processor.py:829} INFO - Processing file /home/airflow/.local/lib/python3.8/site-packages/airflow/example_dags/example_datasets.py for tasks to queue
[2023-12-24T00:34:21.213+0000] {logging_mixin.py:154} INFO - [2023-12-24T00:34:21.212+0000] {dagbag.py:536} INFO - Filling up the DagBag from /home/airflow/.local/lib/python3.8/site-packages/airflow/example_dags/example_datasets.py
[2023-12-24T00:34:21.219+0000] {processor.py:839} INFO - DAG(s) dict_keys(['dataset_consumes_1_never_scheduled', 'dataset_consumes_unknown_never_scheduled', 'dataset_consumes_1', 'dataset_consumes_1_and_2', 'dataset_produces_2', 'dataset_produces_1']) retrieved from /home/airflow/.local/lib/python3.8/site-packages/airflow/example_dags/example_datasets.py
[2023-12-24T00:34:21.239+0000] {logging_mixin.py:154} INFO - [2023-12-24T00:34:21.239+0000] {dag.py:2941} INFO - Sync 6 DAGs
[2023-12-24T00:34:21.251+0000] {logging_mixin.py:154} INFO - [2023-12-24T00:34:21.251+0000] {dag.py:3722} INFO - Setting next_dagrun for dataset_consumes_1 to None, run_after=None
[2023-12-24T00:34:21.254+0000] {logging_mixin.py:154} INFO - [2023-12-24T00:34:21.253+0000] {dag.py:3722} INFO - Setting next_dagrun for dataset_consumes_1_and_2 to None, run_after=None
[2023-12-24T00:34:21.255+0000] {logging_mixin.py:154} INFO - [2023-12-24T00:34:21.255+0000] {dag.py:3722} INFO - Setting next_dagrun for dataset_consumes_1_never_scheduled to None, run_after=None
[2023-12-24T00:34:21.256+0000] {logging_mixin.py:154} INFO - [2023-12-24T00:34:21.256+0000] {dag.py:3722} INFO - Setting next_dagrun for dataset_consumes_unknown_never_scheduled to None, run_after=None
[2023-12-24T00:34:21.258+0000] {logging_mixin.py:154} INFO - [2023-12-24T00:34:21.258+0000] {dag.py:3722} INFO - Setting next_dagrun for dataset_produces_1 to 2023-12-23T00:00:00+00:00, run_after=2023-12-24T00:00:00+00:00
[2023-12-24T00:34:21.259+0000] {logging_mixin.py:154} INFO - [2023-12-24T00:34:21.259+0000] {dag.py:3722} INFO - Setting next_dagrun for dataset_produces_2 to None, run_after=None
[2023-12-24T00:34:21.275+0000] {processor.py:179} INFO - Processing /home/airflow/.local/lib/python3.8/site-packages/airflow/example_dags/example_datasets.py took 0.067 seconds
[2023-12-24T00:51:36.233+0000] {processor.py:157} INFO - Started process (PID=6437) to work on /home/airflow/.local/lib/python3.8/site-packages/airflow/example_dags/example_datasets.py
[2023-12-24T00:51:36.234+0000] {processor.py:829} INFO - Processing file /home/airflow/.local/lib/python3.8/site-packages/airflow/example_dags/example_datasets.py for tasks to queue
[2023-12-24T00:51:36.236+0000] {logging_mixin.py:154} INFO - [2023-12-24T00:51:36.236+0000] {dagbag.py:536} INFO - Filling up the DagBag from /home/airflow/.local/lib/python3.8/site-packages/airflow/example_dags/example_datasets.py
[2023-12-24T00:51:36.248+0000] {processor.py:839} INFO - DAG(s) dict_keys(['dataset_produces_1', 'dataset_consumes_unknown_never_scheduled', 'dataset_consumes_1', 'dataset_consumes_1_and_2', 'dataset_consumes_1_never_scheduled', 'dataset_produces_2']) retrieved from /home/airflow/.local/lib/python3.8/site-packages/airflow/example_dags/example_datasets.py
[2023-12-24T00:51:36.276+0000] {logging_mixin.py:154} INFO - [2023-12-24T00:51:36.275+0000] {dag.py:2941} INFO - Sync 6 DAGs
[2023-12-24T00:51:36.294+0000] {logging_mixin.py:154} INFO - [2023-12-24T00:51:36.294+0000] {dag.py:3722} INFO - Setting next_dagrun for dataset_consumes_1 to None, run_after=None
[2023-12-24T00:51:36.297+0000] {logging_mixin.py:154} INFO - [2023-12-24T00:51:36.297+0000] {dag.py:3722} INFO - Setting next_dagrun for dataset_consumes_1_and_2 to None, run_after=None
[2023-12-24T00:51:36.299+0000] {logging_mixin.py:154} INFO - [2023-12-24T00:51:36.299+0000] {dag.py:3722} INFO - Setting next_dagrun for dataset_consumes_1_never_scheduled to None, run_after=None
[2023-12-24T00:51:36.301+0000] {logging_mixin.py:154} INFO - [2023-12-24T00:51:36.301+0000] {dag.py:3722} INFO - Setting next_dagrun for dataset_consumes_unknown_never_scheduled to None, run_after=None
[2023-12-24T00:51:36.303+0000] {logging_mixin.py:154} INFO - [2023-12-24T00:51:36.303+0000] {dag.py:3722} INFO - Setting next_dagrun for dataset_produces_1 to 2023-12-23T00:00:00+00:00, run_after=2023-12-24T00:00:00+00:00
[2023-12-24T00:51:36.305+0000] {logging_mixin.py:154} INFO - [2023-12-24T00:51:36.305+0000] {dag.py:3722} INFO - Setting next_dagrun for dataset_produces_2 to None, run_after=None
[2023-12-24T00:51:36.327+0000] {processor.py:179} INFO - Processing /home/airflow/.local/lib/python3.8/site-packages/airflow/example_dags/example_datasets.py took 0.097 seconds
[2023-12-24T00:52:06.765+0000] {processor.py:157} INFO - Started process (PID=6492) to work on /home/airflow/.local/lib/python3.8/site-packages/airflow/example_dags/example_datasets.py
[2023-12-24T00:52:06.767+0000] {processor.py:829} INFO - Processing file /home/airflow/.local/lib/python3.8/site-packages/airflow/example_dags/example_datasets.py for tasks to queue
[2023-12-24T00:52:06.769+0000] {logging_mixin.py:154} INFO - [2023-12-24T00:52:06.768+0000] {dagbag.py:536} INFO - Filling up the DagBag from /home/airflow/.local/lib/python3.8/site-packages/airflow/example_dags/example_datasets.py
[2023-12-24T00:52:06.775+0000] {processor.py:839} INFO - DAG(s) dict_keys(['dataset_consumes_1_and_2', 'dataset_consumes_1_never_scheduled', 'dataset_produces_1', 'dataset_consumes_1', 'dataset_consumes_unknown_never_scheduled', 'dataset_produces_2']) retrieved from /home/airflow/.local/lib/python3.8/site-packages/airflow/example_dags/example_datasets.py
[2023-12-24T00:52:06.795+0000] {logging_mixin.py:154} INFO - [2023-12-24T00:52:06.795+0000] {dag.py:2941} INFO - Sync 6 DAGs
[2023-12-24T00:52:06.806+0000] {logging_mixin.py:154} INFO - [2023-12-24T00:52:06.806+0000] {dag.py:3722} INFO - Setting next_dagrun for dataset_consumes_1 to None, run_after=None
[2023-12-24T00:52:06.809+0000] {logging_mixin.py:154} INFO - [2023-12-24T00:52:06.809+0000] {dag.py:3722} INFO - Setting next_dagrun for dataset_consumes_1_and_2 to None, run_after=None
[2023-12-24T00:52:06.811+0000] {logging_mixin.py:154} INFO - [2023-12-24T00:52:06.811+0000] {dag.py:3722} INFO - Setting next_dagrun for dataset_consumes_1_never_scheduled to None, run_after=None
[2023-12-24T00:52:06.812+0000] {logging_mixin.py:154} INFO - [2023-12-24T00:52:06.812+0000] {dag.py:3722} INFO - Setting next_dagrun for dataset_consumes_unknown_never_scheduled to None, run_after=None
[2023-12-24T00:52:06.814+0000] {logging_mixin.py:154} INFO - [2023-12-24T00:52:06.814+0000] {dag.py:3722} INFO - Setting next_dagrun for dataset_produces_1 to 2023-12-23T00:00:00+00:00, run_after=2023-12-24T00:00:00+00:00
[2023-12-24T00:52:06.815+0000] {logging_mixin.py:154} INFO - [2023-12-24T00:52:06.815+0000] {dag.py:3722} INFO - Setting next_dagrun for dataset_produces_2 to None, run_after=None
[2023-12-24T00:52:06.831+0000] {processor.py:179} INFO - Processing /home/airflow/.local/lib/python3.8/site-packages/airflow/example_dags/example_datasets.py took 0.069 seconds
[2023-12-24T01:08:53.108+0000] {processor.py:157} INFO - Started process (PID=6547) to work on /home/airflow/.local/lib/python3.8/site-packages/airflow/example_dags/example_datasets.py
[2023-12-24T01:08:53.110+0000] {processor.py:829} INFO - Processing file /home/airflow/.local/lib/python3.8/site-packages/airflow/example_dags/example_datasets.py for tasks to queue
[2023-12-24T01:08:53.112+0000] {logging_mixin.py:154} INFO - [2023-12-24T01:08:53.112+0000] {dagbag.py:536} INFO - Filling up the DagBag from /home/airflow/.local/lib/python3.8/site-packages/airflow/example_dags/example_datasets.py
[2023-12-24T01:08:53.118+0000] {processor.py:839} INFO - DAG(s) dict_keys(['dataset_consumes_1_never_scheduled', 'dataset_consumes_1_and_2', 'dataset_consumes_1', 'dataset_produces_2', 'dataset_consumes_unknown_never_scheduled', 'dataset_produces_1']) retrieved from /home/airflow/.local/lib/python3.8/site-packages/airflow/example_dags/example_datasets.py
[2023-12-24T01:08:53.138+0000] {logging_mixin.py:154} INFO - [2023-12-24T01:08:53.138+0000] {dag.py:2941} INFO - Sync 6 DAGs
[2023-12-24T01:08:53.151+0000] {logging_mixin.py:154} INFO - [2023-12-24T01:08:53.151+0000] {dag.py:3722} INFO - Setting next_dagrun for dataset_consumes_1 to None, run_after=None
[2023-12-24T01:08:53.153+0000] {logging_mixin.py:154} INFO - [2023-12-24T01:08:53.153+0000] {dag.py:3722} INFO - Setting next_dagrun for dataset_consumes_1_and_2 to None, run_after=None
[2023-12-24T01:08:53.155+0000] {logging_mixin.py:154} INFO - [2023-12-24T01:08:53.155+0000] {dag.py:3722} INFO - Setting next_dagrun for dataset_consumes_1_never_scheduled to None, run_after=None
[2023-12-24T01:08:53.156+0000] {logging_mixin.py:154} INFO - [2023-12-24T01:08:53.156+0000] {dag.py:3722} INFO - Setting next_dagrun for dataset_consumes_unknown_never_scheduled to None, run_after=None
[2023-12-24T01:08:53.159+0000] {logging_mixin.py:154} INFO - [2023-12-24T01:08:53.159+0000] {dag.py:3722} INFO - Setting next_dagrun for dataset_produces_1 to 2023-12-23T00:00:00+00:00, run_after=2023-12-24T00:00:00+00:00
[2023-12-24T01:08:53.160+0000] {logging_mixin.py:154} INFO - [2023-12-24T01:08:53.160+0000] {dag.py:3722} INFO - Setting next_dagrun for dataset_produces_2 to None, run_after=None
[2023-12-24T01:08:53.176+0000] {processor.py:179} INFO - Processing /home/airflow/.local/lib/python3.8/site-packages/airflow/example_dags/example_datasets.py took 0.070 seconds
[2023-12-24T01:26:17.277+0000] {processor.py:157} INFO - Started process (PID=6603) to work on /home/airflow/.local/lib/python3.8/site-packages/airflow/example_dags/example_datasets.py
[2023-12-24T01:26:17.278+0000] {processor.py:829} INFO - Processing file /home/airflow/.local/lib/python3.8/site-packages/airflow/example_dags/example_datasets.py for tasks to queue
[2023-12-24T01:26:17.280+0000] {logging_mixin.py:154} INFO - [2023-12-24T01:26:17.279+0000] {dagbag.py:536} INFO - Filling up the DagBag from /home/airflow/.local/lib/python3.8/site-packages/airflow/example_dags/example_datasets.py
[2023-12-24T01:26:17.286+0000] {processor.py:839} INFO - DAG(s) dict_keys(['dataset_consumes_1_never_scheduled', 'dataset_produces_1', 'dataset_consumes_unknown_never_scheduled', 'dataset_consumes_1', 'dataset_produces_2', 'dataset_consumes_1_and_2']) retrieved from /home/airflow/.local/lib/python3.8/site-packages/airflow/example_dags/example_datasets.py
[2023-12-24T01:26:17.306+0000] {logging_mixin.py:154} INFO - [2023-12-24T01:26:17.306+0000] {dag.py:2941} INFO - Sync 6 DAGs
[2023-12-24T01:26:17.318+0000] {logging_mixin.py:154} INFO - [2023-12-24T01:26:17.318+0000] {dag.py:3722} INFO - Setting next_dagrun for dataset_consumes_1 to None, run_after=None
[2023-12-24T01:26:17.320+0000] {logging_mixin.py:154} INFO - [2023-12-24T01:26:17.320+0000] {dag.py:3722} INFO - Setting next_dagrun for dataset_consumes_1_and_2 to None, run_after=None
[2023-12-24T01:26:17.322+0000] {logging_mixin.py:154} INFO - [2023-12-24T01:26:17.321+0000] {dag.py:3722} INFO - Setting next_dagrun for dataset_consumes_1_never_scheduled to None, run_after=None
[2023-12-24T01:26:17.323+0000] {logging_mixin.py:154} INFO - [2023-12-24T01:26:17.323+0000] {dag.py:3722} INFO - Setting next_dagrun for dataset_consumes_unknown_never_scheduled to None, run_after=None
[2023-12-24T01:26:17.325+0000] {logging_mixin.py:154} INFO - [2023-12-24T01:26:17.324+0000] {dag.py:3722} INFO - Setting next_dagrun for dataset_produces_1 to 2023-12-23T00:00:00+00:00, run_after=2023-12-24T00:00:00+00:00
[2023-12-24T01:26:17.326+0000] {logging_mixin.py:154} INFO - [2023-12-24T01:26:17.326+0000] {dag.py:3722} INFO - Setting next_dagrun for dataset_produces_2 to None, run_after=None
[2023-12-24T01:26:17.341+0000] {processor.py:179} INFO - Processing /home/airflow/.local/lib/python3.8/site-packages/airflow/example_dags/example_datasets.py took 0.067 seconds
[2023-12-24T01:26:47.563+0000] {processor.py:157} INFO - Started process (PID=6659) to work on /home/airflow/.local/lib/python3.8/site-packages/airflow/example_dags/example_datasets.py
[2023-12-24T01:26:47.564+0000] {processor.py:829} INFO - Processing file /home/airflow/.local/lib/python3.8/site-packages/airflow/example_dags/example_datasets.py for tasks to queue
[2023-12-24T01:26:47.566+0000] {logging_mixin.py:154} INFO - [2023-12-24T01:26:47.566+0000] {dagbag.py:536} INFO - Filling up the DagBag from /home/airflow/.local/lib/python3.8/site-packages/airflow/example_dags/example_datasets.py
[2023-12-24T01:26:47.573+0000] {processor.py:839} INFO - DAG(s) dict_keys(['dataset_consumes_1_and_2', 'dataset_consumes_1', 'dataset_produces_2', 'dataset_produces_1', 'dataset_consumes_1_never_scheduled', 'dataset_consumes_unknown_never_scheduled']) retrieved from /home/airflow/.local/lib/python3.8/site-packages/airflow/example_dags/example_datasets.py
[2023-12-24T01:26:47.593+0000] {logging_mixin.py:154} INFO - [2023-12-24T01:26:47.592+0000] {dag.py:2941} INFO - Sync 6 DAGs
[2023-12-24T01:26:47.605+0000] {logging_mixin.py:154} INFO - [2023-12-24T01:26:47.605+0000] {dag.py:3722} INFO - Setting next_dagrun for dataset_consumes_1 to None, run_after=None
[2023-12-24T01:26:47.608+0000] {logging_mixin.py:154} INFO - [2023-12-24T01:26:47.608+0000] {dag.py:3722} INFO - Setting next_dagrun for dataset_consumes_1_and_2 to None, run_after=None
[2023-12-24T01:26:47.609+0000] {logging_mixin.py:154} INFO - [2023-12-24T01:26:47.609+0000] {dag.py:3722} INFO - Setting next_dagrun for dataset_consumes_1_never_scheduled to None, run_after=None
[2023-12-24T01:26:47.610+0000] {logging_mixin.py:154} INFO - [2023-12-24T01:26:47.610+0000] {dag.py:3722} INFO - Setting next_dagrun for dataset_consumes_unknown_never_scheduled to None, run_after=None
[2023-12-24T01:26:47.612+0000] {logging_mixin.py:154} INFO - [2023-12-24T01:26:47.612+0000] {dag.py:3722} INFO - Setting next_dagrun for dataset_produces_1 to 2023-12-23T00:00:00+00:00, run_after=2023-12-24T00:00:00+00:00
[2023-12-24T01:26:47.613+0000] {logging_mixin.py:154} INFO - [2023-12-24T01:26:47.613+0000] {dag.py:3722} INFO - Setting next_dagrun for dataset_produces_2 to None, run_after=None
[2023-12-24T01:26:47.630+0000] {processor.py:179} INFO - Processing /home/airflow/.local/lib/python3.8/site-packages/airflow/example_dags/example_datasets.py took 0.070 seconds
[2023-12-24T01:39:27.083+0000] {processor.py:157} INFO - Started process (PID=6716) to work on /home/airflow/.local/lib/python3.8/site-packages/airflow/example_dags/example_datasets.py
[2023-12-24T01:39:27.085+0000] {processor.py:829} INFO - Processing file /home/airflow/.local/lib/python3.8/site-packages/airflow/example_dags/example_datasets.py for tasks to queue
[2023-12-24T01:39:27.087+0000] {logging_mixin.py:154} INFO - [2023-12-24T01:39:27.087+0000] {dagbag.py:536} INFO - Filling up the DagBag from /home/airflow/.local/lib/python3.8/site-packages/airflow/example_dags/example_datasets.py
[2023-12-24T01:39:27.094+0000] {processor.py:839} INFO - DAG(s) dict_keys(['dataset_consumes_unknown_never_scheduled', 'dataset_consumes_1_and_2', 'dataset_consumes_1', 'dataset_produces_2', 'dataset_consumes_1_never_scheduled', 'dataset_produces_1']) retrieved from /home/airflow/.local/lib/python3.8/site-packages/airflow/example_dags/example_datasets.py
[2023-12-24T01:39:27.135+0000] {logging_mixin.py:154} INFO - [2023-12-24T01:39:27.135+0000] {dag.py:2941} INFO - Sync 6 DAGs
[2023-12-24T01:39:27.164+0000] {logging_mixin.py:154} INFO - [2023-12-24T01:39:27.164+0000] {dag.py:3722} INFO - Setting next_dagrun for dataset_consumes_1 to None, run_after=None
[2023-12-24T01:39:27.172+0000] {logging_mixin.py:154} INFO - [2023-12-24T01:39:27.172+0000] {dag.py:3722} INFO - Setting next_dagrun for dataset_consumes_1_and_2 to None, run_after=None
[2023-12-24T01:39:27.173+0000] {logging_mixin.py:154} INFO - [2023-12-24T01:39:27.173+0000] {dag.py:3722} INFO - Setting next_dagrun for dataset_consumes_1_never_scheduled to None, run_after=None
[2023-12-24T01:39:27.174+0000] {logging_mixin.py:154} INFO - [2023-12-24T01:39:27.174+0000] {dag.py:3722} INFO - Setting next_dagrun for dataset_consumes_unknown_never_scheduled to None, run_after=None
[2023-12-24T01:39:27.176+0000] {logging_mixin.py:154} INFO - [2023-12-24T01:39:27.176+0000] {dag.py:3722} INFO - Setting next_dagrun for dataset_produces_1 to 2023-12-23T00:00:00+00:00, run_after=2023-12-24T00:00:00+00:00
[2023-12-24T01:39:27.212+0000] {logging_mixin.py:154} INFO - [2023-12-24T01:39:27.212+0000] {dag.py:3722} INFO - Setting next_dagrun for dataset_produces_2 to None, run_after=None
[2023-12-24T01:39:27.229+0000] {processor.py:179} INFO - Processing /home/airflow/.local/lib/python3.8/site-packages/airflow/example_dags/example_datasets.py took 0.149 seconds
[2023-12-24T01:39:57.418+0000] {processor.py:157} INFO - Started process (PID=6771) to work on /home/airflow/.local/lib/python3.8/site-packages/airflow/example_dags/example_datasets.py
[2023-12-24T01:39:57.419+0000] {processor.py:829} INFO - Processing file /home/airflow/.local/lib/python3.8/site-packages/airflow/example_dags/example_datasets.py for tasks to queue
[2023-12-24T01:39:57.422+0000] {logging_mixin.py:154} INFO - [2023-12-24T01:39:57.422+0000] {dagbag.py:536} INFO - Filling up the DagBag from /home/airflow/.local/lib/python3.8/site-packages/airflow/example_dags/example_datasets.py
[2023-12-24T01:39:57.429+0000] {processor.py:839} INFO - DAG(s) dict_keys(['dataset_consumes_1_and_2', 'dataset_consumes_unknown_never_scheduled', 'dataset_produces_1', 'dataset_consumes_1', 'dataset_consumes_1_never_scheduled', 'dataset_produces_2']) retrieved from /home/airflow/.local/lib/python3.8/site-packages/airflow/example_dags/example_datasets.py
[2023-12-24T01:39:57.452+0000] {logging_mixin.py:154} INFO - [2023-12-24T01:39:57.452+0000] {dag.py:2941} INFO - Sync 6 DAGs
[2023-12-24T01:39:57.465+0000] {logging_mixin.py:154} INFO - [2023-12-24T01:39:57.465+0000] {dag.py:3722} INFO - Setting next_dagrun for dataset_consumes_1 to None, run_after=None
[2023-12-24T01:39:57.467+0000] {logging_mixin.py:154} INFO - [2023-12-24T01:39:57.467+0000] {dag.py:3722} INFO - Setting next_dagrun for dataset_consumes_1_and_2 to None, run_after=None
[2023-12-24T01:39:57.469+0000] {logging_mixin.py:154} INFO - [2023-12-24T01:39:57.469+0000] {dag.py:3722} INFO - Setting next_dagrun for dataset_consumes_1_never_scheduled to None, run_after=None
[2023-12-24T01:39:57.470+0000] {logging_mixin.py:154} INFO - [2023-12-24T01:39:57.470+0000] {dag.py:3722} INFO - Setting next_dagrun for dataset_consumes_unknown_never_scheduled to None, run_after=None
[2023-12-24T01:39:57.473+0000] {logging_mixin.py:154} INFO - [2023-12-24T01:39:57.473+0000] {dag.py:3722} INFO - Setting next_dagrun for dataset_produces_1 to 2023-12-23T00:00:00+00:00, run_after=2023-12-24T00:00:00+00:00
[2023-12-24T01:39:57.475+0000] {logging_mixin.py:154} INFO - [2023-12-24T01:39:57.475+0000] {dag.py:3722} INFO - Setting next_dagrun for dataset_produces_2 to None, run_after=None
[2023-12-24T01:39:57.494+0000] {processor.py:179} INFO - Processing /home/airflow/.local/lib/python3.8/site-packages/airflow/example_dags/example_datasets.py took 0.078 seconds
[2023-12-24T01:40:27.729+0000] {processor.py:157} INFO - Started process (PID=6826) to work on /home/airflow/.local/lib/python3.8/site-packages/airflow/example_dags/example_datasets.py
[2023-12-24T01:40:27.730+0000] {processor.py:829} INFO - Processing file /home/airflow/.local/lib/python3.8/site-packages/airflow/example_dags/example_datasets.py for tasks to queue
[2023-12-24T01:40:27.732+0000] {logging_mixin.py:154} INFO - [2023-12-24T01:40:27.732+0000] {dagbag.py:536} INFO - Filling up the DagBag from /home/airflow/.local/lib/python3.8/site-packages/airflow/example_dags/example_datasets.py
[2023-12-24T01:40:27.738+0000] {processor.py:839} INFO - DAG(s) dict_keys(['dataset_consumes_1_never_scheduled', 'dataset_produces_1', 'dataset_consumes_unknown_never_scheduled', 'dataset_consumes_1', 'dataset_produces_2', 'dataset_consumes_1_and_2']) retrieved from /home/airflow/.local/lib/python3.8/site-packages/airflow/example_dags/example_datasets.py
[2023-12-24T01:40:27.758+0000] {logging_mixin.py:154} INFO - [2023-12-24T01:40:27.758+0000] {dag.py:2941} INFO - Sync 6 DAGs
[2023-12-24T01:40:27.771+0000] {logging_mixin.py:154} INFO - [2023-12-24T01:40:27.771+0000] {dag.py:3722} INFO - Setting next_dagrun for dataset_consumes_1 to None, run_after=None
[2023-12-24T01:40:27.773+0000] {logging_mixin.py:154} INFO - [2023-12-24T01:40:27.773+0000] {dag.py:3722} INFO - Setting next_dagrun for dataset_consumes_1_and_2 to None, run_after=None
[2023-12-24T01:40:27.774+0000] {logging_mixin.py:154} INFO - [2023-12-24T01:40:27.774+0000] {dag.py:3722} INFO - Setting next_dagrun for dataset_consumes_1_never_scheduled to None, run_after=None
[2023-12-24T01:40:27.775+0000] {logging_mixin.py:154} INFO - [2023-12-24T01:40:27.775+0000] {dag.py:3722} INFO - Setting next_dagrun for dataset_consumes_unknown_never_scheduled to None, run_after=None
[2023-12-24T01:40:27.778+0000] {logging_mixin.py:154} INFO - [2023-12-24T01:40:27.777+0000] {dag.py:3722} INFO - Setting next_dagrun for dataset_produces_1 to 2023-12-23T00:00:00+00:00, run_after=2023-12-24T00:00:00+00:00
[2023-12-24T01:40:27.779+0000] {logging_mixin.py:154} INFO - [2023-12-24T01:40:27.779+0000] {dag.py:3722} INFO - Setting next_dagrun for dataset_produces_2 to None, run_after=None
[2023-12-24T01:40:27.796+0000] {processor.py:179} INFO - Processing /home/airflow/.local/lib/python3.8/site-packages/airflow/example_dags/example_datasets.py took 0.070 seconds
[2023-12-24T01:41:30.226+0000] {processor.py:157} INFO - Started process (PID=53) to work on /home/airflow/.local/lib/python3.8/site-packages/airflow/example_dags/example_datasets.py
[2023-12-24T01:41:30.228+0000] {processor.py:829} INFO - Processing file /home/airflow/.local/lib/python3.8/site-packages/airflow/example_dags/example_datasets.py for tasks to queue
[2023-12-24T01:41:30.230+0000] {logging_mixin.py:154} INFO - [2023-12-24T01:41:30.230+0000] {dagbag.py:536} INFO - Filling up the DagBag from /home/airflow/.local/lib/python3.8/site-packages/airflow/example_dags/example_datasets.py
[2023-12-24T01:41:30.241+0000] {processor.py:839} INFO - DAG(s) dict_keys(['dataset_produces_1', 'dataset_consumes_1_never_scheduled', 'dataset_consumes_unknown_never_scheduled', 'dataset_consumes_1', 'dataset_produces_2', 'dataset_consumes_1_and_2']) retrieved from /home/airflow/.local/lib/python3.8/site-packages/airflow/example_dags/example_datasets.py
[2023-12-24T01:41:30.254+0000] {logging_mixin.py:154} INFO - [2023-12-24T01:41:30.254+0000] {dag.py:2941} INFO - Sync 6 DAGs
[2023-12-24T01:41:30.275+0000] {logging_mixin.py:154} INFO - [2023-12-24T01:41:30.275+0000] {dag.py:3722} INFO - Setting next_dagrun for dataset_consumes_1 to None, run_after=None
[2023-12-24T01:41:30.280+0000] {logging_mixin.py:154} INFO - [2023-12-24T01:41:30.280+0000] {dag.py:3722} INFO - Setting next_dagrun for dataset_consumes_1_and_2 to None, run_after=None
[2023-12-24T01:41:30.283+0000] {logging_mixin.py:154} INFO - [2023-12-24T01:41:30.283+0000] {dag.py:3722} INFO - Setting next_dagrun for dataset_consumes_1_never_scheduled to None, run_after=None
[2023-12-24T01:41:30.285+0000] {logging_mixin.py:154} INFO - [2023-12-24T01:41:30.285+0000] {dag.py:3722} INFO - Setting next_dagrun for dataset_consumes_unknown_never_scheduled to None, run_after=None
[2023-12-24T01:41:30.290+0000] {logging_mixin.py:154} INFO - [2023-12-24T01:41:30.290+0000] {dag.py:3722} INFO - Setting next_dagrun for dataset_produces_1 to 2023-12-23T00:00:00+00:00, run_after=2023-12-24T00:00:00+00:00
[2023-12-24T01:41:30.292+0000] {logging_mixin.py:154} INFO - [2023-12-24T01:41:30.292+0000] {dag.py:3722} INFO - Setting next_dagrun for dataset_produces_2 to None, run_after=None
[2023-12-24T01:41:30.320+0000] {processor.py:179} INFO - Processing /home/airflow/.local/lib/python3.8/site-packages/airflow/example_dags/example_datasets.py took 0.097 seconds
[2023-12-24T01:42:00.830+0000] {processor.py:157} INFO - Started process (PID=109) to work on /home/airflow/.local/lib/python3.8/site-packages/airflow/example_dags/example_datasets.py
[2023-12-24T01:42:00.831+0000] {processor.py:829} INFO - Processing file /home/airflow/.local/lib/python3.8/site-packages/airflow/example_dags/example_datasets.py for tasks to queue
[2023-12-24T01:42:00.833+0000] {logging_mixin.py:154} INFO - [2023-12-24T01:42:00.833+0000] {dagbag.py:536} INFO - Filling up the DagBag from /home/airflow/.local/lib/python3.8/site-packages/airflow/example_dags/example_datasets.py
[2023-12-24T01:42:00.838+0000] {processor.py:839} INFO - DAG(s) dict_keys(['dataset_consumes_unknown_never_scheduled', 'dataset_produces_2', 'dataset_consumes_1_and_2', 'dataset_produces_1', 'dataset_consumes_1', 'dataset_consumes_1_never_scheduled']) retrieved from /home/airflow/.local/lib/python3.8/site-packages/airflow/example_dags/example_datasets.py
[2023-12-24T01:42:00.859+0000] {logging_mixin.py:154} INFO - [2023-12-24T01:42:00.858+0000] {dag.py:2941} INFO - Sync 6 DAGs
[2023-12-24T01:42:00.871+0000] {logging_mixin.py:154} INFO - [2023-12-24T01:42:00.871+0000] {dag.py:3722} INFO - Setting next_dagrun for dataset_consumes_1 to None, run_after=None
[2023-12-24T01:42:00.874+0000] {logging_mixin.py:154} INFO - [2023-12-24T01:42:00.874+0000] {dag.py:3722} INFO - Setting next_dagrun for dataset_consumes_1_and_2 to None, run_after=None
[2023-12-24T01:42:00.875+0000] {logging_mixin.py:154} INFO - [2023-12-24T01:42:00.875+0000] {dag.py:3722} INFO - Setting next_dagrun for dataset_consumes_1_never_scheduled to None, run_after=None
[2023-12-24T01:42:00.877+0000] {logging_mixin.py:154} INFO - [2023-12-24T01:42:00.876+0000] {dag.py:3722} INFO - Setting next_dagrun for dataset_consumes_unknown_never_scheduled to None, run_after=None
[2023-12-24T01:42:00.879+0000] {logging_mixin.py:154} INFO - [2023-12-24T01:42:00.878+0000] {dag.py:3722} INFO - Setting next_dagrun for dataset_produces_1 to 2023-12-23T00:00:00+00:00, run_after=2023-12-24T00:00:00+00:00
[2023-12-24T01:42:00.880+0000] {logging_mixin.py:154} INFO - [2023-12-24T01:42:00.880+0000] {dag.py:3722} INFO - Setting next_dagrun for dataset_produces_2 to None, run_after=None
[2023-12-24T01:42:00.897+0000] {processor.py:179} INFO - Processing /home/airflow/.local/lib/python3.8/site-packages/airflow/example_dags/example_datasets.py took 0.070 seconds
[2023-12-24T01:42:31.037+0000] {processor.py:157} INFO - Started process (PID=164) to work on /home/airflow/.local/lib/python3.8/site-packages/airflow/example_dags/example_datasets.py
[2023-12-24T01:42:31.038+0000] {processor.py:829} INFO - Processing file /home/airflow/.local/lib/python3.8/site-packages/airflow/example_dags/example_datasets.py for tasks to queue
[2023-12-24T01:42:31.040+0000] {logging_mixin.py:154} INFO - [2023-12-24T01:42:31.040+0000] {dagbag.py:536} INFO - Filling up the DagBag from /home/airflow/.local/lib/python3.8/site-packages/airflow/example_dags/example_datasets.py
[2023-12-24T01:42:31.046+0000] {processor.py:839} INFO - DAG(s) dict_keys(['dataset_consumes_1_never_scheduled', 'dataset_consumes_unknown_never_scheduled', 'dataset_produces_2', 'dataset_consumes_1', 'dataset_consumes_1_and_2', 'dataset_produces_1']) retrieved from /home/airflow/.local/lib/python3.8/site-packages/airflow/example_dags/example_datasets.py
[2023-12-24T01:42:31.066+0000] {logging_mixin.py:154} INFO - [2023-12-24T01:42:31.065+0000] {dag.py:2941} INFO - Sync 6 DAGs
[2023-12-24T01:42:31.078+0000] {logging_mixin.py:154} INFO - [2023-12-24T01:42:31.078+0000] {dag.py:3722} INFO - Setting next_dagrun for dataset_consumes_1 to None, run_after=None
[2023-12-24T01:42:31.080+0000] {logging_mixin.py:154} INFO - [2023-12-24T01:42:31.080+0000] {dag.py:3722} INFO - Setting next_dagrun for dataset_consumes_1_and_2 to None, run_after=None
[2023-12-24T01:42:31.082+0000] {logging_mixin.py:154} INFO - [2023-12-24T01:42:31.082+0000] {dag.py:3722} INFO - Setting next_dagrun for dataset_consumes_1_never_scheduled to None, run_after=None
[2023-12-24T01:42:31.083+0000] {logging_mixin.py:154} INFO - [2023-12-24T01:42:31.083+0000] {dag.py:3722} INFO - Setting next_dagrun for dataset_consumes_unknown_never_scheduled to None, run_after=None
[2023-12-24T01:42:31.085+0000] {logging_mixin.py:154} INFO - [2023-12-24T01:42:31.085+0000] {dag.py:3722} INFO - Setting next_dagrun for dataset_produces_1 to 2023-12-23T00:00:00+00:00, run_after=2023-12-24T00:00:00+00:00
[2023-12-24T01:42:31.086+0000] {logging_mixin.py:154} INFO - [2023-12-24T01:42:31.086+0000] {dag.py:3722} INFO - Setting next_dagrun for dataset_produces_2 to None, run_after=None
[2023-12-24T01:42:31.102+0000] {processor.py:179} INFO - Processing /home/airflow/.local/lib/python3.8/site-packages/airflow/example_dags/example_datasets.py took 0.068 seconds
[2023-12-24T01:43:02.108+0000] {processor.py:157} INFO - Started process (PID=219) to work on /home/airflow/.local/lib/python3.8/site-packages/airflow/example_dags/example_datasets.py
[2023-12-24T01:43:02.110+0000] {processor.py:829} INFO - Processing file /home/airflow/.local/lib/python3.8/site-packages/airflow/example_dags/example_datasets.py for tasks to queue
[2023-12-24T01:43:02.112+0000] {logging_mixin.py:154} INFO - [2023-12-24T01:43:02.111+0000] {dagbag.py:536} INFO - Filling up the DagBag from /home/airflow/.local/lib/python3.8/site-packages/airflow/example_dags/example_datasets.py
[2023-12-24T01:43:02.118+0000] {processor.py:839} INFO - DAG(s) dict_keys(['dataset_produces_1', 'dataset_consumes_1', 'dataset_consumes_1_and_2', 'dataset_consumes_unknown_never_scheduled', 'dataset_produces_2', 'dataset_consumes_1_never_scheduled']) retrieved from /home/airflow/.local/lib/python3.8/site-packages/airflow/example_dags/example_datasets.py
[2023-12-24T01:43:02.140+0000] {logging_mixin.py:154} INFO - [2023-12-24T01:43:02.140+0000] {dag.py:2941} INFO - Sync 6 DAGs
[2023-12-24T01:43:02.264+0000] {logging_mixin.py:154} INFO - [2023-12-24T01:43:02.264+0000] {dag.py:3722} INFO - Setting next_dagrun for dataset_consumes_1 to None, run_after=None
[2023-12-24T01:43:02.267+0000] {logging_mixin.py:154} INFO - [2023-12-24T01:43:02.267+0000] {dag.py:3722} INFO - Setting next_dagrun for dataset_consumes_1_and_2 to None, run_after=None
[2023-12-24T01:43:02.268+0000] {logging_mixin.py:154} INFO - [2023-12-24T01:43:02.268+0000] {dag.py:3722} INFO - Setting next_dagrun for dataset_consumes_1_never_scheduled to None, run_after=None
[2023-12-24T01:43:02.269+0000] {logging_mixin.py:154} INFO - [2023-12-24T01:43:02.269+0000] {dag.py:3722} INFO - Setting next_dagrun for dataset_consumes_unknown_never_scheduled to None, run_after=None
[2023-12-24T01:43:02.272+0000] {logging_mixin.py:154} INFO - [2023-12-24T01:43:02.272+0000] {dag.py:3722} INFO - Setting next_dagrun for dataset_produces_1 to 2023-12-23T00:00:00+00:00, run_after=2023-12-24T00:00:00+00:00
[2023-12-24T01:43:02.274+0000] {logging_mixin.py:154} INFO - [2023-12-24T01:43:02.274+0000] {dag.py:3722} INFO - Setting next_dagrun for dataset_produces_2 to None, run_after=None
[2023-12-24T01:43:02.292+0000] {processor.py:179} INFO - Processing /home/airflow/.local/lib/python3.8/site-packages/airflow/example_dags/example_datasets.py took 0.186 seconds
[2023-12-24T01:43:32.966+0000] {processor.py:157} INFO - Started process (PID=275) to work on /home/airflow/.local/lib/python3.8/site-packages/airflow/example_dags/example_datasets.py
[2023-12-24T01:43:32.967+0000] {processor.py:829} INFO - Processing file /home/airflow/.local/lib/python3.8/site-packages/airflow/example_dags/example_datasets.py for tasks to queue
[2023-12-24T01:43:32.969+0000] {logging_mixin.py:154} INFO - [2023-12-24T01:43:32.968+0000] {dagbag.py:536} INFO - Filling up the DagBag from /home/airflow/.local/lib/python3.8/site-packages/airflow/example_dags/example_datasets.py
[2023-12-24T01:43:32.974+0000] {processor.py:839} INFO - DAG(s) dict_keys(['dataset_produces_1', 'dataset_produces_2', 'dataset_consumes_1_never_scheduled', 'dataset_consumes_1', 'dataset_consumes_unknown_never_scheduled', 'dataset_consumes_1_and_2']) retrieved from /home/airflow/.local/lib/python3.8/site-packages/airflow/example_dags/example_datasets.py
[2023-12-24T01:43:32.994+0000] {logging_mixin.py:154} INFO - [2023-12-24T01:43:32.994+0000] {dag.py:2941} INFO - Sync 6 DAGs
[2023-12-24T01:43:33.008+0000] {logging_mixin.py:154} INFO - [2023-12-24T01:43:33.008+0000] {dag.py:3722} INFO - Setting next_dagrun for dataset_consumes_1 to None, run_after=None
[2023-12-24T01:43:33.011+0000] {logging_mixin.py:154} INFO - [2023-12-24T01:43:33.011+0000] {dag.py:3722} INFO - Setting next_dagrun for dataset_consumes_1_and_2 to None, run_after=None
[2023-12-24T01:43:33.013+0000] {logging_mixin.py:154} INFO - [2023-12-24T01:43:33.013+0000] {dag.py:3722} INFO - Setting next_dagrun for dataset_consumes_1_never_scheduled to None, run_after=None
[2023-12-24T01:43:33.014+0000] {logging_mixin.py:154} INFO - [2023-12-24T01:43:33.014+0000] {dag.py:3722} INFO - Setting next_dagrun for dataset_consumes_unknown_never_scheduled to None, run_after=None
[2023-12-24T01:43:33.016+0000] {logging_mixin.py:154} INFO - [2023-12-24T01:43:33.016+0000] {dag.py:3722} INFO - Setting next_dagrun for dataset_produces_1 to 2023-12-23T00:00:00+00:00, run_after=2023-12-24T00:00:00+00:00
[2023-12-24T01:43:33.018+0000] {logging_mixin.py:154} INFO - [2023-12-24T01:43:33.018+0000] {dag.py:3722} INFO - Setting next_dagrun for dataset_produces_2 to None, run_after=None
[2023-12-24T01:43:33.140+0000] {processor.py:179} INFO - Processing /home/airflow/.local/lib/python3.8/site-packages/airflow/example_dags/example_datasets.py took 0.176 seconds
[2023-12-24T01:44:03.204+0000] {processor.py:157} INFO - Started process (PID=330) to work on /home/airflow/.local/lib/python3.8/site-packages/airflow/example_dags/example_datasets.py
[2023-12-24T01:44:03.205+0000] {processor.py:829} INFO - Processing file /home/airflow/.local/lib/python3.8/site-packages/airflow/example_dags/example_datasets.py for tasks to queue
[2023-12-24T01:44:03.207+0000] {logging_mixin.py:154} INFO - [2023-12-24T01:44:03.206+0000] {dagbag.py:536} INFO - Filling up the DagBag from /home/airflow/.local/lib/python3.8/site-packages/airflow/example_dags/example_datasets.py
[2023-12-24T01:44:03.212+0000] {processor.py:839} INFO - DAG(s) dict_keys(['dataset_consumes_unknown_never_scheduled', 'dataset_consumes_1', 'dataset_consumes_1_and_2', 'dataset_consumes_1_never_scheduled', 'dataset_produces_1', 'dataset_produces_2']) retrieved from /home/airflow/.local/lib/python3.8/site-packages/airflow/example_dags/example_datasets.py
[2023-12-24T01:44:03.232+0000] {logging_mixin.py:154} INFO - [2023-12-24T01:44:03.232+0000] {dag.py:2941} INFO - Sync 6 DAGs
[2023-12-24T01:44:03.244+0000] {logging_mixin.py:154} INFO - [2023-12-24T01:44:03.244+0000] {dag.py:3722} INFO - Setting next_dagrun for dataset_consumes_1 to None, run_after=None
[2023-12-24T01:44:03.247+0000] {logging_mixin.py:154} INFO - [2023-12-24T01:44:03.246+0000] {dag.py:3722} INFO - Setting next_dagrun for dataset_consumes_1_and_2 to None, run_after=None
[2023-12-24T01:44:03.248+0000] {logging_mixin.py:154} INFO - [2023-12-24T01:44:03.248+0000] {dag.py:3722} INFO - Setting next_dagrun for dataset_consumes_1_never_scheduled to None, run_after=None
[2023-12-24T01:44:03.249+0000] {logging_mixin.py:154} INFO - [2023-12-24T01:44:03.249+0000] {dag.py:3722} INFO - Setting next_dagrun for dataset_consumes_unknown_never_scheduled to None, run_after=None
[2023-12-24T01:44:03.251+0000] {logging_mixin.py:154} INFO - [2023-12-24T01:44:03.251+0000] {dag.py:3722} INFO - Setting next_dagrun for dataset_produces_1 to 2023-12-23T00:00:00+00:00, run_after=2023-12-24T00:00:00+00:00
[2023-12-24T01:44:03.252+0000] {logging_mixin.py:154} INFO - [2023-12-24T01:44:03.252+0000] {dag.py:3722} INFO - Setting next_dagrun for dataset_produces_2 to None, run_after=None
[2023-12-24T01:44:03.269+0000] {processor.py:179} INFO - Processing /home/airflow/.local/lib/python3.8/site-packages/airflow/example_dags/example_datasets.py took 0.067 seconds
[2023-12-24T01:44:34.179+0000] {processor.py:157} INFO - Started process (PID=386) to work on /home/airflow/.local/lib/python3.8/site-packages/airflow/example_dags/example_datasets.py
[2023-12-24T01:44:34.180+0000] {processor.py:829} INFO - Processing file /home/airflow/.local/lib/python3.8/site-packages/airflow/example_dags/example_datasets.py for tasks to queue
[2023-12-24T01:44:34.182+0000] {logging_mixin.py:154} INFO - [2023-12-24T01:44:34.182+0000] {dagbag.py:536} INFO - Filling up the DagBag from /home/airflow/.local/lib/python3.8/site-packages/airflow/example_dags/example_datasets.py
[2023-12-24T01:44:34.187+0000] {processor.py:839} INFO - DAG(s) dict_keys(['dataset_consumes_unknown_never_scheduled', 'dataset_produces_1', 'dataset_consumes_1', 'dataset_consumes_1_never_scheduled', 'dataset_consumes_1_and_2', 'dataset_produces_2']) retrieved from /home/airflow/.local/lib/python3.8/site-packages/airflow/example_dags/example_datasets.py
[2023-12-24T01:44:34.207+0000] {logging_mixin.py:154} INFO - [2023-12-24T01:44:34.207+0000] {dag.py:2941} INFO - Sync 6 DAGs
[2023-12-24T01:44:34.220+0000] {logging_mixin.py:154} INFO - [2023-12-24T01:44:34.220+0000] {dag.py:3722} INFO - Setting next_dagrun for dataset_consumes_1 to None, run_after=None
[2023-12-24T01:44:34.222+0000] {logging_mixin.py:154} INFO - [2023-12-24T01:44:34.222+0000] {dag.py:3722} INFO - Setting next_dagrun for dataset_consumes_1_and_2 to None, run_after=None
[2023-12-24T01:44:34.224+0000] {logging_mixin.py:154} INFO - [2023-12-24T01:44:34.224+0000] {dag.py:3722} INFO - Setting next_dagrun for dataset_consumes_1_never_scheduled to None, run_after=None
[2023-12-24T01:44:34.225+0000] {logging_mixin.py:154} INFO - [2023-12-24T01:44:34.225+0000] {dag.py:3722} INFO - Setting next_dagrun for dataset_consumes_unknown_never_scheduled to None, run_after=None
[2023-12-24T01:44:34.227+0000] {logging_mixin.py:154} INFO - [2023-12-24T01:44:34.227+0000] {dag.py:3722} INFO - Setting next_dagrun for dataset_produces_1 to 2023-12-23T00:00:00+00:00, run_after=2023-12-24T00:00:00+00:00
[2023-12-24T01:44:34.228+0000] {logging_mixin.py:154} INFO - [2023-12-24T01:44:34.228+0000] {dag.py:3722} INFO - Setting next_dagrun for dataset_produces_2 to None, run_after=None
[2023-12-24T01:44:34.245+0000] {processor.py:179} INFO - Processing /home/airflow/.local/lib/python3.8/site-packages/airflow/example_dags/example_datasets.py took 0.068 seconds
[2023-12-24T01:45:05.084+0000] {processor.py:157} INFO - Started process (PID=441) to work on /home/airflow/.local/lib/python3.8/site-packages/airflow/example_dags/example_datasets.py
[2023-12-24T01:45:05.085+0000] {processor.py:829} INFO - Processing file /home/airflow/.local/lib/python3.8/site-packages/airflow/example_dags/example_datasets.py for tasks to queue
[2023-12-24T01:45:05.087+0000] {logging_mixin.py:154} INFO - [2023-12-24T01:45:05.087+0000] {dagbag.py:536} INFO - Filling up the DagBag from /home/airflow/.local/lib/python3.8/site-packages/airflow/example_dags/example_datasets.py
[2023-12-24T01:45:05.093+0000] {processor.py:839} INFO - DAG(s) dict_keys(['dataset_consumes_1_and_2', 'dataset_produces_2', 'dataset_consumes_unknown_never_scheduled', 'dataset_produces_1', 'dataset_consumes_1', 'dataset_consumes_1_never_scheduled']) retrieved from /home/airflow/.local/lib/python3.8/site-packages/airflow/example_dags/example_datasets.py
[2023-12-24T01:45:05.113+0000] {logging_mixin.py:154} INFO - [2023-12-24T01:45:05.113+0000] {dag.py:2941} INFO - Sync 6 DAGs
[2023-12-24T01:45:05.225+0000] {logging_mixin.py:154} INFO - [2023-12-24T01:45:05.225+0000] {dag.py:3722} INFO - Setting next_dagrun for dataset_consumes_1 to None, run_after=None
[2023-12-24T01:45:05.227+0000] {logging_mixin.py:154} INFO - [2023-12-24T01:45:05.227+0000] {dag.py:3722} INFO - Setting next_dagrun for dataset_consumes_1_and_2 to None, run_after=None
[2023-12-24T01:45:05.229+0000] {logging_mixin.py:154} INFO - [2023-12-24T01:45:05.229+0000] {dag.py:3722} INFO - Setting next_dagrun for dataset_consumes_1_never_scheduled to None, run_after=None
[2023-12-24T01:45:05.230+0000] {logging_mixin.py:154} INFO - [2023-12-24T01:45:05.230+0000] {dag.py:3722} INFO - Setting next_dagrun for dataset_consumes_unknown_never_scheduled to None, run_after=None
[2023-12-24T01:45:05.232+0000] {logging_mixin.py:154} INFO - [2023-12-24T01:45:05.232+0000] {dag.py:3722} INFO - Setting next_dagrun for dataset_produces_1 to 2023-12-23T00:00:00+00:00, run_after=2023-12-24T00:00:00+00:00
[2023-12-24T01:45:05.233+0000] {logging_mixin.py:154} INFO - [2023-12-24T01:45:05.233+0000] {dag.py:3722} INFO - Setting next_dagrun for dataset_produces_2 to None, run_after=None
[2023-12-24T01:45:05.248+0000] {processor.py:179} INFO - Processing /home/airflow/.local/lib/python3.8/site-packages/airflow/example_dags/example_datasets.py took 0.166 seconds
[2023-12-24T01:45:35.750+0000] {processor.py:157} INFO - Started process (PID=497) to work on /home/airflow/.local/lib/python3.8/site-packages/airflow/example_dags/example_datasets.py
[2023-12-24T01:45:35.751+0000] {processor.py:829} INFO - Processing file /home/airflow/.local/lib/python3.8/site-packages/airflow/example_dags/example_datasets.py for tasks to queue
[2023-12-24T01:45:35.752+0000] {logging_mixin.py:154} INFO - [2023-12-24T01:45:35.752+0000] {dagbag.py:536} INFO - Filling up the DagBag from /home/airflow/.local/lib/python3.8/site-packages/airflow/example_dags/example_datasets.py
[2023-12-24T01:45:35.758+0000] {processor.py:839} INFO - DAG(s) dict_keys(['dataset_consumes_1', 'dataset_consumes_1_and_2', 'dataset_consumes_unknown_never_scheduled', 'dataset_consumes_1_never_scheduled', 'dataset_produces_2', 'dataset_produces_1']) retrieved from /home/airflow/.local/lib/python3.8/site-packages/airflow/example_dags/example_datasets.py
[2023-12-24T01:45:35.777+0000] {logging_mixin.py:154} INFO - [2023-12-24T01:45:35.776+0000] {dag.py:2941} INFO - Sync 6 DAGs
[2023-12-24T01:45:35.789+0000] {logging_mixin.py:154} INFO - [2023-12-24T01:45:35.789+0000] {dag.py:3722} INFO - Setting next_dagrun for dataset_consumes_1 to None, run_after=None
[2023-12-24T01:45:35.893+0000] {logging_mixin.py:154} INFO - [2023-12-24T01:45:35.893+0000] {dag.py:3722} INFO - Setting next_dagrun for dataset_consumes_1_and_2 to None, run_after=None
[2023-12-24T01:45:35.895+0000] {logging_mixin.py:154} INFO - [2023-12-24T01:45:35.895+0000] {dag.py:3722} INFO - Setting next_dagrun for dataset_consumes_1_never_scheduled to None, run_after=None
[2023-12-24T01:45:35.896+0000] {logging_mixin.py:154} INFO - [2023-12-24T01:45:35.896+0000] {dag.py:3722} INFO - Setting next_dagrun for dataset_consumes_unknown_never_scheduled to None, run_after=None
[2023-12-24T01:45:35.898+0000] {logging_mixin.py:154} INFO - [2023-12-24T01:45:35.898+0000] {dag.py:3722} INFO - Setting next_dagrun for dataset_produces_1 to 2023-12-23T00:00:00+00:00, run_after=2023-12-24T00:00:00+00:00
[2023-12-24T01:45:35.899+0000] {logging_mixin.py:154} INFO - [2023-12-24T01:45:35.899+0000] {dag.py:3722} INFO - Setting next_dagrun for dataset_produces_2 to None, run_after=None
[2023-12-24T01:45:35.914+0000] {processor.py:179} INFO - Processing /home/airflow/.local/lib/python3.8/site-packages/airflow/example_dags/example_datasets.py took 0.166 seconds
[2023-12-24T01:46:06.279+0000] {processor.py:157} INFO - Started process (PID=552) to work on /home/airflow/.local/lib/python3.8/site-packages/airflow/example_dags/example_datasets.py
[2023-12-24T01:46:06.280+0000] {processor.py:829} INFO - Processing file /home/airflow/.local/lib/python3.8/site-packages/airflow/example_dags/example_datasets.py for tasks to queue
[2023-12-24T01:46:06.282+0000] {logging_mixin.py:154} INFO - [2023-12-24T01:46:06.282+0000] {dagbag.py:536} INFO - Filling up the DagBag from /home/airflow/.local/lib/python3.8/site-packages/airflow/example_dags/example_datasets.py
[2023-12-24T01:46:06.288+0000] {processor.py:839} INFO - DAG(s) dict_keys(['dataset_consumes_unknown_never_scheduled', 'dataset_consumes_1_never_scheduled', 'dataset_produces_1', 'dataset_consumes_1', 'dataset_consumes_1_and_2', 'dataset_produces_2']) retrieved from /home/airflow/.local/lib/python3.8/site-packages/airflow/example_dags/example_datasets.py
[2023-12-24T01:46:06.306+0000] {logging_mixin.py:154} INFO - [2023-12-24T01:46:06.306+0000] {dag.py:2941} INFO - Sync 6 DAGs
[2023-12-24T01:46:06.319+0000] {logging_mixin.py:154} INFO - [2023-12-24T01:46:06.319+0000] {dag.py:3722} INFO - Setting next_dagrun for dataset_consumes_1 to None, run_after=None
[2023-12-24T01:46:06.321+0000] {logging_mixin.py:154} INFO - [2023-12-24T01:46:06.321+0000] {dag.py:3722} INFO - Setting next_dagrun for dataset_consumes_1_and_2 to None, run_after=None
[2023-12-24T01:46:06.322+0000] {logging_mixin.py:154} INFO - [2023-12-24T01:46:06.322+0000] {dag.py:3722} INFO - Setting next_dagrun for dataset_consumes_1_never_scheduled to None, run_after=None
[2023-12-24T01:46:06.324+0000] {logging_mixin.py:154} INFO - [2023-12-24T01:46:06.324+0000] {dag.py:3722} INFO - Setting next_dagrun for dataset_consumes_unknown_never_scheduled to None, run_after=None
[2023-12-24T01:46:06.326+0000] {logging_mixin.py:154} INFO - [2023-12-24T01:46:06.326+0000] {dag.py:3722} INFO - Setting next_dagrun for dataset_produces_1 to 2023-12-23T00:00:00+00:00, run_after=2023-12-24T00:00:00+00:00
[2023-12-24T01:46:06.327+0000] {logging_mixin.py:154} INFO - [2023-12-24T01:46:06.327+0000] {dag.py:3722} INFO - Setting next_dagrun for dataset_produces_2 to None, run_after=None
[2023-12-24T01:46:06.446+0000] {processor.py:179} INFO - Processing /home/airflow/.local/lib/python3.8/site-packages/airflow/example_dags/example_datasets.py took 0.169 seconds
[2023-12-24T01:46:37.119+0000] {processor.py:157} INFO - Started process (PID=607) to work on /home/airflow/.local/lib/python3.8/site-packages/airflow/example_dags/example_datasets.py
[2023-12-24T01:46:37.119+0000] {processor.py:829} INFO - Processing file /home/airflow/.local/lib/python3.8/site-packages/airflow/example_dags/example_datasets.py for tasks to queue
[2023-12-24T01:46:37.121+0000] {logging_mixin.py:154} INFO - [2023-12-24T01:46:37.121+0000] {dagbag.py:536} INFO - Filling up the DagBag from /home/airflow/.local/lib/python3.8/site-packages/airflow/example_dags/example_datasets.py
[2023-12-24T01:46:37.226+0000] {processor.py:839} INFO - DAG(s) dict_keys(['dataset_consumes_1_and_2', 'dataset_produces_2', 'dataset_consumes_1', 'dataset_consumes_1_never_scheduled', 'dataset_produces_1', 'dataset_consumes_unknown_never_scheduled']) retrieved from /home/airflow/.local/lib/python3.8/site-packages/airflow/example_dags/example_datasets.py
[2023-12-24T01:46:37.244+0000] {logging_mixin.py:154} INFO - [2023-12-24T01:46:37.243+0000] {dag.py:2941} INFO - Sync 6 DAGs
[2023-12-24T01:46:37.255+0000] {logging_mixin.py:154} INFO - [2023-12-24T01:46:37.255+0000] {dag.py:3722} INFO - Setting next_dagrun for dataset_consumes_1 to None, run_after=None
[2023-12-24T01:46:37.257+0000] {logging_mixin.py:154} INFO - [2023-12-24T01:46:37.257+0000] {dag.py:3722} INFO - Setting next_dagrun for dataset_consumes_1_and_2 to None, run_after=None
[2023-12-24T01:46:37.258+0000] {logging_mixin.py:154} INFO - [2023-12-24T01:46:37.258+0000] {dag.py:3722} INFO - Setting next_dagrun for dataset_consumes_1_never_scheduled to None, run_after=None
[2023-12-24T01:46:37.260+0000] {logging_mixin.py:154} INFO - [2023-12-24T01:46:37.259+0000] {dag.py:3722} INFO - Setting next_dagrun for dataset_consumes_unknown_never_scheduled to None, run_after=None
[2023-12-24T01:46:37.261+0000] {logging_mixin.py:154} INFO - [2023-12-24T01:46:37.261+0000] {dag.py:3722} INFO - Setting next_dagrun for dataset_produces_1 to 2023-12-23T00:00:00+00:00, run_after=2023-12-24T00:00:00+00:00
[2023-12-24T01:46:37.263+0000] {logging_mixin.py:154} INFO - [2023-12-24T01:46:37.263+0000] {dag.py:3722} INFO - Setting next_dagrun for dataset_produces_2 to None, run_after=None
[2023-12-24T01:46:37.278+0000] {processor.py:179} INFO - Processing /home/airflow/.local/lib/python3.8/site-packages/airflow/example_dags/example_datasets.py took 0.162 seconds
