[2023-12-24T00:16:12.464+0000] {processor.py:157} INFO - Started process (PID=6232) to work on /home/airflow/.local/lib/python3.8/site-packages/airflow/example_dags/example_external_task_marker_dag.py
[2023-12-24T00:16:12.465+0000] {processor.py:829} INFO - Processing file /home/airflow/.local/lib/python3.8/site-packages/airflow/example_dags/example_external_task_marker_dag.py for tasks to queue
[2023-12-24T00:16:12.467+0000] {logging_mixin.py:154} INFO - [2023-12-24T00:16:12.467+0000] {dagbag.py:536} INFO - Filling up the DagBag from /home/airflow/.local/lib/python3.8/site-packages/airflow/example_dags/example_external_task_marker_dag.py
[2023-12-24T00:16:12.472+0000] {processor.py:839} INFO - DAG(s) dict_keys(['example_external_task_marker_parent', 'example_external_task_marker_child']) retrieved from /home/airflow/.local/lib/python3.8/site-packages/airflow/example_dags/example_external_task_marker_dag.py
[2023-12-24T00:16:12.487+0000] {logging_mixin.py:154} INFO - [2023-12-24T00:16:12.487+0000] {dag.py:2941} INFO - Sync 2 DAGs
[2023-12-24T00:16:12.494+0000] {logging_mixin.py:154} INFO - [2023-12-24T00:16:12.494+0000] {dag.py:3722} INFO - Setting next_dagrun for example_external_task_marker_child to None, run_after=None
[2023-12-24T00:16:12.497+0000] {logging_mixin.py:154} INFO - [2023-12-24T00:16:12.497+0000] {dag.py:3722} INFO - Setting next_dagrun for example_external_task_marker_parent to None, run_after=None
[2023-12-24T00:16:12.507+0000] {processor.py:179} INFO - Processing /home/airflow/.local/lib/python3.8/site-packages/airflow/example_dags/example_external_task_marker_dag.py took 0.045 seconds
[2023-12-24T00:16:42.710+0000] {processor.py:157} INFO - Started process (PID=6288) to work on /home/airflow/.local/lib/python3.8/site-packages/airflow/example_dags/example_external_task_marker_dag.py
[2023-12-24T00:16:42.711+0000] {processor.py:829} INFO - Processing file /home/airflow/.local/lib/python3.8/site-packages/airflow/example_dags/example_external_task_marker_dag.py for tasks to queue
[2023-12-24T00:16:42.713+0000] {logging_mixin.py:154} INFO - [2023-12-24T00:16:42.713+0000] {dagbag.py:536} INFO - Filling up the DagBag from /home/airflow/.local/lib/python3.8/site-packages/airflow/example_dags/example_external_task_marker_dag.py
[2023-12-24T00:16:42.718+0000] {processor.py:839} INFO - DAG(s) dict_keys(['example_external_task_marker_child', 'example_external_task_marker_parent']) retrieved from /home/airflow/.local/lib/python3.8/site-packages/airflow/example_dags/example_external_task_marker_dag.py
[2023-12-24T00:16:42.732+0000] {logging_mixin.py:154} INFO - [2023-12-24T00:16:42.732+0000] {dag.py:2941} INFO - Sync 2 DAGs
[2023-12-24T00:16:42.740+0000] {logging_mixin.py:154} INFO - [2023-12-24T00:16:42.740+0000] {dag.py:3722} INFO - Setting next_dagrun for example_external_task_marker_child to None, run_after=None
[2023-12-24T00:16:42.743+0000] {logging_mixin.py:154} INFO - [2023-12-24T00:16:42.743+0000] {dag.py:3722} INFO - Setting next_dagrun for example_external_task_marker_parent to None, run_after=None
[2023-12-24T00:16:42.752+0000] {processor.py:179} INFO - Processing /home/airflow/.local/lib/python3.8/site-packages/airflow/example_dags/example_external_task_marker_dag.py took 0.045 seconds
[2023-12-24T00:33:51.599+0000] {processor.py:157} INFO - Started process (PID=6344) to work on /home/airflow/.local/lib/python3.8/site-packages/airflow/example_dags/example_external_task_marker_dag.py
[2023-12-24T00:33:51.600+0000] {processor.py:829} INFO - Processing file /home/airflow/.local/lib/python3.8/site-packages/airflow/example_dags/example_external_task_marker_dag.py for tasks to queue
[2023-12-24T00:33:51.602+0000] {logging_mixin.py:154} INFO - [2023-12-24T00:33:51.602+0000] {dagbag.py:536} INFO - Filling up the DagBag from /home/airflow/.local/lib/python3.8/site-packages/airflow/example_dags/example_external_task_marker_dag.py
[2023-12-24T00:33:51.607+0000] {processor.py:839} INFO - DAG(s) dict_keys(['example_external_task_marker_child', 'example_external_task_marker_parent']) retrieved from /home/airflow/.local/lib/python3.8/site-packages/airflow/example_dags/example_external_task_marker_dag.py
[2023-12-24T00:33:51.622+0000] {logging_mixin.py:154} INFO - [2023-12-24T00:33:51.622+0000] {dag.py:2941} INFO - Sync 2 DAGs
[2023-12-24T00:33:51.629+0000] {logging_mixin.py:154} INFO - [2023-12-24T00:33:51.628+0000] {dag.py:3722} INFO - Setting next_dagrun for example_external_task_marker_child to None, run_after=None
[2023-12-24T00:33:51.631+0000] {logging_mixin.py:154} INFO - [2023-12-24T00:33:51.631+0000] {dag.py:3722} INFO - Setting next_dagrun for example_external_task_marker_parent to None, run_after=None
[2023-12-24T00:33:51.640+0000] {processor.py:179} INFO - Processing /home/airflow/.local/lib/python3.8/site-packages/airflow/example_dags/example_external_task_marker_dag.py took 0.044 seconds
[2023-12-24T00:34:21.913+0000] {processor.py:157} INFO - Started process (PID=6400) to work on /home/airflow/.local/lib/python3.8/site-packages/airflow/example_dags/example_external_task_marker_dag.py
[2023-12-24T00:34:21.914+0000] {processor.py:829} INFO - Processing file /home/airflow/.local/lib/python3.8/site-packages/airflow/example_dags/example_external_task_marker_dag.py for tasks to queue
[2023-12-24T00:34:21.915+0000] {logging_mixin.py:154} INFO - [2023-12-24T00:34:21.915+0000] {dagbag.py:536} INFO - Filling up the DagBag from /home/airflow/.local/lib/python3.8/site-packages/airflow/example_dags/example_external_task_marker_dag.py
[2023-12-24T00:34:21.920+0000] {processor.py:839} INFO - DAG(s) dict_keys(['example_external_task_marker_child', 'example_external_task_marker_parent']) retrieved from /home/airflow/.local/lib/python3.8/site-packages/airflow/example_dags/example_external_task_marker_dag.py
[2023-12-24T00:34:21.935+0000] {logging_mixin.py:154} INFO - [2023-12-24T00:34:21.935+0000] {dag.py:2941} INFO - Sync 2 DAGs
[2023-12-24T00:34:21.942+0000] {logging_mixin.py:154} INFO - [2023-12-24T00:34:21.942+0000] {dag.py:3722} INFO - Setting next_dagrun for example_external_task_marker_child to None, run_after=None
[2023-12-24T00:34:21.945+0000] {logging_mixin.py:154} INFO - [2023-12-24T00:34:21.945+0000] {dag.py:3722} INFO - Setting next_dagrun for example_external_task_marker_parent to None, run_after=None
[2023-12-24T00:34:21.954+0000] {processor.py:179} INFO - Processing /home/airflow/.local/lib/python3.8/site-packages/airflow/example_dags/example_external_task_marker_dag.py took 0.044 seconds
[2023-12-24T00:51:37.092+0000] {processor.py:157} INFO - Started process (PID=6455) to work on /home/airflow/.local/lib/python3.8/site-packages/airflow/example_dags/example_external_task_marker_dag.py
[2023-12-24T00:51:37.093+0000] {processor.py:829} INFO - Processing file /home/airflow/.local/lib/python3.8/site-packages/airflow/example_dags/example_external_task_marker_dag.py for tasks to queue
[2023-12-24T00:51:37.095+0000] {logging_mixin.py:154} INFO - [2023-12-24T00:51:37.095+0000] {dagbag.py:536} INFO - Filling up the DagBag from /home/airflow/.local/lib/python3.8/site-packages/airflow/example_dags/example_external_task_marker_dag.py
[2023-12-24T00:51:37.099+0000] {processor.py:839} INFO - DAG(s) dict_keys(['example_external_task_marker_child', 'example_external_task_marker_parent']) retrieved from /home/airflow/.local/lib/python3.8/site-packages/airflow/example_dags/example_external_task_marker_dag.py
[2023-12-24T00:51:37.114+0000] {logging_mixin.py:154} INFO - [2023-12-24T00:51:37.114+0000] {dag.py:2941} INFO - Sync 2 DAGs
[2023-12-24T00:51:37.121+0000] {logging_mixin.py:154} INFO - [2023-12-24T00:51:37.121+0000] {dag.py:3722} INFO - Setting next_dagrun for example_external_task_marker_child to None, run_after=None
[2023-12-24T00:51:37.123+0000] {logging_mixin.py:154} INFO - [2023-12-24T00:51:37.123+0000] {dag.py:3722} INFO - Setting next_dagrun for example_external_task_marker_parent to None, run_after=None
[2023-12-24T00:51:37.132+0000] {processor.py:179} INFO - Processing /home/airflow/.local/lib/python3.8/site-packages/airflow/example_dags/example_external_task_marker_dag.py took 0.042 seconds
[2023-12-24T00:52:07.442+0000] {processor.py:157} INFO - Started process (PID=6510) to work on /home/airflow/.local/lib/python3.8/site-packages/airflow/example_dags/example_external_task_marker_dag.py
[2023-12-24T00:52:07.443+0000] {processor.py:829} INFO - Processing file /home/airflow/.local/lib/python3.8/site-packages/airflow/example_dags/example_external_task_marker_dag.py for tasks to queue
[2023-12-24T00:52:07.445+0000] {logging_mixin.py:154} INFO - [2023-12-24T00:52:07.445+0000] {dagbag.py:536} INFO - Filling up the DagBag from /home/airflow/.local/lib/python3.8/site-packages/airflow/example_dags/example_external_task_marker_dag.py
[2023-12-24T00:52:07.449+0000] {processor.py:839} INFO - DAG(s) dict_keys(['example_external_task_marker_parent', 'example_external_task_marker_child']) retrieved from /home/airflow/.local/lib/python3.8/site-packages/airflow/example_dags/example_external_task_marker_dag.py
[2023-12-24T00:52:07.463+0000] {logging_mixin.py:154} INFO - [2023-12-24T00:52:07.463+0000] {dag.py:2941} INFO - Sync 2 DAGs
[2023-12-24T00:52:07.470+0000] {logging_mixin.py:154} INFO - [2023-12-24T00:52:07.469+0000] {dag.py:3722} INFO - Setting next_dagrun for example_external_task_marker_child to None, run_after=None
[2023-12-24T00:52:07.472+0000] {logging_mixin.py:154} INFO - [2023-12-24T00:52:07.472+0000] {dag.py:3722} INFO - Setting next_dagrun for example_external_task_marker_parent to None, run_after=None
[2023-12-24T00:52:07.482+0000] {processor.py:179} INFO - Processing /home/airflow/.local/lib/python3.8/site-packages/airflow/example_dags/example_external_task_marker_dag.py took 0.043 seconds
[2023-12-24T01:08:53.776+0000] {processor.py:157} INFO - Started process (PID=6565) to work on /home/airflow/.local/lib/python3.8/site-packages/airflow/example_dags/example_external_task_marker_dag.py
[2023-12-24T01:08:53.777+0000] {processor.py:829} INFO - Processing file /home/airflow/.local/lib/python3.8/site-packages/airflow/example_dags/example_external_task_marker_dag.py for tasks to queue
[2023-12-24T01:08:53.779+0000] {logging_mixin.py:154} INFO - [2023-12-24T01:08:53.779+0000] {dagbag.py:536} INFO - Filling up the DagBag from /home/airflow/.local/lib/python3.8/site-packages/airflow/example_dags/example_external_task_marker_dag.py
[2023-12-24T01:08:53.783+0000] {processor.py:839} INFO - DAG(s) dict_keys(['example_external_task_marker_child', 'example_external_task_marker_parent']) retrieved from /home/airflow/.local/lib/python3.8/site-packages/airflow/example_dags/example_external_task_marker_dag.py
[2023-12-24T01:08:53.798+0000] {logging_mixin.py:154} INFO - [2023-12-24T01:08:53.798+0000] {dag.py:2941} INFO - Sync 2 DAGs
[2023-12-24T01:08:53.806+0000] {logging_mixin.py:154} INFO - [2023-12-24T01:08:53.806+0000] {dag.py:3722} INFO - Setting next_dagrun for example_external_task_marker_child to None, run_after=None
[2023-12-24T01:08:53.808+0000] {logging_mixin.py:154} INFO - [2023-12-24T01:08:53.808+0000] {dag.py:3722} INFO - Setting next_dagrun for example_external_task_marker_parent to None, run_after=None
[2023-12-24T01:08:53.818+0000] {processor.py:179} INFO - Processing /home/airflow/.local/lib/python3.8/site-packages/airflow/example_dags/example_external_task_marker_dag.py took 0.044 seconds
[2023-12-24T01:26:17.932+0000] {processor.py:157} INFO - Started process (PID=6621) to work on /home/airflow/.local/lib/python3.8/site-packages/airflow/example_dags/example_external_task_marker_dag.py
[2023-12-24T01:26:17.939+0000] {processor.py:829} INFO - Processing file /home/airflow/.local/lib/python3.8/site-packages/airflow/example_dags/example_external_task_marker_dag.py for tasks to queue
[2023-12-24T01:26:17.941+0000] {logging_mixin.py:154} INFO - [2023-12-24T01:26:17.941+0000] {dagbag.py:536} INFO - Filling up the DagBag from /home/airflow/.local/lib/python3.8/site-packages/airflow/example_dags/example_external_task_marker_dag.py
[2023-12-24T01:26:17.946+0000] {processor.py:839} INFO - DAG(s) dict_keys(['example_external_task_marker_parent', 'example_external_task_marker_child']) retrieved from /home/airflow/.local/lib/python3.8/site-packages/airflow/example_dags/example_external_task_marker_dag.py
[2023-12-24T01:26:17.961+0000] {logging_mixin.py:154} INFO - [2023-12-24T01:26:17.961+0000] {dag.py:2941} INFO - Sync 2 DAGs
[2023-12-24T01:26:17.968+0000] {logging_mixin.py:154} INFO - [2023-12-24T01:26:17.968+0000] {dag.py:3722} INFO - Setting next_dagrun for example_external_task_marker_child to None, run_after=None
[2023-12-24T01:26:17.971+0000] {logging_mixin.py:154} INFO - [2023-12-24T01:26:17.971+0000] {dag.py:3722} INFO - Setting next_dagrun for example_external_task_marker_parent to None, run_after=None
[2023-12-24T01:26:17.981+0000] {processor.py:179} INFO - Processing /home/airflow/.local/lib/python3.8/site-packages/airflow/example_dags/example_external_task_marker_dag.py took 0.051 seconds
[2023-12-24T01:26:48.234+0000] {processor.py:157} INFO - Started process (PID=6677) to work on /home/airflow/.local/lib/python3.8/site-packages/airflow/example_dags/example_external_task_marker_dag.py
[2023-12-24T01:26:48.235+0000] {processor.py:829} INFO - Processing file /home/airflow/.local/lib/python3.8/site-packages/airflow/example_dags/example_external_task_marker_dag.py for tasks to queue
[2023-12-24T01:26:48.236+0000] {logging_mixin.py:154} INFO - [2023-12-24T01:26:48.236+0000] {dagbag.py:536} INFO - Filling up the DagBag from /home/airflow/.local/lib/python3.8/site-packages/airflow/example_dags/example_external_task_marker_dag.py
[2023-12-24T01:26:48.240+0000] {processor.py:839} INFO - DAG(s) dict_keys(['example_external_task_marker_child', 'example_external_task_marker_parent']) retrieved from /home/airflow/.local/lib/python3.8/site-packages/airflow/example_dags/example_external_task_marker_dag.py
[2023-12-24T01:26:48.255+0000] {logging_mixin.py:154} INFO - [2023-12-24T01:26:48.254+0000] {dag.py:2941} INFO - Sync 2 DAGs
[2023-12-24T01:26:48.261+0000] {logging_mixin.py:154} INFO - [2023-12-24T01:26:48.261+0000] {dag.py:3722} INFO - Setting next_dagrun for example_external_task_marker_child to None, run_after=None
[2023-12-24T01:26:48.264+0000] {logging_mixin.py:154} INFO - [2023-12-24T01:26:48.264+0000] {dag.py:3722} INFO - Setting next_dagrun for example_external_task_marker_parent to None, run_after=None
[2023-12-24T01:26:48.273+0000] {processor.py:179} INFO - Processing /home/airflow/.local/lib/python3.8/site-packages/airflow/example_dags/example_external_task_marker_dag.py took 0.042 seconds
[2023-12-24T01:39:27.829+0000] {processor.py:157} INFO - Started process (PID=6734) to work on /home/airflow/.local/lib/python3.8/site-packages/airflow/example_dags/example_external_task_marker_dag.py
[2023-12-24T01:39:27.831+0000] {processor.py:829} INFO - Processing file /home/airflow/.local/lib/python3.8/site-packages/airflow/example_dags/example_external_task_marker_dag.py for tasks to queue
[2023-12-24T01:39:27.833+0000] {logging_mixin.py:154} INFO - [2023-12-24T01:39:27.832+0000] {dagbag.py:536} INFO - Filling up the DagBag from /home/airflow/.local/lib/python3.8/site-packages/airflow/example_dags/example_external_task_marker_dag.py
[2023-12-24T01:39:27.837+0000] {processor.py:839} INFO - DAG(s) dict_keys(['example_external_task_marker_child', 'example_external_task_marker_parent']) retrieved from /home/airflow/.local/lib/python3.8/site-packages/airflow/example_dags/example_external_task_marker_dag.py
[2023-12-24T01:39:27.853+0000] {logging_mixin.py:154} INFO - [2023-12-24T01:39:27.853+0000] {dag.py:2941} INFO - Sync 2 DAGs
[2023-12-24T01:39:27.861+0000] {logging_mixin.py:154} INFO - [2023-12-24T01:39:27.860+0000] {dag.py:3722} INFO - Setting next_dagrun for example_external_task_marker_child to None, run_after=None
[2023-12-24T01:39:27.863+0000] {logging_mixin.py:154} INFO - [2023-12-24T01:39:27.863+0000] {dag.py:3722} INFO - Setting next_dagrun for example_external_task_marker_parent to None, run_after=None
[2023-12-24T01:39:27.874+0000] {processor.py:179} INFO - Processing /home/airflow/.local/lib/python3.8/site-packages/airflow/example_dags/example_external_task_marker_dag.py took 0.047 seconds
[2023-12-24T01:39:58.185+0000] {processor.py:157} INFO - Started process (PID=6789) to work on /home/airflow/.local/lib/python3.8/site-packages/airflow/example_dags/example_external_task_marker_dag.py
[2023-12-24T01:39:58.187+0000] {processor.py:829} INFO - Processing file /home/airflow/.local/lib/python3.8/site-packages/airflow/example_dags/example_external_task_marker_dag.py for tasks to queue
[2023-12-24T01:39:58.188+0000] {logging_mixin.py:154} INFO - [2023-12-24T01:39:58.188+0000] {dagbag.py:536} INFO - Filling up the DagBag from /home/airflow/.local/lib/python3.8/site-packages/airflow/example_dags/example_external_task_marker_dag.py
[2023-12-24T01:39:58.192+0000] {processor.py:839} INFO - DAG(s) dict_keys(['example_external_task_marker_child', 'example_external_task_marker_parent']) retrieved from /home/airflow/.local/lib/python3.8/site-packages/airflow/example_dags/example_external_task_marker_dag.py
[2023-12-24T01:39:58.209+0000] {logging_mixin.py:154} INFO - [2023-12-24T01:39:58.208+0000] {dag.py:2941} INFO - Sync 2 DAGs
[2023-12-24T01:39:58.216+0000] {logging_mixin.py:154} INFO - [2023-12-24T01:39:58.216+0000] {dag.py:3722} INFO - Setting next_dagrun for example_external_task_marker_child to None, run_after=None
[2023-12-24T01:39:58.218+0000] {logging_mixin.py:154} INFO - [2023-12-24T01:39:58.218+0000] {dag.py:3722} INFO - Setting next_dagrun for example_external_task_marker_parent to None, run_after=None
[2023-12-24T01:39:58.228+0000] {processor.py:179} INFO - Processing /home/airflow/.local/lib/python3.8/site-packages/airflow/example_dags/example_external_task_marker_dag.py took 0.046 seconds
[2023-12-24T01:40:28.471+0000] {processor.py:157} INFO - Started process (PID=6844) to work on /home/airflow/.local/lib/python3.8/site-packages/airflow/example_dags/example_external_task_marker_dag.py
[2023-12-24T01:40:28.472+0000] {processor.py:829} INFO - Processing file /home/airflow/.local/lib/python3.8/site-packages/airflow/example_dags/example_external_task_marker_dag.py for tasks to queue
[2023-12-24T01:40:28.474+0000] {logging_mixin.py:154} INFO - [2023-12-24T01:40:28.474+0000] {dagbag.py:536} INFO - Filling up the DagBag from /home/airflow/.local/lib/python3.8/site-packages/airflow/example_dags/example_external_task_marker_dag.py
[2023-12-24T01:40:28.479+0000] {processor.py:839} INFO - DAG(s) dict_keys(['example_external_task_marker_child', 'example_external_task_marker_parent']) retrieved from /home/airflow/.local/lib/python3.8/site-packages/airflow/example_dags/example_external_task_marker_dag.py
[2023-12-24T01:40:28.494+0000] {logging_mixin.py:154} INFO - [2023-12-24T01:40:28.494+0000] {dag.py:2941} INFO - Sync 2 DAGs
[2023-12-24T01:40:28.502+0000] {logging_mixin.py:154} INFO - [2023-12-24T01:40:28.502+0000] {dag.py:3722} INFO - Setting next_dagrun for example_external_task_marker_child to None, run_after=None
[2023-12-24T01:40:28.504+0000] {logging_mixin.py:154} INFO - [2023-12-24T01:40:28.504+0000] {dag.py:3722} INFO - Setting next_dagrun for example_external_task_marker_parent to None, run_after=None
[2023-12-24T01:40:28.514+0000] {processor.py:179} INFO - Processing /home/airflow/.local/lib/python3.8/site-packages/airflow/example_dags/example_external_task_marker_dag.py took 0.045 seconds
[2023-12-24T01:41:31.097+0000] {processor.py:157} INFO - Started process (PID=71) to work on /home/airflow/.local/lib/python3.8/site-packages/airflow/example_dags/example_external_task_marker_dag.py
[2023-12-24T01:41:31.099+0000] {processor.py:829} INFO - Processing file /home/airflow/.local/lib/python3.8/site-packages/airflow/example_dags/example_external_task_marker_dag.py for tasks to queue
[2023-12-24T01:41:31.102+0000] {logging_mixin.py:154} INFO - [2023-12-24T01:41:31.101+0000] {dagbag.py:536} INFO - Filling up the DagBag from /home/airflow/.local/lib/python3.8/site-packages/airflow/example_dags/example_external_task_marker_dag.py
[2023-12-24T01:41:31.108+0000] {processor.py:839} INFO - DAG(s) dict_keys(['example_external_task_marker_child', 'example_external_task_marker_parent']) retrieved from /home/airflow/.local/lib/python3.8/site-packages/airflow/example_dags/example_external_task_marker_dag.py
[2023-12-24T01:41:31.119+0000] {logging_mixin.py:154} INFO - [2023-12-24T01:41:31.119+0000] {dag.py:2941} INFO - Sync 2 DAGs
[2023-12-24T01:41:31.128+0000] {logging_mixin.py:154} INFO - [2023-12-24T01:41:31.128+0000] {dag.py:3722} INFO - Setting next_dagrun for example_external_task_marker_child to None, run_after=None
[2023-12-24T01:41:31.131+0000] {logging_mixin.py:154} INFO - [2023-12-24T01:41:31.131+0000] {dag.py:3722} INFO - Setting next_dagrun for example_external_task_marker_parent to None, run_after=None
[2023-12-24T01:41:31.143+0000] {processor.py:179} INFO - Processing /home/airflow/.local/lib/python3.8/site-packages/airflow/example_dags/example_external_task_marker_dag.py took 0.048 seconds
[2023-12-24T01:42:01.463+0000] {processor.py:157} INFO - Started process (PID=127) to work on /home/airflow/.local/lib/python3.8/site-packages/airflow/example_dags/example_external_task_marker_dag.py
[2023-12-24T01:42:01.464+0000] {processor.py:829} INFO - Processing file /home/airflow/.local/lib/python3.8/site-packages/airflow/example_dags/example_external_task_marker_dag.py for tasks to queue
[2023-12-24T01:42:01.466+0000] {logging_mixin.py:154} INFO - [2023-12-24T01:42:01.466+0000] {dagbag.py:536} INFO - Filling up the DagBag from /home/airflow/.local/lib/python3.8/site-packages/airflow/example_dags/example_external_task_marker_dag.py
[2023-12-24T01:42:01.471+0000] {processor.py:839} INFO - DAG(s) dict_keys(['example_external_task_marker_parent', 'example_external_task_marker_child']) retrieved from /home/airflow/.local/lib/python3.8/site-packages/airflow/example_dags/example_external_task_marker_dag.py
[2023-12-24T01:42:01.486+0000] {logging_mixin.py:154} INFO - [2023-12-24T01:42:01.486+0000] {dag.py:2941} INFO - Sync 2 DAGs
[2023-12-24T01:42:01.493+0000] {logging_mixin.py:154} INFO - [2023-12-24T01:42:01.493+0000] {dag.py:3722} INFO - Setting next_dagrun for example_external_task_marker_child to None, run_after=None
[2023-12-24T01:42:01.496+0000] {logging_mixin.py:154} INFO - [2023-12-24T01:42:01.496+0000] {dag.py:3722} INFO - Setting next_dagrun for example_external_task_marker_parent to None, run_after=None
[2023-12-24T01:42:01.506+0000] {processor.py:179} INFO - Processing /home/airflow/.local/lib/python3.8/site-packages/airflow/example_dags/example_external_task_marker_dag.py took 0.045 seconds
[2023-12-24T01:42:31.799+0000] {processor.py:157} INFO - Started process (PID=182) to work on /home/airflow/.local/lib/python3.8/site-packages/airflow/example_dags/example_external_task_marker_dag.py
[2023-12-24T01:42:31.800+0000] {processor.py:829} INFO - Processing file /home/airflow/.local/lib/python3.8/site-packages/airflow/example_dags/example_external_task_marker_dag.py for tasks to queue
[2023-12-24T01:42:31.802+0000] {logging_mixin.py:154} INFO - [2023-12-24T01:42:31.801+0000] {dagbag.py:536} INFO - Filling up the DagBag from /home/airflow/.local/lib/python3.8/site-packages/airflow/example_dags/example_external_task_marker_dag.py
[2023-12-24T01:42:31.806+0000] {processor.py:839} INFO - DAG(s) dict_keys(['example_external_task_marker_child', 'example_external_task_marker_parent']) retrieved from /home/airflow/.local/lib/python3.8/site-packages/airflow/example_dags/example_external_task_marker_dag.py
[2023-12-24T01:42:31.824+0000] {logging_mixin.py:154} INFO - [2023-12-24T01:42:31.823+0000] {dag.py:2941} INFO - Sync 2 DAGs
[2023-12-24T01:42:31.830+0000] {logging_mixin.py:154} INFO - [2023-12-24T01:42:31.830+0000] {dag.py:3722} INFO - Setting next_dagrun for example_external_task_marker_child to None, run_after=None
[2023-12-24T01:42:31.833+0000] {logging_mixin.py:154} INFO - [2023-12-24T01:42:31.833+0000] {dag.py:3722} INFO - Setting next_dagrun for example_external_task_marker_parent to None, run_after=None
[2023-12-24T01:42:31.842+0000] {processor.py:179} INFO - Processing /home/airflow/.local/lib/python3.8/site-packages/airflow/example_dags/example_external_task_marker_dag.py took 0.046 seconds
[2023-12-24T01:43:03.505+0000] {processor.py:157} INFO - Started process (PID=237) to work on /home/airflow/.local/lib/python3.8/site-packages/airflow/example_dags/example_external_task_marker_dag.py
[2023-12-24T01:43:03.506+0000] {processor.py:829} INFO - Processing file /home/airflow/.local/lib/python3.8/site-packages/airflow/example_dags/example_external_task_marker_dag.py for tasks to queue
[2023-12-24T01:43:03.509+0000] {logging_mixin.py:154} INFO - [2023-12-24T01:43:03.509+0000] {dagbag.py:536} INFO - Filling up the DagBag from /home/airflow/.local/lib/python3.8/site-packages/airflow/example_dags/example_external_task_marker_dag.py
[2023-12-24T01:43:03.513+0000] {processor.py:839} INFO - DAG(s) dict_keys(['example_external_task_marker_child', 'example_external_task_marker_parent']) retrieved from /home/airflow/.local/lib/python3.8/site-packages/airflow/example_dags/example_external_task_marker_dag.py
[2023-12-24T01:43:03.530+0000] {logging_mixin.py:154} INFO - [2023-12-24T01:43:03.530+0000] {dag.py:2941} INFO - Sync 2 DAGs
[2023-12-24T01:43:03.538+0000] {logging_mixin.py:154} INFO - [2023-12-24T01:43:03.538+0000] {dag.py:3722} INFO - Setting next_dagrun for example_external_task_marker_child to None, run_after=None
[2023-12-24T01:43:03.541+0000] {logging_mixin.py:154} INFO - [2023-12-24T01:43:03.541+0000] {dag.py:3722} INFO - Setting next_dagrun for example_external_task_marker_parent to None, run_after=None
[2023-12-24T01:43:03.552+0000] {processor.py:179} INFO - Processing /home/airflow/.local/lib/python3.8/site-packages/airflow/example_dags/example_external_task_marker_dag.py took 0.050 seconds
[2023-12-24T01:43:34.282+0000] {processor.py:157} INFO - Started process (PID=293) to work on /home/airflow/.local/lib/python3.8/site-packages/airflow/example_dags/example_external_task_marker_dag.py
[2023-12-24T01:43:34.283+0000] {processor.py:829} INFO - Processing file /home/airflow/.local/lib/python3.8/site-packages/airflow/example_dags/example_external_task_marker_dag.py for tasks to queue
[2023-12-24T01:43:34.285+0000] {logging_mixin.py:154} INFO - [2023-12-24T01:43:34.285+0000] {dagbag.py:536} INFO - Filling up the DagBag from /home/airflow/.local/lib/python3.8/site-packages/airflow/example_dags/example_external_task_marker_dag.py
[2023-12-24T01:43:34.290+0000] {processor.py:839} INFO - DAG(s) dict_keys(['example_external_task_marker_parent', 'example_external_task_marker_child']) retrieved from /home/airflow/.local/lib/python3.8/site-packages/airflow/example_dags/example_external_task_marker_dag.py
[2023-12-24T01:43:34.306+0000] {logging_mixin.py:154} INFO - [2023-12-24T01:43:34.306+0000] {dag.py:2941} INFO - Sync 2 DAGs
[2023-12-24T01:43:34.314+0000] {logging_mixin.py:154} INFO - [2023-12-24T01:43:34.314+0000] {dag.py:3722} INFO - Setting next_dagrun for example_external_task_marker_child to None, run_after=None
[2023-12-24T01:43:34.317+0000] {logging_mixin.py:154} INFO - [2023-12-24T01:43:34.317+0000] {dag.py:3722} INFO - Setting next_dagrun for example_external_task_marker_parent to None, run_after=None
[2023-12-24T01:43:34.442+0000] {processor.py:179} INFO - Processing /home/airflow/.local/lib/python3.8/site-packages/airflow/example_dags/example_external_task_marker_dag.py took 0.163 seconds
[2023-12-24T01:44:04.985+0000] {processor.py:157} INFO - Started process (PID=348) to work on /home/airflow/.local/lib/python3.8/site-packages/airflow/example_dags/example_external_task_marker_dag.py
[2023-12-24T01:44:04.987+0000] {processor.py:829} INFO - Processing file /home/airflow/.local/lib/python3.8/site-packages/airflow/example_dags/example_external_task_marker_dag.py for tasks to queue
[2023-12-24T01:44:04.988+0000] {logging_mixin.py:154} INFO - [2023-12-24T01:44:04.988+0000] {dagbag.py:536} INFO - Filling up the DagBag from /home/airflow/.local/lib/python3.8/site-packages/airflow/example_dags/example_external_task_marker_dag.py
[2023-12-24T01:44:04.992+0000] {processor.py:839} INFO - DAG(s) dict_keys(['example_external_task_marker_child', 'example_external_task_marker_parent']) retrieved from /home/airflow/.local/lib/python3.8/site-packages/airflow/example_dags/example_external_task_marker_dag.py
[2023-12-24T01:44:05.006+0000] {logging_mixin.py:154} INFO - [2023-12-24T01:44:05.006+0000] {dag.py:2941} INFO - Sync 2 DAGs
[2023-12-24T01:44:05.014+0000] {logging_mixin.py:154} INFO - [2023-12-24T01:44:05.014+0000] {dag.py:3722} INFO - Setting next_dagrun for example_external_task_marker_child to None, run_after=None
[2023-12-24T01:44:05.017+0000] {logging_mixin.py:154} INFO - [2023-12-24T01:44:05.017+0000] {dag.py:3722} INFO - Setting next_dagrun for example_external_task_marker_parent to None, run_after=None
[2023-12-24T01:44:05.027+0000] {processor.py:179} INFO - Processing /home/airflow/.local/lib/python3.8/site-packages/airflow/example_dags/example_external_task_marker_dag.py took 0.044 seconds
[2023-12-24T01:44:35.853+0000] {processor.py:157} INFO - Started process (PID=404) to work on /home/airflow/.local/lib/python3.8/site-packages/airflow/example_dags/example_external_task_marker_dag.py
[2023-12-24T01:44:35.854+0000] {processor.py:829} INFO - Processing file /home/airflow/.local/lib/python3.8/site-packages/airflow/example_dags/example_external_task_marker_dag.py for tasks to queue
[2023-12-24T01:44:35.857+0000] {logging_mixin.py:154} INFO - [2023-12-24T01:44:35.856+0000] {dagbag.py:536} INFO - Filling up the DagBag from /home/airflow/.local/lib/python3.8/site-packages/airflow/example_dags/example_external_task_marker_dag.py
[2023-12-24T01:44:35.861+0000] {processor.py:839} INFO - DAG(s) dict_keys(['example_external_task_marker_child', 'example_external_task_marker_parent']) retrieved from /home/airflow/.local/lib/python3.8/site-packages/airflow/example_dags/example_external_task_marker_dag.py
[2023-12-24T01:44:35.878+0000] {logging_mixin.py:154} INFO - [2023-12-24T01:44:35.878+0000] {dag.py:2941} INFO - Sync 2 DAGs
[2023-12-24T01:44:35.887+0000] {logging_mixin.py:154} INFO - [2023-12-24T01:44:35.887+0000] {dag.py:3722} INFO - Setting next_dagrun for example_external_task_marker_child to None, run_after=None
[2023-12-24T01:44:35.890+0000] {logging_mixin.py:154} INFO - [2023-12-24T01:44:35.890+0000] {dag.py:3722} INFO - Setting next_dagrun for example_external_task_marker_parent to None, run_after=None
[2023-12-24T01:44:35.903+0000] {processor.py:179} INFO - Processing /home/airflow/.local/lib/python3.8/site-packages/airflow/example_dags/example_external_task_marker_dag.py took 0.052 seconds
[2023-12-24T01:45:06.785+0000] {processor.py:157} INFO - Started process (PID=459) to work on /home/airflow/.local/lib/python3.8/site-packages/airflow/example_dags/example_external_task_marker_dag.py
[2023-12-24T01:45:06.786+0000] {processor.py:829} INFO - Processing file /home/airflow/.local/lib/python3.8/site-packages/airflow/example_dags/example_external_task_marker_dag.py for tasks to queue
[2023-12-24T01:45:06.788+0000] {logging_mixin.py:154} INFO - [2023-12-24T01:45:06.788+0000] {dagbag.py:536} INFO - Filling up the DagBag from /home/airflow/.local/lib/python3.8/site-packages/airflow/example_dags/example_external_task_marker_dag.py
[2023-12-24T01:45:06.792+0000] {processor.py:839} INFO - DAG(s) dict_keys(['example_external_task_marker_child', 'example_external_task_marker_parent']) retrieved from /home/airflow/.local/lib/python3.8/site-packages/airflow/example_dags/example_external_task_marker_dag.py
[2023-12-24T01:45:06.911+0000] {logging_mixin.py:154} INFO - [2023-12-24T01:45:06.911+0000] {dag.py:2941} INFO - Sync 2 DAGs
[2023-12-24T01:45:06.918+0000] {logging_mixin.py:154} INFO - [2023-12-24T01:45:06.918+0000] {dag.py:3722} INFO - Setting next_dagrun for example_external_task_marker_child to None, run_after=None
[2023-12-24T01:45:06.920+0000] {logging_mixin.py:154} INFO - [2023-12-24T01:45:06.920+0000] {dag.py:3722} INFO - Setting next_dagrun for example_external_task_marker_parent to None, run_after=None
[2023-12-24T01:45:06.930+0000] {processor.py:179} INFO - Processing /home/airflow/.local/lib/python3.8/site-packages/airflow/example_dags/example_external_task_marker_dag.py took 0.147 seconds
[2023-12-24T01:45:37.383+0000] {processor.py:157} INFO - Started process (PID=515) to work on /home/airflow/.local/lib/python3.8/site-packages/airflow/example_dags/example_external_task_marker_dag.py
[2023-12-24T01:45:37.385+0000] {processor.py:829} INFO - Processing file /home/airflow/.local/lib/python3.8/site-packages/airflow/example_dags/example_external_task_marker_dag.py for tasks to queue
[2023-12-24T01:45:37.387+0000] {logging_mixin.py:154} INFO - [2023-12-24T01:45:37.386+0000] {dagbag.py:536} INFO - Filling up the DagBag from /home/airflow/.local/lib/python3.8/site-packages/airflow/example_dags/example_external_task_marker_dag.py
[2023-12-24T01:45:37.391+0000] {processor.py:839} INFO - DAG(s) dict_keys(['example_external_task_marker_parent', 'example_external_task_marker_child']) retrieved from /home/airflow/.local/lib/python3.8/site-packages/airflow/example_dags/example_external_task_marker_dag.py
[2023-12-24T01:45:37.410+0000] {logging_mixin.py:154} INFO - [2023-12-24T01:45:37.410+0000] {dag.py:2941} INFO - Sync 2 DAGs
[2023-12-24T01:45:37.420+0000] {logging_mixin.py:154} INFO - [2023-12-24T01:45:37.420+0000] {dag.py:3722} INFO - Setting next_dagrun for example_external_task_marker_child to None, run_after=None
[2023-12-24T01:45:37.423+0000] {logging_mixin.py:154} INFO - [2023-12-24T01:45:37.423+0000] {dag.py:3722} INFO - Setting next_dagrun for example_external_task_marker_parent to None, run_after=None
[2023-12-24T01:45:37.543+0000] {processor.py:179} INFO - Processing /home/airflow/.local/lib/python3.8/site-packages/airflow/example_dags/example_external_task_marker_dag.py took 0.162 seconds
[2023-12-24T01:46:08.278+0000] {processor.py:157} INFO - Started process (PID=570) to work on /home/airflow/.local/lib/python3.8/site-packages/airflow/example_dags/example_external_task_marker_dag.py
[2023-12-24T01:46:08.279+0000] {processor.py:829} INFO - Processing file /home/airflow/.local/lib/python3.8/site-packages/airflow/example_dags/example_external_task_marker_dag.py for tasks to queue
[2023-12-24T01:46:08.281+0000] {logging_mixin.py:154} INFO - [2023-12-24T01:46:08.281+0000] {dagbag.py:536} INFO - Filling up the DagBag from /home/airflow/.local/lib/python3.8/site-packages/airflow/example_dags/example_external_task_marker_dag.py
[2023-12-24T01:46:08.285+0000] {processor.py:839} INFO - DAG(s) dict_keys(['example_external_task_marker_parent', 'example_external_task_marker_child']) retrieved from /home/airflow/.local/lib/python3.8/site-packages/airflow/example_dags/example_external_task_marker_dag.py
[2023-12-24T01:46:08.303+0000] {logging_mixin.py:154} INFO - [2023-12-24T01:46:08.303+0000] {dag.py:2941} INFO - Sync 2 DAGs
[2023-12-24T01:46:08.311+0000] {logging_mixin.py:154} INFO - [2023-12-24T01:46:08.311+0000] {dag.py:3722} INFO - Setting next_dagrun for example_external_task_marker_child to None, run_after=None
[2023-12-24T01:46:08.314+0000] {logging_mixin.py:154} INFO - [2023-12-24T01:46:08.314+0000] {dag.py:3722} INFO - Setting next_dagrun for example_external_task_marker_parent to None, run_after=None
[2023-12-24T01:46:08.326+0000] {processor.py:179} INFO - Processing /home/airflow/.local/lib/python3.8/site-packages/airflow/example_dags/example_external_task_marker_dag.py took 0.051 seconds
[2023-12-24T01:46:39.275+0000] {processor.py:157} INFO - Started process (PID=625) to work on /home/airflow/.local/lib/python3.8/site-packages/airflow/example_dags/example_external_task_marker_dag.py
[2023-12-24T01:46:39.276+0000] {processor.py:829} INFO - Processing file /home/airflow/.local/lib/python3.8/site-packages/airflow/example_dags/example_external_task_marker_dag.py for tasks to queue
[2023-12-24T01:46:39.278+0000] {logging_mixin.py:154} INFO - [2023-12-24T01:46:39.278+0000] {dagbag.py:536} INFO - Filling up the DagBag from /home/airflow/.local/lib/python3.8/site-packages/airflow/example_dags/example_external_task_marker_dag.py
[2023-12-24T01:46:39.282+0000] {processor.py:839} INFO - DAG(s) dict_keys(['example_external_task_marker_child', 'example_external_task_marker_parent']) retrieved from /home/airflow/.local/lib/python3.8/site-packages/airflow/example_dags/example_external_task_marker_dag.py
[2023-12-24T01:46:39.296+0000] {logging_mixin.py:154} INFO - [2023-12-24T01:46:39.296+0000] {dag.py:2941} INFO - Sync 2 DAGs
[2023-12-24T01:46:39.304+0000] {logging_mixin.py:154} INFO - [2023-12-24T01:46:39.304+0000] {dag.py:3722} INFO - Setting next_dagrun for example_external_task_marker_child to None, run_after=None
[2023-12-24T01:46:39.306+0000] {logging_mixin.py:154} INFO - [2023-12-24T01:46:39.306+0000] {dag.py:3722} INFO - Setting next_dagrun for example_external_task_marker_parent to None, run_after=None
[2023-12-24T01:46:39.314+0000] {processor.py:179} INFO - Processing /home/airflow/.local/lib/python3.8/site-packages/airflow/example_dags/example_external_task_marker_dag.py took 0.042 seconds
[2023-12-24T01:50:42.929+0000] {processor.py:157} INFO - Started process (PID=1058) to work on /home/airflow/.local/lib/python3.8/site-packages/airflow/example_dags/example_external_task_marker_dag.py
[2023-12-24T01:50:42.930+0000] {processor.py:829} INFO - Processing file /home/airflow/.local/lib/python3.8/site-packages/airflow/example_dags/example_external_task_marker_dag.py for tasks to queue
[2023-12-24T01:50:42.931+0000] {logging_mixin.py:154} INFO - [2023-12-24T01:50:42.931+0000] {dagbag.py:536} INFO - Filling up the DagBag from /home/airflow/.local/lib/python3.8/site-packages/airflow/example_dags/example_external_task_marker_dag.py
[2023-12-24T01:50:42.936+0000] {processor.py:839} INFO - DAG(s) dict_keys(['example_external_task_marker_parent', 'example_external_task_marker_child']) retrieved from /home/airflow/.local/lib/python3.8/site-packages/airflow/example_dags/example_external_task_marker_dag.py
[2023-12-24T01:50:42.997+0000] {logging_mixin.py:154} INFO - [2023-12-24T01:50:42.996+0000] {dag.py:2941} INFO - Sync 2 DAGs
[2023-12-24T01:50:43.003+0000] {logging_mixin.py:154} INFO - [2023-12-24T01:50:43.003+0000] {dag.py:3722} INFO - Setting next_dagrun for example_external_task_marker_child to None, run_after=None
[2023-12-24T01:50:43.005+0000] {logging_mixin.py:154} INFO - [2023-12-24T01:50:43.005+0000] {dag.py:3722} INFO - Setting next_dagrun for example_external_task_marker_parent to None, run_after=None
[2023-12-24T01:50:43.016+0000] {processor.py:179} INFO - Processing /home/airflow/.local/lib/python3.8/site-packages/airflow/example_dags/example_external_task_marker_dag.py took 0.089 seconds
[2023-12-24T01:51:13.510+0000] {processor.py:157} INFO - Started process (PID=1113) to work on /home/airflow/.local/lib/python3.8/site-packages/airflow/example_dags/example_external_task_marker_dag.py
[2023-12-24T01:51:13.512+0000] {processor.py:829} INFO - Processing file /home/airflow/.local/lib/python3.8/site-packages/airflow/example_dags/example_external_task_marker_dag.py for tasks to queue
[2023-12-24T01:51:13.513+0000] {logging_mixin.py:154} INFO - [2023-12-24T01:51:13.512+0000] {dagbag.py:536} INFO - Filling up the DagBag from /home/airflow/.local/lib/python3.8/site-packages/airflow/example_dags/example_external_task_marker_dag.py
[2023-12-24T01:51:13.517+0000] {processor.py:839} INFO - DAG(s) dict_keys(['example_external_task_marker_child', 'example_external_task_marker_parent']) retrieved from /home/airflow/.local/lib/python3.8/site-packages/airflow/example_dags/example_external_task_marker_dag.py
[2023-12-24T01:51:13.533+0000] {logging_mixin.py:154} INFO - [2023-12-24T01:51:13.533+0000] {dag.py:2941} INFO - Sync 2 DAGs
[2023-12-24T01:51:13.541+0000] {logging_mixin.py:154} INFO - [2023-12-24T01:51:13.541+0000] {dag.py:3722} INFO - Setting next_dagrun for example_external_task_marker_child to None, run_after=None
[2023-12-24T01:51:13.543+0000] {logging_mixin.py:154} INFO - [2023-12-24T01:51:13.543+0000] {dag.py:3722} INFO - Setting next_dagrun for example_external_task_marker_parent to None, run_after=None
[2023-12-24T01:51:13.551+0000] {processor.py:179} INFO - Processing /home/airflow/.local/lib/python3.8/site-packages/airflow/example_dags/example_external_task_marker_dag.py took 0.043 seconds
[2023-12-24T01:51:43.745+0000] {processor.py:157} INFO - Started process (PID=1169) to work on /home/airflow/.local/lib/python3.8/site-packages/airflow/example_dags/example_external_task_marker_dag.py
[2023-12-24T01:51:43.747+0000] {processor.py:829} INFO - Processing file /home/airflow/.local/lib/python3.8/site-packages/airflow/example_dags/example_external_task_marker_dag.py for tasks to queue
[2023-12-24T01:51:43.748+0000] {logging_mixin.py:154} INFO - [2023-12-24T01:51:43.747+0000] {dagbag.py:536} INFO - Filling up the DagBag from /home/airflow/.local/lib/python3.8/site-packages/airflow/example_dags/example_external_task_marker_dag.py
[2023-12-24T01:51:43.752+0000] {processor.py:839} INFO - DAG(s) dict_keys(['example_external_task_marker_parent', 'example_external_task_marker_child']) retrieved from /home/airflow/.local/lib/python3.8/site-packages/airflow/example_dags/example_external_task_marker_dag.py
[2023-12-24T01:51:43.768+0000] {logging_mixin.py:154} INFO - [2023-12-24T01:51:43.768+0000] {dag.py:2941} INFO - Sync 2 DAGs
[2023-12-24T01:51:43.775+0000] {logging_mixin.py:154} INFO - [2023-12-24T01:51:43.775+0000] {dag.py:3722} INFO - Setting next_dagrun for example_external_task_marker_child to None, run_after=None
[2023-12-24T01:51:43.778+0000] {logging_mixin.py:154} INFO - [2023-12-24T01:51:43.778+0000] {dag.py:3722} INFO - Setting next_dagrun for example_external_task_marker_parent to None, run_after=None
[2023-12-24T01:51:43.787+0000] {processor.py:179} INFO - Processing /home/airflow/.local/lib/python3.8/site-packages/airflow/example_dags/example_external_task_marker_dag.py took 0.045 seconds
[2023-12-24T01:52:13.900+0000] {processor.py:157} INFO - Started process (PID=1224) to work on /home/airflow/.local/lib/python3.8/site-packages/airflow/example_dags/example_external_task_marker_dag.py
[2023-12-24T01:52:13.901+0000] {processor.py:829} INFO - Processing file /home/airflow/.local/lib/python3.8/site-packages/airflow/example_dags/example_external_task_marker_dag.py for tasks to queue
[2023-12-24T01:52:13.903+0000] {logging_mixin.py:154} INFO - [2023-12-24T01:52:13.902+0000] {dagbag.py:536} INFO - Filling up the DagBag from /home/airflow/.local/lib/python3.8/site-packages/airflow/example_dags/example_external_task_marker_dag.py
[2023-12-24T01:52:13.907+0000] {processor.py:839} INFO - DAG(s) dict_keys(['example_external_task_marker_parent', 'example_external_task_marker_child']) retrieved from /home/airflow/.local/lib/python3.8/site-packages/airflow/example_dags/example_external_task_marker_dag.py
[2023-12-24T01:52:13.923+0000] {logging_mixin.py:154} INFO - [2023-12-24T01:52:13.923+0000] {dag.py:2941} INFO - Sync 2 DAGs
[2023-12-24T01:52:13.930+0000] {logging_mixin.py:154} INFO - [2023-12-24T01:52:13.930+0000] {dag.py:3722} INFO - Setting next_dagrun for example_external_task_marker_child to None, run_after=None
[2023-12-24T01:52:13.932+0000] {logging_mixin.py:154} INFO - [2023-12-24T01:52:13.932+0000] {dag.py:3722} INFO - Setting next_dagrun for example_external_task_marker_parent to None, run_after=None
[2023-12-24T01:52:13.941+0000] {processor.py:179} INFO - Processing /home/airflow/.local/lib/python3.8/site-packages/airflow/example_dags/example_external_task_marker_dag.py took 0.043 seconds
[2023-12-24T01:52:44.187+0000] {processor.py:157} INFO - Started process (PID=1279) to work on /home/airflow/.local/lib/python3.8/site-packages/airflow/example_dags/example_external_task_marker_dag.py
[2023-12-24T01:52:44.188+0000] {processor.py:829} INFO - Processing file /home/airflow/.local/lib/python3.8/site-packages/airflow/example_dags/example_external_task_marker_dag.py for tasks to queue
[2023-12-24T01:52:44.189+0000] {logging_mixin.py:154} INFO - [2023-12-24T01:52:44.189+0000] {dagbag.py:536} INFO - Filling up the DagBag from /home/airflow/.local/lib/python3.8/site-packages/airflow/example_dags/example_external_task_marker_dag.py
[2023-12-24T01:52:44.193+0000] {processor.py:839} INFO - DAG(s) dict_keys(['example_external_task_marker_parent', 'example_external_task_marker_child']) retrieved from /home/airflow/.local/lib/python3.8/site-packages/airflow/example_dags/example_external_task_marker_dag.py
[2023-12-24T01:52:44.208+0000] {logging_mixin.py:154} INFO - [2023-12-24T01:52:44.208+0000] {dag.py:2941} INFO - Sync 2 DAGs
[2023-12-24T01:52:44.216+0000] {logging_mixin.py:154} INFO - [2023-12-24T01:52:44.216+0000] {dag.py:3722} INFO - Setting next_dagrun for example_external_task_marker_child to None, run_after=None
[2023-12-24T01:52:44.219+0000] {logging_mixin.py:154} INFO - [2023-12-24T01:52:44.218+0000] {dag.py:3722} INFO - Setting next_dagrun for example_external_task_marker_parent to None, run_after=None
[2023-12-24T01:52:44.227+0000] {processor.py:179} INFO - Processing /home/airflow/.local/lib/python3.8/site-packages/airflow/example_dags/example_external_task_marker_dag.py took 0.042 seconds
