[2023-12-24T00:16:12.571+0000] {processor.py:157} INFO - Started process (PID=6235) to work on /home/airflow/.local/lib/python3.8/site-packages/airflow/example_dags/example_subdag_operator.py
[2023-12-24T00:16:12.572+0000] {processor.py:829} INFO - Processing file /home/airflow/.local/lib/python3.8/site-packages/airflow/example_dags/example_subdag_operator.py for tasks to queue
[2023-12-24T00:16:12.574+0000] {logging_mixin.py:154} INFO - [2023-12-24T00:16:12.574+0000] {dagbag.py:536} INFO - Filling up the DagBag from /home/airflow/.local/lib/python3.8/site-packages/airflow/example_dags/example_subdag_operator.py
[2023-12-24T00:16:12.590+0000] {processor.py:839} INFO - DAG(s) dict_keys(['example_subdag_operator.section-1', 'example_subdag_operator.section-2', 'example_subdag_operator']) retrieved from /home/airflow/.local/lib/python3.8/site-packages/airflow/example_dags/example_subdag_operator.py
[2023-12-24T00:16:12.600+0000] {logging_mixin.py:154} INFO - [2023-12-24T00:16:12.600+0000] {dag.py:2941} INFO - Sync 3 DAGs
[2023-12-24T00:16:12.611+0000] {logging_mixin.py:154} INFO - [2023-12-24T00:16:12.610+0000] {dag.py:3722} INFO - Setting next_dagrun for example_subdag_operator to 2022-01-01T00:00:00+00:00, run_after=2022-01-01T00:00:00+00:00
[2023-12-24T00:16:12.613+0000] {logging_mixin.py:154} INFO - [2023-12-24T00:16:12.613+0000] {dag.py:3722} INFO - Setting next_dagrun for example_subdag_operator.section-1 to None, run_after=None
[2023-12-24T00:16:12.614+0000] {logging_mixin.py:154} INFO - [2023-12-24T00:16:12.614+0000] {dag.py:3722} INFO - Setting next_dagrun for example_subdag_operator.section-2 to None, run_after=None
[2023-12-24T00:16:12.618+0000] {logging_mixin.py:154} INFO - [2023-12-24T00:16:12.618+0000] {dag.py:2941} INFO - Sync 2 DAGs
[2023-12-24T00:16:12.621+0000] {logging_mixin.py:154} INFO - [2023-12-24T00:16:12.621+0000] {dag.py:3722} INFO - Setting next_dagrun for example_subdag_operator.section-1 to None, run_after=None
[2023-12-24T00:16:12.622+0000] {logging_mixin.py:154} INFO - [2023-12-24T00:16:12.622+0000] {dag.py:3722} INFO - Setting next_dagrun for example_subdag_operator.section-2 to None, run_after=None
[2023-12-24T00:16:12.627+0000] {processor.py:179} INFO - Processing /home/airflow/.local/lib/python3.8/site-packages/airflow/example_dags/example_subdag_operator.py took 0.059 seconds
[2023-12-24T00:16:42.810+0000] {processor.py:157} INFO - Started process (PID=6291) to work on /home/airflow/.local/lib/python3.8/site-packages/airflow/example_dags/example_subdag_operator.py
[2023-12-24T00:16:42.811+0000] {processor.py:829} INFO - Processing file /home/airflow/.local/lib/python3.8/site-packages/airflow/example_dags/example_subdag_operator.py for tasks to queue
[2023-12-24T00:16:42.813+0000] {logging_mixin.py:154} INFO - [2023-12-24T00:16:42.813+0000] {dagbag.py:536} INFO - Filling up the DagBag from /home/airflow/.local/lib/python3.8/site-packages/airflow/example_dags/example_subdag_operator.py
[2023-12-24T00:16:42.828+0000] {processor.py:839} INFO - DAG(s) dict_keys(['example_subdag_operator.section-1', 'example_subdag_operator.section-2', 'example_subdag_operator']) retrieved from /home/airflow/.local/lib/python3.8/site-packages/airflow/example_dags/example_subdag_operator.py
[2023-12-24T00:16:42.837+0000] {logging_mixin.py:154} INFO - [2023-12-24T00:16:42.837+0000] {dag.py:2941} INFO - Sync 3 DAGs
[2023-12-24T00:16:42.849+0000] {logging_mixin.py:154} INFO - [2023-12-24T00:16:42.849+0000] {dag.py:3722} INFO - Setting next_dagrun for example_subdag_operator to 2022-01-01T00:00:00+00:00, run_after=2022-01-01T00:00:00+00:00
[2023-12-24T00:16:42.852+0000] {logging_mixin.py:154} INFO - [2023-12-24T00:16:42.852+0000] {dag.py:3722} INFO - Setting next_dagrun for example_subdag_operator.section-1 to None, run_after=None
[2023-12-24T00:16:42.853+0000] {logging_mixin.py:154} INFO - [2023-12-24T00:16:42.853+0000] {dag.py:3722} INFO - Setting next_dagrun for example_subdag_operator.section-2 to None, run_after=None
[2023-12-24T00:16:42.858+0000] {logging_mixin.py:154} INFO - [2023-12-24T00:16:42.858+0000] {dag.py:2941} INFO - Sync 2 DAGs
[2023-12-24T00:16:42.861+0000] {logging_mixin.py:154} INFO - [2023-12-24T00:16:42.861+0000] {dag.py:3722} INFO - Setting next_dagrun for example_subdag_operator.section-1 to None, run_after=None
[2023-12-24T00:16:42.862+0000] {logging_mixin.py:154} INFO - [2023-12-24T00:16:42.862+0000] {dag.py:3722} INFO - Setting next_dagrun for example_subdag_operator.section-2 to None, run_after=None
[2023-12-24T00:16:42.868+0000] {processor.py:179} INFO - Processing /home/airflow/.local/lib/python3.8/site-packages/airflow/example_dags/example_subdag_operator.py took 0.060 seconds
[2023-12-24T00:33:51.711+0000] {processor.py:157} INFO - Started process (PID=6347) to work on /home/airflow/.local/lib/python3.8/site-packages/airflow/example_dags/example_subdag_operator.py
[2023-12-24T00:33:51.712+0000] {processor.py:829} INFO - Processing file /home/airflow/.local/lib/python3.8/site-packages/airflow/example_dags/example_subdag_operator.py for tasks to queue
[2023-12-24T00:33:51.714+0000] {logging_mixin.py:154} INFO - [2023-12-24T00:33:51.714+0000] {dagbag.py:536} INFO - Filling up the DagBag from /home/airflow/.local/lib/python3.8/site-packages/airflow/example_dags/example_subdag_operator.py
[2023-12-24T00:33:51.730+0000] {processor.py:839} INFO - DAG(s) dict_keys(['example_subdag_operator.section-1', 'example_subdag_operator.section-2', 'example_subdag_operator']) retrieved from /home/airflow/.local/lib/python3.8/site-packages/airflow/example_dags/example_subdag_operator.py
[2023-12-24T00:33:51.739+0000] {logging_mixin.py:154} INFO - [2023-12-24T00:33:51.739+0000] {dag.py:2941} INFO - Sync 3 DAGs
[2023-12-24T00:33:51.751+0000] {logging_mixin.py:154} INFO - [2023-12-24T00:33:51.751+0000] {dag.py:3722} INFO - Setting next_dagrun for example_subdag_operator to 2022-01-01T00:00:00+00:00, run_after=2022-01-01T00:00:00+00:00
[2023-12-24T00:33:51.753+0000] {logging_mixin.py:154} INFO - [2023-12-24T00:33:51.753+0000] {dag.py:3722} INFO - Setting next_dagrun for example_subdag_operator.section-1 to None, run_after=None
[2023-12-24T00:33:51.755+0000] {logging_mixin.py:154} INFO - [2023-12-24T00:33:51.755+0000] {dag.py:3722} INFO - Setting next_dagrun for example_subdag_operator.section-2 to None, run_after=None
[2023-12-24T00:33:51.759+0000] {logging_mixin.py:154} INFO - [2023-12-24T00:33:51.759+0000] {dag.py:2941} INFO - Sync 2 DAGs
[2023-12-24T00:33:51.762+0000] {logging_mixin.py:154} INFO - [2023-12-24T00:33:51.762+0000] {dag.py:3722} INFO - Setting next_dagrun for example_subdag_operator.section-1 to None, run_after=None
[2023-12-24T00:33:51.763+0000] {logging_mixin.py:154} INFO - [2023-12-24T00:33:51.763+0000] {dag.py:3722} INFO - Setting next_dagrun for example_subdag_operator.section-2 to None, run_after=None
[2023-12-24T00:33:51.769+0000] {processor.py:179} INFO - Processing /home/airflow/.local/lib/python3.8/site-packages/airflow/example_dags/example_subdag_operator.py took 0.060 seconds
[2023-12-24T00:34:21.987+0000] {processor.py:157} INFO - Started process (PID=6403) to work on /home/airflow/.local/lib/python3.8/site-packages/airflow/example_dags/example_subdag_operator.py
[2023-12-24T00:34:21.988+0000] {processor.py:829} INFO - Processing file /home/airflow/.local/lib/python3.8/site-packages/airflow/example_dags/example_subdag_operator.py for tasks to queue
[2023-12-24T00:34:21.991+0000] {logging_mixin.py:154} INFO - [2023-12-24T00:34:21.991+0000] {dagbag.py:536} INFO - Filling up the DagBag from /home/airflow/.local/lib/python3.8/site-packages/airflow/example_dags/example_subdag_operator.py
[2023-12-24T00:34:22.006+0000] {processor.py:839} INFO - DAG(s) dict_keys(['example_subdag_operator.section-1', 'example_subdag_operator.section-2', 'example_subdag_operator']) retrieved from /home/airflow/.local/lib/python3.8/site-packages/airflow/example_dags/example_subdag_operator.py
[2023-12-24T00:34:22.015+0000] {logging_mixin.py:154} INFO - [2023-12-24T00:34:22.015+0000] {dag.py:2941} INFO - Sync 3 DAGs
[2023-12-24T00:34:22.027+0000] {logging_mixin.py:154} INFO - [2023-12-24T00:34:22.027+0000] {dag.py:3722} INFO - Setting next_dagrun for example_subdag_operator to 2022-01-01T00:00:00+00:00, run_after=2022-01-01T00:00:00+00:00
[2023-12-24T00:34:22.030+0000] {logging_mixin.py:154} INFO - [2023-12-24T00:34:22.030+0000] {dag.py:3722} INFO - Setting next_dagrun for example_subdag_operator.section-1 to None, run_after=None
[2023-12-24T00:34:22.032+0000] {logging_mixin.py:154} INFO - [2023-12-24T00:34:22.032+0000] {dag.py:3722} INFO - Setting next_dagrun for example_subdag_operator.section-2 to None, run_after=None
[2023-12-24T00:34:22.036+0000] {logging_mixin.py:154} INFO - [2023-12-24T00:34:22.036+0000] {dag.py:2941} INFO - Sync 2 DAGs
[2023-12-24T00:34:22.040+0000] {logging_mixin.py:154} INFO - [2023-12-24T00:34:22.040+0000] {dag.py:3722} INFO - Setting next_dagrun for example_subdag_operator.section-1 to None, run_after=None
[2023-12-24T00:34:22.041+0000] {logging_mixin.py:154} INFO - [2023-12-24T00:34:22.041+0000] {dag.py:3722} INFO - Setting next_dagrun for example_subdag_operator.section-2 to None, run_after=None
[2023-12-24T00:34:22.048+0000] {processor.py:179} INFO - Processing /home/airflow/.local/lib/python3.8/site-packages/airflow/example_dags/example_subdag_operator.py took 0.063 seconds
[2023-12-24T00:51:37.216+0000] {processor.py:157} INFO - Started process (PID=6458) to work on /home/airflow/.local/lib/python3.8/site-packages/airflow/example_dags/example_subdag_operator.py
[2023-12-24T00:51:37.217+0000] {processor.py:829} INFO - Processing file /home/airflow/.local/lib/python3.8/site-packages/airflow/example_dags/example_subdag_operator.py for tasks to queue
[2023-12-24T00:51:37.219+0000] {logging_mixin.py:154} INFO - [2023-12-24T00:51:37.219+0000] {dagbag.py:536} INFO - Filling up the DagBag from /home/airflow/.local/lib/python3.8/site-packages/airflow/example_dags/example_subdag_operator.py
[2023-12-24T00:51:37.234+0000] {processor.py:839} INFO - DAG(s) dict_keys(['example_subdag_operator.section-1', 'example_subdag_operator.section-2', 'example_subdag_operator']) retrieved from /home/airflow/.local/lib/python3.8/site-packages/airflow/example_dags/example_subdag_operator.py
[2023-12-24T00:51:37.244+0000] {logging_mixin.py:154} INFO - [2023-12-24T00:51:37.243+0000] {dag.py:2941} INFO - Sync 3 DAGs
[2023-12-24T00:51:37.255+0000] {logging_mixin.py:154} INFO - [2023-12-24T00:51:37.255+0000] {dag.py:3722} INFO - Setting next_dagrun for example_subdag_operator to 2022-01-01T00:00:00+00:00, run_after=2022-01-01T00:00:00+00:00
[2023-12-24T00:51:37.257+0000] {logging_mixin.py:154} INFO - [2023-12-24T00:51:37.257+0000] {dag.py:3722} INFO - Setting next_dagrun for example_subdag_operator.section-1 to None, run_after=None
[2023-12-24T00:51:37.259+0000] {logging_mixin.py:154} INFO - [2023-12-24T00:51:37.259+0000] {dag.py:3722} INFO - Setting next_dagrun for example_subdag_operator.section-2 to None, run_after=None
[2023-12-24T00:51:37.263+0000] {logging_mixin.py:154} INFO - [2023-12-24T00:51:37.263+0000] {dag.py:2941} INFO - Sync 2 DAGs
[2023-12-24T00:51:37.267+0000] {logging_mixin.py:154} INFO - [2023-12-24T00:51:37.267+0000] {dag.py:3722} INFO - Setting next_dagrun for example_subdag_operator.section-1 to None, run_after=None
[2023-12-24T00:51:37.268+0000] {logging_mixin.py:154} INFO - [2023-12-24T00:51:37.268+0000] {dag.py:3722} INFO - Setting next_dagrun for example_subdag_operator.section-2 to None, run_after=None
[2023-12-24T00:51:37.274+0000] {processor.py:179} INFO - Processing /home/airflow/.local/lib/python3.8/site-packages/airflow/example_dags/example_subdag_operator.py took 0.060 seconds
[2023-12-24T00:52:07.580+0000] {processor.py:157} INFO - Started process (PID=6513) to work on /home/airflow/.local/lib/python3.8/site-packages/airflow/example_dags/example_subdag_operator.py
[2023-12-24T00:52:07.581+0000] {processor.py:829} INFO - Processing file /home/airflow/.local/lib/python3.8/site-packages/airflow/example_dags/example_subdag_operator.py for tasks to queue
[2023-12-24T00:52:07.583+0000] {logging_mixin.py:154} INFO - [2023-12-24T00:52:07.583+0000] {dagbag.py:536} INFO - Filling up the DagBag from /home/airflow/.local/lib/python3.8/site-packages/airflow/example_dags/example_subdag_operator.py
[2023-12-24T00:52:07.599+0000] {processor.py:839} INFO - DAG(s) dict_keys(['example_subdag_operator.section-1', 'example_subdag_operator.section-2', 'example_subdag_operator']) retrieved from /home/airflow/.local/lib/python3.8/site-packages/airflow/example_dags/example_subdag_operator.py
[2023-12-24T00:52:07.606+0000] {logging_mixin.py:154} INFO - [2023-12-24T00:52:07.606+0000] {dag.py:2941} INFO - Sync 3 DAGs
[2023-12-24T00:52:07.618+0000] {logging_mixin.py:154} INFO - [2023-12-24T00:52:07.618+0000] {dag.py:3722} INFO - Setting next_dagrun for example_subdag_operator to 2022-01-01T00:00:00+00:00, run_after=2022-01-01T00:00:00+00:00
[2023-12-24T00:52:07.620+0000] {logging_mixin.py:154} INFO - [2023-12-24T00:52:07.620+0000] {dag.py:3722} INFO - Setting next_dagrun for example_subdag_operator.section-1 to None, run_after=None
[2023-12-24T00:52:07.622+0000] {logging_mixin.py:154} INFO - [2023-12-24T00:52:07.622+0000] {dag.py:3722} INFO - Setting next_dagrun for example_subdag_operator.section-2 to None, run_after=None
[2023-12-24T00:52:07.626+0000] {logging_mixin.py:154} INFO - [2023-12-24T00:52:07.626+0000] {dag.py:2941} INFO - Sync 2 DAGs
[2023-12-24T00:52:07.630+0000] {logging_mixin.py:154} INFO - [2023-12-24T00:52:07.629+0000] {dag.py:3722} INFO - Setting next_dagrun for example_subdag_operator.section-1 to None, run_after=None
[2023-12-24T00:52:07.630+0000] {logging_mixin.py:154} INFO - [2023-12-24T00:52:07.630+0000] {dag.py:3722} INFO - Setting next_dagrun for example_subdag_operator.section-2 to None, run_after=None
[2023-12-24T00:52:07.637+0000] {processor.py:179} INFO - Processing /home/airflow/.local/lib/python3.8/site-packages/airflow/example_dags/example_subdag_operator.py took 0.060 seconds
[2023-12-24T01:08:53.875+0000] {processor.py:157} INFO - Started process (PID=6568) to work on /home/airflow/.local/lib/python3.8/site-packages/airflow/example_dags/example_subdag_operator.py
[2023-12-24T01:08:53.876+0000] {processor.py:829} INFO - Processing file /home/airflow/.local/lib/python3.8/site-packages/airflow/example_dags/example_subdag_operator.py for tasks to queue
[2023-12-24T01:08:53.878+0000] {logging_mixin.py:154} INFO - [2023-12-24T01:08:53.878+0000] {dagbag.py:536} INFO - Filling up the DagBag from /home/airflow/.local/lib/python3.8/site-packages/airflow/example_dags/example_subdag_operator.py
[2023-12-24T01:08:53.894+0000] {processor.py:839} INFO - DAG(s) dict_keys(['example_subdag_operator.section-1', 'example_subdag_operator.section-2', 'example_subdag_operator']) retrieved from /home/airflow/.local/lib/python3.8/site-packages/airflow/example_dags/example_subdag_operator.py
[2023-12-24T01:08:53.903+0000] {logging_mixin.py:154} INFO - [2023-12-24T01:08:53.903+0000] {dag.py:2941} INFO - Sync 3 DAGs
[2023-12-24T01:08:53.915+0000] {logging_mixin.py:154} INFO - [2023-12-24T01:08:53.915+0000] {dag.py:3722} INFO - Setting next_dagrun for example_subdag_operator to 2022-01-01T00:00:00+00:00, run_after=2022-01-01T00:00:00+00:00
[2023-12-24T01:08:53.918+0000] {logging_mixin.py:154} INFO - [2023-12-24T01:08:53.917+0000] {dag.py:3722} INFO - Setting next_dagrun for example_subdag_operator.section-1 to None, run_after=None
[2023-12-24T01:08:53.919+0000] {logging_mixin.py:154} INFO - [2023-12-24T01:08:53.919+0000] {dag.py:3722} INFO - Setting next_dagrun for example_subdag_operator.section-2 to None, run_after=None
[2023-12-24T01:08:53.923+0000] {logging_mixin.py:154} INFO - [2023-12-24T01:08:53.923+0000] {dag.py:2941} INFO - Sync 2 DAGs
[2023-12-24T01:08:53.927+0000] {logging_mixin.py:154} INFO - [2023-12-24T01:08:53.926+0000] {dag.py:3722} INFO - Setting next_dagrun for example_subdag_operator.section-1 to None, run_after=None
[2023-12-24T01:08:53.927+0000] {logging_mixin.py:154} INFO - [2023-12-24T01:08:53.927+0000] {dag.py:3722} INFO - Setting next_dagrun for example_subdag_operator.section-2 to None, run_after=None
[2023-12-24T01:08:53.934+0000] {processor.py:179} INFO - Processing /home/airflow/.local/lib/python3.8/site-packages/airflow/example_dags/example_subdag_operator.py took 0.061 seconds
[2023-12-24T01:26:18.035+0000] {processor.py:157} INFO - Started process (PID=6624) to work on /home/airflow/.local/lib/python3.8/site-packages/airflow/example_dags/example_subdag_operator.py
[2023-12-24T01:26:18.036+0000] {processor.py:829} INFO - Processing file /home/airflow/.local/lib/python3.8/site-packages/airflow/example_dags/example_subdag_operator.py for tasks to queue
[2023-12-24T01:26:18.039+0000] {logging_mixin.py:154} INFO - [2023-12-24T01:26:18.038+0000] {dagbag.py:536} INFO - Filling up the DagBag from /home/airflow/.local/lib/python3.8/site-packages/airflow/example_dags/example_subdag_operator.py
[2023-12-24T01:26:18.054+0000] {processor.py:839} INFO - DAG(s) dict_keys(['example_subdag_operator.section-1', 'example_subdag_operator.section-2', 'example_subdag_operator']) retrieved from /home/airflow/.local/lib/python3.8/site-packages/airflow/example_dags/example_subdag_operator.py
[2023-12-24T01:26:18.063+0000] {logging_mixin.py:154} INFO - [2023-12-24T01:26:18.063+0000] {dag.py:2941} INFO - Sync 3 DAGs
[2023-12-24T01:26:18.075+0000] {logging_mixin.py:154} INFO - [2023-12-24T01:26:18.075+0000] {dag.py:3722} INFO - Setting next_dagrun for example_subdag_operator to 2022-01-01T00:00:00+00:00, run_after=2022-01-01T00:00:00+00:00
[2023-12-24T01:26:18.077+0000] {logging_mixin.py:154} INFO - [2023-12-24T01:26:18.077+0000] {dag.py:3722} INFO - Setting next_dagrun for example_subdag_operator.section-1 to None, run_after=None
[2023-12-24T01:26:18.078+0000] {logging_mixin.py:154} INFO - [2023-12-24T01:26:18.078+0000] {dag.py:3722} INFO - Setting next_dagrun for example_subdag_operator.section-2 to None, run_after=None
[2023-12-24T01:26:18.083+0000] {logging_mixin.py:154} INFO - [2023-12-24T01:26:18.083+0000] {dag.py:2941} INFO - Sync 2 DAGs
[2023-12-24T01:26:18.086+0000] {logging_mixin.py:154} INFO - [2023-12-24T01:26:18.086+0000] {dag.py:3722} INFO - Setting next_dagrun for example_subdag_operator.section-1 to None, run_after=None
[2023-12-24T01:26:18.087+0000] {logging_mixin.py:154} INFO - [2023-12-24T01:26:18.087+0000] {dag.py:3722} INFO - Setting next_dagrun for example_subdag_operator.section-2 to None, run_after=None
[2023-12-24T01:26:18.093+0000] {processor.py:179} INFO - Processing /home/airflow/.local/lib/python3.8/site-packages/airflow/example_dags/example_subdag_operator.py took 0.060 seconds
[2023-12-24T01:26:48.355+0000] {processor.py:157} INFO - Started process (PID=6680) to work on /home/airflow/.local/lib/python3.8/site-packages/airflow/example_dags/example_subdag_operator.py
[2023-12-24T01:26:48.355+0000] {processor.py:829} INFO - Processing file /home/airflow/.local/lib/python3.8/site-packages/airflow/example_dags/example_subdag_operator.py for tasks to queue
[2023-12-24T01:26:48.357+0000] {logging_mixin.py:154} INFO - [2023-12-24T01:26:48.357+0000] {dagbag.py:536} INFO - Filling up the DagBag from /home/airflow/.local/lib/python3.8/site-packages/airflow/example_dags/example_subdag_operator.py
[2023-12-24T01:26:48.371+0000] {processor.py:839} INFO - DAG(s) dict_keys(['example_subdag_operator.section-1', 'example_subdag_operator.section-2', 'example_subdag_operator']) retrieved from /home/airflow/.local/lib/python3.8/site-packages/airflow/example_dags/example_subdag_operator.py
[2023-12-24T01:26:48.380+0000] {logging_mixin.py:154} INFO - [2023-12-24T01:26:48.380+0000] {dag.py:2941} INFO - Sync 3 DAGs
[2023-12-24T01:26:48.391+0000] {logging_mixin.py:154} INFO - [2023-12-24T01:26:48.391+0000] {dag.py:3722} INFO - Setting next_dagrun for example_subdag_operator to 2022-01-01T00:00:00+00:00, run_after=2022-01-01T00:00:00+00:00
[2023-12-24T01:26:48.393+0000] {logging_mixin.py:154} INFO - [2023-12-24T01:26:48.393+0000] {dag.py:3722} INFO - Setting next_dagrun for example_subdag_operator.section-1 to None, run_after=None
[2023-12-24T01:26:48.394+0000] {logging_mixin.py:154} INFO - [2023-12-24T01:26:48.394+0000] {dag.py:3722} INFO - Setting next_dagrun for example_subdag_operator.section-2 to None, run_after=None
[2023-12-24T01:26:48.399+0000] {logging_mixin.py:154} INFO - [2023-12-24T01:26:48.399+0000] {dag.py:2941} INFO - Sync 2 DAGs
[2023-12-24T01:26:48.403+0000] {logging_mixin.py:154} INFO - [2023-12-24T01:26:48.403+0000] {dag.py:3722} INFO - Setting next_dagrun for example_subdag_operator.section-1 to None, run_after=None
[2023-12-24T01:26:48.404+0000] {logging_mixin.py:154} INFO - [2023-12-24T01:26:48.403+0000] {dag.py:3722} INFO - Setting next_dagrun for example_subdag_operator.section-2 to None, run_after=None
[2023-12-24T01:26:48.410+0000] {processor.py:179} INFO - Processing /home/airflow/.local/lib/python3.8/site-packages/airflow/example_dags/example_subdag_operator.py took 0.058 seconds
[2023-12-24T01:39:27.937+0000] {processor.py:157} INFO - Started process (PID=6737) to work on /home/airflow/.local/lib/python3.8/site-packages/airflow/example_dags/example_subdag_operator.py
[2023-12-24T01:39:27.938+0000] {processor.py:829} INFO - Processing file /home/airflow/.local/lib/python3.8/site-packages/airflow/example_dags/example_subdag_operator.py for tasks to queue
[2023-12-24T01:39:27.941+0000] {logging_mixin.py:154} INFO - [2023-12-24T01:39:27.940+0000] {dagbag.py:536} INFO - Filling up the DagBag from /home/airflow/.local/lib/python3.8/site-packages/airflow/example_dags/example_subdag_operator.py
[2023-12-24T01:39:27.957+0000] {processor.py:839} INFO - DAG(s) dict_keys(['example_subdag_operator.section-1', 'example_subdag_operator.section-2', 'example_subdag_operator']) retrieved from /home/airflow/.local/lib/python3.8/site-packages/airflow/example_dags/example_subdag_operator.py
[2023-12-24T01:39:27.966+0000] {logging_mixin.py:154} INFO - [2023-12-24T01:39:27.966+0000] {dag.py:2941} INFO - Sync 3 DAGs
[2023-12-24T01:39:27.979+0000] {logging_mixin.py:154} INFO - [2023-12-24T01:39:27.979+0000] {dag.py:3722} INFO - Setting next_dagrun for example_subdag_operator to 2022-01-01T00:00:00+00:00, run_after=2022-01-01T00:00:00+00:00
[2023-12-24T01:39:27.981+0000] {logging_mixin.py:154} INFO - [2023-12-24T01:39:27.981+0000] {dag.py:3722} INFO - Setting next_dagrun for example_subdag_operator.section-1 to None, run_after=None
[2023-12-24T01:39:27.983+0000] {logging_mixin.py:154} INFO - [2023-12-24T01:39:27.983+0000] {dag.py:3722} INFO - Setting next_dagrun for example_subdag_operator.section-2 to None, run_after=None
[2023-12-24T01:39:27.987+0000] {logging_mixin.py:154} INFO - [2023-12-24T01:39:27.987+0000] {dag.py:2941} INFO - Sync 2 DAGs
[2023-12-24T01:39:27.991+0000] {logging_mixin.py:154} INFO - [2023-12-24T01:39:27.991+0000] {dag.py:3722} INFO - Setting next_dagrun for example_subdag_operator.section-1 to None, run_after=None
[2023-12-24T01:39:27.991+0000] {logging_mixin.py:154} INFO - [2023-12-24T01:39:27.991+0000] {dag.py:3722} INFO - Setting next_dagrun for example_subdag_operator.section-2 to None, run_after=None
[2023-12-24T01:39:27.998+0000] {processor.py:179} INFO - Processing /home/airflow/.local/lib/python3.8/site-packages/airflow/example_dags/example_subdag_operator.py took 0.063 seconds
[2023-12-24T01:39:58.263+0000] {processor.py:157} INFO - Started process (PID=6792) to work on /home/airflow/.local/lib/python3.8/site-packages/airflow/example_dags/example_subdag_operator.py
[2023-12-24T01:39:58.264+0000] {processor.py:829} INFO - Processing file /home/airflow/.local/lib/python3.8/site-packages/airflow/example_dags/example_subdag_operator.py for tasks to queue
[2023-12-24T01:39:58.266+0000] {logging_mixin.py:154} INFO - [2023-12-24T01:39:58.266+0000] {dagbag.py:536} INFO - Filling up the DagBag from /home/airflow/.local/lib/python3.8/site-packages/airflow/example_dags/example_subdag_operator.py
[2023-12-24T01:39:58.282+0000] {processor.py:839} INFO - DAG(s) dict_keys(['example_subdag_operator.section-1', 'example_subdag_operator.section-2', 'example_subdag_operator']) retrieved from /home/airflow/.local/lib/python3.8/site-packages/airflow/example_dags/example_subdag_operator.py
[2023-12-24T01:39:58.291+0000] {logging_mixin.py:154} INFO - [2023-12-24T01:39:58.291+0000] {dag.py:2941} INFO - Sync 3 DAGs
[2023-12-24T01:39:58.303+0000] {logging_mixin.py:154} INFO - [2023-12-24T01:39:58.303+0000] {dag.py:3722} INFO - Setting next_dagrun for example_subdag_operator to 2022-01-01T00:00:00+00:00, run_after=2022-01-01T00:00:00+00:00
[2023-12-24T01:39:58.306+0000] {logging_mixin.py:154} INFO - [2023-12-24T01:39:58.306+0000] {dag.py:3722} INFO - Setting next_dagrun for example_subdag_operator.section-1 to None, run_after=None
[2023-12-24T01:39:58.308+0000] {logging_mixin.py:154} INFO - [2023-12-24T01:39:58.308+0000] {dag.py:3722} INFO - Setting next_dagrun for example_subdag_operator.section-2 to None, run_after=None
[2023-12-24T01:39:58.312+0000] {logging_mixin.py:154} INFO - [2023-12-24T01:39:58.312+0000] {dag.py:2941} INFO - Sync 2 DAGs
[2023-12-24T01:39:58.316+0000] {logging_mixin.py:154} INFO - [2023-12-24T01:39:58.315+0000] {dag.py:3722} INFO - Setting next_dagrun for example_subdag_operator.section-1 to None, run_after=None
[2023-12-24T01:39:58.316+0000] {logging_mixin.py:154} INFO - [2023-12-24T01:39:58.316+0000] {dag.py:3722} INFO - Setting next_dagrun for example_subdag_operator.section-2 to None, run_after=None
[2023-12-24T01:39:58.323+0000] {processor.py:179} INFO - Processing /home/airflow/.local/lib/python3.8/site-packages/airflow/example_dags/example_subdag_operator.py took 0.062 seconds
[2023-12-24T01:40:28.545+0000] {processor.py:157} INFO - Started process (PID=6847) to work on /home/airflow/.local/lib/python3.8/site-packages/airflow/example_dags/example_subdag_operator.py
[2023-12-24T01:40:28.546+0000] {processor.py:829} INFO - Processing file /home/airflow/.local/lib/python3.8/site-packages/airflow/example_dags/example_subdag_operator.py for tasks to queue
[2023-12-24T01:40:28.549+0000] {logging_mixin.py:154} INFO - [2023-12-24T01:40:28.549+0000] {dagbag.py:536} INFO - Filling up the DagBag from /home/airflow/.local/lib/python3.8/site-packages/airflow/example_dags/example_subdag_operator.py
[2023-12-24T01:40:28.564+0000] {processor.py:839} INFO - DAG(s) dict_keys(['example_subdag_operator.section-1', 'example_subdag_operator.section-2', 'example_subdag_operator']) retrieved from /home/airflow/.local/lib/python3.8/site-packages/airflow/example_dags/example_subdag_operator.py
[2023-12-24T01:40:28.574+0000] {logging_mixin.py:154} INFO - [2023-12-24T01:40:28.574+0000] {dag.py:2941} INFO - Sync 3 DAGs
[2023-12-24T01:40:28.586+0000] {logging_mixin.py:154} INFO - [2023-12-24T01:40:28.586+0000] {dag.py:3722} INFO - Setting next_dagrun for example_subdag_operator to 2022-01-01T00:00:00+00:00, run_after=2022-01-01T00:00:00+00:00
[2023-12-24T01:40:28.588+0000] {logging_mixin.py:154} INFO - [2023-12-24T01:40:28.588+0000] {dag.py:3722} INFO - Setting next_dagrun for example_subdag_operator.section-1 to None, run_after=None
[2023-12-24T01:40:28.590+0000] {logging_mixin.py:154} INFO - [2023-12-24T01:40:28.590+0000] {dag.py:3722} INFO - Setting next_dagrun for example_subdag_operator.section-2 to None, run_after=None
[2023-12-24T01:40:28.594+0000] {logging_mixin.py:154} INFO - [2023-12-24T01:40:28.594+0000] {dag.py:2941} INFO - Sync 2 DAGs
[2023-12-24T01:40:28.597+0000] {logging_mixin.py:154} INFO - [2023-12-24T01:40:28.597+0000] {dag.py:3722} INFO - Setting next_dagrun for example_subdag_operator.section-1 to None, run_after=None
[2023-12-24T01:40:28.598+0000] {logging_mixin.py:154} INFO - [2023-12-24T01:40:28.598+0000] {dag.py:3722} INFO - Setting next_dagrun for example_subdag_operator.section-2 to None, run_after=None
[2023-12-24T01:40:28.605+0000] {processor.py:179} INFO - Processing /home/airflow/.local/lib/python3.8/site-packages/airflow/example_dags/example_subdag_operator.py took 0.062 seconds
[2023-12-24T01:41:31.250+0000] {processor.py:157} INFO - Started process (PID=74) to work on /home/airflow/.local/lib/python3.8/site-packages/airflow/example_dags/example_subdag_operator.py
[2023-12-24T01:41:31.252+0000] {processor.py:829} INFO - Processing file /home/airflow/.local/lib/python3.8/site-packages/airflow/example_dags/example_subdag_operator.py for tasks to queue
[2023-12-24T01:41:31.254+0000] {logging_mixin.py:154} INFO - [2023-12-24T01:41:31.254+0000] {dagbag.py:536} INFO - Filling up the DagBag from /home/airflow/.local/lib/python3.8/site-packages/airflow/example_dags/example_subdag_operator.py
[2023-12-24T01:41:31.272+0000] {processor.py:839} INFO - DAG(s) dict_keys(['example_subdag_operator.section-1', 'example_subdag_operator.section-2', 'example_subdag_operator']) retrieved from /home/airflow/.local/lib/python3.8/site-packages/airflow/example_dags/example_subdag_operator.py
[2023-12-24T01:41:31.275+0000] {logging_mixin.py:154} INFO - [2023-12-24T01:41:31.275+0000] {dag.py:2941} INFO - Sync 3 DAGs
[2023-12-24T01:41:31.287+0000] {logging_mixin.py:154} INFO - [2023-12-24T01:41:31.287+0000] {dag.py:3722} INFO - Setting next_dagrun for example_subdag_operator to 2022-01-01T00:00:00+00:00, run_after=2022-01-01T00:00:00+00:00
[2023-12-24T01:41:31.291+0000] {logging_mixin.py:154} INFO - [2023-12-24T01:41:31.291+0000] {dag.py:3722} INFO - Setting next_dagrun for example_subdag_operator.section-1 to None, run_after=None
[2023-12-24T01:41:31.293+0000] {logging_mixin.py:154} INFO - [2023-12-24T01:41:31.292+0000] {dag.py:3722} INFO - Setting next_dagrun for example_subdag_operator.section-2 to None, run_after=None
[2023-12-24T01:41:31.297+0000] {logging_mixin.py:154} INFO - [2023-12-24T01:41:31.297+0000] {dag.py:2941} INFO - Sync 2 DAGs
[2023-12-24T01:41:31.301+0000] {logging_mixin.py:154} INFO - [2023-12-24T01:41:31.301+0000] {dag.py:3722} INFO - Setting next_dagrun for example_subdag_operator.section-1 to None, run_after=None
[2023-12-24T01:41:31.302+0000] {logging_mixin.py:154} INFO - [2023-12-24T01:41:31.302+0000] {dag.py:3722} INFO - Setting next_dagrun for example_subdag_operator.section-2 to None, run_after=None
[2023-12-24T01:41:31.310+0000] {processor.py:179} INFO - Processing /home/airflow/.local/lib/python3.8/site-packages/airflow/example_dags/example_subdag_operator.py took 0.062 seconds
[2023-12-24T01:42:01.578+0000] {processor.py:157} INFO - Started process (PID=130) to work on /home/airflow/.local/lib/python3.8/site-packages/airflow/example_dags/example_subdag_operator.py
[2023-12-24T01:42:01.579+0000] {processor.py:829} INFO - Processing file /home/airflow/.local/lib/python3.8/site-packages/airflow/example_dags/example_subdag_operator.py for tasks to queue
[2023-12-24T01:42:01.581+0000] {logging_mixin.py:154} INFO - [2023-12-24T01:42:01.581+0000] {dagbag.py:536} INFO - Filling up the DagBag from /home/airflow/.local/lib/python3.8/site-packages/airflow/example_dags/example_subdag_operator.py
[2023-12-24T01:42:01.597+0000] {processor.py:839} INFO - DAG(s) dict_keys(['example_subdag_operator.section-1', 'example_subdag_operator.section-2', 'example_subdag_operator']) retrieved from /home/airflow/.local/lib/python3.8/site-packages/airflow/example_dags/example_subdag_operator.py
[2023-12-24T01:42:01.607+0000] {logging_mixin.py:154} INFO - [2023-12-24T01:42:01.607+0000] {dag.py:2941} INFO - Sync 3 DAGs
[2023-12-24T01:42:01.621+0000] {logging_mixin.py:154} INFO - [2023-12-24T01:42:01.621+0000] {dag.py:3722} INFO - Setting next_dagrun for example_subdag_operator to 2022-01-01T00:00:00+00:00, run_after=2022-01-01T00:00:00+00:00
[2023-12-24T01:42:01.624+0000] {logging_mixin.py:154} INFO - [2023-12-24T01:42:01.624+0000] {dag.py:3722} INFO - Setting next_dagrun for example_subdag_operator.section-1 to None, run_after=None
[2023-12-24T01:42:01.625+0000] {logging_mixin.py:154} INFO - [2023-12-24T01:42:01.625+0000] {dag.py:3722} INFO - Setting next_dagrun for example_subdag_operator.section-2 to None, run_after=None
[2023-12-24T01:42:01.631+0000] {logging_mixin.py:154} INFO - [2023-12-24T01:42:01.631+0000] {dag.py:2941} INFO - Sync 2 DAGs
[2023-12-24T01:42:01.634+0000] {logging_mixin.py:154} INFO - [2023-12-24T01:42:01.634+0000] {dag.py:3722} INFO - Setting next_dagrun for example_subdag_operator.section-1 to None, run_after=None
[2023-12-24T01:42:01.635+0000] {logging_mixin.py:154} INFO - [2023-12-24T01:42:01.635+0000] {dag.py:3722} INFO - Setting next_dagrun for example_subdag_operator.section-2 to None, run_after=None
[2023-12-24T01:42:01.642+0000] {processor.py:179} INFO - Processing /home/airflow/.local/lib/python3.8/site-packages/airflow/example_dags/example_subdag_operator.py took 0.066 seconds
[2023-12-24T01:42:31.975+0000] {processor.py:157} INFO - Started process (PID=186) to work on /home/airflow/.local/lib/python3.8/site-packages/airflow/example_dags/example_subdag_operator.py
[2023-12-24T01:42:31.976+0000] {processor.py:829} INFO - Processing file /home/airflow/.local/lib/python3.8/site-packages/airflow/example_dags/example_subdag_operator.py for tasks to queue
[2023-12-24T01:42:31.977+0000] {logging_mixin.py:154} INFO - [2023-12-24T01:42:31.977+0000] {dagbag.py:536} INFO - Filling up the DagBag from /home/airflow/.local/lib/python3.8/site-packages/airflow/example_dags/example_subdag_operator.py
[2023-12-24T01:42:31.993+0000] {processor.py:839} INFO - DAG(s) dict_keys(['example_subdag_operator.section-1', 'example_subdag_operator.section-2', 'example_subdag_operator']) retrieved from /home/airflow/.local/lib/python3.8/site-packages/airflow/example_dags/example_subdag_operator.py
[2023-12-24T01:42:32.002+0000] {logging_mixin.py:154} INFO - [2023-12-24T01:42:32.002+0000] {dag.py:2941} INFO - Sync 3 DAGs
[2023-12-24T01:42:32.013+0000] {logging_mixin.py:154} INFO - [2023-12-24T01:42:32.013+0000] {dag.py:3722} INFO - Setting next_dagrun for example_subdag_operator to 2022-01-01T00:00:00+00:00, run_after=2022-01-01T00:00:00+00:00
[2023-12-24T01:42:32.015+0000] {logging_mixin.py:154} INFO - [2023-12-24T01:42:32.015+0000] {dag.py:3722} INFO - Setting next_dagrun for example_subdag_operator.section-1 to None, run_after=None
[2023-12-24T01:42:32.016+0000] {logging_mixin.py:154} INFO - [2023-12-24T01:42:32.016+0000] {dag.py:3722} INFO - Setting next_dagrun for example_subdag_operator.section-2 to None, run_after=None
[2023-12-24T01:42:32.021+0000] {logging_mixin.py:154} INFO - [2023-12-24T01:42:32.021+0000] {dag.py:2941} INFO - Sync 2 DAGs
[2023-12-24T01:42:32.024+0000] {logging_mixin.py:154} INFO - [2023-12-24T01:42:32.024+0000] {dag.py:3722} INFO - Setting next_dagrun for example_subdag_operator.section-1 to None, run_after=None
[2023-12-24T01:42:32.025+0000] {logging_mixin.py:154} INFO - [2023-12-24T01:42:32.025+0000] {dag.py:3722} INFO - Setting next_dagrun for example_subdag_operator.section-2 to None, run_after=None
[2023-12-24T01:42:32.031+0000] {processor.py:179} INFO - Processing /home/airflow/.local/lib/python3.8/site-packages/airflow/example_dags/example_subdag_operator.py took 0.059 seconds
[2023-12-24T01:43:03.636+0000] {processor.py:157} INFO - Started process (PID=240) to work on /home/airflow/.local/lib/python3.8/site-packages/airflow/example_dags/example_subdag_operator.py
[2023-12-24T01:43:03.637+0000] {processor.py:829} INFO - Processing file /home/airflow/.local/lib/python3.8/site-packages/airflow/example_dags/example_subdag_operator.py for tasks to queue
[2023-12-24T01:43:03.639+0000] {logging_mixin.py:154} INFO - [2023-12-24T01:43:03.639+0000] {dagbag.py:536} INFO - Filling up the DagBag from /home/airflow/.local/lib/python3.8/site-packages/airflow/example_dags/example_subdag_operator.py
[2023-12-24T01:43:03.654+0000] {processor.py:839} INFO - DAG(s) dict_keys(['example_subdag_operator.section-1', 'example_subdag_operator.section-2', 'example_subdag_operator']) retrieved from /home/airflow/.local/lib/python3.8/site-packages/airflow/example_dags/example_subdag_operator.py
[2023-12-24T01:43:03.663+0000] {logging_mixin.py:154} INFO - [2023-12-24T01:43:03.663+0000] {dag.py:2941} INFO - Sync 3 DAGs
[2023-12-24T01:43:03.674+0000] {logging_mixin.py:154} INFO - [2023-12-24T01:43:03.674+0000] {dag.py:3722} INFO - Setting next_dagrun for example_subdag_operator to 2022-01-01T00:00:00+00:00, run_after=2022-01-01T00:00:00+00:00
[2023-12-24T01:43:03.676+0000] {logging_mixin.py:154} INFO - [2023-12-24T01:43:03.676+0000] {dag.py:3722} INFO - Setting next_dagrun for example_subdag_operator.section-1 to None, run_after=None
[2023-12-24T01:43:03.677+0000] {logging_mixin.py:154} INFO - [2023-12-24T01:43:03.677+0000] {dag.py:3722} INFO - Setting next_dagrun for example_subdag_operator.section-2 to None, run_after=None
[2023-12-24T01:43:03.682+0000] {logging_mixin.py:154} INFO - [2023-12-24T01:43:03.682+0000] {dag.py:2941} INFO - Sync 2 DAGs
[2023-12-24T01:43:03.685+0000] {logging_mixin.py:154} INFO - [2023-12-24T01:43:03.685+0000] {dag.py:3722} INFO - Setting next_dagrun for example_subdag_operator.section-1 to None, run_after=None
[2023-12-24T01:43:03.685+0000] {logging_mixin.py:154} INFO - [2023-12-24T01:43:03.685+0000] {dag.py:3722} INFO - Setting next_dagrun for example_subdag_operator.section-2 to None, run_after=None
[2023-12-24T01:43:03.691+0000] {processor.py:179} INFO - Processing /home/airflow/.local/lib/python3.8/site-packages/airflow/example_dags/example_subdag_operator.py took 0.058 seconds
[2023-12-24T01:43:34.588+0000] {processor.py:157} INFO - Started process (PID=296) to work on /home/airflow/.local/lib/python3.8/site-packages/airflow/example_dags/example_subdag_operator.py
[2023-12-24T01:43:34.589+0000] {processor.py:829} INFO - Processing file /home/airflow/.local/lib/python3.8/site-packages/airflow/example_dags/example_subdag_operator.py for tasks to queue
[2023-12-24T01:43:34.592+0000] {logging_mixin.py:154} INFO - [2023-12-24T01:43:34.591+0000] {dagbag.py:536} INFO - Filling up the DagBag from /home/airflow/.local/lib/python3.8/site-packages/airflow/example_dags/example_subdag_operator.py
[2023-12-24T01:43:34.609+0000] {processor.py:839} INFO - DAG(s) dict_keys(['example_subdag_operator.section-1', 'example_subdag_operator.section-2', 'example_subdag_operator']) retrieved from /home/airflow/.local/lib/python3.8/site-packages/airflow/example_dags/example_subdag_operator.py
[2023-12-24T01:43:34.620+0000] {logging_mixin.py:154} INFO - [2023-12-24T01:43:34.620+0000] {dag.py:2941} INFO - Sync 3 DAGs
[2023-12-24T01:43:34.744+0000] {logging_mixin.py:154} INFO - [2023-12-24T01:43:34.744+0000] {dag.py:3722} INFO - Setting next_dagrun for example_subdag_operator to 2022-01-01T00:00:00+00:00, run_after=2022-01-01T00:00:00+00:00
[2023-12-24T01:43:34.747+0000] {logging_mixin.py:154} INFO - [2023-12-24T01:43:34.747+0000] {dag.py:3722} INFO - Setting next_dagrun for example_subdag_operator.section-1 to None, run_after=None
[2023-12-24T01:43:34.749+0000] {logging_mixin.py:154} INFO - [2023-12-24T01:43:34.749+0000] {dag.py:3722} INFO - Setting next_dagrun for example_subdag_operator.section-2 to None, run_after=None
[2023-12-24T01:43:34.755+0000] {logging_mixin.py:154} INFO - [2023-12-24T01:43:34.754+0000] {dag.py:2941} INFO - Sync 2 DAGs
[2023-12-24T01:43:34.758+0000] {logging_mixin.py:154} INFO - [2023-12-24T01:43:34.758+0000] {dag.py:3722} INFO - Setting next_dagrun for example_subdag_operator.section-1 to None, run_after=None
[2023-12-24T01:43:34.759+0000] {logging_mixin.py:154} INFO - [2023-12-24T01:43:34.759+0000] {dag.py:3722} INFO - Setting next_dagrun for example_subdag_operator.section-2 to None, run_after=None
[2023-12-24T01:43:34.767+0000] {processor.py:179} INFO - Processing /home/airflow/.local/lib/python3.8/site-packages/airflow/example_dags/example_subdag_operator.py took 0.182 seconds
[2023-12-24T01:44:05.125+0000] {processor.py:157} INFO - Started process (PID=351) to work on /home/airflow/.local/lib/python3.8/site-packages/airflow/example_dags/example_subdag_operator.py
[2023-12-24T01:44:05.126+0000] {processor.py:829} INFO - Processing file /home/airflow/.local/lib/python3.8/site-packages/airflow/example_dags/example_subdag_operator.py for tasks to queue
[2023-12-24T01:44:05.128+0000] {logging_mixin.py:154} INFO - [2023-12-24T01:44:05.128+0000] {dagbag.py:536} INFO - Filling up the DagBag from /home/airflow/.local/lib/python3.8/site-packages/airflow/example_dags/example_subdag_operator.py
[2023-12-24T01:44:05.144+0000] {processor.py:839} INFO - DAG(s) dict_keys(['example_subdag_operator.section-1', 'example_subdag_operator.section-2', 'example_subdag_operator']) retrieved from /home/airflow/.local/lib/python3.8/site-packages/airflow/example_dags/example_subdag_operator.py
[2023-12-24T01:44:05.154+0000] {logging_mixin.py:154} INFO - [2023-12-24T01:44:05.154+0000] {dag.py:2941} INFO - Sync 3 DAGs
[2023-12-24T01:44:05.167+0000] {logging_mixin.py:154} INFO - [2023-12-24T01:44:05.166+0000] {dag.py:3722} INFO - Setting next_dagrun for example_subdag_operator to 2022-01-01T00:00:00+00:00, run_after=2022-01-01T00:00:00+00:00
[2023-12-24T01:44:05.170+0000] {logging_mixin.py:154} INFO - [2023-12-24T01:44:05.170+0000] {dag.py:3722} INFO - Setting next_dagrun for example_subdag_operator.section-1 to None, run_after=None
[2023-12-24T01:44:05.171+0000] {logging_mixin.py:154} INFO - [2023-12-24T01:44:05.171+0000] {dag.py:3722} INFO - Setting next_dagrun for example_subdag_operator.section-2 to None, run_after=None
[2023-12-24T01:44:05.175+0000] {logging_mixin.py:154} INFO - [2023-12-24T01:44:05.175+0000] {dag.py:2941} INFO - Sync 2 DAGs
[2023-12-24T01:44:05.275+0000] {logging_mixin.py:154} INFO - [2023-12-24T01:44:05.275+0000] {dag.py:3722} INFO - Setting next_dagrun for example_subdag_operator.section-1 to None, run_after=None
[2023-12-24T01:44:05.276+0000] {logging_mixin.py:154} INFO - [2023-12-24T01:44:05.276+0000] {dag.py:3722} INFO - Setting next_dagrun for example_subdag_operator.section-2 to None, run_after=None
[2023-12-24T01:44:05.282+0000] {processor.py:179} INFO - Processing /home/airflow/.local/lib/python3.8/site-packages/airflow/example_dags/example_subdag_operator.py took 0.160 seconds
[2023-12-24T01:44:35.969+0000] {processor.py:157} INFO - Started process (PID=407) to work on /home/airflow/.local/lib/python3.8/site-packages/airflow/example_dags/example_subdag_operator.py
[2023-12-24T01:44:35.970+0000] {processor.py:829} INFO - Processing file /home/airflow/.local/lib/python3.8/site-packages/airflow/example_dags/example_subdag_operator.py for tasks to queue
[2023-12-24T01:44:35.973+0000] {logging_mixin.py:154} INFO - [2023-12-24T01:44:35.973+0000] {dagbag.py:536} INFO - Filling up the DagBag from /home/airflow/.local/lib/python3.8/site-packages/airflow/example_dags/example_subdag_operator.py
[2023-12-24T01:44:35.989+0000] {processor.py:839} INFO - DAG(s) dict_keys(['example_subdag_operator.section-1', 'example_subdag_operator.section-2', 'example_subdag_operator']) retrieved from /home/airflow/.local/lib/python3.8/site-packages/airflow/example_dags/example_subdag_operator.py
[2023-12-24T01:44:35.999+0000] {logging_mixin.py:154} INFO - [2023-12-24T01:44:35.999+0000] {dag.py:2941} INFO - Sync 3 DAGs
[2023-12-24T01:44:36.013+0000] {logging_mixin.py:154} INFO - [2023-12-24T01:44:36.013+0000] {dag.py:3722} INFO - Setting next_dagrun for example_subdag_operator to 2022-01-01T00:00:00+00:00, run_after=2022-01-01T00:00:00+00:00
[2023-12-24T01:44:36.016+0000] {logging_mixin.py:154} INFO - [2023-12-24T01:44:36.016+0000] {dag.py:3722} INFO - Setting next_dagrun for example_subdag_operator.section-1 to None, run_after=None
[2023-12-24T01:44:36.018+0000] {logging_mixin.py:154} INFO - [2023-12-24T01:44:36.017+0000] {dag.py:3722} INFO - Setting next_dagrun for example_subdag_operator.section-2 to None, run_after=None
[2023-12-24T01:44:36.022+0000] {logging_mixin.py:154} INFO - [2023-12-24T01:44:36.022+0000] {dag.py:2941} INFO - Sync 2 DAGs
[2023-12-24T01:44:36.026+0000] {logging_mixin.py:154} INFO - [2023-12-24T01:44:36.026+0000] {dag.py:3722} INFO - Setting next_dagrun for example_subdag_operator.section-1 to None, run_after=None
[2023-12-24T01:44:36.027+0000] {logging_mixin.py:154} INFO - [2023-12-24T01:44:36.027+0000] {dag.py:3722} INFO - Setting next_dagrun for example_subdag_operator.section-2 to None, run_after=None
[2023-12-24T01:44:36.035+0000] {processor.py:179} INFO - Processing /home/airflow/.local/lib/python3.8/site-packages/airflow/example_dags/example_subdag_operator.py took 0.069 seconds
[2023-12-24T01:45:06.980+0000] {processor.py:157} INFO - Started process (PID=462) to work on /home/airflow/.local/lib/python3.8/site-packages/airflow/example_dags/example_subdag_operator.py
[2023-12-24T01:45:06.981+0000] {processor.py:829} INFO - Processing file /home/airflow/.local/lib/python3.8/site-packages/airflow/example_dags/example_subdag_operator.py for tasks to queue
[2023-12-24T01:45:06.983+0000] {logging_mixin.py:154} INFO - [2023-12-24T01:45:06.983+0000] {dagbag.py:536} INFO - Filling up the DagBag from /home/airflow/.local/lib/python3.8/site-packages/airflow/example_dags/example_subdag_operator.py
[2023-12-24T01:45:07.000+0000] {processor.py:839} INFO - DAG(s) dict_keys(['example_subdag_operator.section-1', 'example_subdag_operator.section-2', 'example_subdag_operator']) retrieved from /home/airflow/.local/lib/python3.8/site-packages/airflow/example_dags/example_subdag_operator.py
[2023-12-24T01:45:07.108+0000] {logging_mixin.py:154} INFO - [2023-12-24T01:45:07.108+0000] {dag.py:2941} INFO - Sync 3 DAGs
[2023-12-24T01:45:07.118+0000] {logging_mixin.py:154} INFO - [2023-12-24T01:45:07.118+0000] {dag.py:3722} INFO - Setting next_dagrun for example_subdag_operator to 2022-01-01T00:00:00+00:00, run_after=2022-01-01T00:00:00+00:00
[2023-12-24T01:45:07.121+0000] {logging_mixin.py:154} INFO - [2023-12-24T01:45:07.121+0000] {dag.py:3722} INFO - Setting next_dagrun for example_subdag_operator.section-1 to None, run_after=None
[2023-12-24T01:45:07.122+0000] {logging_mixin.py:154} INFO - [2023-12-24T01:45:07.122+0000] {dag.py:3722} INFO - Setting next_dagrun for example_subdag_operator.section-2 to None, run_after=None
[2023-12-24T01:45:07.126+0000] {logging_mixin.py:154} INFO - [2023-12-24T01:45:07.126+0000] {dag.py:2941} INFO - Sync 2 DAGs
[2023-12-24T01:45:07.129+0000] {logging_mixin.py:154} INFO - [2023-12-24T01:45:07.129+0000] {dag.py:3722} INFO - Setting next_dagrun for example_subdag_operator.section-1 to None, run_after=None
[2023-12-24T01:45:07.130+0000] {logging_mixin.py:154} INFO - [2023-12-24T01:45:07.130+0000] {dag.py:3722} INFO - Setting next_dagrun for example_subdag_operator.section-2 to None, run_after=None
[2023-12-24T01:45:07.136+0000] {processor.py:179} INFO - Processing /home/airflow/.local/lib/python3.8/site-packages/airflow/example_dags/example_subdag_operator.py took 0.159 seconds
[2023-12-24T01:45:37.654+0000] {processor.py:157} INFO - Started process (PID=518) to work on /home/airflow/.local/lib/python3.8/site-packages/airflow/example_dags/example_subdag_operator.py
[2023-12-24T01:45:37.655+0000] {processor.py:829} INFO - Processing file /home/airflow/.local/lib/python3.8/site-packages/airflow/example_dags/example_subdag_operator.py for tasks to queue
[2023-12-24T01:45:37.657+0000] {logging_mixin.py:154} INFO - [2023-12-24T01:45:37.657+0000] {dagbag.py:536} INFO - Filling up the DagBag from /home/airflow/.local/lib/python3.8/site-packages/airflow/example_dags/example_subdag_operator.py
[2023-12-24T01:45:37.674+0000] {processor.py:839} INFO - DAG(s) dict_keys(['example_subdag_operator.section-1', 'example_subdag_operator.section-2', 'example_subdag_operator']) retrieved from /home/airflow/.local/lib/python3.8/site-packages/airflow/example_dags/example_subdag_operator.py
[2023-12-24T01:45:37.682+0000] {logging_mixin.py:154} INFO - [2023-12-24T01:45:37.682+0000] {dag.py:2941} INFO - Sync 3 DAGs
[2023-12-24T01:45:37.811+0000] {logging_mixin.py:154} INFO - [2023-12-24T01:45:37.811+0000] {dag.py:3722} INFO - Setting next_dagrun for example_subdag_operator to 2022-01-01T00:00:00+00:00, run_after=2022-01-01T00:00:00+00:00
[2023-12-24T01:45:37.814+0000] {logging_mixin.py:154} INFO - [2023-12-24T01:45:37.814+0000] {dag.py:3722} INFO - Setting next_dagrun for example_subdag_operator.section-1 to None, run_after=None
[2023-12-24T01:45:37.816+0000] {logging_mixin.py:154} INFO - [2023-12-24T01:45:37.815+0000] {dag.py:3722} INFO - Setting next_dagrun for example_subdag_operator.section-2 to None, run_after=None
[2023-12-24T01:45:37.821+0000] {logging_mixin.py:154} INFO - [2023-12-24T01:45:37.821+0000] {dag.py:2941} INFO - Sync 2 DAGs
[2023-12-24T01:45:37.824+0000] {logging_mixin.py:154} INFO - [2023-12-24T01:45:37.824+0000] {dag.py:3722} INFO - Setting next_dagrun for example_subdag_operator.section-1 to None, run_after=None
[2023-12-24T01:45:37.825+0000] {logging_mixin.py:154} INFO - [2023-12-24T01:45:37.825+0000] {dag.py:3722} INFO - Setting next_dagrun for example_subdag_operator.section-2 to None, run_after=None
[2023-12-24T01:45:37.833+0000] {processor.py:179} INFO - Processing /home/airflow/.local/lib/python3.8/site-packages/airflow/example_dags/example_subdag_operator.py took 0.181 seconds
[2023-12-24T01:46:08.505+0000] {processor.py:157} INFO - Started process (PID=573) to work on /home/airflow/.local/lib/python3.8/site-packages/airflow/example_dags/example_subdag_operator.py
[2023-12-24T01:46:08.515+0000] {processor.py:829} INFO - Processing file /home/airflow/.local/lib/python3.8/site-packages/airflow/example_dags/example_subdag_operator.py for tasks to queue
[2023-12-24T01:46:08.517+0000] {logging_mixin.py:154} INFO - [2023-12-24T01:46:08.517+0000] {dagbag.py:536} INFO - Filling up the DagBag from /home/airflow/.local/lib/python3.8/site-packages/airflow/example_dags/example_subdag_operator.py
[2023-12-24T01:46:08.532+0000] {processor.py:839} INFO - DAG(s) dict_keys(['example_subdag_operator.section-1', 'example_subdag_operator.section-2', 'example_subdag_operator']) retrieved from /home/airflow/.local/lib/python3.8/site-packages/airflow/example_dags/example_subdag_operator.py
[2023-12-24T01:46:08.541+0000] {logging_mixin.py:154} INFO - [2023-12-24T01:46:08.541+0000] {dag.py:2941} INFO - Sync 3 DAGs
[2023-12-24T01:46:08.553+0000] {logging_mixin.py:154} INFO - [2023-12-24T01:46:08.553+0000] {dag.py:3722} INFO - Setting next_dagrun for example_subdag_operator to 2022-01-01T00:00:00+00:00, run_after=2022-01-01T00:00:00+00:00
[2023-12-24T01:46:08.651+0000] {logging_mixin.py:154} INFO - [2023-12-24T01:46:08.650+0000] {dag.py:3722} INFO - Setting next_dagrun for example_subdag_operator.section-1 to None, run_after=None
[2023-12-24T01:46:08.652+0000] {logging_mixin.py:154} INFO - [2023-12-24T01:46:08.652+0000] {dag.py:3722} INFO - Setting next_dagrun for example_subdag_operator.section-2 to None, run_after=None
[2023-12-24T01:46:08.656+0000] {logging_mixin.py:154} INFO - [2023-12-24T01:46:08.656+0000] {dag.py:2941} INFO - Sync 2 DAGs
[2023-12-24T01:46:08.660+0000] {logging_mixin.py:154} INFO - [2023-12-24T01:46:08.660+0000] {dag.py:3722} INFO - Setting next_dagrun for example_subdag_operator.section-1 to None, run_after=None
[2023-12-24T01:46:08.661+0000] {logging_mixin.py:154} INFO - [2023-12-24T01:46:08.661+0000] {dag.py:3722} INFO - Setting next_dagrun for example_subdag_operator.section-2 to None, run_after=None
[2023-12-24T01:46:08.667+0000] {processor.py:179} INFO - Processing /home/airflow/.local/lib/python3.8/site-packages/airflow/example_dags/example_subdag_operator.py took 0.165 seconds
[2023-12-24T01:46:39.400+0000] {processor.py:157} INFO - Started process (PID=628) to work on /home/airflow/.local/lib/python3.8/site-packages/airflow/example_dags/example_subdag_operator.py
[2023-12-24T01:46:39.401+0000] {processor.py:829} INFO - Processing file /home/airflow/.local/lib/python3.8/site-packages/airflow/example_dags/example_subdag_operator.py for tasks to queue
[2023-12-24T01:46:39.404+0000] {logging_mixin.py:154} INFO - [2023-12-24T01:46:39.403+0000] {dagbag.py:536} INFO - Filling up the DagBag from /home/airflow/.local/lib/python3.8/site-packages/airflow/example_dags/example_subdag_operator.py
[2023-12-24T01:46:39.419+0000] {processor.py:839} INFO - DAG(s) dict_keys(['example_subdag_operator.section-1', 'example_subdag_operator.section-2', 'example_subdag_operator']) retrieved from /home/airflow/.local/lib/python3.8/site-packages/airflow/example_dags/example_subdag_operator.py
[2023-12-24T01:46:39.427+0000] {logging_mixin.py:154} INFO - [2023-12-24T01:46:39.427+0000] {dag.py:2941} INFO - Sync 3 DAGs
[2023-12-24T01:46:39.438+0000] {logging_mixin.py:154} INFO - [2023-12-24T01:46:39.438+0000] {dag.py:3722} INFO - Setting next_dagrun for example_subdag_operator to 2022-01-01T00:00:00+00:00, run_after=2022-01-01T00:00:00+00:00
[2023-12-24T01:46:39.441+0000] {logging_mixin.py:154} INFO - [2023-12-24T01:46:39.440+0000] {dag.py:3722} INFO - Setting next_dagrun for example_subdag_operator.section-1 to None, run_after=None
[2023-12-24T01:46:39.442+0000] {logging_mixin.py:154} INFO - [2023-12-24T01:46:39.442+0000] {dag.py:3722} INFO - Setting next_dagrun for example_subdag_operator.section-2 to None, run_after=None
[2023-12-24T01:46:39.448+0000] {logging_mixin.py:154} INFO - [2023-12-24T01:46:39.447+0000] {dag.py:2941} INFO - Sync 2 DAGs
[2023-12-24T01:46:39.450+0000] {logging_mixin.py:154} INFO - [2023-12-24T01:46:39.450+0000] {dag.py:3722} INFO - Setting next_dagrun for example_subdag_operator.section-1 to None, run_after=None
[2023-12-24T01:46:39.451+0000] {logging_mixin.py:154} INFO - [2023-12-24T01:46:39.451+0000] {dag.py:3722} INFO - Setting next_dagrun for example_subdag_operator.section-2 to None, run_after=None
[2023-12-24T01:46:39.457+0000] {processor.py:179} INFO - Processing /home/airflow/.local/lib/python3.8/site-packages/airflow/example_dags/example_subdag_operator.py took 0.060 seconds
[2023-12-24T01:50:43.068+0000] {processor.py:157} INFO - Started process (PID=1061) to work on /home/airflow/.local/lib/python3.8/site-packages/airflow/example_dags/example_subdag_operator.py
[2023-12-24T01:50:43.069+0000] {processor.py:829} INFO - Processing file /home/airflow/.local/lib/python3.8/site-packages/airflow/example_dags/example_subdag_operator.py for tasks to queue
[2023-12-24T01:50:43.070+0000] {logging_mixin.py:154} INFO - [2023-12-24T01:50:43.070+0000] {dagbag.py:536} INFO - Filling up the DagBag from /home/airflow/.local/lib/python3.8/site-packages/airflow/example_dags/example_subdag_operator.py
[2023-12-24T01:50:43.086+0000] {processor.py:839} INFO - DAG(s) dict_keys(['example_subdag_operator.section-1', 'example_subdag_operator.section-2', 'example_subdag_operator']) retrieved from /home/airflow/.local/lib/python3.8/site-packages/airflow/example_dags/example_subdag_operator.py
[2023-12-24T01:50:43.135+0000] {logging_mixin.py:154} INFO - [2023-12-24T01:50:43.135+0000] {dag.py:2941} INFO - Sync 3 DAGs
[2023-12-24T01:50:43.146+0000] {logging_mixin.py:154} INFO - [2023-12-24T01:50:43.146+0000] {dag.py:3722} INFO - Setting next_dagrun for example_subdag_operator to 2022-01-01T00:00:00+00:00, run_after=2022-01-01T00:00:00+00:00
[2023-12-24T01:50:43.149+0000] {logging_mixin.py:154} INFO - [2023-12-24T01:50:43.148+0000] {dag.py:3722} INFO - Setting next_dagrun for example_subdag_operator.section-1 to None, run_after=None
[2023-12-24T01:50:43.150+0000] {logging_mixin.py:154} INFO - [2023-12-24T01:50:43.150+0000] {dag.py:3722} INFO - Setting next_dagrun for example_subdag_operator.section-2 to None, run_after=None
[2023-12-24T01:50:43.155+0000] {logging_mixin.py:154} INFO - [2023-12-24T01:50:43.155+0000] {dag.py:2941} INFO - Sync 2 DAGs
[2023-12-24T01:50:43.159+0000] {logging_mixin.py:154} INFO - [2023-12-24T01:50:43.159+0000] {dag.py:3722} INFO - Setting next_dagrun for example_subdag_operator.section-1 to None, run_after=None
[2023-12-24T01:50:43.160+0000] {logging_mixin.py:154} INFO - [2023-12-24T01:50:43.160+0000] {dag.py:3722} INFO - Setting next_dagrun for example_subdag_operator.section-2 to None, run_after=None
[2023-12-24T01:50:43.166+0000] {processor.py:179} INFO - Processing /home/airflow/.local/lib/python3.8/site-packages/airflow/example_dags/example_subdag_operator.py took 0.101 seconds
[2023-12-24T01:51:13.584+0000] {processor.py:157} INFO - Started process (PID=1116) to work on /home/airflow/.local/lib/python3.8/site-packages/airflow/example_dags/example_subdag_operator.py
[2023-12-24T01:51:13.585+0000] {processor.py:829} INFO - Processing file /home/airflow/.local/lib/python3.8/site-packages/airflow/example_dags/example_subdag_operator.py for tasks to queue
[2023-12-24T01:51:13.586+0000] {logging_mixin.py:154} INFO - [2023-12-24T01:51:13.585+0000] {dagbag.py:536} INFO - Filling up the DagBag from /home/airflow/.local/lib/python3.8/site-packages/airflow/example_dags/example_subdag_operator.py
[2023-12-24T01:51:13.602+0000] {processor.py:839} INFO - DAG(s) dict_keys(['example_subdag_operator.section-1', 'example_subdag_operator.section-2', 'example_subdag_operator']) retrieved from /home/airflow/.local/lib/python3.8/site-packages/airflow/example_dags/example_subdag_operator.py
[2023-12-24T01:51:13.611+0000] {logging_mixin.py:154} INFO - [2023-12-24T01:51:13.611+0000] {dag.py:2941} INFO - Sync 3 DAGs
[2023-12-24T01:51:13.623+0000] {logging_mixin.py:154} INFO - [2023-12-24T01:51:13.623+0000] {dag.py:3722} INFO - Setting next_dagrun for example_subdag_operator to 2022-01-01T00:00:00+00:00, run_after=2022-01-01T00:00:00+00:00
[2023-12-24T01:51:13.626+0000] {logging_mixin.py:154} INFO - [2023-12-24T01:51:13.626+0000] {dag.py:3722} INFO - Setting next_dagrun for example_subdag_operator.section-1 to None, run_after=None
[2023-12-24T01:51:13.627+0000] {logging_mixin.py:154} INFO - [2023-12-24T01:51:13.627+0000] {dag.py:3722} INFO - Setting next_dagrun for example_subdag_operator.section-2 to None, run_after=None
[2023-12-24T01:51:13.631+0000] {logging_mixin.py:154} INFO - [2023-12-24T01:51:13.631+0000] {dag.py:2941} INFO - Sync 2 DAGs
[2023-12-24T01:51:13.634+0000] {logging_mixin.py:154} INFO - [2023-12-24T01:51:13.634+0000] {dag.py:3722} INFO - Setting next_dagrun for example_subdag_operator.section-1 to None, run_after=None
[2023-12-24T01:51:13.635+0000] {logging_mixin.py:154} INFO - [2023-12-24T01:51:13.635+0000] {dag.py:3722} INFO - Setting next_dagrun for example_subdag_operator.section-2 to None, run_after=None
[2023-12-24T01:51:13.642+0000] {processor.py:179} INFO - Processing /home/airflow/.local/lib/python3.8/site-packages/airflow/example_dags/example_subdag_operator.py took 0.060 seconds
[2023-12-24T01:51:43.823+0000] {processor.py:157} INFO - Started process (PID=1172) to work on /home/airflow/.local/lib/python3.8/site-packages/airflow/example_dags/example_subdag_operator.py
[2023-12-24T01:51:43.824+0000] {processor.py:829} INFO - Processing file /home/airflow/.local/lib/python3.8/site-packages/airflow/example_dags/example_subdag_operator.py for tasks to queue
[2023-12-24T01:51:43.825+0000] {logging_mixin.py:154} INFO - [2023-12-24T01:51:43.825+0000] {dagbag.py:536} INFO - Filling up the DagBag from /home/airflow/.local/lib/python3.8/site-packages/airflow/example_dags/example_subdag_operator.py
[2023-12-24T01:51:43.841+0000] {processor.py:839} INFO - DAG(s) dict_keys(['example_subdag_operator.section-1', 'example_subdag_operator.section-2', 'example_subdag_operator']) retrieved from /home/airflow/.local/lib/python3.8/site-packages/airflow/example_dags/example_subdag_operator.py
[2023-12-24T01:51:43.850+0000] {logging_mixin.py:154} INFO - [2023-12-24T01:51:43.850+0000] {dag.py:2941} INFO - Sync 3 DAGs
[2023-12-24T01:51:43.862+0000] {logging_mixin.py:154} INFO - [2023-12-24T01:51:43.862+0000] {dag.py:3722} INFO - Setting next_dagrun for example_subdag_operator to 2022-01-01T00:00:00+00:00, run_after=2022-01-01T00:00:00+00:00
[2023-12-24T01:51:43.864+0000] {logging_mixin.py:154} INFO - [2023-12-24T01:51:43.864+0000] {dag.py:3722} INFO - Setting next_dagrun for example_subdag_operator.section-1 to None, run_after=None
[2023-12-24T01:51:43.866+0000] {logging_mixin.py:154} INFO - [2023-12-24T01:51:43.866+0000] {dag.py:3722} INFO - Setting next_dagrun for example_subdag_operator.section-2 to None, run_after=None
[2023-12-24T01:51:43.870+0000] {logging_mixin.py:154} INFO - [2023-12-24T01:51:43.870+0000] {dag.py:2941} INFO - Sync 2 DAGs
[2023-12-24T01:51:43.874+0000] {logging_mixin.py:154} INFO - [2023-12-24T01:51:43.874+0000] {dag.py:3722} INFO - Setting next_dagrun for example_subdag_operator.section-1 to None, run_after=None
[2023-12-24T01:51:43.874+0000] {logging_mixin.py:154} INFO - [2023-12-24T01:51:43.874+0000] {dag.py:3722} INFO - Setting next_dagrun for example_subdag_operator.section-2 to None, run_after=None
[2023-12-24T01:51:43.881+0000] {processor.py:179} INFO - Processing /home/airflow/.local/lib/python3.8/site-packages/airflow/example_dags/example_subdag_operator.py took 0.060 seconds
[2023-12-24T01:52:14.012+0000] {processor.py:157} INFO - Started process (PID=1227) to work on /home/airflow/.local/lib/python3.8/site-packages/airflow/example_dags/example_subdag_operator.py
[2023-12-24T01:52:14.013+0000] {processor.py:829} INFO - Processing file /home/airflow/.local/lib/python3.8/site-packages/airflow/example_dags/example_subdag_operator.py for tasks to queue
[2023-12-24T01:52:14.015+0000] {logging_mixin.py:154} INFO - [2023-12-24T01:52:14.014+0000] {dagbag.py:536} INFO - Filling up the DagBag from /home/airflow/.local/lib/python3.8/site-packages/airflow/example_dags/example_subdag_operator.py
[2023-12-24T01:52:14.031+0000] {processor.py:839} INFO - DAG(s) dict_keys(['example_subdag_operator.section-1', 'example_subdag_operator.section-2', 'example_subdag_operator']) retrieved from /home/airflow/.local/lib/python3.8/site-packages/airflow/example_dags/example_subdag_operator.py
[2023-12-24T01:52:14.040+0000] {logging_mixin.py:154} INFO - [2023-12-24T01:52:14.040+0000] {dag.py:2941} INFO - Sync 3 DAGs
[2023-12-24T01:52:14.052+0000] {logging_mixin.py:154} INFO - [2023-12-24T01:52:14.052+0000] {dag.py:3722} INFO - Setting next_dagrun for example_subdag_operator to 2022-01-01T00:00:00+00:00, run_after=2022-01-01T00:00:00+00:00
[2023-12-24T01:52:14.055+0000] {logging_mixin.py:154} INFO - [2023-12-24T01:52:14.055+0000] {dag.py:3722} INFO - Setting next_dagrun for example_subdag_operator.section-1 to None, run_after=None
[2023-12-24T01:52:14.056+0000] {logging_mixin.py:154} INFO - [2023-12-24T01:52:14.056+0000] {dag.py:3722} INFO - Setting next_dagrun for example_subdag_operator.section-2 to None, run_after=None
[2023-12-24T01:52:14.060+0000] {logging_mixin.py:154} INFO - [2023-12-24T01:52:14.060+0000] {dag.py:2941} INFO - Sync 2 DAGs
[2023-12-24T01:52:14.064+0000] {logging_mixin.py:154} INFO - [2023-12-24T01:52:14.064+0000] {dag.py:3722} INFO - Setting next_dagrun for example_subdag_operator.section-1 to None, run_after=None
[2023-12-24T01:52:14.065+0000] {logging_mixin.py:154} INFO - [2023-12-24T01:52:14.065+0000] {dag.py:3722} INFO - Setting next_dagrun for example_subdag_operator.section-2 to None, run_after=None
[2023-12-24T01:52:14.070+0000] {processor.py:179} INFO - Processing /home/airflow/.local/lib/python3.8/site-packages/airflow/example_dags/example_subdag_operator.py took 0.061 seconds
[2023-12-24T01:52:44.261+0000] {processor.py:157} INFO - Started process (PID=1282) to work on /home/airflow/.local/lib/python3.8/site-packages/airflow/example_dags/example_subdag_operator.py
[2023-12-24T01:52:44.262+0000] {processor.py:829} INFO - Processing file /home/airflow/.local/lib/python3.8/site-packages/airflow/example_dags/example_subdag_operator.py for tasks to queue
[2023-12-24T01:52:44.263+0000] {logging_mixin.py:154} INFO - [2023-12-24T01:52:44.263+0000] {dagbag.py:536} INFO - Filling up the DagBag from /home/airflow/.local/lib/python3.8/site-packages/airflow/example_dags/example_subdag_operator.py
[2023-12-24T01:52:44.280+0000] {processor.py:839} INFO - DAG(s) dict_keys(['example_subdag_operator.section-1', 'example_subdag_operator.section-2', 'example_subdag_operator']) retrieved from /home/airflow/.local/lib/python3.8/site-packages/airflow/example_dags/example_subdag_operator.py
[2023-12-24T01:52:44.289+0000] {logging_mixin.py:154} INFO - [2023-12-24T01:52:44.289+0000] {dag.py:2941} INFO - Sync 3 DAGs
[2023-12-24T01:52:44.301+0000] {logging_mixin.py:154} INFO - [2023-12-24T01:52:44.301+0000] {dag.py:3722} INFO - Setting next_dagrun for example_subdag_operator to 2022-01-01T00:00:00+00:00, run_after=2022-01-01T00:00:00+00:00
[2023-12-24T01:52:44.303+0000] {logging_mixin.py:154} INFO - [2023-12-24T01:52:44.303+0000] {dag.py:3722} INFO - Setting next_dagrun for example_subdag_operator.section-1 to None, run_after=None
[2023-12-24T01:52:44.305+0000] {logging_mixin.py:154} INFO - [2023-12-24T01:52:44.305+0000] {dag.py:3722} INFO - Setting next_dagrun for example_subdag_operator.section-2 to None, run_after=None
[2023-12-24T01:52:44.310+0000] {logging_mixin.py:154} INFO - [2023-12-24T01:52:44.310+0000] {dag.py:2941} INFO - Sync 2 DAGs
[2023-12-24T01:52:44.314+0000] {logging_mixin.py:154} INFO - [2023-12-24T01:52:44.314+0000] {dag.py:3722} INFO - Setting next_dagrun for example_subdag_operator.section-1 to None, run_after=None
[2023-12-24T01:52:44.315+0000] {logging_mixin.py:154} INFO - [2023-12-24T01:52:44.315+0000] {dag.py:3722} INFO - Setting next_dagrun for example_subdag_operator.section-2 to None, run_after=None
[2023-12-24T01:52:44.322+0000] {processor.py:179} INFO - Processing /home/airflow/.local/lib/python3.8/site-packages/airflow/example_dags/example_subdag_operator.py took 0.063 seconds
