[2023-12-24T00:16:12.389+0000] {processor.py:157} INFO - Started process (PID=6230) to work on /home/airflow/.local/lib/python3.8/site-packages/airflow/example_dags/example_bash_operator.py
[2023-12-24T00:16:12.390+0000] {processor.py:829} INFO - Processing file /home/airflow/.local/lib/python3.8/site-packages/airflow/example_dags/example_bash_operator.py for tasks to queue
[2023-12-24T00:16:12.392+0000] {logging_mixin.py:154} INFO - [2023-12-24T00:16:12.392+0000] {dagbag.py:536} INFO - Filling up the DagBag from /home/airflow/.local/lib/python3.8/site-packages/airflow/example_dags/example_bash_operator.py
[2023-12-24T00:16:12.400+0000] {processor.py:839} INFO - DAG(s) dict_keys(['example_bash_operator']) retrieved from /home/airflow/.local/lib/python3.8/site-packages/airflow/example_dags/example_bash_operator.py
[2023-12-24T00:16:12.417+0000] {logging_mixin.py:154} INFO - [2023-12-24T00:16:12.417+0000] {dag.py:2941} INFO - Sync 1 DAGs
[2023-12-24T00:16:12.430+0000] {logging_mixin.py:154} INFO - [2023-12-24T00:16:12.430+0000] {dag.py:3722} INFO - Setting next_dagrun for example_bash_operator to 2023-12-23T00:00:00+00:00, run_after=2023-12-24T00:00:00+00:00
[2023-12-24T00:16:12.441+0000] {processor.py:179} INFO - Processing /home/airflow/.local/lib/python3.8/site-packages/airflow/example_dags/example_bash_operator.py took 0.054 seconds
[2023-12-24T00:16:42.640+0000] {processor.py:157} INFO - Started process (PID=6286) to work on /home/airflow/.local/lib/python3.8/site-packages/airflow/example_dags/example_bash_operator.py
[2023-12-24T00:16:42.641+0000] {processor.py:829} INFO - Processing file /home/airflow/.local/lib/python3.8/site-packages/airflow/example_dags/example_bash_operator.py for tasks to queue
[2023-12-24T00:16:42.643+0000] {logging_mixin.py:154} INFO - [2023-12-24T00:16:42.643+0000] {dagbag.py:536} INFO - Filling up the DagBag from /home/airflow/.local/lib/python3.8/site-packages/airflow/example_dags/example_bash_operator.py
[2023-12-24T00:16:42.650+0000] {processor.py:839} INFO - DAG(s) dict_keys(['example_bash_operator']) retrieved from /home/airflow/.local/lib/python3.8/site-packages/airflow/example_dags/example_bash_operator.py
[2023-12-24T00:16:42.666+0000] {logging_mixin.py:154} INFO - [2023-12-24T00:16:42.666+0000] {dag.py:2941} INFO - Sync 1 DAGs
[2023-12-24T00:16:42.679+0000] {logging_mixin.py:154} INFO - [2023-12-24T00:16:42.679+0000] {dag.py:3722} INFO - Setting next_dagrun for example_bash_operator to 2023-12-23T00:00:00+00:00, run_after=2023-12-24T00:00:00+00:00
[2023-12-24T00:16:42.689+0000] {processor.py:179} INFO - Processing /home/airflow/.local/lib/python3.8/site-packages/airflow/example_dags/example_bash_operator.py took 0.052 seconds
[2023-12-24T00:33:51.529+0000] {processor.py:157} INFO - Started process (PID=6342) to work on /home/airflow/.local/lib/python3.8/site-packages/airflow/example_dags/example_bash_operator.py
[2023-12-24T00:33:51.530+0000] {processor.py:829} INFO - Processing file /home/airflow/.local/lib/python3.8/site-packages/airflow/example_dags/example_bash_operator.py for tasks to queue
[2023-12-24T00:33:51.532+0000] {logging_mixin.py:154} INFO - [2023-12-24T00:33:51.532+0000] {dagbag.py:536} INFO - Filling up the DagBag from /home/airflow/.local/lib/python3.8/site-packages/airflow/example_dags/example_bash_operator.py
[2023-12-24T00:33:51.539+0000] {processor.py:839} INFO - DAG(s) dict_keys(['example_bash_operator']) retrieved from /home/airflow/.local/lib/python3.8/site-packages/airflow/example_dags/example_bash_operator.py
[2023-12-24T00:33:51.555+0000] {logging_mixin.py:154} INFO - [2023-12-24T00:33:51.555+0000] {dag.py:2941} INFO - Sync 1 DAGs
[2023-12-24T00:33:51.568+0000] {logging_mixin.py:154} INFO - [2023-12-24T00:33:51.568+0000] {dag.py:3722} INFO - Setting next_dagrun for example_bash_operator to 2023-12-23T00:00:00+00:00, run_after=2023-12-24T00:00:00+00:00
[2023-12-24T00:33:51.578+0000] {processor.py:179} INFO - Processing /home/airflow/.local/lib/python3.8/site-packages/airflow/example_dags/example_bash_operator.py took 0.052 seconds
[2023-12-24T00:34:21.841+0000] {processor.py:157} INFO - Started process (PID=6398) to work on /home/airflow/.local/lib/python3.8/site-packages/airflow/example_dags/example_bash_operator.py
[2023-12-24T00:34:21.843+0000] {processor.py:829} INFO - Processing file /home/airflow/.local/lib/python3.8/site-packages/airflow/example_dags/example_bash_operator.py for tasks to queue
[2023-12-24T00:34:21.845+0000] {logging_mixin.py:154} INFO - [2023-12-24T00:34:21.845+0000] {dagbag.py:536} INFO - Filling up the DagBag from /home/airflow/.local/lib/python3.8/site-packages/airflow/example_dags/example_bash_operator.py
[2023-12-24T00:34:21.853+0000] {processor.py:839} INFO - DAG(s) dict_keys(['example_bash_operator']) retrieved from /home/airflow/.local/lib/python3.8/site-packages/airflow/example_dags/example_bash_operator.py
[2023-12-24T00:34:21.871+0000] {logging_mixin.py:154} INFO - [2023-12-24T00:34:21.871+0000] {dag.py:2941} INFO - Sync 1 DAGs
[2023-12-24T00:34:21.883+0000] {logging_mixin.py:154} INFO - [2023-12-24T00:34:21.883+0000] {dag.py:3722} INFO - Setting next_dagrun for example_bash_operator to 2023-12-23T00:00:00+00:00, run_after=2023-12-24T00:00:00+00:00
[2023-12-24T00:34:21.892+0000] {processor.py:179} INFO - Processing /home/airflow/.local/lib/python3.8/site-packages/airflow/example_dags/example_bash_operator.py took 0.053 seconds
[2023-12-24T00:51:37.020+0000] {processor.py:157} INFO - Started process (PID=6453) to work on /home/airflow/.local/lib/python3.8/site-packages/airflow/example_dags/example_bash_operator.py
[2023-12-24T00:51:37.021+0000] {processor.py:829} INFO - Processing file /home/airflow/.local/lib/python3.8/site-packages/airflow/example_dags/example_bash_operator.py for tasks to queue
[2023-12-24T00:51:37.023+0000] {logging_mixin.py:154} INFO - [2023-12-24T00:51:37.023+0000] {dagbag.py:536} INFO - Filling up the DagBag from /home/airflow/.local/lib/python3.8/site-packages/airflow/example_dags/example_bash_operator.py
[2023-12-24T00:51:37.031+0000] {processor.py:839} INFO - DAG(s) dict_keys(['example_bash_operator']) retrieved from /home/airflow/.local/lib/python3.8/site-packages/airflow/example_dags/example_bash_operator.py
[2023-12-24T00:51:37.047+0000] {logging_mixin.py:154} INFO - [2023-12-24T00:51:37.047+0000] {dag.py:2941} INFO - Sync 1 DAGs
[2023-12-24T00:51:37.060+0000] {logging_mixin.py:154} INFO - [2023-12-24T00:51:37.059+0000] {dag.py:3722} INFO - Setting next_dagrun for example_bash_operator to 2023-12-23T00:00:00+00:00, run_after=2023-12-24T00:00:00+00:00
[2023-12-24T00:51:37.069+0000] {processor.py:179} INFO - Processing /home/airflow/.local/lib/python3.8/site-packages/airflow/example_dags/example_bash_operator.py took 0.051 seconds
[2023-12-24T00:52:07.370+0000] {processor.py:157} INFO - Started process (PID=6508) to work on /home/airflow/.local/lib/python3.8/site-packages/airflow/example_dags/example_bash_operator.py
[2023-12-24T00:52:07.371+0000] {processor.py:829} INFO - Processing file /home/airflow/.local/lib/python3.8/site-packages/airflow/example_dags/example_bash_operator.py for tasks to queue
[2023-12-24T00:52:07.373+0000] {logging_mixin.py:154} INFO - [2023-12-24T00:52:07.373+0000] {dagbag.py:536} INFO - Filling up the DagBag from /home/airflow/.local/lib/python3.8/site-packages/airflow/example_dags/example_bash_operator.py
[2023-12-24T00:52:07.380+0000] {processor.py:839} INFO - DAG(s) dict_keys(['example_bash_operator']) retrieved from /home/airflow/.local/lib/python3.8/site-packages/airflow/example_dags/example_bash_operator.py
[2023-12-24T00:52:07.396+0000] {logging_mixin.py:154} INFO - [2023-12-24T00:52:07.396+0000] {dag.py:2941} INFO - Sync 1 DAGs
[2023-12-24T00:52:07.409+0000] {logging_mixin.py:154} INFO - [2023-12-24T00:52:07.409+0000] {dag.py:3722} INFO - Setting next_dagrun for example_bash_operator to 2023-12-23T00:00:00+00:00, run_after=2023-12-24T00:00:00+00:00
[2023-12-24T00:52:07.418+0000] {processor.py:179} INFO - Processing /home/airflow/.local/lib/python3.8/site-packages/airflow/example_dags/example_bash_operator.py took 0.051 seconds
[2023-12-24T01:08:53.705+0000] {processor.py:157} INFO - Started process (PID=6563) to work on /home/airflow/.local/lib/python3.8/site-packages/airflow/example_dags/example_bash_operator.py
[2023-12-24T01:08:53.707+0000] {processor.py:829} INFO - Processing file /home/airflow/.local/lib/python3.8/site-packages/airflow/example_dags/example_bash_operator.py for tasks to queue
[2023-12-24T01:08:53.709+0000] {logging_mixin.py:154} INFO - [2023-12-24T01:08:53.708+0000] {dagbag.py:536} INFO - Filling up the DagBag from /home/airflow/.local/lib/python3.8/site-packages/airflow/example_dags/example_bash_operator.py
[2023-12-24T01:08:53.716+0000] {processor.py:839} INFO - DAG(s) dict_keys(['example_bash_operator']) retrieved from /home/airflow/.local/lib/python3.8/site-packages/airflow/example_dags/example_bash_operator.py
[2023-12-24T01:08:53.733+0000] {logging_mixin.py:154} INFO - [2023-12-24T01:08:53.732+0000] {dag.py:2941} INFO - Sync 1 DAGs
[2023-12-24T01:08:53.746+0000] {logging_mixin.py:154} INFO - [2023-12-24T01:08:53.745+0000] {dag.py:3722} INFO - Setting next_dagrun for example_bash_operator to 2023-12-23T00:00:00+00:00, run_after=2023-12-24T00:00:00+00:00
[2023-12-24T01:08:53.755+0000] {processor.py:179} INFO - Processing /home/airflow/.local/lib/python3.8/site-packages/airflow/example_dags/example_bash_operator.py took 0.053 seconds
[2023-12-24T01:26:17.862+0000] {processor.py:157} INFO - Started process (PID=6619) to work on /home/airflow/.local/lib/python3.8/site-packages/airflow/example_dags/example_bash_operator.py
[2023-12-24T01:26:17.863+0000] {processor.py:829} INFO - Processing file /home/airflow/.local/lib/python3.8/site-packages/airflow/example_dags/example_bash_operator.py for tasks to queue
[2023-12-24T01:26:17.865+0000] {logging_mixin.py:154} INFO - [2023-12-24T01:26:17.865+0000] {dagbag.py:536} INFO - Filling up the DagBag from /home/airflow/.local/lib/python3.8/site-packages/airflow/example_dags/example_bash_operator.py
[2023-12-24T01:26:17.872+0000] {processor.py:839} INFO - DAG(s) dict_keys(['example_bash_operator']) retrieved from /home/airflow/.local/lib/python3.8/site-packages/airflow/example_dags/example_bash_operator.py
[2023-12-24T01:26:17.888+0000] {logging_mixin.py:154} INFO - [2023-12-24T01:26:17.888+0000] {dag.py:2941} INFO - Sync 1 DAGs
[2023-12-24T01:26:17.901+0000] {logging_mixin.py:154} INFO - [2023-12-24T01:26:17.901+0000] {dag.py:3722} INFO - Setting next_dagrun for example_bash_operator to 2023-12-23T00:00:00+00:00, run_after=2023-12-24T00:00:00+00:00
[2023-12-24T01:26:17.911+0000] {processor.py:179} INFO - Processing /home/airflow/.local/lib/python3.8/site-packages/airflow/example_dags/example_bash_operator.py took 0.052 seconds
[2023-12-24T01:26:48.163+0000] {processor.py:157} INFO - Started process (PID=6675) to work on /home/airflow/.local/lib/python3.8/site-packages/airflow/example_dags/example_bash_operator.py
[2023-12-24T01:26:48.164+0000] {processor.py:829} INFO - Processing file /home/airflow/.local/lib/python3.8/site-packages/airflow/example_dags/example_bash_operator.py for tasks to queue
[2023-12-24T01:26:48.166+0000] {logging_mixin.py:154} INFO - [2023-12-24T01:26:48.165+0000] {dagbag.py:536} INFO - Filling up the DagBag from /home/airflow/.local/lib/python3.8/site-packages/airflow/example_dags/example_bash_operator.py
[2023-12-24T01:26:48.173+0000] {processor.py:839} INFO - DAG(s) dict_keys(['example_bash_operator']) retrieved from /home/airflow/.local/lib/python3.8/site-packages/airflow/example_dags/example_bash_operator.py
[2023-12-24T01:26:48.189+0000] {logging_mixin.py:154} INFO - [2023-12-24T01:26:48.189+0000] {dag.py:2941} INFO - Sync 1 DAGs
[2023-12-24T01:26:48.201+0000] {logging_mixin.py:154} INFO - [2023-12-24T01:26:48.201+0000] {dag.py:3722} INFO - Setting next_dagrun for example_bash_operator to 2023-12-23T00:00:00+00:00, run_after=2023-12-24T00:00:00+00:00
[2023-12-24T01:26:48.211+0000] {processor.py:179} INFO - Processing /home/airflow/.local/lib/python3.8/site-packages/airflow/example_dags/example_bash_operator.py took 0.050 seconds
[2023-12-24T01:39:27.756+0000] {processor.py:157} INFO - Started process (PID=6732) to work on /home/airflow/.local/lib/python3.8/site-packages/airflow/example_dags/example_bash_operator.py
[2023-12-24T01:39:27.758+0000] {processor.py:829} INFO - Processing file /home/airflow/.local/lib/python3.8/site-packages/airflow/example_dags/example_bash_operator.py for tasks to queue
[2023-12-24T01:39:27.760+0000] {logging_mixin.py:154} INFO - [2023-12-24T01:39:27.760+0000] {dagbag.py:536} INFO - Filling up the DagBag from /home/airflow/.local/lib/python3.8/site-packages/airflow/example_dags/example_bash_operator.py
[2023-12-24T01:39:27.768+0000] {processor.py:839} INFO - DAG(s) dict_keys(['example_bash_operator']) retrieved from /home/airflow/.local/lib/python3.8/site-packages/airflow/example_dags/example_bash_operator.py
[2023-12-24T01:39:27.785+0000] {logging_mixin.py:154} INFO - [2023-12-24T01:39:27.784+0000] {dag.py:2941} INFO - Sync 1 DAGs
[2023-12-24T01:39:27.798+0000] {logging_mixin.py:154} INFO - [2023-12-24T01:39:27.798+0000] {dag.py:3722} INFO - Setting next_dagrun for example_bash_operator to 2023-12-23T00:00:00+00:00, run_after=2023-12-24T00:00:00+00:00
[2023-12-24T01:39:27.808+0000] {processor.py:179} INFO - Processing /home/airflow/.local/lib/python3.8/site-packages/airflow/example_dags/example_bash_operator.py took 0.055 seconds
[2023-12-24T01:39:58.107+0000] {processor.py:157} INFO - Started process (PID=6787) to work on /home/airflow/.local/lib/python3.8/site-packages/airflow/example_dags/example_bash_operator.py
[2023-12-24T01:39:58.108+0000] {processor.py:829} INFO - Processing file /home/airflow/.local/lib/python3.8/site-packages/airflow/example_dags/example_bash_operator.py for tasks to queue
[2023-12-24T01:39:58.110+0000] {logging_mixin.py:154} INFO - [2023-12-24T01:39:58.109+0000] {dagbag.py:536} INFO - Filling up the DagBag from /home/airflow/.local/lib/python3.8/site-packages/airflow/example_dags/example_bash_operator.py
[2023-12-24T01:39:58.117+0000] {processor.py:839} INFO - DAG(s) dict_keys(['example_bash_operator']) retrieved from /home/airflow/.local/lib/python3.8/site-packages/airflow/example_dags/example_bash_operator.py
[2023-12-24T01:39:58.135+0000] {logging_mixin.py:154} INFO - [2023-12-24T01:39:58.135+0000] {dag.py:2941} INFO - Sync 1 DAGs
[2023-12-24T01:39:58.151+0000] {logging_mixin.py:154} INFO - [2023-12-24T01:39:58.151+0000] {dag.py:3722} INFO - Setting next_dagrun for example_bash_operator to 2023-12-23T00:00:00+00:00, run_after=2023-12-24T00:00:00+00:00
[2023-12-24T01:39:58.162+0000] {processor.py:179} INFO - Processing /home/airflow/.local/lib/python3.8/site-packages/airflow/example_dags/example_bash_operator.py took 0.058 seconds
[2023-12-24T01:40:28.399+0000] {processor.py:157} INFO - Started process (PID=6842) to work on /home/airflow/.local/lib/python3.8/site-packages/airflow/example_dags/example_bash_operator.py
[2023-12-24T01:40:28.400+0000] {processor.py:829} INFO - Processing file /home/airflow/.local/lib/python3.8/site-packages/airflow/example_dags/example_bash_operator.py for tasks to queue
[2023-12-24T01:40:28.402+0000] {logging_mixin.py:154} INFO - [2023-12-24T01:40:28.402+0000] {dagbag.py:536} INFO - Filling up the DagBag from /home/airflow/.local/lib/python3.8/site-packages/airflow/example_dags/example_bash_operator.py
[2023-12-24T01:40:28.410+0000] {processor.py:839} INFO - DAG(s) dict_keys(['example_bash_operator']) retrieved from /home/airflow/.local/lib/python3.8/site-packages/airflow/example_dags/example_bash_operator.py
[2023-12-24T01:40:28.427+0000] {logging_mixin.py:154} INFO - [2023-12-24T01:40:28.427+0000] {dag.py:2941} INFO - Sync 1 DAGs
[2023-12-24T01:40:28.440+0000] {logging_mixin.py:154} INFO - [2023-12-24T01:40:28.439+0000] {dag.py:3722} INFO - Setting next_dagrun for example_bash_operator to 2023-12-23T00:00:00+00:00, run_after=2023-12-24T00:00:00+00:00
[2023-12-24T01:40:28.450+0000] {processor.py:179} INFO - Processing /home/airflow/.local/lib/python3.8/site-packages/airflow/example_dags/example_bash_operator.py took 0.053 seconds
[2023-12-24T01:41:31.014+0000] {processor.py:157} INFO - Started process (PID=69) to work on /home/airflow/.local/lib/python3.8/site-packages/airflow/example_dags/example_bash_operator.py
[2023-12-24T01:41:31.016+0000] {processor.py:829} INFO - Processing file /home/airflow/.local/lib/python3.8/site-packages/airflow/example_dags/example_bash_operator.py for tasks to queue
[2023-12-24T01:41:31.019+0000] {logging_mixin.py:154} INFO - [2023-12-24T01:41:31.019+0000] {dagbag.py:536} INFO - Filling up the DagBag from /home/airflow/.local/lib/python3.8/site-packages/airflow/example_dags/example_bash_operator.py
[2023-12-24T01:41:31.029+0000] {processor.py:839} INFO - DAG(s) dict_keys(['example_bash_operator']) retrieved from /home/airflow/.local/lib/python3.8/site-packages/airflow/example_dags/example_bash_operator.py
[2023-12-24T01:41:31.040+0000] {logging_mixin.py:154} INFO - [2023-12-24T01:41:31.040+0000] {dag.py:2941} INFO - Sync 1 DAGs
[2023-12-24T01:41:31.056+0000] {logging_mixin.py:154} INFO - [2023-12-24T01:41:31.056+0000] {dag.py:3722} INFO - Setting next_dagrun for example_bash_operator to 2023-12-23T00:00:00+00:00, run_after=2023-12-24T00:00:00+00:00
[2023-12-24T01:41:31.069+0000] {processor.py:179} INFO - Processing /home/airflow/.local/lib/python3.8/site-packages/airflow/example_dags/example_bash_operator.py took 0.057 seconds
[2023-12-24T01:42:01.393+0000] {processor.py:157} INFO - Started process (PID=125) to work on /home/airflow/.local/lib/python3.8/site-packages/airflow/example_dags/example_bash_operator.py
[2023-12-24T01:42:01.395+0000] {processor.py:829} INFO - Processing file /home/airflow/.local/lib/python3.8/site-packages/airflow/example_dags/example_bash_operator.py for tasks to queue
[2023-12-24T01:42:01.397+0000] {logging_mixin.py:154} INFO - [2023-12-24T01:42:01.397+0000] {dagbag.py:536} INFO - Filling up the DagBag from /home/airflow/.local/lib/python3.8/site-packages/airflow/example_dags/example_bash_operator.py
[2023-12-24T01:42:01.404+0000] {processor.py:839} INFO - DAG(s) dict_keys(['example_bash_operator']) retrieved from /home/airflow/.local/lib/python3.8/site-packages/airflow/example_dags/example_bash_operator.py
[2023-12-24T01:42:01.420+0000] {logging_mixin.py:154} INFO - [2023-12-24T01:42:01.420+0000] {dag.py:2941} INFO - Sync 1 DAGs
[2023-12-24T01:42:01.433+0000] {logging_mixin.py:154} INFO - [2023-12-24T01:42:01.432+0000] {dag.py:3722} INFO - Setting next_dagrun for example_bash_operator to 2023-12-23T00:00:00+00:00, run_after=2023-12-24T00:00:00+00:00
[2023-12-24T01:42:01.443+0000] {processor.py:179} INFO - Processing /home/airflow/.local/lib/python3.8/site-packages/airflow/example_dags/example_bash_operator.py took 0.052 seconds
[2023-12-24T01:42:31.666+0000] {processor.py:157} INFO - Started process (PID=180) to work on /home/airflow/.local/lib/python3.8/site-packages/airflow/example_dags/example_bash_operator.py
[2023-12-24T01:42:31.667+0000] {processor.py:829} INFO - Processing file /home/airflow/.local/lib/python3.8/site-packages/airflow/example_dags/example_bash_operator.py for tasks to queue
[2023-12-24T01:42:31.669+0000] {logging_mixin.py:154} INFO - [2023-12-24T01:42:31.668+0000] {dagbag.py:536} INFO - Filling up the DagBag from /home/airflow/.local/lib/python3.8/site-packages/airflow/example_dags/example_bash_operator.py
[2023-12-24T01:42:31.676+0000] {processor.py:839} INFO - DAG(s) dict_keys(['example_bash_operator']) retrieved from /home/airflow/.local/lib/python3.8/site-packages/airflow/example_dags/example_bash_operator.py
[2023-12-24T01:42:31.692+0000] {logging_mixin.py:154} INFO - [2023-12-24T01:42:31.692+0000] {dag.py:2941} INFO - Sync 1 DAGs
[2023-12-24T01:42:31.705+0000] {logging_mixin.py:154} INFO - [2023-12-24T01:42:31.705+0000] {dag.py:3722} INFO - Setting next_dagrun for example_bash_operator to 2023-12-23T00:00:00+00:00, run_after=2023-12-24T00:00:00+00:00
[2023-12-24T01:42:31.714+0000] {processor.py:179} INFO - Processing /home/airflow/.local/lib/python3.8/site-packages/airflow/example_dags/example_bash_operator.py took 0.051 seconds
[2023-12-24T01:43:03.431+0000] {processor.py:157} INFO - Started process (PID=235) to work on /home/airflow/.local/lib/python3.8/site-packages/airflow/example_dags/example_bash_operator.py
[2023-12-24T01:43:03.433+0000] {processor.py:829} INFO - Processing file /home/airflow/.local/lib/python3.8/site-packages/airflow/example_dags/example_bash_operator.py for tasks to queue
[2023-12-24T01:43:03.435+0000] {logging_mixin.py:154} INFO - [2023-12-24T01:43:03.435+0000] {dagbag.py:536} INFO - Filling up the DagBag from /home/airflow/.local/lib/python3.8/site-packages/airflow/example_dags/example_bash_operator.py
[2023-12-24T01:43:03.444+0000] {processor.py:839} INFO - DAG(s) dict_keys(['example_bash_operator']) retrieved from /home/airflow/.local/lib/python3.8/site-packages/airflow/example_dags/example_bash_operator.py
[2023-12-24T01:43:03.461+0000] {logging_mixin.py:154} INFO - [2023-12-24T01:43:03.460+0000] {dag.py:2941} INFO - Sync 1 DAGs
[2023-12-24T01:43:03.473+0000] {logging_mixin.py:154} INFO - [2023-12-24T01:43:03.473+0000] {dag.py:3722} INFO - Setting next_dagrun for example_bash_operator to 2023-12-23T00:00:00+00:00, run_after=2023-12-24T00:00:00+00:00
[2023-12-24T01:43:03.482+0000] {processor.py:179} INFO - Processing /home/airflow/.local/lib/python3.8/site-packages/airflow/example_dags/example_bash_operator.py took 0.053 seconds
[2023-12-24T01:43:34.090+0000] {processor.py:157} INFO - Started process (PID=291) to work on /home/airflow/.local/lib/python3.8/site-packages/airflow/example_dags/example_bash_operator.py
[2023-12-24T01:43:34.091+0000] {processor.py:829} INFO - Processing file /home/airflow/.local/lib/python3.8/site-packages/airflow/example_dags/example_bash_operator.py for tasks to queue
[2023-12-24T01:43:34.093+0000] {logging_mixin.py:154} INFO - [2023-12-24T01:43:34.093+0000] {dagbag.py:536} INFO - Filling up the DagBag from /home/airflow/.local/lib/python3.8/site-packages/airflow/example_dags/example_bash_operator.py
[2023-12-24T01:43:34.101+0000] {processor.py:839} INFO - DAG(s) dict_keys(['example_bash_operator']) retrieved from /home/airflow/.local/lib/python3.8/site-packages/airflow/example_dags/example_bash_operator.py
[2023-12-24T01:43:34.119+0000] {logging_mixin.py:154} INFO - [2023-12-24T01:43:34.119+0000] {dag.py:2941} INFO - Sync 1 DAGs
[2023-12-24T01:43:34.248+0000] {logging_mixin.py:154} INFO - [2023-12-24T01:43:34.248+0000] {dag.py:3722} INFO - Setting next_dagrun for example_bash_operator to 2023-12-23T00:00:00+00:00, run_after=2023-12-24T00:00:00+00:00
[2023-12-24T01:43:34.257+0000] {processor.py:179} INFO - Processing /home/airflow/.local/lib/python3.8/site-packages/airflow/example_dags/example_bash_operator.py took 0.170 seconds
[2023-12-24T01:44:04.916+0000] {processor.py:157} INFO - Started process (PID=346) to work on /home/airflow/.local/lib/python3.8/site-packages/airflow/example_dags/example_bash_operator.py
[2023-12-24T01:44:04.917+0000] {processor.py:829} INFO - Processing file /home/airflow/.local/lib/python3.8/site-packages/airflow/example_dags/example_bash_operator.py for tasks to queue
[2023-12-24T01:44:04.919+0000] {logging_mixin.py:154} INFO - [2023-12-24T01:44:04.919+0000] {dagbag.py:536} INFO - Filling up the DagBag from /home/airflow/.local/lib/python3.8/site-packages/airflow/example_dags/example_bash_operator.py
[2023-12-24T01:44:04.927+0000] {processor.py:839} INFO - DAG(s) dict_keys(['example_bash_operator']) retrieved from /home/airflow/.local/lib/python3.8/site-packages/airflow/example_dags/example_bash_operator.py
[2023-12-24T01:44:04.944+0000] {logging_mixin.py:154} INFO - [2023-12-24T01:44:04.944+0000] {dag.py:2941} INFO - Sync 1 DAGs
[2023-12-24T01:44:04.956+0000] {logging_mixin.py:154} INFO - [2023-12-24T01:44:04.956+0000] {dag.py:3722} INFO - Setting next_dagrun for example_bash_operator to 2023-12-23T00:00:00+00:00, run_after=2023-12-24T00:00:00+00:00
[2023-12-24T01:44:04.966+0000] {processor.py:179} INFO - Processing /home/airflow/.local/lib/python3.8/site-packages/airflow/example_dags/example_bash_operator.py took 0.052 seconds
[2023-12-24T01:44:35.779+0000] {processor.py:157} INFO - Started process (PID=402) to work on /home/airflow/.local/lib/python3.8/site-packages/airflow/example_dags/example_bash_operator.py
[2023-12-24T01:44:35.781+0000] {processor.py:829} INFO - Processing file /home/airflow/.local/lib/python3.8/site-packages/airflow/example_dags/example_bash_operator.py for tasks to queue
[2023-12-24T01:44:35.783+0000] {logging_mixin.py:154} INFO - [2023-12-24T01:44:35.783+0000] {dagbag.py:536} INFO - Filling up the DagBag from /home/airflow/.local/lib/python3.8/site-packages/airflow/example_dags/example_bash_operator.py
[2023-12-24T01:44:35.790+0000] {processor.py:839} INFO - DAG(s) dict_keys(['example_bash_operator']) retrieved from /home/airflow/.local/lib/python3.8/site-packages/airflow/example_dags/example_bash_operator.py
[2023-12-24T01:44:35.807+0000] {logging_mixin.py:154} INFO - [2023-12-24T01:44:35.807+0000] {dag.py:2941} INFO - Sync 1 DAGs
[2023-12-24T01:44:35.820+0000] {logging_mixin.py:154} INFO - [2023-12-24T01:44:35.819+0000] {dag.py:3722} INFO - Setting next_dagrun for example_bash_operator to 2023-12-23T00:00:00+00:00, run_after=2023-12-24T00:00:00+00:00
[2023-12-24T01:44:35.830+0000] {processor.py:179} INFO - Processing /home/airflow/.local/lib/python3.8/site-packages/airflow/example_dags/example_bash_operator.py took 0.053 seconds
[2023-12-24T01:45:06.607+0000] {processor.py:157} INFO - Started process (PID=457) to work on /home/airflow/.local/lib/python3.8/site-packages/airflow/example_dags/example_bash_operator.py
[2023-12-24T01:45:06.609+0000] {processor.py:829} INFO - Processing file /home/airflow/.local/lib/python3.8/site-packages/airflow/example_dags/example_bash_operator.py for tasks to queue
[2023-12-24T01:45:06.611+0000] {logging_mixin.py:154} INFO - [2023-12-24T01:45:06.610+0000] {dagbag.py:536} INFO - Filling up the DagBag from /home/airflow/.local/lib/python3.8/site-packages/airflow/example_dags/example_bash_operator.py
[2023-12-24T01:45:06.618+0000] {processor.py:839} INFO - DAG(s) dict_keys(['example_bash_operator']) retrieved from /home/airflow/.local/lib/python3.8/site-packages/airflow/example_dags/example_bash_operator.py
[2023-12-24T01:45:06.738+0000] {logging_mixin.py:154} INFO - [2023-12-24T01:45:06.738+0000] {dag.py:2941} INFO - Sync 1 DAGs
[2023-12-24T01:45:06.750+0000] {logging_mixin.py:154} INFO - [2023-12-24T01:45:06.750+0000] {dag.py:3722} INFO - Setting next_dagrun for example_bash_operator to 2023-12-23T00:00:00+00:00, run_after=2023-12-24T00:00:00+00:00
[2023-12-24T01:45:06.760+0000] {processor.py:179} INFO - Processing /home/airflow/.local/lib/python3.8/site-packages/airflow/example_dags/example_bash_operator.py took 0.155 seconds
[2023-12-24T01:45:37.183+0000] {processor.py:157} INFO - Started process (PID=513) to work on /home/airflow/.local/lib/python3.8/site-packages/airflow/example_dags/example_bash_operator.py
[2023-12-24T01:45:37.184+0000] {processor.py:829} INFO - Processing file /home/airflow/.local/lib/python3.8/site-packages/airflow/example_dags/example_bash_operator.py for tasks to queue
[2023-12-24T01:45:37.186+0000] {logging_mixin.py:154} INFO - [2023-12-24T01:45:37.186+0000] {dagbag.py:536} INFO - Filling up the DagBag from /home/airflow/.local/lib/python3.8/site-packages/airflow/example_dags/example_bash_operator.py
[2023-12-24T01:45:37.195+0000] {processor.py:839} INFO - DAG(s) dict_keys(['example_bash_operator']) retrieved from /home/airflow/.local/lib/python3.8/site-packages/airflow/example_dags/example_bash_operator.py
[2023-12-24T01:45:37.213+0000] {logging_mixin.py:154} INFO - [2023-12-24T01:45:37.213+0000] {dag.py:2941} INFO - Sync 1 DAGs
[2023-12-24T01:45:37.342+0000] {logging_mixin.py:154} INFO - [2023-12-24T01:45:37.342+0000] {dag.py:3722} INFO - Setting next_dagrun for example_bash_operator to 2023-12-23T00:00:00+00:00, run_after=2023-12-24T00:00:00+00:00
[2023-12-24T01:45:37.353+0000] {processor.py:179} INFO - Processing /home/airflow/.local/lib/python3.8/site-packages/airflow/example_dags/example_bash_operator.py took 0.172 seconds
[2023-12-24T01:46:08.086+0000] {processor.py:157} INFO - Started process (PID=568) to work on /home/airflow/.local/lib/python3.8/site-packages/airflow/example_dags/example_bash_operator.py
[2023-12-24T01:46:08.088+0000] {processor.py:829} INFO - Processing file /home/airflow/.local/lib/python3.8/site-packages/airflow/example_dags/example_bash_operator.py for tasks to queue
[2023-12-24T01:46:08.090+0000] {logging_mixin.py:154} INFO - [2023-12-24T01:46:08.090+0000] {dagbag.py:536} INFO - Filling up the DagBag from /home/airflow/.local/lib/python3.8/site-packages/airflow/example_dags/example_bash_operator.py
[2023-12-24T01:46:08.098+0000] {processor.py:839} INFO - DAG(s) dict_keys(['example_bash_operator']) retrieved from /home/airflow/.local/lib/python3.8/site-packages/airflow/example_dags/example_bash_operator.py
[2023-12-24T01:46:08.116+0000] {logging_mixin.py:154} INFO - [2023-12-24T01:46:08.116+0000] {dag.py:2941} INFO - Sync 1 DAGs
[2023-12-24T01:46:08.131+0000] {logging_mixin.py:154} INFO - [2023-12-24T01:46:08.131+0000] {dag.py:3722} INFO - Setting next_dagrun for example_bash_operator to 2023-12-23T00:00:00+00:00, run_after=2023-12-24T00:00:00+00:00
[2023-12-24T01:46:08.249+0000] {processor.py:179} INFO - Processing /home/airflow/.local/lib/python3.8/site-packages/airflow/example_dags/example_bash_operator.py took 0.165 seconds
[2023-12-24T01:46:39.198+0000] {processor.py:157} INFO - Started process (PID=623) to work on /home/airflow/.local/lib/python3.8/site-packages/airflow/example_dags/example_bash_operator.py
[2023-12-24T01:46:39.200+0000] {processor.py:829} INFO - Processing file /home/airflow/.local/lib/python3.8/site-packages/airflow/example_dags/example_bash_operator.py for tasks to queue
[2023-12-24T01:46:39.203+0000] {logging_mixin.py:154} INFO - [2023-12-24T01:46:39.203+0000] {dagbag.py:536} INFO - Filling up the DagBag from /home/airflow/.local/lib/python3.8/site-packages/airflow/example_dags/example_bash_operator.py
[2023-12-24T01:46:39.214+0000] {processor.py:839} INFO - DAG(s) dict_keys(['example_bash_operator']) retrieved from /home/airflow/.local/lib/python3.8/site-packages/airflow/example_dags/example_bash_operator.py
[2023-12-24T01:46:39.234+0000] {logging_mixin.py:154} INFO - [2023-12-24T01:46:39.234+0000] {dag.py:2941} INFO - Sync 1 DAGs
[2023-12-24T01:46:39.246+0000] {logging_mixin.py:154} INFO - [2023-12-24T01:46:39.246+0000] {dag.py:3722} INFO - Setting next_dagrun for example_bash_operator to 2023-12-23T00:00:00+00:00, run_after=2023-12-24T00:00:00+00:00
[2023-12-24T01:46:39.256+0000] {processor.py:179} INFO - Processing /home/airflow/.local/lib/python3.8/site-packages/airflow/example_dags/example_bash_operator.py took 0.062 seconds
[2023-12-24T01:50:42.803+0000] {processor.py:157} INFO - Started process (PID=1056) to work on /home/airflow/.local/lib/python3.8/site-packages/airflow/example_dags/example_bash_operator.py
[2023-12-24T01:50:42.805+0000] {processor.py:829} INFO - Processing file /home/airflow/.local/lib/python3.8/site-packages/airflow/example_dags/example_bash_operator.py for tasks to queue
[2023-12-24T01:50:42.806+0000] {logging_mixin.py:154} INFO - [2023-12-24T01:50:42.806+0000] {dagbag.py:536} INFO - Filling up the DagBag from /home/airflow/.local/lib/python3.8/site-packages/airflow/example_dags/example_bash_operator.py
[2023-12-24T01:50:42.815+0000] {processor.py:839} INFO - DAG(s) dict_keys(['example_bash_operator']) retrieved from /home/airflow/.local/lib/python3.8/site-packages/airflow/example_dags/example_bash_operator.py
[2023-12-24T01:50:42.880+0000] {logging_mixin.py:154} INFO - [2023-12-24T01:50:42.880+0000] {dag.py:2941} INFO - Sync 1 DAGs
[2023-12-24T01:50:42.893+0000] {logging_mixin.py:154} INFO - [2023-12-24T01:50:42.893+0000] {dag.py:3722} INFO - Setting next_dagrun for example_bash_operator to 2023-12-23T00:00:00+00:00, run_after=2023-12-24T00:00:00+00:00
[2023-12-24T01:50:42.908+0000] {processor.py:179} INFO - Processing /home/airflow/.local/lib/python3.8/site-packages/airflow/example_dags/example_bash_operator.py took 0.107 seconds
[2023-12-24T01:51:13.440+0000] {processor.py:157} INFO - Started process (PID=1111) to work on /home/airflow/.local/lib/python3.8/site-packages/airflow/example_dags/example_bash_operator.py
[2023-12-24T01:51:13.441+0000] {processor.py:829} INFO - Processing file /home/airflow/.local/lib/python3.8/site-packages/airflow/example_dags/example_bash_operator.py for tasks to queue
[2023-12-24T01:51:13.442+0000] {logging_mixin.py:154} INFO - [2023-12-24T01:51:13.442+0000] {dagbag.py:536} INFO - Filling up the DagBag from /home/airflow/.local/lib/python3.8/site-packages/airflow/example_dags/example_bash_operator.py
[2023-12-24T01:51:13.450+0000] {processor.py:839} INFO - DAG(s) dict_keys(['example_bash_operator']) retrieved from /home/airflow/.local/lib/python3.8/site-packages/airflow/example_dags/example_bash_operator.py
[2023-12-24T01:51:13.468+0000] {logging_mixin.py:154} INFO - [2023-12-24T01:51:13.468+0000] {dag.py:2941} INFO - Sync 1 DAGs
[2023-12-24T01:51:13.480+0000] {logging_mixin.py:154} INFO - [2023-12-24T01:51:13.480+0000] {dag.py:3722} INFO - Setting next_dagrun for example_bash_operator to 2023-12-23T00:00:00+00:00, run_after=2023-12-24T00:00:00+00:00
[2023-12-24T01:51:13.490+0000] {processor.py:179} INFO - Processing /home/airflow/.local/lib/python3.8/site-packages/airflow/example_dags/example_bash_operator.py took 0.053 seconds
[2023-12-24T01:51:43.673+0000] {processor.py:157} INFO - Started process (PID=1167) to work on /home/airflow/.local/lib/python3.8/site-packages/airflow/example_dags/example_bash_operator.py
[2023-12-24T01:51:43.675+0000] {processor.py:829} INFO - Processing file /home/airflow/.local/lib/python3.8/site-packages/airflow/example_dags/example_bash_operator.py for tasks to queue
[2023-12-24T01:51:43.675+0000] {logging_mixin.py:154} INFO - [2023-12-24T01:51:43.675+0000] {dagbag.py:536} INFO - Filling up the DagBag from /home/airflow/.local/lib/python3.8/site-packages/airflow/example_dags/example_bash_operator.py
[2023-12-24T01:51:43.684+0000] {processor.py:839} INFO - DAG(s) dict_keys(['example_bash_operator']) retrieved from /home/airflow/.local/lib/python3.8/site-packages/airflow/example_dags/example_bash_operator.py
[2023-12-24T01:51:43.702+0000] {logging_mixin.py:154} INFO - [2023-12-24T01:51:43.702+0000] {dag.py:2941} INFO - Sync 1 DAGs
[2023-12-24T01:51:43.715+0000] {logging_mixin.py:154} INFO - [2023-12-24T01:51:43.715+0000] {dag.py:3722} INFO - Setting next_dagrun for example_bash_operator to 2023-12-23T00:00:00+00:00, run_after=2023-12-24T00:00:00+00:00
[2023-12-24T01:51:43.725+0000] {processor.py:179} INFO - Processing /home/airflow/.local/lib/python3.8/site-packages/airflow/example_dags/example_bash_operator.py took 0.054 seconds
[2023-12-24T01:52:13.828+0000] {processor.py:157} INFO - Started process (PID=1222) to work on /home/airflow/.local/lib/python3.8/site-packages/airflow/example_dags/example_bash_operator.py
[2023-12-24T01:52:13.830+0000] {processor.py:829} INFO - Processing file /home/airflow/.local/lib/python3.8/site-packages/airflow/example_dags/example_bash_operator.py for tasks to queue
[2023-12-24T01:52:13.831+0000] {logging_mixin.py:154} INFO - [2023-12-24T01:52:13.830+0000] {dagbag.py:536} INFO - Filling up the DagBag from /home/airflow/.local/lib/python3.8/site-packages/airflow/example_dags/example_bash_operator.py
[2023-12-24T01:52:13.838+0000] {processor.py:839} INFO - DAG(s) dict_keys(['example_bash_operator']) retrieved from /home/airflow/.local/lib/python3.8/site-packages/airflow/example_dags/example_bash_operator.py
[2023-12-24T01:52:13.855+0000] {logging_mixin.py:154} INFO - [2023-12-24T01:52:13.855+0000] {dag.py:2941} INFO - Sync 1 DAGs
[2023-12-24T01:52:13.868+0000] {logging_mixin.py:154} INFO - [2023-12-24T01:52:13.868+0000] {dag.py:3722} INFO - Setting next_dagrun for example_bash_operator to 2023-12-23T00:00:00+00:00, run_after=2023-12-24T00:00:00+00:00
[2023-12-24T01:52:13.879+0000] {processor.py:179} INFO - Processing /home/airflow/.local/lib/python3.8/site-packages/airflow/example_dags/example_bash_operator.py took 0.053 seconds
[2023-12-24T01:52:44.115+0000] {processor.py:157} INFO - Started process (PID=1277) to work on /home/airflow/.local/lib/python3.8/site-packages/airflow/example_dags/example_bash_operator.py
[2023-12-24T01:52:44.116+0000] {processor.py:829} INFO - Processing file /home/airflow/.local/lib/python3.8/site-packages/airflow/example_dags/example_bash_operator.py for tasks to queue
[2023-12-24T01:52:44.117+0000] {logging_mixin.py:154} INFO - [2023-12-24T01:52:44.117+0000] {dagbag.py:536} INFO - Filling up the DagBag from /home/airflow/.local/lib/python3.8/site-packages/airflow/example_dags/example_bash_operator.py
[2023-12-24T01:52:44.125+0000] {processor.py:839} INFO - DAG(s) dict_keys(['example_bash_operator']) retrieved from /home/airflow/.local/lib/python3.8/site-packages/airflow/example_dags/example_bash_operator.py
[2023-12-24T01:52:44.143+0000] {logging_mixin.py:154} INFO - [2023-12-24T01:52:44.142+0000] {dag.py:2941} INFO - Sync 1 DAGs
[2023-12-24T01:52:44.157+0000] {logging_mixin.py:154} INFO - [2023-12-24T01:52:44.156+0000] {dag.py:3722} INFO - Setting next_dagrun for example_bash_operator to 2023-12-23T00:00:00+00:00, run_after=2023-12-24T00:00:00+00:00
[2023-12-24T01:52:44.168+0000] {processor.py:179} INFO - Processing /home/airflow/.local/lib/python3.8/site-packages/airflow/example_dags/example_bash_operator.py took 0.055 seconds
