[2023-12-24T00:16:11.015+0000] {processor.py:157} INFO - Started process (PID=6202) to work on /home/airflow/.local/lib/python3.8/site-packages/airflow/example_dags/example_xcomargs.py
[2023-12-24T00:16:11.016+0000] {processor.py:829} INFO - Processing file /home/airflow/.local/lib/python3.8/site-packages/airflow/example_dags/example_xcomargs.py for tasks to queue
[2023-12-24T00:16:11.018+0000] {logging_mixin.py:154} INFO - [2023-12-24T00:16:11.018+0000] {dagbag.py:536} INFO - Filling up the DagBag from /home/airflow/.local/lib/python3.8/site-packages/airflow/example_dags/example_xcomargs.py
[2023-12-24T00:16:11.023+0000] {processor.py:839} INFO - DAG(s) dict_keys(['example_xcom_args_with_operators', 'example_xcom_args']) retrieved from /home/airflow/.local/lib/python3.8/site-packages/airflow/example_dags/example_xcomargs.py
[2023-12-24T00:16:11.038+0000] {logging_mixin.py:154} INFO - [2023-12-24T00:16:11.038+0000] {dag.py:2941} INFO - Sync 2 DAGs
[2023-12-24T00:16:11.046+0000] {logging_mixin.py:154} INFO - [2023-12-24T00:16:11.046+0000] {dag.py:3722} INFO - Setting next_dagrun for example_xcom_args to None, run_after=None
[2023-12-24T00:16:11.048+0000] {logging_mixin.py:154} INFO - [2023-12-24T00:16:11.048+0000] {dag.py:3722} INFO - Setting next_dagrun for example_xcom_args_with_operators to None, run_after=None
[2023-12-24T00:16:11.059+0000] {processor.py:179} INFO - Processing /home/airflow/.local/lib/python3.8/site-packages/airflow/example_dags/example_xcomargs.py took 0.046 seconds
[2023-12-24T00:16:41.702+0000] {processor.py:157} INFO - Started process (PID=6258) to work on /home/airflow/.local/lib/python3.8/site-packages/airflow/example_dags/example_xcomargs.py
[2023-12-24T00:16:41.703+0000] {processor.py:829} INFO - Processing file /home/airflow/.local/lib/python3.8/site-packages/airflow/example_dags/example_xcomargs.py for tasks to queue
[2023-12-24T00:16:41.705+0000] {logging_mixin.py:154} INFO - [2023-12-24T00:16:41.705+0000] {dagbag.py:536} INFO - Filling up the DagBag from /home/airflow/.local/lib/python3.8/site-packages/airflow/example_dags/example_xcomargs.py
[2023-12-24T00:16:41.711+0000] {processor.py:839} INFO - DAG(s) dict_keys(['example_xcom_args_with_operators', 'example_xcom_args']) retrieved from /home/airflow/.local/lib/python3.8/site-packages/airflow/example_dags/example_xcomargs.py
[2023-12-24T00:16:41.725+0000] {logging_mixin.py:154} INFO - [2023-12-24T00:16:41.725+0000] {dag.py:2941} INFO - Sync 2 DAGs
[2023-12-24T00:16:41.731+0000] {logging_mixin.py:154} INFO - [2023-12-24T00:16:41.731+0000] {dag.py:3722} INFO - Setting next_dagrun for example_xcom_args to None, run_after=None
[2023-12-24T00:16:41.734+0000] {logging_mixin.py:154} INFO - [2023-12-24T00:16:41.734+0000] {dag.py:3722} INFO - Setting next_dagrun for example_xcom_args_with_operators to None, run_after=None
[2023-12-24T00:16:41.742+0000] {processor.py:179} INFO - Processing /home/airflow/.local/lib/python3.8/site-packages/airflow/example_dags/example_xcomargs.py took 0.043 seconds
[2023-12-24T00:33:50.354+0000] {processor.py:157} INFO - Started process (PID=6314) to work on /home/airflow/.local/lib/python3.8/site-packages/airflow/example_dags/example_xcomargs.py
[2023-12-24T00:33:50.355+0000] {processor.py:829} INFO - Processing file /home/airflow/.local/lib/python3.8/site-packages/airflow/example_dags/example_xcomargs.py for tasks to queue
[2023-12-24T00:33:50.357+0000] {logging_mixin.py:154} INFO - [2023-12-24T00:33:50.357+0000] {dagbag.py:536} INFO - Filling up the DagBag from /home/airflow/.local/lib/python3.8/site-packages/airflow/example_dags/example_xcomargs.py
[2023-12-24T00:33:50.363+0000] {processor.py:839} INFO - DAG(s) dict_keys(['example_xcom_args_with_operators', 'example_xcom_args']) retrieved from /home/airflow/.local/lib/python3.8/site-packages/airflow/example_dags/example_xcomargs.py
[2023-12-24T00:33:50.380+0000] {logging_mixin.py:154} INFO - [2023-12-24T00:33:50.380+0000] {dag.py:2941} INFO - Sync 2 DAGs
[2023-12-24T00:33:50.387+0000] {logging_mixin.py:154} INFO - [2023-12-24T00:33:50.387+0000] {dag.py:3722} INFO - Setting next_dagrun for example_xcom_args to None, run_after=None
[2023-12-24T00:33:50.390+0000] {logging_mixin.py:154} INFO - [2023-12-24T00:33:50.390+0000] {dag.py:3722} INFO - Setting next_dagrun for example_xcom_args_with_operators to None, run_after=None
[2023-12-24T00:33:50.404+0000] {processor.py:179} INFO - Processing /home/airflow/.local/lib/python3.8/site-packages/airflow/example_dags/example_xcomargs.py took 0.054 seconds
[2023-12-24T00:34:20.825+0000] {processor.py:157} INFO - Started process (PID=6370) to work on /home/airflow/.local/lib/python3.8/site-packages/airflow/example_dags/example_xcomargs.py
[2023-12-24T00:34:20.826+0000] {processor.py:829} INFO - Processing file /home/airflow/.local/lib/python3.8/site-packages/airflow/example_dags/example_xcomargs.py for tasks to queue
[2023-12-24T00:34:20.828+0000] {logging_mixin.py:154} INFO - [2023-12-24T00:34:20.828+0000] {dagbag.py:536} INFO - Filling up the DagBag from /home/airflow/.local/lib/python3.8/site-packages/airflow/example_dags/example_xcomargs.py
[2023-12-24T00:34:20.834+0000] {processor.py:839} INFO - DAG(s) dict_keys(['example_xcom_args_with_operators', 'example_xcom_args']) retrieved from /home/airflow/.local/lib/python3.8/site-packages/airflow/example_dags/example_xcomargs.py
[2023-12-24T00:34:20.848+0000] {logging_mixin.py:154} INFO - [2023-12-24T00:34:20.848+0000] {dag.py:2941} INFO - Sync 2 DAGs
[2023-12-24T00:34:20.855+0000] {logging_mixin.py:154} INFO - [2023-12-24T00:34:20.855+0000] {dag.py:3722} INFO - Setting next_dagrun for example_xcom_args to None, run_after=None
[2023-12-24T00:34:20.857+0000] {logging_mixin.py:154} INFO - [2023-12-24T00:34:20.857+0000] {dag.py:3722} INFO - Setting next_dagrun for example_xcom_args_with_operators to None, run_after=None
[2023-12-24T00:34:20.866+0000] {processor.py:179} INFO - Processing /home/airflow/.local/lib/python3.8/site-packages/airflow/example_dags/example_xcomargs.py took 0.043 seconds
[2023-12-24T00:51:35.688+0000] {processor.py:157} INFO - Started process (PID=6425) to work on /home/airflow/.local/lib/python3.8/site-packages/airflow/example_dags/example_xcomargs.py
[2023-12-24T00:51:35.689+0000] {processor.py:829} INFO - Processing file /home/airflow/.local/lib/python3.8/site-packages/airflow/example_dags/example_xcomargs.py for tasks to queue
[2023-12-24T00:51:35.691+0000] {logging_mixin.py:154} INFO - [2023-12-24T00:51:35.691+0000] {dagbag.py:536} INFO - Filling up the DagBag from /home/airflow/.local/lib/python3.8/site-packages/airflow/example_dags/example_xcomargs.py
[2023-12-24T00:51:35.696+0000] {processor.py:839} INFO - DAG(s) dict_keys(['example_xcom_args_with_operators', 'example_xcom_args']) retrieved from /home/airflow/.local/lib/python3.8/site-packages/airflow/example_dags/example_xcomargs.py
[2023-12-24T00:51:35.711+0000] {logging_mixin.py:154} INFO - [2023-12-24T00:51:35.711+0000] {dag.py:2941} INFO - Sync 2 DAGs
[2023-12-24T00:51:35.718+0000] {logging_mixin.py:154} INFO - [2023-12-24T00:51:35.718+0000] {dag.py:3722} INFO - Setting next_dagrun for example_xcom_args to None, run_after=None
[2023-12-24T00:51:35.720+0000] {logging_mixin.py:154} INFO - [2023-12-24T00:51:35.720+0000] {dag.py:3722} INFO - Setting next_dagrun for example_xcom_args_with_operators to None, run_after=None
[2023-12-24T00:51:35.729+0000] {processor.py:179} INFO - Processing /home/airflow/.local/lib/python3.8/site-packages/airflow/example_dags/example_xcomargs.py took 0.043 seconds
[2023-12-24T00:52:06.258+0000] {processor.py:157} INFO - Started process (PID=6480) to work on /home/airflow/.local/lib/python3.8/site-packages/airflow/example_dags/example_xcomargs.py
[2023-12-24T00:52:06.259+0000] {processor.py:829} INFO - Processing file /home/airflow/.local/lib/python3.8/site-packages/airflow/example_dags/example_xcomargs.py for tasks to queue
[2023-12-24T00:52:06.261+0000] {logging_mixin.py:154} INFO - [2023-12-24T00:52:06.261+0000] {dagbag.py:536} INFO - Filling up the DagBag from /home/airflow/.local/lib/python3.8/site-packages/airflow/example_dags/example_xcomargs.py
[2023-12-24T00:52:06.267+0000] {processor.py:839} INFO - DAG(s) dict_keys(['example_xcom_args_with_operators', 'example_xcom_args']) retrieved from /home/airflow/.local/lib/python3.8/site-packages/airflow/example_dags/example_xcomargs.py
[2023-12-24T00:52:06.282+0000] {logging_mixin.py:154} INFO - [2023-12-24T00:52:06.282+0000] {dag.py:2941} INFO - Sync 2 DAGs
[2023-12-24T00:52:06.289+0000] {logging_mixin.py:154} INFO - [2023-12-24T00:52:06.289+0000] {dag.py:3722} INFO - Setting next_dagrun for example_xcom_args to None, run_after=None
[2023-12-24T00:52:06.291+0000] {logging_mixin.py:154} INFO - [2023-12-24T00:52:06.291+0000] {dag.py:3722} INFO - Setting next_dagrun for example_xcom_args_with_operators to None, run_after=None
[2023-12-24T00:52:06.300+0000] {processor.py:179} INFO - Processing /home/airflow/.local/lib/python3.8/site-packages/airflow/example_dags/example_xcomargs.py took 0.044 seconds
[2023-12-24T01:08:52.478+0000] {processor.py:157} INFO - Started process (PID=6535) to work on /home/airflow/.local/lib/python3.8/site-packages/airflow/example_dags/example_xcomargs.py
[2023-12-24T01:08:52.480+0000] {processor.py:829} INFO - Processing file /home/airflow/.local/lib/python3.8/site-packages/airflow/example_dags/example_xcomargs.py for tasks to queue
[2023-12-24T01:08:52.484+0000] {logging_mixin.py:154} INFO - [2023-12-24T01:08:52.483+0000] {dagbag.py:536} INFO - Filling up the DagBag from /home/airflow/.local/lib/python3.8/site-packages/airflow/example_dags/example_xcomargs.py
[2023-12-24T01:08:52.493+0000] {processor.py:839} INFO - DAG(s) dict_keys(['example_xcom_args_with_operators', 'example_xcom_args']) retrieved from /home/airflow/.local/lib/python3.8/site-packages/airflow/example_dags/example_xcomargs.py
[2023-12-24T01:08:52.515+0000] {logging_mixin.py:154} INFO - [2023-12-24T01:08:52.515+0000] {dag.py:2941} INFO - Sync 2 DAGs
[2023-12-24T01:08:52.525+0000] {logging_mixin.py:154} INFO - [2023-12-24T01:08:52.525+0000] {dag.py:3722} INFO - Setting next_dagrun for example_xcom_args to None, run_after=None
[2023-12-24T01:08:52.528+0000] {logging_mixin.py:154} INFO - [2023-12-24T01:08:52.528+0000] {dag.py:3722} INFO - Setting next_dagrun for example_xcom_args_with_operators to None, run_after=None
[2023-12-24T01:08:52.541+0000] {processor.py:179} INFO - Processing /home/airflow/.local/lib/python3.8/site-packages/airflow/example_dags/example_xcomargs.py took 0.067 seconds
[2023-12-24T01:26:16.776+0000] {processor.py:157} INFO - Started process (PID=6591) to work on /home/airflow/.local/lib/python3.8/site-packages/airflow/example_dags/example_xcomargs.py
[2023-12-24T01:26:16.777+0000] {processor.py:829} INFO - Processing file /home/airflow/.local/lib/python3.8/site-packages/airflow/example_dags/example_xcomargs.py for tasks to queue
[2023-12-24T01:26:16.781+0000] {logging_mixin.py:154} INFO - [2023-12-24T01:26:16.780+0000] {dagbag.py:536} INFO - Filling up the DagBag from /home/airflow/.local/lib/python3.8/site-packages/airflow/example_dags/example_xcomargs.py
[2023-12-24T01:26:16.789+0000] {processor.py:839} INFO - DAG(s) dict_keys(['example_xcom_args', 'example_xcom_args_with_operators']) retrieved from /home/airflow/.local/lib/python3.8/site-packages/airflow/example_dags/example_xcomargs.py
[2023-12-24T01:26:16.811+0000] {logging_mixin.py:154} INFO - [2023-12-24T01:26:16.811+0000] {dag.py:2941} INFO - Sync 2 DAGs
[2023-12-24T01:26:16.820+0000] {logging_mixin.py:154} INFO - [2023-12-24T01:26:16.820+0000] {dag.py:3722} INFO - Setting next_dagrun for example_xcom_args to None, run_after=None
[2023-12-24T01:26:16.824+0000] {logging_mixin.py:154} INFO - [2023-12-24T01:26:16.823+0000] {dag.py:3722} INFO - Setting next_dagrun for example_xcom_args_with_operators to None, run_after=None
[2023-12-24T01:26:16.836+0000] {processor.py:179} INFO - Processing /home/airflow/.local/lib/python3.8/site-packages/airflow/example_dags/example_xcomargs.py took 0.065 seconds
[2023-12-24T01:26:47.119+0000] {processor.py:157} INFO - Started process (PID=6647) to work on /home/airflow/.local/lib/python3.8/site-packages/airflow/example_dags/example_xcomargs.py
[2023-12-24T01:26:47.120+0000] {processor.py:829} INFO - Processing file /home/airflow/.local/lib/python3.8/site-packages/airflow/example_dags/example_xcomargs.py for tasks to queue
[2023-12-24T01:26:47.123+0000] {logging_mixin.py:154} INFO - [2023-12-24T01:26:47.122+0000] {dagbag.py:536} INFO - Filling up the DagBag from /home/airflow/.local/lib/python3.8/site-packages/airflow/example_dags/example_xcomargs.py
[2023-12-24T01:26:47.128+0000] {processor.py:839} INFO - DAG(s) dict_keys(['example_xcom_args', 'example_xcom_args_with_operators']) retrieved from /home/airflow/.local/lib/python3.8/site-packages/airflow/example_dags/example_xcomargs.py
[2023-12-24T01:26:47.143+0000] {logging_mixin.py:154} INFO - [2023-12-24T01:26:47.143+0000] {dag.py:2941} INFO - Sync 2 DAGs
[2023-12-24T01:26:47.150+0000] {logging_mixin.py:154} INFO - [2023-12-24T01:26:47.150+0000] {dag.py:3722} INFO - Setting next_dagrun for example_xcom_args to None, run_after=None
[2023-12-24T01:26:47.152+0000] {logging_mixin.py:154} INFO - [2023-12-24T01:26:47.152+0000] {dag.py:3722} INFO - Setting next_dagrun for example_xcom_args_with_operators to None, run_after=None
[2023-12-24T01:26:47.161+0000] {processor.py:179} INFO - Processing /home/airflow/.local/lib/python3.8/site-packages/airflow/example_dags/example_xcomargs.py took 0.044 seconds
[2023-12-24T01:39:26.496+0000] {processor.py:157} INFO - Started process (PID=6704) to work on /home/airflow/.local/lib/python3.8/site-packages/airflow/example_dags/example_xcomargs.py
[2023-12-24T01:39:26.497+0000] {processor.py:829} INFO - Processing file /home/airflow/.local/lib/python3.8/site-packages/airflow/example_dags/example_xcomargs.py for tasks to queue
[2023-12-24T01:39:26.501+0000] {logging_mixin.py:154} INFO - [2023-12-24T01:39:26.501+0000] {dagbag.py:536} INFO - Filling up the DagBag from /home/airflow/.local/lib/python3.8/site-packages/airflow/example_dags/example_xcomargs.py
[2023-12-24T01:39:26.509+0000] {processor.py:839} INFO - DAG(s) dict_keys(['example_xcom_args_with_operators', 'example_xcom_args']) retrieved from /home/airflow/.local/lib/python3.8/site-packages/airflow/example_dags/example_xcomargs.py
[2023-12-24T01:39:26.530+0000] {logging_mixin.py:154} INFO - [2023-12-24T01:39:26.530+0000] {dag.py:2941} INFO - Sync 2 DAGs
[2023-12-24T01:39:26.540+0000] {logging_mixin.py:154} INFO - [2023-12-24T01:39:26.540+0000] {dag.py:3722} INFO - Setting next_dagrun for example_xcom_args to None, run_after=None
[2023-12-24T01:39:26.544+0000] {logging_mixin.py:154} INFO - [2023-12-24T01:39:26.544+0000] {dag.py:3722} INFO - Setting next_dagrun for example_xcom_args_with_operators to None, run_after=None
[2023-12-24T01:39:26.561+0000] {processor.py:179} INFO - Processing /home/airflow/.local/lib/python3.8/site-packages/airflow/example_dags/example_xcomargs.py took 0.069 seconds
[2023-12-24T01:39:56.964+0000] {processor.py:157} INFO - Started process (PID=6759) to work on /home/airflow/.local/lib/python3.8/site-packages/airflow/example_dags/example_xcomargs.py
[2023-12-24T01:39:56.965+0000] {processor.py:829} INFO - Processing file /home/airflow/.local/lib/python3.8/site-packages/airflow/example_dags/example_xcomargs.py for tasks to queue
[2023-12-24T01:39:56.968+0000] {logging_mixin.py:154} INFO - [2023-12-24T01:39:56.967+0000] {dagbag.py:536} INFO - Filling up the DagBag from /home/airflow/.local/lib/python3.8/site-packages/airflow/example_dags/example_xcomargs.py
[2023-12-24T01:39:56.975+0000] {processor.py:839} INFO - DAG(s) dict_keys(['example_xcom_args', 'example_xcom_args_with_operators']) retrieved from /home/airflow/.local/lib/python3.8/site-packages/airflow/example_dags/example_xcomargs.py
[2023-12-24T01:39:56.993+0000] {logging_mixin.py:154} INFO - [2023-12-24T01:39:56.993+0000] {dag.py:2941} INFO - Sync 2 DAGs
[2023-12-24T01:39:57.001+0000] {logging_mixin.py:154} INFO - [2023-12-24T01:39:57.001+0000] {dag.py:3722} INFO - Setting next_dagrun for example_xcom_args to None, run_after=None
[2023-12-24T01:39:57.004+0000] {logging_mixin.py:154} INFO - [2023-12-24T01:39:57.004+0000] {dag.py:3722} INFO - Setting next_dagrun for example_xcom_args_with_operators to None, run_after=None
[2023-12-24T01:39:57.017+0000] {processor.py:179} INFO - Processing /home/airflow/.local/lib/python3.8/site-packages/airflow/example_dags/example_xcomargs.py took 0.055 seconds
[2023-12-24T01:40:27.202+0000] {processor.py:157} INFO - Started process (PID=6814) to work on /home/airflow/.local/lib/python3.8/site-packages/airflow/example_dags/example_xcomargs.py
[2023-12-24T01:40:27.203+0000] {processor.py:829} INFO - Processing file /home/airflow/.local/lib/python3.8/site-packages/airflow/example_dags/example_xcomargs.py for tasks to queue
[2023-12-24T01:40:27.205+0000] {logging_mixin.py:154} INFO - [2023-12-24T01:40:27.205+0000] {dagbag.py:536} INFO - Filling up the DagBag from /home/airflow/.local/lib/python3.8/site-packages/airflow/example_dags/example_xcomargs.py
[2023-12-24T01:40:27.210+0000] {processor.py:839} INFO - DAG(s) dict_keys(['example_xcom_args', 'example_xcom_args_with_operators']) retrieved from /home/airflow/.local/lib/python3.8/site-packages/airflow/example_dags/example_xcomargs.py
[2023-12-24T01:40:27.224+0000] {logging_mixin.py:154} INFO - [2023-12-24T01:40:27.224+0000] {dag.py:2941} INFO - Sync 2 DAGs
[2023-12-24T01:40:27.231+0000] {logging_mixin.py:154} INFO - [2023-12-24T01:40:27.231+0000] {dag.py:3722} INFO - Setting next_dagrun for example_xcom_args to None, run_after=None
[2023-12-24T01:40:27.234+0000] {logging_mixin.py:154} INFO - [2023-12-24T01:40:27.233+0000] {dag.py:3722} INFO - Setting next_dagrun for example_xcom_args_with_operators to None, run_after=None
[2023-12-24T01:40:27.243+0000] {processor.py:179} INFO - Processing /home/airflow/.local/lib/python3.8/site-packages/airflow/example_dags/example_xcomargs.py took 0.044 seconds
[2023-12-24T01:41:29.705+0000] {processor.py:157} INFO - Started process (PID=41) to work on /home/airflow/.local/lib/python3.8/site-packages/airflow/example_dags/example_xcomargs.py
[2023-12-24T01:41:29.707+0000] {processor.py:829} INFO - Processing file /home/airflow/.local/lib/python3.8/site-packages/airflow/example_dags/example_xcomargs.py for tasks to queue
[2023-12-24T01:41:29.709+0000] {logging_mixin.py:154} INFO - [2023-12-24T01:41:29.709+0000] {dagbag.py:536} INFO - Filling up the DagBag from /home/airflow/.local/lib/python3.8/site-packages/airflow/example_dags/example_xcomargs.py
[2023-12-24T01:41:29.719+0000] {processor.py:839} INFO - DAG(s) dict_keys(['example_xcom_args', 'example_xcom_args_with_operators']) retrieved from /home/airflow/.local/lib/python3.8/site-packages/airflow/example_dags/example_xcomargs.py
[2023-12-24T01:41:29.733+0000] {logging_mixin.py:154} INFO - [2023-12-24T01:41:29.733+0000] {dag.py:2941} INFO - Sync 2 DAGs
[2023-12-24T01:41:29.744+0000] {logging_mixin.py:154} INFO - [2023-12-24T01:41:29.744+0000] {dag.py:3722} INFO - Setting next_dagrun for example_xcom_args to None, run_after=None
[2023-12-24T01:41:29.747+0000] {logging_mixin.py:154} INFO - [2023-12-24T01:41:29.747+0000] {dag.py:3722} INFO - Setting next_dagrun for example_xcom_args_with_operators to None, run_after=None
[2023-12-24T01:41:29.759+0000] {processor.py:179} INFO - Processing /home/airflow/.local/lib/python3.8/site-packages/airflow/example_dags/example_xcomargs.py took 0.057 seconds
[2023-12-24T01:42:00.311+0000] {processor.py:157} INFO - Started process (PID=97) to work on /home/airflow/.local/lib/python3.8/site-packages/airflow/example_dags/example_xcomargs.py
[2023-12-24T01:42:00.312+0000] {processor.py:829} INFO - Processing file /home/airflow/.local/lib/python3.8/site-packages/airflow/example_dags/example_xcomargs.py for tasks to queue
[2023-12-24T01:42:00.314+0000] {logging_mixin.py:154} INFO - [2023-12-24T01:42:00.314+0000] {dagbag.py:536} INFO - Filling up the DagBag from /home/airflow/.local/lib/python3.8/site-packages/airflow/example_dags/example_xcomargs.py
[2023-12-24T01:42:00.320+0000] {processor.py:839} INFO - DAG(s) dict_keys(['example_xcom_args', 'example_xcom_args_with_operators']) retrieved from /home/airflow/.local/lib/python3.8/site-packages/airflow/example_dags/example_xcomargs.py
[2023-12-24T01:42:00.338+0000] {logging_mixin.py:154} INFO - [2023-12-24T01:42:00.338+0000] {dag.py:2941} INFO - Sync 2 DAGs
[2023-12-24T01:42:00.347+0000] {logging_mixin.py:154} INFO - [2023-12-24T01:42:00.347+0000] {dag.py:3722} INFO - Setting next_dagrun for example_xcom_args to None, run_after=None
[2023-12-24T01:42:00.350+0000] {logging_mixin.py:154} INFO - [2023-12-24T01:42:00.350+0000] {dag.py:3722} INFO - Setting next_dagrun for example_xcom_args_with_operators to None, run_after=None
[2023-12-24T01:42:00.360+0000] {processor.py:179} INFO - Processing /home/airflow/.local/lib/python3.8/site-packages/airflow/example_dags/example_xcomargs.py took 0.051 seconds
[2023-12-24T01:42:30.645+0000] {processor.py:157} INFO - Started process (PID=152) to work on /home/airflow/.local/lib/python3.8/site-packages/airflow/example_dags/example_xcomargs.py
[2023-12-24T01:42:30.646+0000] {processor.py:829} INFO - Processing file /home/airflow/.local/lib/python3.8/site-packages/airflow/example_dags/example_xcomargs.py for tasks to queue
[2023-12-24T01:42:30.648+0000] {logging_mixin.py:154} INFO - [2023-12-24T01:42:30.648+0000] {dagbag.py:536} INFO - Filling up the DagBag from /home/airflow/.local/lib/python3.8/site-packages/airflow/example_dags/example_xcomargs.py
[2023-12-24T01:42:30.654+0000] {processor.py:839} INFO - DAG(s) dict_keys(['example_xcom_args', 'example_xcom_args_with_operators']) retrieved from /home/airflow/.local/lib/python3.8/site-packages/airflow/example_dags/example_xcomargs.py
[2023-12-24T01:42:30.668+0000] {logging_mixin.py:154} INFO - [2023-12-24T01:42:30.668+0000] {dag.py:2941} INFO - Sync 2 DAGs
[2023-12-24T01:42:30.676+0000] {logging_mixin.py:154} INFO - [2023-12-24T01:42:30.676+0000] {dag.py:3722} INFO - Setting next_dagrun for example_xcom_args to None, run_after=None
[2023-12-24T01:42:30.679+0000] {logging_mixin.py:154} INFO - [2023-12-24T01:42:30.678+0000] {dag.py:3722} INFO - Setting next_dagrun for example_xcom_args_with_operators to None, run_after=None
[2023-12-24T01:42:30.688+0000] {processor.py:179} INFO - Processing /home/airflow/.local/lib/python3.8/site-packages/airflow/example_dags/example_xcomargs.py took 0.046 seconds
[2023-12-24T01:43:01.054+0000] {processor.py:157} INFO - Started process (PID=207) to work on /home/airflow/.local/lib/python3.8/site-packages/airflow/example_dags/example_xcomargs.py
[2023-12-24T01:43:01.055+0000] {processor.py:829} INFO - Processing file /home/airflow/.local/lib/python3.8/site-packages/airflow/example_dags/example_xcomargs.py for tasks to queue
[2023-12-24T01:43:01.057+0000] {logging_mixin.py:154} INFO - [2023-12-24T01:43:01.057+0000] {dagbag.py:536} INFO - Filling up the DagBag from /home/airflow/.local/lib/python3.8/site-packages/airflow/example_dags/example_xcomargs.py
[2023-12-24T01:43:01.063+0000] {processor.py:839} INFO - DAG(s) dict_keys(['example_xcom_args_with_operators', 'example_xcom_args']) retrieved from /home/airflow/.local/lib/python3.8/site-packages/airflow/example_dags/example_xcomargs.py
[2023-12-24T01:43:01.079+0000] {logging_mixin.py:154} INFO - [2023-12-24T01:43:01.079+0000] {dag.py:2941} INFO - Sync 2 DAGs
[2023-12-24T01:43:01.087+0000] {logging_mixin.py:154} INFO - [2023-12-24T01:43:01.087+0000] {dag.py:3722} INFO - Setting next_dagrun for example_xcom_args to None, run_after=None
[2023-12-24T01:43:01.090+0000] {logging_mixin.py:154} INFO - [2023-12-24T01:43:01.090+0000] {dag.py:3722} INFO - Setting next_dagrun for example_xcom_args_with_operators to None, run_after=None
[2023-12-24T01:43:01.216+0000] {processor.py:179} INFO - Processing /home/airflow/.local/lib/python3.8/site-packages/airflow/example_dags/example_xcomargs.py took 0.165 seconds
[2023-12-24T01:43:31.578+0000] {processor.py:157} INFO - Started process (PID=264) to work on /home/airflow/.local/lib/python3.8/site-packages/airflow/example_dags/example_xcomargs.py
[2023-12-24T01:43:31.579+0000] {processor.py:829} INFO - Processing file /home/airflow/.local/lib/python3.8/site-packages/airflow/example_dags/example_xcomargs.py for tasks to queue
[2023-12-24T01:43:31.581+0000] {logging_mixin.py:154} INFO - [2023-12-24T01:43:31.581+0000] {dagbag.py:536} INFO - Filling up the DagBag from /home/airflow/.local/lib/python3.8/site-packages/airflow/example_dags/example_xcomargs.py
[2023-12-24T01:43:31.587+0000] {processor.py:839} INFO - DAG(s) dict_keys(['example_xcom_args', 'example_xcom_args_with_operators']) retrieved from /home/airflow/.local/lib/python3.8/site-packages/airflow/example_dags/example_xcomargs.py
[2023-12-24T01:43:31.602+0000] {logging_mixin.py:154} INFO - [2023-12-24T01:43:31.602+0000] {dag.py:2941} INFO - Sync 2 DAGs
[2023-12-24T01:43:31.610+0000] {logging_mixin.py:154} INFO - [2023-12-24T01:43:31.610+0000] {dag.py:3722} INFO - Setting next_dagrun for example_xcom_args to None, run_after=None
[2023-12-24T01:43:31.612+0000] {logging_mixin.py:154} INFO - [2023-12-24T01:43:31.612+0000] {dag.py:3722} INFO - Setting next_dagrun for example_xcom_args_with_operators to None, run_after=None
[2023-12-24T01:43:31.622+0000] {processor.py:179} INFO - Processing /home/airflow/.local/lib/python3.8/site-packages/airflow/example_dags/example_xcomargs.py took 0.046 seconds
[2023-12-24T01:44:01.764+0000] {processor.py:157} INFO - Started process (PID=318) to work on /home/airflow/.local/lib/python3.8/site-packages/airflow/example_dags/example_xcomargs.py
[2023-12-24T01:44:01.765+0000] {processor.py:829} INFO - Processing file /home/airflow/.local/lib/python3.8/site-packages/airflow/example_dags/example_xcomargs.py for tasks to queue
[2023-12-24T01:44:01.767+0000] {logging_mixin.py:154} INFO - [2023-12-24T01:44:01.767+0000] {dagbag.py:536} INFO - Filling up the DagBag from /home/airflow/.local/lib/python3.8/site-packages/airflow/example_dags/example_xcomargs.py
[2023-12-24T01:44:01.772+0000] {processor.py:839} INFO - DAG(s) dict_keys(['example_xcom_args', 'example_xcom_args_with_operators']) retrieved from /home/airflow/.local/lib/python3.8/site-packages/airflow/example_dags/example_xcomargs.py
[2023-12-24T01:44:01.787+0000] {logging_mixin.py:154} INFO - [2023-12-24T01:44:01.787+0000] {dag.py:2941} INFO - Sync 2 DAGs
[2023-12-24T01:44:01.794+0000] {logging_mixin.py:154} INFO - [2023-12-24T01:44:01.794+0000] {dag.py:3722} INFO - Setting next_dagrun for example_xcom_args to None, run_after=None
[2023-12-24T01:44:01.797+0000] {logging_mixin.py:154} INFO - [2023-12-24T01:44:01.796+0000] {dag.py:3722} INFO - Setting next_dagrun for example_xcom_args_with_operators to None, run_after=None
[2023-12-24T01:44:01.807+0000] {processor.py:179} INFO - Processing /home/airflow/.local/lib/python3.8/site-packages/airflow/example_dags/example_xcomargs.py took 0.045 seconds
[2023-12-24T01:44:32.503+0000] {processor.py:157} INFO - Started process (PID=374) to work on /home/airflow/.local/lib/python3.8/site-packages/airflow/example_dags/example_xcomargs.py
[2023-12-24T01:44:32.505+0000] {processor.py:829} INFO - Processing file /home/airflow/.local/lib/python3.8/site-packages/airflow/example_dags/example_xcomargs.py for tasks to queue
[2023-12-24T01:44:32.507+0000] {logging_mixin.py:154} INFO - [2023-12-24T01:44:32.507+0000] {dagbag.py:536} INFO - Filling up the DagBag from /home/airflow/.local/lib/python3.8/site-packages/airflow/example_dags/example_xcomargs.py
[2023-12-24T01:44:32.513+0000] {processor.py:839} INFO - DAG(s) dict_keys(['example_xcom_args', 'example_xcom_args_with_operators']) retrieved from /home/airflow/.local/lib/python3.8/site-packages/airflow/example_dags/example_xcomargs.py
[2023-12-24T01:44:32.646+0000] {logging_mixin.py:154} INFO - [2023-12-24T01:44:32.646+0000] {dag.py:2941} INFO - Sync 2 DAGs
[2023-12-24T01:44:32.652+0000] {logging_mixin.py:154} INFO - [2023-12-24T01:44:32.652+0000] {dag.py:3722} INFO - Setting next_dagrun for example_xcom_args to None, run_after=None
[2023-12-24T01:44:32.654+0000] {logging_mixin.py:154} INFO - [2023-12-24T01:44:32.654+0000] {dag.py:3722} INFO - Setting next_dagrun for example_xcom_args_with_operators to None, run_after=None
[2023-12-24T01:44:32.662+0000] {processor.py:179} INFO - Processing /home/airflow/.local/lib/python3.8/site-packages/airflow/example_dags/example_xcomargs.py took 0.162 seconds
[2023-12-24T01:45:03.012+0000] {processor.py:157} INFO - Started process (PID=429) to work on /home/airflow/.local/lib/python3.8/site-packages/airflow/example_dags/example_xcomargs.py
[2023-12-24T01:45:03.013+0000] {processor.py:829} INFO - Processing file /home/airflow/.local/lib/python3.8/site-packages/airflow/example_dags/example_xcomargs.py for tasks to queue
[2023-12-24T01:45:03.015+0000] {logging_mixin.py:154} INFO - [2023-12-24T01:45:03.015+0000] {dagbag.py:536} INFO - Filling up the DagBag from /home/airflow/.local/lib/python3.8/site-packages/airflow/example_dags/example_xcomargs.py
[2023-12-24T01:45:03.021+0000] {processor.py:839} INFO - DAG(s) dict_keys(['example_xcom_args_with_operators', 'example_xcom_args']) retrieved from /home/airflow/.local/lib/python3.8/site-packages/airflow/example_dags/example_xcomargs.py
[2023-12-24T01:45:03.037+0000] {logging_mixin.py:154} INFO - [2023-12-24T01:45:03.037+0000] {dag.py:2941} INFO - Sync 2 DAGs
[2023-12-24T01:45:03.046+0000] {logging_mixin.py:154} INFO - [2023-12-24T01:45:03.046+0000] {dag.py:3722} INFO - Setting next_dagrun for example_xcom_args to None, run_after=None
[2023-12-24T01:45:03.049+0000] {logging_mixin.py:154} INFO - [2023-12-24T01:45:03.049+0000] {dag.py:3722} INFO - Setting next_dagrun for example_xcom_args_with_operators to None, run_after=None
[2023-12-24T01:45:03.167+0000] {processor.py:179} INFO - Processing /home/airflow/.local/lib/python3.8/site-packages/airflow/example_dags/example_xcomargs.py took 0.158 seconds
[2023-12-24T01:45:33.228+0000] {processor.py:157} INFO - Started process (PID=485) to work on /home/airflow/.local/lib/python3.8/site-packages/airflow/example_dags/example_xcomargs.py
[2023-12-24T01:45:33.229+0000] {processor.py:829} INFO - Processing file /home/airflow/.local/lib/python3.8/site-packages/airflow/example_dags/example_xcomargs.py for tasks to queue
[2023-12-24T01:45:33.231+0000] {logging_mixin.py:154} INFO - [2023-12-24T01:45:33.231+0000] {dagbag.py:536} INFO - Filling up the DagBag from /home/airflow/.local/lib/python3.8/site-packages/airflow/example_dags/example_xcomargs.py
[2023-12-24T01:45:33.236+0000] {processor.py:839} INFO - DAG(s) dict_keys(['example_xcom_args', 'example_xcom_args_with_operators']) retrieved from /home/airflow/.local/lib/python3.8/site-packages/airflow/example_dags/example_xcomargs.py
[2023-12-24T01:45:33.249+0000] {logging_mixin.py:154} INFO - [2023-12-24T01:45:33.249+0000] {dag.py:2941} INFO - Sync 2 DAGs
[2023-12-24T01:45:33.256+0000] {logging_mixin.py:154} INFO - [2023-12-24T01:45:33.256+0000] {dag.py:3722} INFO - Setting next_dagrun for example_xcom_args to None, run_after=None
[2023-12-24T01:45:33.258+0000] {logging_mixin.py:154} INFO - [2023-12-24T01:45:33.258+0000] {dag.py:3722} INFO - Setting next_dagrun for example_xcom_args_with_operators to None, run_after=None
[2023-12-24T01:45:33.268+0000] {processor.py:179} INFO - Processing /home/airflow/.local/lib/python3.8/site-packages/airflow/example_dags/example_xcomargs.py took 0.041 seconds
[2023-12-24T01:46:03.787+0000] {processor.py:157} INFO - Started process (PID=540) to work on /home/airflow/.local/lib/python3.8/site-packages/airflow/example_dags/example_xcomargs.py
[2023-12-24T01:46:03.788+0000] {processor.py:829} INFO - Processing file /home/airflow/.local/lib/python3.8/site-packages/airflow/example_dags/example_xcomargs.py for tasks to queue
[2023-12-24T01:46:03.790+0000] {logging_mixin.py:154} INFO - [2023-12-24T01:46:03.790+0000] {dagbag.py:536} INFO - Filling up the DagBag from /home/airflow/.local/lib/python3.8/site-packages/airflow/example_dags/example_xcomargs.py
[2023-12-24T01:46:03.796+0000] {processor.py:839} INFO - DAG(s) dict_keys(['example_xcom_args_with_operators', 'example_xcom_args']) retrieved from /home/airflow/.local/lib/python3.8/site-packages/airflow/example_dags/example_xcomargs.py
[2023-12-24T01:46:03.810+0000] {logging_mixin.py:154} INFO - [2023-12-24T01:46:03.810+0000] {dag.py:2941} INFO - Sync 2 DAGs
[2023-12-24T01:46:03.818+0000] {logging_mixin.py:154} INFO - [2023-12-24T01:46:03.818+0000] {dag.py:3722} INFO - Setting next_dagrun for example_xcom_args to None, run_after=None
[2023-12-24T01:46:03.821+0000] {logging_mixin.py:154} INFO - [2023-12-24T01:46:03.821+0000] {dag.py:3722} INFO - Setting next_dagrun for example_xcom_args_with_operators to None, run_after=None
[2023-12-24T01:46:03.830+0000] {processor.py:179} INFO - Processing /home/airflow/.local/lib/python3.8/site-packages/airflow/example_dags/example_xcomargs.py took 0.046 seconds
[2023-12-24T01:46:34.995+0000] {processor.py:157} INFO - Started process (PID=595) to work on /home/airflow/.local/lib/python3.8/site-packages/airflow/example_dags/example_xcomargs.py
[2023-12-24T01:46:34.996+0000] {processor.py:829} INFO - Processing file /home/airflow/.local/lib/python3.8/site-packages/airflow/example_dags/example_xcomargs.py for tasks to queue
[2023-12-24T01:46:34.998+0000] {logging_mixin.py:154} INFO - [2023-12-24T01:46:34.998+0000] {dagbag.py:536} INFO - Filling up the DagBag from /home/airflow/.local/lib/python3.8/site-packages/airflow/example_dags/example_xcomargs.py
[2023-12-24T01:46:35.004+0000] {processor.py:839} INFO - DAG(s) dict_keys(['example_xcom_args', 'example_xcom_args_with_operators']) retrieved from /home/airflow/.local/lib/python3.8/site-packages/airflow/example_dags/example_xcomargs.py
[2023-12-24T01:46:35.136+0000] {logging_mixin.py:154} INFO - [2023-12-24T01:46:35.136+0000] {dag.py:2941} INFO - Sync 2 DAGs
[2023-12-24T01:46:35.143+0000] {logging_mixin.py:154} INFO - [2023-12-24T01:46:35.143+0000] {dag.py:3722} INFO - Setting next_dagrun for example_xcom_args to None, run_after=None
[2023-12-24T01:46:35.145+0000] {logging_mixin.py:154} INFO - [2023-12-24T01:46:35.145+0000] {dag.py:3722} INFO - Setting next_dagrun for example_xcom_args_with_operators to None, run_after=None
[2023-12-24T01:46:35.154+0000] {processor.py:179} INFO - Processing /home/airflow/.local/lib/python3.8/site-packages/airflow/example_dags/example_xcomargs.py took 0.161 seconds
[2023-12-24T01:50:39.025+0000] {processor.py:157} INFO - Started process (PID=1028) to work on /home/airflow/.local/lib/python3.8/site-packages/airflow/example_dags/example_xcomargs.py
[2023-12-24T01:50:39.027+0000] {processor.py:829} INFO - Processing file /home/airflow/.local/lib/python3.8/site-packages/airflow/example_dags/example_xcomargs.py for tasks to queue
[2023-12-24T01:50:39.027+0000] {logging_mixin.py:154} INFO - [2023-12-24T01:50:39.027+0000] {dagbag.py:536} INFO - Filling up the DagBag from /home/airflow/.local/lib/python3.8/site-packages/airflow/example_dags/example_xcomargs.py
[2023-12-24T01:50:39.033+0000] {processor.py:839} INFO - DAG(s) dict_keys(['example_xcom_args_with_operators', 'example_xcom_args']) retrieved from /home/airflow/.local/lib/python3.8/site-packages/airflow/example_dags/example_xcomargs.py
[2023-12-24T01:50:39.094+0000] {logging_mixin.py:154} INFO - [2023-12-24T01:50:39.094+0000] {dag.py:2941} INFO - Sync 2 DAGs
[2023-12-24T01:50:39.100+0000] {logging_mixin.py:154} INFO - [2023-12-24T01:50:39.100+0000] {dag.py:3722} INFO - Setting next_dagrun for example_xcom_args to None, run_after=None
[2023-12-24T01:50:39.102+0000] {logging_mixin.py:154} INFO - [2023-12-24T01:50:39.102+0000] {dag.py:3722} INFO - Setting next_dagrun for example_xcom_args_with_operators to None, run_after=None
[2023-12-24T01:50:39.116+0000] {processor.py:179} INFO - Processing /home/airflow/.local/lib/python3.8/site-packages/airflow/example_dags/example_xcomargs.py took 0.092 seconds
[2023-12-24T01:51:09.185+0000] {processor.py:157} INFO - Started process (PID=1083) to work on /home/airflow/.local/lib/python3.8/site-packages/airflow/example_dags/example_xcomargs.py
[2023-12-24T01:51:09.186+0000] {processor.py:829} INFO - Processing file /home/airflow/.local/lib/python3.8/site-packages/airflow/example_dags/example_xcomargs.py for tasks to queue
[2023-12-24T01:51:09.187+0000] {logging_mixin.py:154} INFO - [2023-12-24T01:51:09.187+0000] {dagbag.py:536} INFO - Filling up the DagBag from /home/airflow/.local/lib/python3.8/site-packages/airflow/example_dags/example_xcomargs.py
[2023-12-24T01:51:09.193+0000] {processor.py:839} INFO - DAG(s) dict_keys(['example_xcom_args_with_operators', 'example_xcom_args']) retrieved from /home/airflow/.local/lib/python3.8/site-packages/airflow/example_dags/example_xcomargs.py
[2023-12-24T01:51:09.211+0000] {logging_mixin.py:154} INFO - [2023-12-24T01:51:09.211+0000] {dag.py:2941} INFO - Sync 2 DAGs
[2023-12-24T01:51:09.219+0000] {logging_mixin.py:154} INFO - [2023-12-24T01:51:09.219+0000] {dag.py:3722} INFO - Setting next_dagrun for example_xcom_args to None, run_after=None
[2023-12-24T01:51:09.223+0000] {logging_mixin.py:154} INFO - [2023-12-24T01:51:09.223+0000] {dag.py:3722} INFO - Setting next_dagrun for example_xcom_args_with_operators to None, run_after=None
[2023-12-24T01:51:09.238+0000] {processor.py:179} INFO - Processing /home/airflow/.local/lib/python3.8/site-packages/airflow/example_dags/example_xcomargs.py took 0.055 seconds
[2023-12-24T01:51:39.518+0000] {processor.py:157} INFO - Started process (PID=1139) to work on /home/airflow/.local/lib/python3.8/site-packages/airflow/example_dags/example_xcomargs.py
[2023-12-24T01:51:39.519+0000] {processor.py:829} INFO - Processing file /home/airflow/.local/lib/python3.8/site-packages/airflow/example_dags/example_xcomargs.py for tasks to queue
[2023-12-24T01:51:39.520+0000] {logging_mixin.py:154} INFO - [2023-12-24T01:51:39.520+0000] {dagbag.py:536} INFO - Filling up the DagBag from /home/airflow/.local/lib/python3.8/site-packages/airflow/example_dags/example_xcomargs.py
[2023-12-24T01:51:39.526+0000] {processor.py:839} INFO - DAG(s) dict_keys(['example_xcom_args_with_operators', 'example_xcom_args']) retrieved from /home/airflow/.local/lib/python3.8/site-packages/airflow/example_dags/example_xcomargs.py
[2023-12-24T01:51:39.540+0000] {logging_mixin.py:154} INFO - [2023-12-24T01:51:39.540+0000] {dag.py:2941} INFO - Sync 2 DAGs
[2023-12-24T01:51:39.547+0000] {logging_mixin.py:154} INFO - [2023-12-24T01:51:39.547+0000] {dag.py:3722} INFO - Setting next_dagrun for example_xcom_args to None, run_after=None
[2023-12-24T01:51:39.550+0000] {logging_mixin.py:154} INFO - [2023-12-24T01:51:39.549+0000] {dag.py:3722} INFO - Setting next_dagrun for example_xcom_args_with_operators to None, run_after=None
[2023-12-24T01:51:39.561+0000] {processor.py:179} INFO - Processing /home/airflow/.local/lib/python3.8/site-packages/airflow/example_dags/example_xcomargs.py took 0.045 seconds
[2023-12-24T01:52:09.657+0000] {processor.py:157} INFO - Started process (PID=1194) to work on /home/airflow/.local/lib/python3.8/site-packages/airflow/example_dags/example_xcomargs.py
[2023-12-24T01:52:09.659+0000] {processor.py:829} INFO - Processing file /home/airflow/.local/lib/python3.8/site-packages/airflow/example_dags/example_xcomargs.py for tasks to queue
[2023-12-24T01:52:09.660+0000] {logging_mixin.py:154} INFO - [2023-12-24T01:52:09.660+0000] {dagbag.py:536} INFO - Filling up the DagBag from /home/airflow/.local/lib/python3.8/site-packages/airflow/example_dags/example_xcomargs.py
[2023-12-24T01:52:09.666+0000] {processor.py:839} INFO - DAG(s) dict_keys(['example_xcom_args', 'example_xcom_args_with_operators']) retrieved from /home/airflow/.local/lib/python3.8/site-packages/airflow/example_dags/example_xcomargs.py
[2023-12-24T01:52:09.684+0000] {logging_mixin.py:154} INFO - [2023-12-24T01:52:09.684+0000] {dag.py:2941} INFO - Sync 2 DAGs
[2023-12-24T01:52:09.693+0000] {logging_mixin.py:154} INFO - [2023-12-24T01:52:09.693+0000] {dag.py:3722} INFO - Setting next_dagrun for example_xcom_args to None, run_after=None
[2023-12-24T01:52:09.696+0000] {logging_mixin.py:154} INFO - [2023-12-24T01:52:09.696+0000] {dag.py:3722} INFO - Setting next_dagrun for example_xcom_args_with_operators to None, run_after=None
[2023-12-24T01:52:09.709+0000] {processor.py:179} INFO - Processing /home/airflow/.local/lib/python3.8/site-packages/airflow/example_dags/example_xcomargs.py took 0.054 seconds
[2023-12-24T01:52:39.949+0000] {processor.py:157} INFO - Started process (PID=1249) to work on /home/airflow/.local/lib/python3.8/site-packages/airflow/example_dags/example_xcomargs.py
[2023-12-24T01:52:39.951+0000] {processor.py:829} INFO - Processing file /home/airflow/.local/lib/python3.8/site-packages/airflow/example_dags/example_xcomargs.py for tasks to queue
[2023-12-24T01:52:39.952+0000] {logging_mixin.py:154} INFO - [2023-12-24T01:52:39.951+0000] {dagbag.py:536} INFO - Filling up the DagBag from /home/airflow/.local/lib/python3.8/site-packages/airflow/example_dags/example_xcomargs.py
[2023-12-24T01:52:39.957+0000] {processor.py:839} INFO - DAG(s) dict_keys(['example_xcom_args_with_operators', 'example_xcom_args']) retrieved from /home/airflow/.local/lib/python3.8/site-packages/airflow/example_dags/example_xcomargs.py
[2023-12-24T01:52:39.972+0000] {logging_mixin.py:154} INFO - [2023-12-24T01:52:39.972+0000] {dag.py:2941} INFO - Sync 2 DAGs
[2023-12-24T01:52:39.979+0000] {logging_mixin.py:154} INFO - [2023-12-24T01:52:39.979+0000] {dag.py:3722} INFO - Setting next_dagrun for example_xcom_args to None, run_after=None
[2023-12-24T01:52:39.981+0000] {logging_mixin.py:154} INFO - [2023-12-24T01:52:39.981+0000] {dag.py:3722} INFO - Setting next_dagrun for example_xcom_args_with_operators to None, run_after=None
[2023-12-24T01:52:39.990+0000] {processor.py:179} INFO - Processing /home/airflow/.local/lib/python3.8/site-packages/airflow/example_dags/example_xcomargs.py took 0.043 seconds
[2023-12-24T01:53:10.157+0000] {processor.py:157} INFO - Started process (PID=1305) to work on /home/airflow/.local/lib/python3.8/site-packages/airflow/example_dags/example_xcomargs.py
[2023-12-24T01:53:10.158+0000] {processor.py:829} INFO - Processing file /home/airflow/.local/lib/python3.8/site-packages/airflow/example_dags/example_xcomargs.py for tasks to queue
[2023-12-24T01:53:10.159+0000] {logging_mixin.py:154} INFO - [2023-12-24T01:53:10.159+0000] {dagbag.py:536} INFO - Filling up the DagBag from /home/airflow/.local/lib/python3.8/site-packages/airflow/example_dags/example_xcomargs.py
[2023-12-24T01:53:10.164+0000] {processor.py:839} INFO - DAG(s) dict_keys(['example_xcom_args', 'example_xcom_args_with_operators']) retrieved from /home/airflow/.local/lib/python3.8/site-packages/airflow/example_dags/example_xcomargs.py
[2023-12-24T01:53:10.180+0000] {logging_mixin.py:154} INFO - [2023-12-24T01:53:10.180+0000] {dag.py:2941} INFO - Sync 2 DAGs
[2023-12-24T01:53:10.188+0000] {logging_mixin.py:154} INFO - [2023-12-24T01:53:10.188+0000] {dag.py:3722} INFO - Setting next_dagrun for example_xcom_args to None, run_after=None
[2023-12-24T01:53:10.190+0000] {logging_mixin.py:154} INFO - [2023-12-24T01:53:10.190+0000] {dag.py:3722} INFO - Setting next_dagrun for example_xcom_args_with_operators to None, run_after=None
[2023-12-24T01:53:10.199+0000] {processor.py:179} INFO - Processing /home/airflow/.local/lib/python3.8/site-packages/airflow/example_dags/example_xcomargs.py took 0.044 seconds
