[2023-12-24T00:16:12.049+0000] {processor.py:157} INFO - Started process (PID=6222) to work on /home/airflow/.local/lib/python3.8/site-packages/airflow/example_dags/example_sla_dag.py
[2023-12-24T00:16:12.052+0000] {processor.py:829} INFO - Processing file /home/airflow/.local/lib/python3.8/site-packages/airflow/example_dags/example_sla_dag.py for tasks to queue
[2023-12-24T00:16:12.055+0000] {logging_mixin.py:154} INFO - [2023-12-24T00:16:12.055+0000] {dagbag.py:536} INFO - Filling up the DagBag from /home/airflow/.local/lib/python3.8/site-packages/airflow/example_dags/example_sla_dag.py
[2023-12-24T00:16:12.063+0000] {processor.py:839} INFO - DAG(s) dict_keys(['example_sla_dag']) retrieved from /home/airflow/.local/lib/python3.8/site-packages/airflow/example_dags/example_sla_dag.py
[2023-12-24T00:16:12.081+0000] {logging_mixin.py:154} INFO - [2023-12-24T00:16:12.081+0000] {dag.py:2941} INFO - Sync 1 DAGs
[2023-12-24T00:16:12.098+0000] {logging_mixin.py:154} INFO - [2023-12-24T00:16:12.098+0000] {dag.py:3722} INFO - Setting next_dagrun for example_sla_dag to 2023-12-24T00:14:00+00:00, run_after=2023-12-24T00:16:00+00:00
[2023-12-24T00:16:12.110+0000] {processor.py:179} INFO - Processing /home/airflow/.local/lib/python3.8/site-packages/airflow/example_dags/example_sla_dag.py took 0.067 seconds
[2023-12-24T00:16:42.390+0000] {processor.py:157} INFO - Started process (PID=6278) to work on /home/airflow/.local/lib/python3.8/site-packages/airflow/example_dags/example_sla_dag.py
[2023-12-24T00:16:42.391+0000] {processor.py:829} INFO - Processing file /home/airflow/.local/lib/python3.8/site-packages/airflow/example_dags/example_sla_dag.py for tasks to queue
[2023-12-24T00:16:42.393+0000] {logging_mixin.py:154} INFO - [2023-12-24T00:16:42.393+0000] {dagbag.py:536} INFO - Filling up the DagBag from /home/airflow/.local/lib/python3.8/site-packages/airflow/example_dags/example_sla_dag.py
[2023-12-24T00:16:42.399+0000] {processor.py:839} INFO - DAG(s) dict_keys(['example_sla_dag']) retrieved from /home/airflow/.local/lib/python3.8/site-packages/airflow/example_dags/example_sla_dag.py
[2023-12-24T00:16:42.412+0000] {logging_mixin.py:154} INFO - [2023-12-24T00:16:42.411+0000] {dag.py:2941} INFO - Sync 1 DAGs
[2023-12-24T00:16:42.425+0000] {logging_mixin.py:154} INFO - [2023-12-24T00:16:42.425+0000] {dag.py:3722} INFO - Setting next_dagrun for example_sla_dag to 2023-12-24T00:14:00+00:00, run_after=2023-12-24T00:16:00+00:00
[2023-12-24T00:16:42.435+0000] {processor.py:179} INFO - Processing /home/airflow/.local/lib/python3.8/site-packages/airflow/example_dags/example_sla_dag.py took 0.047 seconds
[2023-12-24T00:33:51.256+0000] {processor.py:157} INFO - Started process (PID=6334) to work on /home/airflow/.local/lib/python3.8/site-packages/airflow/example_dags/example_sla_dag.py
[2023-12-24T00:33:51.257+0000] {processor.py:829} INFO - Processing file /home/airflow/.local/lib/python3.8/site-packages/airflow/example_dags/example_sla_dag.py for tasks to queue
[2023-12-24T00:33:51.259+0000] {logging_mixin.py:154} INFO - [2023-12-24T00:33:51.259+0000] {dagbag.py:536} INFO - Filling up the DagBag from /home/airflow/.local/lib/python3.8/site-packages/airflow/example_dags/example_sla_dag.py
[2023-12-24T00:33:51.265+0000] {processor.py:839} INFO - DAG(s) dict_keys(['example_sla_dag']) retrieved from /home/airflow/.local/lib/python3.8/site-packages/airflow/example_dags/example_sla_dag.py
[2023-12-24T00:33:51.277+0000] {logging_mixin.py:154} INFO - [2023-12-24T00:33:51.277+0000] {dag.py:2941} INFO - Sync 1 DAGs
[2023-12-24T00:33:51.290+0000] {logging_mixin.py:154} INFO - [2023-12-24T00:33:51.290+0000] {dag.py:3722} INFO - Setting next_dagrun for example_sla_dag to 2023-12-24T00:30:00+00:00, run_after=2023-12-24T00:32:00+00:00
[2023-12-24T00:33:51.300+0000] {processor.py:179} INFO - Processing /home/airflow/.local/lib/python3.8/site-packages/airflow/example_dags/example_sla_dag.py took 0.046 seconds
[2023-12-24T00:34:21.513+0000] {processor.py:157} INFO - Started process (PID=6390) to work on /home/airflow/.local/lib/python3.8/site-packages/airflow/example_dags/example_sla_dag.py
[2023-12-24T00:34:21.514+0000] {processor.py:829} INFO - Processing file /home/airflow/.local/lib/python3.8/site-packages/airflow/example_dags/example_sla_dag.py for tasks to queue
[2023-12-24T00:34:21.516+0000] {logging_mixin.py:154} INFO - [2023-12-24T00:34:21.516+0000] {dagbag.py:536} INFO - Filling up the DagBag from /home/airflow/.local/lib/python3.8/site-packages/airflow/example_dags/example_sla_dag.py
[2023-12-24T00:34:21.522+0000] {processor.py:839} INFO - DAG(s) dict_keys(['example_sla_dag']) retrieved from /home/airflow/.local/lib/python3.8/site-packages/airflow/example_dags/example_sla_dag.py
[2023-12-24T00:34:21.534+0000] {logging_mixin.py:154} INFO - [2023-12-24T00:34:21.534+0000] {dag.py:2941} INFO - Sync 1 DAGs
[2023-12-24T00:34:21.547+0000] {logging_mixin.py:154} INFO - [2023-12-24T00:34:21.547+0000] {dag.py:3722} INFO - Setting next_dagrun for example_sla_dag to 2023-12-24T00:32:00+00:00, run_after=2023-12-24T00:34:00+00:00
[2023-12-24T00:34:21.556+0000] {processor.py:179} INFO - Processing /home/airflow/.local/lib/python3.8/site-packages/airflow/example_dags/example_sla_dag.py took 0.045 seconds
[2023-12-24T00:51:36.652+0000] {processor.py:157} INFO - Started process (PID=6445) to work on /home/airflow/.local/lib/python3.8/site-packages/airflow/example_dags/example_sla_dag.py
[2023-12-24T00:51:36.654+0000] {processor.py:829} INFO - Processing file /home/airflow/.local/lib/python3.8/site-packages/airflow/example_dags/example_sla_dag.py for tasks to queue
[2023-12-24T00:51:36.656+0000] {logging_mixin.py:154} INFO - [2023-12-24T00:51:36.656+0000] {dagbag.py:536} INFO - Filling up the DagBag from /home/airflow/.local/lib/python3.8/site-packages/airflow/example_dags/example_sla_dag.py
[2023-12-24T00:51:36.664+0000] {processor.py:839} INFO - DAG(s) dict_keys(['example_sla_dag']) retrieved from /home/airflow/.local/lib/python3.8/site-packages/airflow/example_dags/example_sla_dag.py
[2023-12-24T00:51:36.680+0000] {logging_mixin.py:154} INFO - [2023-12-24T00:51:36.680+0000] {dag.py:2941} INFO - Sync 1 DAGs
[2023-12-24T00:51:36.697+0000] {logging_mixin.py:154} INFO - [2023-12-24T00:51:36.697+0000] {dag.py:3722} INFO - Setting next_dagrun for example_sla_dag to 2023-12-24T00:48:00+00:00, run_after=2023-12-24T00:50:00+00:00
[2023-12-24T00:51:36.711+0000] {processor.py:179} INFO - Processing /home/airflow/.local/lib/python3.8/site-packages/airflow/example_dags/example_sla_dag.py took 0.061 seconds
[2023-12-24T00:52:07.050+0000] {processor.py:157} INFO - Started process (PID=6500) to work on /home/airflow/.local/lib/python3.8/site-packages/airflow/example_dags/example_sla_dag.py
[2023-12-24T00:52:07.051+0000] {processor.py:829} INFO - Processing file /home/airflow/.local/lib/python3.8/site-packages/airflow/example_dags/example_sla_dag.py for tasks to queue
[2023-12-24T00:52:07.053+0000] {logging_mixin.py:154} INFO - [2023-12-24T00:52:07.053+0000] {dagbag.py:536} INFO - Filling up the DagBag from /home/airflow/.local/lib/python3.8/site-packages/airflow/example_dags/example_sla_dag.py
[2023-12-24T00:52:07.060+0000] {processor.py:839} INFO - DAG(s) dict_keys(['example_sla_dag']) retrieved from /home/airflow/.local/lib/python3.8/site-packages/airflow/example_dags/example_sla_dag.py
[2023-12-24T00:52:07.072+0000] {logging_mixin.py:154} INFO - [2023-12-24T00:52:07.072+0000] {dag.py:2941} INFO - Sync 1 DAGs
[2023-12-24T00:52:07.086+0000] {logging_mixin.py:154} INFO - [2023-12-24T00:52:07.085+0000] {dag.py:3722} INFO - Setting next_dagrun for example_sla_dag to 2023-12-24T00:50:00+00:00, run_after=2023-12-24T00:52:00+00:00
[2023-12-24T00:52:07.097+0000] {processor.py:179} INFO - Processing /home/airflow/.local/lib/python3.8/site-packages/airflow/example_dags/example_sla_dag.py took 0.049 seconds
[2023-12-24T01:08:53.396+0000] {processor.py:157} INFO - Started process (PID=6555) to work on /home/airflow/.local/lib/python3.8/site-packages/airflow/example_dags/example_sla_dag.py
[2023-12-24T01:08:53.397+0000] {processor.py:829} INFO - Processing file /home/airflow/.local/lib/python3.8/site-packages/airflow/example_dags/example_sla_dag.py for tasks to queue
[2023-12-24T01:08:53.399+0000] {logging_mixin.py:154} INFO - [2023-12-24T01:08:53.399+0000] {dagbag.py:536} INFO - Filling up the DagBag from /home/airflow/.local/lib/python3.8/site-packages/airflow/example_dags/example_sla_dag.py
[2023-12-24T01:08:53.405+0000] {processor.py:839} INFO - DAG(s) dict_keys(['example_sla_dag']) retrieved from /home/airflow/.local/lib/python3.8/site-packages/airflow/example_dags/example_sla_dag.py
[2023-12-24T01:08:53.418+0000] {logging_mixin.py:154} INFO - [2023-12-24T01:08:53.417+0000] {dag.py:2941} INFO - Sync 1 DAGs
[2023-12-24T01:08:53.430+0000] {logging_mixin.py:154} INFO - [2023-12-24T01:08:53.430+0000] {dag.py:3722} INFO - Setting next_dagrun for example_sla_dag to 2023-12-24T01:06:00+00:00, run_after=2023-12-24T01:08:00+00:00
[2023-12-24T01:08:53.439+0000] {processor.py:179} INFO - Processing /home/airflow/.local/lib/python3.8/site-packages/airflow/example_dags/example_sla_dag.py took 0.046 seconds
[2023-12-24T01:26:17.580+0000] {processor.py:157} INFO - Started process (PID=6611) to work on /home/airflow/.local/lib/python3.8/site-packages/airflow/example_dags/example_sla_dag.py
[2023-12-24T01:26:17.581+0000] {processor.py:829} INFO - Processing file /home/airflow/.local/lib/python3.8/site-packages/airflow/example_dags/example_sla_dag.py for tasks to queue
[2023-12-24T01:26:17.583+0000] {logging_mixin.py:154} INFO - [2023-12-24T01:26:17.583+0000] {dagbag.py:536} INFO - Filling up the DagBag from /home/airflow/.local/lib/python3.8/site-packages/airflow/example_dags/example_sla_dag.py
[2023-12-24T01:26:17.590+0000] {processor.py:839} INFO - DAG(s) dict_keys(['example_sla_dag']) retrieved from /home/airflow/.local/lib/python3.8/site-packages/airflow/example_dags/example_sla_dag.py
[2023-12-24T01:26:17.602+0000] {logging_mixin.py:154} INFO - [2023-12-24T01:26:17.601+0000] {dag.py:2941} INFO - Sync 1 DAGs
[2023-12-24T01:26:17.615+0000] {logging_mixin.py:154} INFO - [2023-12-24T01:26:17.615+0000] {dag.py:3722} INFO - Setting next_dagrun for example_sla_dag to 2023-12-24T01:24:00+00:00, run_after=2023-12-24T01:26:00+00:00
[2023-12-24T01:26:17.625+0000] {processor.py:179} INFO - Processing /home/airflow/.local/lib/python3.8/site-packages/airflow/example_dags/example_sla_dag.py took 0.047 seconds
[2023-12-24T01:26:47.849+0000] {processor.py:157} INFO - Started process (PID=6667) to work on /home/airflow/.local/lib/python3.8/site-packages/airflow/example_dags/example_sla_dag.py
[2023-12-24T01:26:47.850+0000] {processor.py:829} INFO - Processing file /home/airflow/.local/lib/python3.8/site-packages/airflow/example_dags/example_sla_dag.py for tasks to queue
[2023-12-24T01:26:47.852+0000] {logging_mixin.py:154} INFO - [2023-12-24T01:26:47.852+0000] {dagbag.py:536} INFO - Filling up the DagBag from /home/airflow/.local/lib/python3.8/site-packages/airflow/example_dags/example_sla_dag.py
[2023-12-24T01:26:47.858+0000] {processor.py:839} INFO - DAG(s) dict_keys(['example_sla_dag']) retrieved from /home/airflow/.local/lib/python3.8/site-packages/airflow/example_dags/example_sla_dag.py
[2023-12-24T01:26:47.871+0000] {logging_mixin.py:154} INFO - [2023-12-24T01:26:47.871+0000] {dag.py:2941} INFO - Sync 1 DAGs
[2023-12-24T01:26:47.885+0000] {logging_mixin.py:154} INFO - [2023-12-24T01:26:47.885+0000] {dag.py:3722} INFO - Setting next_dagrun for example_sla_dag to 2023-12-24T01:24:00+00:00, run_after=2023-12-24T01:26:00+00:00
[2023-12-24T01:26:47.895+0000] {processor.py:179} INFO - Processing /home/airflow/.local/lib/python3.8/site-packages/airflow/example_dags/example_sla_dag.py took 0.049 seconds
[2023-12-24T01:39:27.467+0000] {processor.py:157} INFO - Started process (PID=6724) to work on /home/airflow/.local/lib/python3.8/site-packages/airflow/example_dags/example_sla_dag.py
[2023-12-24T01:39:27.468+0000] {processor.py:829} INFO - Processing file /home/airflow/.local/lib/python3.8/site-packages/airflow/example_dags/example_sla_dag.py for tasks to queue
[2023-12-24T01:39:27.470+0000] {logging_mixin.py:154} INFO - [2023-12-24T01:39:27.470+0000] {dagbag.py:536} INFO - Filling up the DagBag from /home/airflow/.local/lib/python3.8/site-packages/airflow/example_dags/example_sla_dag.py
[2023-12-24T01:39:27.477+0000] {processor.py:839} INFO - DAG(s) dict_keys(['example_sla_dag']) retrieved from /home/airflow/.local/lib/python3.8/site-packages/airflow/example_dags/example_sla_dag.py
[2023-12-24T01:39:27.489+0000] {logging_mixin.py:154} INFO - [2023-12-24T01:39:27.489+0000] {dag.py:2941} INFO - Sync 1 DAGs
[2023-12-24T01:39:27.503+0000] {logging_mixin.py:154} INFO - [2023-12-24T01:39:27.502+0000] {dag.py:3722} INFO - Setting next_dagrun for example_sla_dag to 2023-12-24T01:36:00+00:00, run_after=2023-12-24T01:38:00+00:00
[2023-12-24T01:39:27.513+0000] {processor.py:179} INFO - Processing /home/airflow/.local/lib/python3.8/site-packages/airflow/example_dags/example_sla_dag.py took 0.048 seconds
[2023-12-24T01:39:57.742+0000] {processor.py:157} INFO - Started process (PID=6779) to work on /home/airflow/.local/lib/python3.8/site-packages/airflow/example_dags/example_sla_dag.py
[2023-12-24T01:39:57.743+0000] {processor.py:829} INFO - Processing file /home/airflow/.local/lib/python3.8/site-packages/airflow/example_dags/example_sla_dag.py for tasks to queue
[2023-12-24T01:39:57.745+0000] {logging_mixin.py:154} INFO - [2023-12-24T01:39:57.745+0000] {dagbag.py:536} INFO - Filling up the DagBag from /home/airflow/.local/lib/python3.8/site-packages/airflow/example_dags/example_sla_dag.py
[2023-12-24T01:39:57.751+0000] {processor.py:839} INFO - DAG(s) dict_keys(['example_sla_dag']) retrieved from /home/airflow/.local/lib/python3.8/site-packages/airflow/example_dags/example_sla_dag.py
[2023-12-24T01:39:57.764+0000] {logging_mixin.py:154} INFO - [2023-12-24T01:39:57.764+0000] {dag.py:2941} INFO - Sync 1 DAGs
[2023-12-24T01:39:57.777+0000] {logging_mixin.py:154} INFO - [2023-12-24T01:39:57.777+0000] {dag.py:3722} INFO - Setting next_dagrun for example_sla_dag to 2023-12-24T01:36:00+00:00, run_after=2023-12-24T01:38:00+00:00
[2023-12-24T01:39:57.786+0000] {processor.py:179} INFO - Processing /home/airflow/.local/lib/python3.8/site-packages/airflow/example_dags/example_sla_dag.py took 0.045 seconds
[2023-12-24T01:40:28.042+0000] {processor.py:157} INFO - Started process (PID=6834) to work on /home/airflow/.local/lib/python3.8/site-packages/airflow/example_dags/example_sla_dag.py
[2023-12-24T01:40:28.043+0000] {processor.py:829} INFO - Processing file /home/airflow/.local/lib/python3.8/site-packages/airflow/example_dags/example_sla_dag.py for tasks to queue
[2023-12-24T01:40:28.045+0000] {logging_mixin.py:154} INFO - [2023-12-24T01:40:28.045+0000] {dagbag.py:536} INFO - Filling up the DagBag from /home/airflow/.local/lib/python3.8/site-packages/airflow/example_dags/example_sla_dag.py
[2023-12-24T01:40:28.052+0000] {processor.py:839} INFO - DAG(s) dict_keys(['example_sla_dag']) retrieved from /home/airflow/.local/lib/python3.8/site-packages/airflow/example_dags/example_sla_dag.py
[2023-12-24T01:40:28.077+0000] {logging_mixin.py:154} INFO - [2023-12-24T01:40:28.077+0000] {dag.py:2941} INFO - Sync 1 DAGs
[2023-12-24T01:40:28.091+0000] {logging_mixin.py:154} INFO - [2023-12-24T01:40:28.091+0000] {dag.py:3722} INFO - Setting next_dagrun for example_sla_dag to 2023-12-24T01:38:00+00:00, run_after=2023-12-24T01:40:00+00:00
[2023-12-24T01:40:28.102+0000] {processor.py:179} INFO - Processing /home/airflow/.local/lib/python3.8/site-packages/airflow/example_dags/example_sla_dag.py took 0.062 seconds
[2023-12-24T01:41:30.628+0000] {processor.py:157} INFO - Started process (PID=61) to work on /home/airflow/.local/lib/python3.8/site-packages/airflow/example_dags/example_sla_dag.py
[2023-12-24T01:41:30.630+0000] {processor.py:829} INFO - Processing file /home/airflow/.local/lib/python3.8/site-packages/airflow/example_dags/example_sla_dag.py for tasks to queue
[2023-12-24T01:41:30.632+0000] {logging_mixin.py:154} INFO - [2023-12-24T01:41:30.631+0000] {dagbag.py:536} INFO - Filling up the DagBag from /home/airflow/.local/lib/python3.8/site-packages/airflow/example_dags/example_sla_dag.py
[2023-12-24T01:41:30.640+0000] {processor.py:839} INFO - DAG(s) dict_keys(['example_sla_dag']) retrieved from /home/airflow/.local/lib/python3.8/site-packages/airflow/example_dags/example_sla_dag.py
[2023-12-24T01:41:30.650+0000] {logging_mixin.py:154} INFO - [2023-12-24T01:41:30.649+0000] {dag.py:2941} INFO - Sync 1 DAGs
[2023-12-24T01:41:30.665+0000] {logging_mixin.py:154} INFO - [2023-12-24T01:41:30.665+0000] {dag.py:3722} INFO - Setting next_dagrun for example_sla_dag to 2023-12-24T01:38:00+00:00, run_after=2023-12-24T01:40:00+00:00
[2023-12-24T01:41:30.678+0000] {processor.py:179} INFO - Processing /home/airflow/.local/lib/python3.8/site-packages/airflow/example_dags/example_sla_dag.py took 0.052 seconds
[2023-12-24T01:42:01.122+0000] {processor.py:157} INFO - Started process (PID=117) to work on /home/airflow/.local/lib/python3.8/site-packages/airflow/example_dags/example_sla_dag.py
[2023-12-24T01:42:01.123+0000] {processor.py:829} INFO - Processing file /home/airflow/.local/lib/python3.8/site-packages/airflow/example_dags/example_sla_dag.py for tasks to queue
[2023-12-24T01:42:01.125+0000] {logging_mixin.py:154} INFO - [2023-12-24T01:42:01.125+0000] {dagbag.py:536} INFO - Filling up the DagBag from /home/airflow/.local/lib/python3.8/site-packages/airflow/example_dags/example_sla_dag.py
[2023-12-24T01:42:01.131+0000] {processor.py:839} INFO - DAG(s) dict_keys(['example_sla_dag']) retrieved from /home/airflow/.local/lib/python3.8/site-packages/airflow/example_dags/example_sla_dag.py
[2023-12-24T01:42:01.143+0000] {logging_mixin.py:154} INFO - [2023-12-24T01:42:01.143+0000] {dag.py:2941} INFO - Sync 1 DAGs
[2023-12-24T01:42:01.157+0000] {logging_mixin.py:154} INFO - [2023-12-24T01:42:01.157+0000] {dag.py:3722} INFO - Setting next_dagrun for example_sla_dag to 2023-12-24T01:40:00+00:00, run_after=2023-12-24T01:42:00+00:00
[2023-12-24T01:42:01.168+0000] {processor.py:179} INFO - Processing /home/airflow/.local/lib/python3.8/site-packages/airflow/example_dags/example_sla_dag.py took 0.049 seconds
[2023-12-24T01:42:31.352+0000] {processor.py:157} INFO - Started process (PID=172) to work on /home/airflow/.local/lib/python3.8/site-packages/airflow/example_dags/example_sla_dag.py
[2023-12-24T01:42:31.353+0000] {processor.py:829} INFO - Processing file /home/airflow/.local/lib/python3.8/site-packages/airflow/example_dags/example_sla_dag.py for tasks to queue
[2023-12-24T01:42:31.355+0000] {logging_mixin.py:154} INFO - [2023-12-24T01:42:31.355+0000] {dagbag.py:536} INFO - Filling up the DagBag from /home/airflow/.local/lib/python3.8/site-packages/airflow/example_dags/example_sla_dag.py
[2023-12-24T01:42:31.360+0000] {processor.py:839} INFO - DAG(s) dict_keys(['example_sla_dag']) retrieved from /home/airflow/.local/lib/python3.8/site-packages/airflow/example_dags/example_sla_dag.py
[2023-12-24T01:42:31.373+0000] {logging_mixin.py:154} INFO - [2023-12-24T01:42:31.373+0000] {dag.py:2941} INFO - Sync 1 DAGs
[2023-12-24T01:42:31.386+0000] {logging_mixin.py:154} INFO - [2023-12-24T01:42:31.386+0000] {dag.py:3722} INFO - Setting next_dagrun for example_sla_dag to 2023-12-24T01:40:00+00:00, run_after=2023-12-24T01:42:00+00:00
[2023-12-24T01:42:31.397+0000] {processor.py:179} INFO - Processing /home/airflow/.local/lib/python3.8/site-packages/airflow/example_dags/example_sla_dag.py took 0.047 seconds
[2023-12-24T01:43:02.820+0000] {processor.py:157} INFO - Started process (PID=227) to work on /home/airflow/.local/lib/python3.8/site-packages/airflow/example_dags/example_sla_dag.py
[2023-12-24T01:43:02.821+0000] {processor.py:829} INFO - Processing file /home/airflow/.local/lib/python3.8/site-packages/airflow/example_dags/example_sla_dag.py for tasks to queue
[2023-12-24T01:43:02.823+0000] {logging_mixin.py:154} INFO - [2023-12-24T01:43:02.823+0000] {dagbag.py:536} INFO - Filling up the DagBag from /home/airflow/.local/lib/python3.8/site-packages/airflow/example_dags/example_sla_dag.py
[2023-12-24T01:43:02.828+0000] {processor.py:839} INFO - DAG(s) dict_keys(['example_sla_dag']) retrieved from /home/airflow/.local/lib/python3.8/site-packages/airflow/example_dags/example_sla_dag.py
[2023-12-24T01:43:02.841+0000] {logging_mixin.py:154} INFO - [2023-12-24T01:43:02.841+0000] {dag.py:2941} INFO - Sync 1 DAGs
[2023-12-24T01:43:02.975+0000] {logging_mixin.py:154} INFO - [2023-12-24T01:43:02.975+0000] {dag.py:3722} INFO - Setting next_dagrun for example_sla_dag to 2023-12-24T01:40:00+00:00, run_after=2023-12-24T01:42:00+00:00
[2023-12-24T01:43:02.987+0000] {processor.py:179} INFO - Processing /home/airflow/.local/lib/python3.8/site-packages/airflow/example_dags/example_sla_dag.py took 0.170 seconds
[2023-12-24T01:43:33.458+0000] {processor.py:157} INFO - Started process (PID=283) to work on /home/airflow/.local/lib/python3.8/site-packages/airflow/example_dags/example_sla_dag.py
[2023-12-24T01:43:33.459+0000] {processor.py:829} INFO - Processing file /home/airflow/.local/lib/python3.8/site-packages/airflow/example_dags/example_sla_dag.py for tasks to queue
[2023-12-24T01:43:33.461+0000] {logging_mixin.py:154} INFO - [2023-12-24T01:43:33.461+0000] {dagbag.py:536} INFO - Filling up the DagBag from /home/airflow/.local/lib/python3.8/site-packages/airflow/example_dags/example_sla_dag.py
[2023-12-24T01:43:33.467+0000] {processor.py:839} INFO - DAG(s) dict_keys(['example_sla_dag']) retrieved from /home/airflow/.local/lib/python3.8/site-packages/airflow/example_dags/example_sla_dag.py
[2023-12-24T01:43:33.480+0000] {logging_mixin.py:154} INFO - [2023-12-24T01:43:33.480+0000] {dag.py:2941} INFO - Sync 1 DAGs
[2023-12-24T01:43:33.495+0000] {logging_mixin.py:154} INFO - [2023-12-24T01:43:33.495+0000] {dag.py:3722} INFO - Setting next_dagrun for example_sla_dag to 2023-12-24T01:40:00+00:00, run_after=2023-12-24T01:42:00+00:00
[2023-12-24T01:43:33.623+0000] {processor.py:179} INFO - Processing /home/airflow/.local/lib/python3.8/site-packages/airflow/example_dags/example_sla_dag.py took 0.168 seconds
[2023-12-24T01:44:04.540+0000] {processor.py:157} INFO - Started process (PID=338) to work on /home/airflow/.local/lib/python3.8/site-packages/airflow/example_dags/example_sla_dag.py
[2023-12-24T01:44:04.542+0000] {processor.py:829} INFO - Processing file /home/airflow/.local/lib/python3.8/site-packages/airflow/example_dags/example_sla_dag.py for tasks to queue
[2023-12-24T01:44:04.543+0000] {logging_mixin.py:154} INFO - [2023-12-24T01:44:04.543+0000] {dagbag.py:536} INFO - Filling up the DagBag from /home/airflow/.local/lib/python3.8/site-packages/airflow/example_dags/example_sla_dag.py
[2023-12-24T01:44:04.549+0000] {processor.py:839} INFO - DAG(s) dict_keys(['example_sla_dag']) retrieved from /home/airflow/.local/lib/python3.8/site-packages/airflow/example_dags/example_sla_dag.py
[2023-12-24T01:44:04.561+0000] {logging_mixin.py:154} INFO - [2023-12-24T01:44:04.561+0000] {dag.py:2941} INFO - Sync 1 DAGs
[2023-12-24T01:44:04.574+0000] {logging_mixin.py:154} INFO - [2023-12-24T01:44:04.574+0000] {dag.py:3722} INFO - Setting next_dagrun for example_sla_dag to 2023-12-24T01:42:00+00:00, run_after=2023-12-24T01:44:00+00:00
[2023-12-24T01:44:04.584+0000] {processor.py:179} INFO - Processing /home/airflow/.local/lib/python3.8/site-packages/airflow/example_dags/example_sla_dag.py took 0.045 seconds
[2023-12-24T01:44:35.496+0000] {processor.py:157} INFO - Started process (PID=394) to work on /home/airflow/.local/lib/python3.8/site-packages/airflow/example_dags/example_sla_dag.py
[2023-12-24T01:44:35.498+0000] {processor.py:829} INFO - Processing file /home/airflow/.local/lib/python3.8/site-packages/airflow/example_dags/example_sla_dag.py for tasks to queue
[2023-12-24T01:44:35.500+0000] {logging_mixin.py:154} INFO - [2023-12-24T01:44:35.500+0000] {dagbag.py:536} INFO - Filling up the DagBag from /home/airflow/.local/lib/python3.8/site-packages/airflow/example_dags/example_sla_dag.py
[2023-12-24T01:44:35.506+0000] {processor.py:839} INFO - DAG(s) dict_keys(['example_sla_dag']) retrieved from /home/airflow/.local/lib/python3.8/site-packages/airflow/example_dags/example_sla_dag.py
[2023-12-24T01:44:35.521+0000] {logging_mixin.py:154} INFO - [2023-12-24T01:44:35.521+0000] {dag.py:2941} INFO - Sync 1 DAGs
[2023-12-24T01:44:35.537+0000] {logging_mixin.py:154} INFO - [2023-12-24T01:44:35.536+0000] {dag.py:3722} INFO - Setting next_dagrun for example_sla_dag to 2023-12-24T01:42:00+00:00, run_after=2023-12-24T01:44:00+00:00
[2023-12-24T01:44:35.549+0000] {processor.py:179} INFO - Processing /home/airflow/.local/lib/python3.8/site-packages/airflow/example_dags/example_sla_dag.py took 0.056 seconds
[2023-12-24T01:45:05.783+0000] {processor.py:157} INFO - Started process (PID=449) to work on /home/airflow/.local/lib/python3.8/site-packages/airflow/example_dags/example_sla_dag.py
[2023-12-24T01:45:05.784+0000] {processor.py:829} INFO - Processing file /home/airflow/.local/lib/python3.8/site-packages/airflow/example_dags/example_sla_dag.py for tasks to queue
[2023-12-24T01:45:05.786+0000] {logging_mixin.py:154} INFO - [2023-12-24T01:45:05.785+0000] {dagbag.py:536} INFO - Filling up the DagBag from /home/airflow/.local/lib/python3.8/site-packages/airflow/example_dags/example_sla_dag.py
[2023-12-24T01:45:05.791+0000] {processor.py:839} INFO - DAG(s) dict_keys(['example_sla_dag']) retrieved from /home/airflow/.local/lib/python3.8/site-packages/airflow/example_dags/example_sla_dag.py
[2023-12-24T01:45:05.803+0000] {logging_mixin.py:154} INFO - [2023-12-24T01:45:05.803+0000] {dag.py:2941} INFO - Sync 1 DAGs
[2023-12-24T01:45:05.912+0000] {logging_mixin.py:154} INFO - [2023-12-24T01:45:05.911+0000] {dag.py:3722} INFO - Setting next_dagrun for example_sla_dag to 2023-12-24T01:42:00+00:00, run_after=2023-12-24T01:44:00+00:00
[2023-12-24T01:45:05.920+0000] {processor.py:179} INFO - Processing /home/airflow/.local/lib/python3.8/site-packages/airflow/example_dags/example_sla_dag.py took 0.140 seconds
[2023-12-24T01:45:36.420+0000] {processor.py:157} INFO - Started process (PID=505) to work on /home/airflow/.local/lib/python3.8/site-packages/airflow/example_dags/example_sla_dag.py
[2023-12-24T01:45:36.421+0000] {processor.py:829} INFO - Processing file /home/airflow/.local/lib/python3.8/site-packages/airflow/example_dags/example_sla_dag.py for tasks to queue
[2023-12-24T01:45:36.423+0000] {logging_mixin.py:154} INFO - [2023-12-24T01:45:36.423+0000] {dagbag.py:536} INFO - Filling up the DagBag from /home/airflow/.local/lib/python3.8/site-packages/airflow/example_dags/example_sla_dag.py
[2023-12-24T01:45:36.430+0000] {processor.py:839} INFO - DAG(s) dict_keys(['example_sla_dag']) retrieved from /home/airflow/.local/lib/python3.8/site-packages/airflow/example_dags/example_sla_dag.py
[2023-12-24T01:45:36.447+0000] {logging_mixin.py:154} INFO - [2023-12-24T01:45:36.447+0000] {dag.py:2941} INFO - Sync 1 DAGs
[2023-12-24T01:45:36.463+0000] {logging_mixin.py:154} INFO - [2023-12-24T01:45:36.462+0000] {dag.py:3722} INFO - Setting next_dagrun for example_sla_dag to 2023-12-24T01:42:00+00:00, run_after=2023-12-24T01:44:00+00:00
[2023-12-24T01:45:36.589+0000] {processor.py:179} INFO - Processing /home/airflow/.local/lib/python3.8/site-packages/airflow/example_dags/example_sla_dag.py took 0.172 seconds
[2023-12-24T01:46:06.634+0000] {processor.py:157} INFO - Started process (PID=560) to work on /home/airflow/.local/lib/python3.8/site-packages/airflow/example_dags/example_sla_dag.py
[2023-12-24T01:46:06.635+0000] {processor.py:829} INFO - Processing file /home/airflow/.local/lib/python3.8/site-packages/airflow/example_dags/example_sla_dag.py for tasks to queue
[2023-12-24T01:46:06.637+0000] {logging_mixin.py:154} INFO - [2023-12-24T01:46:06.637+0000] {dagbag.py:536} INFO - Filling up the DagBag from /home/airflow/.local/lib/python3.8/site-packages/airflow/example_dags/example_sla_dag.py
[2023-12-24T01:46:06.643+0000] {processor.py:839} INFO - DAG(s) dict_keys(['example_sla_dag']) retrieved from /home/airflow/.local/lib/python3.8/site-packages/airflow/example_dags/example_sla_dag.py
[2023-12-24T01:46:06.654+0000] {logging_mixin.py:154} INFO - [2023-12-24T01:46:06.654+0000] {dag.py:2941} INFO - Sync 1 DAGs
[2023-12-24T01:46:06.667+0000] {logging_mixin.py:154} INFO - [2023-12-24T01:46:06.667+0000] {dag.py:3722} INFO - Setting next_dagrun for example_sla_dag to 2023-12-24T01:44:00+00:00, run_after=2023-12-24T01:46:00+00:00
[2023-12-24T01:46:06.677+0000] {processor.py:179} INFO - Processing /home/airflow/.local/lib/python3.8/site-packages/airflow/example_dags/example_sla_dag.py took 0.045 seconds
[2023-12-24T01:46:37.854+0000] {processor.py:157} INFO - Started process (PID=615) to work on /home/airflow/.local/lib/python3.8/site-packages/airflow/example_dags/example_sla_dag.py
[2023-12-24T01:46:37.856+0000] {processor.py:829} INFO - Processing file /home/airflow/.local/lib/python3.8/site-packages/airflow/example_dags/example_sla_dag.py for tasks to queue
[2023-12-24T01:46:37.858+0000] {logging_mixin.py:154} INFO - [2023-12-24T01:46:37.858+0000] {dagbag.py:536} INFO - Filling up the DagBag from /home/airflow/.local/lib/python3.8/site-packages/airflow/example_dags/example_sla_dag.py
[2023-12-24T01:46:37.865+0000] {processor.py:839} INFO - DAG(s) dict_keys(['example_sla_dag']) retrieved from /home/airflow/.local/lib/python3.8/site-packages/airflow/example_dags/example_sla_dag.py
[2023-12-24T01:46:37.881+0000] {logging_mixin.py:154} INFO - [2023-12-24T01:46:37.881+0000] {dag.py:2941} INFO - Sync 1 DAGs
[2023-12-24T01:46:37.898+0000] {logging_mixin.py:154} INFO - [2023-12-24T01:46:37.898+0000] {dag.py:3722} INFO - Setting next_dagrun for example_sla_dag to 2023-12-24T01:44:00+00:00, run_after=2023-12-24T01:46:00+00:00
[2023-12-24T01:46:37.910+0000] {processor.py:179} INFO - Processing /home/airflow/.local/lib/python3.8/site-packages/airflow/example_dags/example_sla_dag.py took 0.059 seconds
[2023-12-24T01:50:42.322+0000] {processor.py:157} INFO - Started process (PID=1048) to work on /home/airflow/.local/lib/python3.8/site-packages/airflow/example_dags/example_sla_dag.py
[2023-12-24T01:50:42.324+0000] {processor.py:829} INFO - Processing file /home/airflow/.local/lib/python3.8/site-packages/airflow/example_dags/example_sla_dag.py for tasks to queue
[2023-12-24T01:50:42.325+0000] {logging_mixin.py:154} INFO - [2023-12-24T01:50:42.325+0000] {dagbag.py:536} INFO - Filling up the DagBag from /home/airflow/.local/lib/python3.8/site-packages/airflow/example_dags/example_sla_dag.py
[2023-12-24T01:50:42.331+0000] {processor.py:839} INFO - DAG(s) dict_keys(['example_sla_dag']) retrieved from /home/airflow/.local/lib/python3.8/site-packages/airflow/example_dags/example_sla_dag.py
[2023-12-24T01:50:42.392+0000] {logging_mixin.py:154} INFO - [2023-12-24T01:50:42.392+0000] {dag.py:2941} INFO - Sync 1 DAGs
[2023-12-24T01:50:42.407+0000] {logging_mixin.py:154} INFO - [2023-12-24T01:50:42.407+0000] {dag.py:3722} INFO - Setting next_dagrun for example_sla_dag to 2023-12-24T01:48:00+00:00, run_after=2023-12-24T01:50:00+00:00
[2023-12-24T01:50:42.420+0000] {processor.py:179} INFO - Processing /home/airflow/.local/lib/python3.8/site-packages/airflow/example_dags/example_sla_dag.py took 0.100 seconds
[2023-12-24T01:51:13.114+0000] {processor.py:157} INFO - Started process (PID=1103) to work on /home/airflow/.local/lib/python3.8/site-packages/airflow/example_dags/example_sla_dag.py
[2023-12-24T01:51:13.115+0000] {processor.py:829} INFO - Processing file /home/airflow/.local/lib/python3.8/site-packages/airflow/example_dags/example_sla_dag.py for tasks to queue
[2023-12-24T01:51:13.116+0000] {logging_mixin.py:154} INFO - [2023-12-24T01:51:13.116+0000] {dagbag.py:536} INFO - Filling up the DagBag from /home/airflow/.local/lib/python3.8/site-packages/airflow/example_dags/example_sla_dag.py
[2023-12-24T01:51:13.122+0000] {processor.py:839} INFO - DAG(s) dict_keys(['example_sla_dag']) retrieved from /home/airflow/.local/lib/python3.8/site-packages/airflow/example_dags/example_sla_dag.py
[2023-12-24T01:51:13.134+0000] {logging_mixin.py:154} INFO - [2023-12-24T01:51:13.134+0000] {dag.py:2941} INFO - Sync 1 DAGs
[2023-12-24T01:51:13.147+0000] {logging_mixin.py:154} INFO - [2023-12-24T01:51:13.147+0000] {dag.py:3722} INFO - Setting next_dagrun for example_sla_dag to 2023-12-24T01:48:00+00:00, run_after=2023-12-24T01:50:00+00:00
[2023-12-24T01:51:13.158+0000] {processor.py:179} INFO - Processing /home/airflow/.local/lib/python3.8/site-packages/airflow/example_dags/example_sla_dag.py took 0.046 seconds
[2023-12-24T01:51:43.339+0000] {processor.py:157} INFO - Started process (PID=1159) to work on /home/airflow/.local/lib/python3.8/site-packages/airflow/example_dags/example_sla_dag.py
[2023-12-24T01:51:43.340+0000] {processor.py:829} INFO - Processing file /home/airflow/.local/lib/python3.8/site-packages/airflow/example_dags/example_sla_dag.py for tasks to queue
[2023-12-24T01:51:43.341+0000] {logging_mixin.py:154} INFO - [2023-12-24T01:51:43.341+0000] {dagbag.py:536} INFO - Filling up the DagBag from /home/airflow/.local/lib/python3.8/site-packages/airflow/example_dags/example_sla_dag.py
[2023-12-24T01:51:43.347+0000] {processor.py:839} INFO - DAG(s) dict_keys(['example_sla_dag']) retrieved from /home/airflow/.local/lib/python3.8/site-packages/airflow/example_dags/example_sla_dag.py
[2023-12-24T01:51:43.360+0000] {logging_mixin.py:154} INFO - [2023-12-24T01:51:43.360+0000] {dag.py:2941} INFO - Sync 1 DAGs
[2023-12-24T01:51:43.373+0000] {logging_mixin.py:154} INFO - [2023-12-24T01:51:43.373+0000] {dag.py:3722} INFO - Setting next_dagrun for example_sla_dag to 2023-12-24T01:48:00+00:00, run_after=2023-12-24T01:50:00+00:00
[2023-12-24T01:51:43.381+0000] {processor.py:179} INFO - Processing /home/airflow/.local/lib/python3.8/site-packages/airflow/example_dags/example_sla_dag.py took 0.045 seconds
[2023-12-24T01:52:13.487+0000] {processor.py:157} INFO - Started process (PID=1214) to work on /home/airflow/.local/lib/python3.8/site-packages/airflow/example_dags/example_sla_dag.py
[2023-12-24T01:52:13.488+0000] {processor.py:829} INFO - Processing file /home/airflow/.local/lib/python3.8/site-packages/airflow/example_dags/example_sla_dag.py for tasks to queue
[2023-12-24T01:52:13.489+0000] {logging_mixin.py:154} INFO - [2023-12-24T01:52:13.489+0000] {dagbag.py:536} INFO - Filling up the DagBag from /home/airflow/.local/lib/python3.8/site-packages/airflow/example_dags/example_sla_dag.py
[2023-12-24T01:52:13.494+0000] {processor.py:839} INFO - DAG(s) dict_keys(['example_sla_dag']) retrieved from /home/airflow/.local/lib/python3.8/site-packages/airflow/example_dags/example_sla_dag.py
[2023-12-24T01:52:13.507+0000] {logging_mixin.py:154} INFO - [2023-12-24T01:52:13.507+0000] {dag.py:2941} INFO - Sync 1 DAGs
[2023-12-24T01:52:13.521+0000] {logging_mixin.py:154} INFO - [2023-12-24T01:52:13.521+0000] {dag.py:3722} INFO - Setting next_dagrun for example_sla_dag to 2023-12-24T01:50:00+00:00, run_after=2023-12-24T01:52:00+00:00
[2023-12-24T01:52:13.531+0000] {processor.py:179} INFO - Processing /home/airflow/.local/lib/python3.8/site-packages/airflow/example_dags/example_sla_dag.py took 0.046 seconds
[2023-12-24T01:52:43.796+0000] {processor.py:157} INFO - Started process (PID=1269) to work on /home/airflow/.local/lib/python3.8/site-packages/airflow/example_dags/example_sla_dag.py
[2023-12-24T01:52:43.797+0000] {processor.py:829} INFO - Processing file /home/airflow/.local/lib/python3.8/site-packages/airflow/example_dags/example_sla_dag.py for tasks to queue
[2023-12-24T01:52:43.798+0000] {logging_mixin.py:154} INFO - [2023-12-24T01:52:43.797+0000] {dagbag.py:536} INFO - Filling up the DagBag from /home/airflow/.local/lib/python3.8/site-packages/airflow/example_dags/example_sla_dag.py
[2023-12-24T01:52:43.804+0000] {processor.py:839} INFO - DAG(s) dict_keys(['example_sla_dag']) retrieved from /home/airflow/.local/lib/python3.8/site-packages/airflow/example_dags/example_sla_dag.py
[2023-12-24T01:52:43.816+0000] {logging_mixin.py:154} INFO - [2023-12-24T01:52:43.816+0000] {dag.py:2941} INFO - Sync 1 DAGs
[2023-12-24T01:52:43.829+0000] {logging_mixin.py:154} INFO - [2023-12-24T01:52:43.828+0000] {dag.py:3722} INFO - Setting next_dagrun for example_sla_dag to 2023-12-24T01:50:00+00:00, run_after=2023-12-24T01:52:00+00:00
[2023-12-24T01:52:43.838+0000] {processor.py:179} INFO - Processing /home/airflow/.local/lib/python3.8/site-packages/airflow/example_dags/example_sla_dag.py took 0.045 seconds
