[2023-12-24T00:16:11.082+0000] {processor.py:157} INFO - Started process (PID=6204) to work on /home/airflow/.local/lib/python3.8/site-packages/airflow/example_dags/example_skip_dag.py
[2023-12-24T00:16:11.083+0000] {processor.py:829} INFO - Processing file /home/airflow/.local/lib/python3.8/site-packages/airflow/example_dags/example_skip_dag.py for tasks to queue
[2023-12-24T00:16:11.085+0000] {logging_mixin.py:154} INFO - [2023-12-24T00:16:11.085+0000] {dagbag.py:536} INFO - Filling up the DagBag from /home/airflow/.local/lib/python3.8/site-packages/airflow/example_dags/example_skip_dag.py
[2023-12-24T00:16:11.090+0000] {processor.py:839} INFO - DAG(s) dict_keys(['example_skip_dag']) retrieved from /home/airflow/.local/lib/python3.8/site-packages/airflow/example_dags/example_skip_dag.py
[2023-12-24T00:16:11.104+0000] {logging_mixin.py:154} INFO - [2023-12-24T00:16:11.103+0000] {dag.py:2941} INFO - Sync 1 DAGs
[2023-12-24T00:16:11.116+0000] {logging_mixin.py:154} INFO - [2023-12-24T00:16:11.116+0000] {dag.py:3722} INFO - Setting next_dagrun for example_skip_dag to 2023-12-23T00:16:11.116641+00:00, run_after=2023-12-24T00:16:11.116641+00:00
[2023-12-24T00:16:11.128+0000] {processor.py:179} INFO - Processing /home/airflow/.local/lib/python3.8/site-packages/airflow/example_dags/example_skip_dag.py took 0.048 seconds
[2023-12-24T00:16:41.760+0000] {processor.py:157} INFO - Started process (PID=6260) to work on /home/airflow/.local/lib/python3.8/site-packages/airflow/example_dags/example_skip_dag.py
[2023-12-24T00:16:41.761+0000] {processor.py:829} INFO - Processing file /home/airflow/.local/lib/python3.8/site-packages/airflow/example_dags/example_skip_dag.py for tasks to queue
[2023-12-24T00:16:41.763+0000] {logging_mixin.py:154} INFO - [2023-12-24T00:16:41.763+0000] {dagbag.py:536} INFO - Filling up the DagBag from /home/airflow/.local/lib/python3.8/site-packages/airflow/example_dags/example_skip_dag.py
[2023-12-24T00:16:41.767+0000] {processor.py:839} INFO - DAG(s) dict_keys(['example_skip_dag']) retrieved from /home/airflow/.local/lib/python3.8/site-packages/airflow/example_dags/example_skip_dag.py
[2023-12-24T00:16:41.780+0000] {logging_mixin.py:154} INFO - [2023-12-24T00:16:41.780+0000] {dag.py:2941} INFO - Sync 1 DAGs
[2023-12-24T00:16:41.791+0000] {logging_mixin.py:154} INFO - [2023-12-24T00:16:41.791+0000] {dag.py:3722} INFO - Setting next_dagrun for example_skip_dag to 2023-12-23T00:16:41.791392+00:00, run_after=2023-12-24T00:16:41.791392+00:00
[2023-12-24T00:16:41.801+0000] {processor.py:179} INFO - Processing /home/airflow/.local/lib/python3.8/site-packages/airflow/example_dags/example_skip_dag.py took 0.043 seconds
[2023-12-24T00:33:50.432+0000] {processor.py:157} INFO - Started process (PID=6316) to work on /home/airflow/.local/lib/python3.8/site-packages/airflow/example_dags/example_skip_dag.py
[2023-12-24T00:33:50.434+0000] {processor.py:829} INFO - Processing file /home/airflow/.local/lib/python3.8/site-packages/airflow/example_dags/example_skip_dag.py for tasks to queue
[2023-12-24T00:33:50.437+0000] {logging_mixin.py:154} INFO - [2023-12-24T00:33:50.437+0000] {dagbag.py:536} INFO - Filling up the DagBag from /home/airflow/.local/lib/python3.8/site-packages/airflow/example_dags/example_skip_dag.py
[2023-12-24T00:33:50.445+0000] {processor.py:839} INFO - DAG(s) dict_keys(['example_skip_dag']) retrieved from /home/airflow/.local/lib/python3.8/site-packages/airflow/example_dags/example_skip_dag.py
[2023-12-24T00:33:50.462+0000] {logging_mixin.py:154} INFO - [2023-12-24T00:33:50.462+0000] {dag.py:2941} INFO - Sync 1 DAGs
[2023-12-24T00:33:50.476+0000] {logging_mixin.py:154} INFO - [2023-12-24T00:33:50.476+0000] {dag.py:3722} INFO - Setting next_dagrun for example_skip_dag to 2023-12-23T00:33:50.476108+00:00, run_after=2023-12-24T00:33:50.476108+00:00
[2023-12-24T00:33:50.490+0000] {processor.py:179} INFO - Processing /home/airflow/.local/lib/python3.8/site-packages/airflow/example_dags/example_skip_dag.py took 0.063 seconds
[2023-12-24T00:34:20.884+0000] {processor.py:157} INFO - Started process (PID=6372) to work on /home/airflow/.local/lib/python3.8/site-packages/airflow/example_dags/example_skip_dag.py
[2023-12-24T00:34:20.885+0000] {processor.py:829} INFO - Processing file /home/airflow/.local/lib/python3.8/site-packages/airflow/example_dags/example_skip_dag.py for tasks to queue
[2023-12-24T00:34:20.887+0000] {logging_mixin.py:154} INFO - [2023-12-24T00:34:20.887+0000] {dagbag.py:536} INFO - Filling up the DagBag from /home/airflow/.local/lib/python3.8/site-packages/airflow/example_dags/example_skip_dag.py
[2023-12-24T00:34:20.891+0000] {processor.py:839} INFO - DAG(s) dict_keys(['example_skip_dag']) retrieved from /home/airflow/.local/lib/python3.8/site-packages/airflow/example_dags/example_skip_dag.py
[2023-12-24T00:34:20.904+0000] {logging_mixin.py:154} INFO - [2023-12-24T00:34:20.904+0000] {dag.py:2941} INFO - Sync 1 DAGs
[2023-12-24T00:34:20.916+0000] {logging_mixin.py:154} INFO - [2023-12-24T00:34:20.916+0000] {dag.py:3722} INFO - Setting next_dagrun for example_skip_dag to 2023-12-23T00:34:20.915912+00:00, run_after=2023-12-24T00:34:20.915912+00:00
[2023-12-24T00:34:20.925+0000] {processor.py:179} INFO - Processing /home/airflow/.local/lib/python3.8/site-packages/airflow/example_dags/example_skip_dag.py took 0.043 seconds
[2023-12-24T00:51:35.748+0000] {processor.py:157} INFO - Started process (PID=6427) to work on /home/airflow/.local/lib/python3.8/site-packages/airflow/example_dags/example_skip_dag.py
[2023-12-24T00:51:35.749+0000] {processor.py:829} INFO - Processing file /home/airflow/.local/lib/python3.8/site-packages/airflow/example_dags/example_skip_dag.py for tasks to queue
[2023-12-24T00:51:35.751+0000] {logging_mixin.py:154} INFO - [2023-12-24T00:51:35.751+0000] {dagbag.py:536} INFO - Filling up the DagBag from /home/airflow/.local/lib/python3.8/site-packages/airflow/example_dags/example_skip_dag.py
[2023-12-24T00:51:35.755+0000] {processor.py:839} INFO - DAG(s) dict_keys(['example_skip_dag']) retrieved from /home/airflow/.local/lib/python3.8/site-packages/airflow/example_dags/example_skip_dag.py
[2023-12-24T00:51:35.768+0000] {logging_mixin.py:154} INFO - [2023-12-24T00:51:35.768+0000] {dag.py:2941} INFO - Sync 1 DAGs
[2023-12-24T00:51:35.780+0000] {logging_mixin.py:154} INFO - [2023-12-24T00:51:35.780+0000] {dag.py:3722} INFO - Setting next_dagrun for example_skip_dag to 2023-12-23T00:51:35.780203+00:00, run_after=2023-12-24T00:51:35.780203+00:00
[2023-12-24T00:51:35.791+0000] {processor.py:179} INFO - Processing /home/airflow/.local/lib/python3.8/site-packages/airflow/example_dags/example_skip_dag.py took 0.046 seconds
[2023-12-24T00:52:06.317+0000] {processor.py:157} INFO - Started process (PID=6482) to work on /home/airflow/.local/lib/python3.8/site-packages/airflow/example_dags/example_skip_dag.py
[2023-12-24T00:52:06.318+0000] {processor.py:829} INFO - Processing file /home/airflow/.local/lib/python3.8/site-packages/airflow/example_dags/example_skip_dag.py for tasks to queue
[2023-12-24T00:52:06.320+0000] {logging_mixin.py:154} INFO - [2023-12-24T00:52:06.320+0000] {dagbag.py:536} INFO - Filling up the DagBag from /home/airflow/.local/lib/python3.8/site-packages/airflow/example_dags/example_skip_dag.py
[2023-12-24T00:52:06.324+0000] {processor.py:839} INFO - DAG(s) dict_keys(['example_skip_dag']) retrieved from /home/airflow/.local/lib/python3.8/site-packages/airflow/example_dags/example_skip_dag.py
[2023-12-24T00:52:06.337+0000] {logging_mixin.py:154} INFO - [2023-12-24T00:52:06.337+0000] {dag.py:2941} INFO - Sync 1 DAGs
[2023-12-24T00:52:06.348+0000] {logging_mixin.py:154} INFO - [2023-12-24T00:52:06.348+0000] {dag.py:3722} INFO - Setting next_dagrun for example_skip_dag to 2023-12-23T00:52:06.348090+00:00, run_after=2023-12-24T00:52:06.348090+00:00
[2023-12-24T00:52:06.357+0000] {processor.py:179} INFO - Processing /home/airflow/.local/lib/python3.8/site-packages/airflow/example_dags/example_skip_dag.py took 0.042 seconds
[2023-12-24T01:08:52.588+0000] {processor.py:157} INFO - Started process (PID=6537) to work on /home/airflow/.local/lib/python3.8/site-packages/airflow/example_dags/example_skip_dag.py
[2023-12-24T01:08:52.592+0000] {processor.py:829} INFO - Processing file /home/airflow/.local/lib/python3.8/site-packages/airflow/example_dags/example_skip_dag.py for tasks to queue
[2023-12-24T01:08:52.598+0000] {logging_mixin.py:154} INFO - [2023-12-24T01:08:52.597+0000] {dagbag.py:536} INFO - Filling up the DagBag from /home/airflow/.local/lib/python3.8/site-packages/airflow/example_dags/example_skip_dag.py
[2023-12-24T01:08:52.605+0000] {processor.py:839} INFO - DAG(s) dict_keys(['example_skip_dag']) retrieved from /home/airflow/.local/lib/python3.8/site-packages/airflow/example_dags/example_skip_dag.py
[2023-12-24T01:08:52.622+0000] {logging_mixin.py:154} INFO - [2023-12-24T01:08:52.622+0000] {dag.py:2941} INFO - Sync 1 DAGs
[2023-12-24T01:08:52.637+0000] {logging_mixin.py:154} INFO - [2023-12-24T01:08:52.637+0000] {dag.py:3722} INFO - Setting next_dagrun for example_skip_dag to 2023-12-23T01:08:52.637179+00:00, run_after=2023-12-24T01:08:52.637179+00:00
[2023-12-24T01:08:52.651+0000] {processor.py:179} INFO - Processing /home/airflow/.local/lib/python3.8/site-packages/airflow/example_dags/example_skip_dag.py took 0.071 seconds
[2023-12-24T01:26:16.863+0000] {processor.py:157} INFO - Started process (PID=6593) to work on /home/airflow/.local/lib/python3.8/site-packages/airflow/example_dags/example_skip_dag.py
[2023-12-24T01:26:16.864+0000] {processor.py:829} INFO - Processing file /home/airflow/.local/lib/python3.8/site-packages/airflow/example_dags/example_skip_dag.py for tasks to queue
[2023-12-24T01:26:16.866+0000] {logging_mixin.py:154} INFO - [2023-12-24T01:26:16.866+0000] {dagbag.py:536} INFO - Filling up the DagBag from /home/airflow/.local/lib/python3.8/site-packages/airflow/example_dags/example_skip_dag.py
[2023-12-24T01:26:16.872+0000] {processor.py:839} INFO - DAG(s) dict_keys(['example_skip_dag']) retrieved from /home/airflow/.local/lib/python3.8/site-packages/airflow/example_dags/example_skip_dag.py
[2023-12-24T01:26:16.886+0000] {logging_mixin.py:154} INFO - [2023-12-24T01:26:16.886+0000] {dag.py:2941} INFO - Sync 1 DAGs
[2023-12-24T01:26:16.900+0000] {logging_mixin.py:154} INFO - [2023-12-24T01:26:16.900+0000] {dag.py:3722} INFO - Setting next_dagrun for example_skip_dag to 2023-12-23T01:26:16.899876+00:00, run_after=2023-12-24T01:26:16.899876+00:00
[2023-12-24T01:26:16.913+0000] {processor.py:179} INFO - Processing /home/airflow/.local/lib/python3.8/site-packages/airflow/example_dags/example_skip_dag.py took 0.052 seconds
[2023-12-24T01:26:47.177+0000] {processor.py:157} INFO - Started process (PID=6649) to work on /home/airflow/.local/lib/python3.8/site-packages/airflow/example_dags/example_skip_dag.py
[2023-12-24T01:26:47.178+0000] {processor.py:829} INFO - Processing file /home/airflow/.local/lib/python3.8/site-packages/airflow/example_dags/example_skip_dag.py for tasks to queue
[2023-12-24T01:26:47.180+0000] {logging_mixin.py:154} INFO - [2023-12-24T01:26:47.179+0000] {dagbag.py:536} INFO - Filling up the DagBag from /home/airflow/.local/lib/python3.8/site-packages/airflow/example_dags/example_skip_dag.py
[2023-12-24T01:26:47.184+0000] {processor.py:839} INFO - DAG(s) dict_keys(['example_skip_dag']) retrieved from /home/airflow/.local/lib/python3.8/site-packages/airflow/example_dags/example_skip_dag.py
[2023-12-24T01:26:47.197+0000] {logging_mixin.py:154} INFO - [2023-12-24T01:26:47.197+0000] {dag.py:2941} INFO - Sync 1 DAGs
[2023-12-24T01:26:47.208+0000] {logging_mixin.py:154} INFO - [2023-12-24T01:26:47.208+0000] {dag.py:3722} INFO - Setting next_dagrun for example_skip_dag to 2023-12-23T01:26:47.208140+00:00, run_after=2023-12-24T01:26:47.208140+00:00
[2023-12-24T01:26:47.218+0000] {processor.py:179} INFO - Processing /home/airflow/.local/lib/python3.8/site-packages/airflow/example_dags/example_skip_dag.py took 0.043 seconds
[2023-12-24T01:39:26.592+0000] {processor.py:157} INFO - Started process (PID=6706) to work on /home/airflow/.local/lib/python3.8/site-packages/airflow/example_dags/example_skip_dag.py
[2023-12-24T01:39:26.595+0000] {processor.py:829} INFO - Processing file /home/airflow/.local/lib/python3.8/site-packages/airflow/example_dags/example_skip_dag.py for tasks to queue
[2023-12-24T01:39:26.599+0000] {logging_mixin.py:154} INFO - [2023-12-24T01:39:26.599+0000] {dagbag.py:536} INFO - Filling up the DagBag from /home/airflow/.local/lib/python3.8/site-packages/airflow/example_dags/example_skip_dag.py
[2023-12-24T01:39:26.607+0000] {processor.py:839} INFO - DAG(s) dict_keys(['example_skip_dag']) retrieved from /home/airflow/.local/lib/python3.8/site-packages/airflow/example_dags/example_skip_dag.py
[2023-12-24T01:39:26.627+0000] {logging_mixin.py:154} INFO - [2023-12-24T01:39:26.626+0000] {dag.py:2941} INFO - Sync 1 DAGs
[2023-12-24T01:39:26.644+0000] {logging_mixin.py:154} INFO - [2023-12-24T01:39:26.644+0000] {dag.py:3722} INFO - Setting next_dagrun for example_skip_dag to 2023-12-23T01:39:26.643835+00:00, run_after=2023-12-24T01:39:26.643835+00:00
[2023-12-24T01:39:26.658+0000] {processor.py:179} INFO - Processing /home/airflow/.local/lib/python3.8/site-packages/airflow/example_dags/example_skip_dag.py took 0.070 seconds
[2023-12-24T01:39:57.039+0000] {processor.py:157} INFO - Started process (PID=6761) to work on /home/airflow/.local/lib/python3.8/site-packages/airflow/example_dags/example_skip_dag.py
[2023-12-24T01:39:57.041+0000] {processor.py:829} INFO - Processing file /home/airflow/.local/lib/python3.8/site-packages/airflow/example_dags/example_skip_dag.py for tasks to queue
[2023-12-24T01:39:57.043+0000] {logging_mixin.py:154} INFO - [2023-12-24T01:39:57.043+0000] {dagbag.py:536} INFO - Filling up the DagBag from /home/airflow/.local/lib/python3.8/site-packages/airflow/example_dags/example_skip_dag.py
[2023-12-24T01:39:57.048+0000] {processor.py:839} INFO - DAG(s) dict_keys(['example_skip_dag']) retrieved from /home/airflow/.local/lib/python3.8/site-packages/airflow/example_dags/example_skip_dag.py
[2023-12-24T01:39:57.065+0000] {logging_mixin.py:154} INFO - [2023-12-24T01:39:57.065+0000] {dag.py:2941} INFO - Sync 1 DAGs
[2023-12-24T01:39:57.079+0000] {logging_mixin.py:154} INFO - [2023-12-24T01:39:57.079+0000] {dag.py:3722} INFO - Setting next_dagrun for example_skip_dag to 2023-12-23T01:39:57.079468+00:00, run_after=2023-12-24T01:39:57.079468+00:00
[2023-12-24T01:39:57.092+0000] {processor.py:179} INFO - Processing /home/airflow/.local/lib/python3.8/site-packages/airflow/example_dags/example_skip_dag.py took 0.056 seconds
[2023-12-24T01:40:27.325+0000] {processor.py:157} INFO - Started process (PID=6816) to work on /home/airflow/.local/lib/python3.8/site-packages/airflow/example_dags/example_skip_dag.py
[2023-12-24T01:40:27.326+0000] {processor.py:829} INFO - Processing file /home/airflow/.local/lib/python3.8/site-packages/airflow/example_dags/example_skip_dag.py for tasks to queue
[2023-12-24T01:40:27.329+0000] {logging_mixin.py:154} INFO - [2023-12-24T01:40:27.328+0000] {dagbag.py:536} INFO - Filling up the DagBag from /home/airflow/.local/lib/python3.8/site-packages/airflow/example_dags/example_skip_dag.py
[2023-12-24T01:40:27.333+0000] {processor.py:839} INFO - DAG(s) dict_keys(['example_skip_dag']) retrieved from /home/airflow/.local/lib/python3.8/site-packages/airflow/example_dags/example_skip_dag.py
[2023-12-24T01:40:27.347+0000] {logging_mixin.py:154} INFO - [2023-12-24T01:40:27.347+0000] {dag.py:2941} INFO - Sync 1 DAGs
[2023-12-24T01:40:27.361+0000] {logging_mixin.py:154} INFO - [2023-12-24T01:40:27.361+0000] {dag.py:3722} INFO - Setting next_dagrun for example_skip_dag to 2023-12-23T01:40:27.360962+00:00, run_after=2023-12-24T01:40:27.360962+00:00
[2023-12-24T01:40:27.371+0000] {processor.py:179} INFO - Processing /home/airflow/.local/lib/python3.8/site-packages/airflow/example_dags/example_skip_dag.py took 0.049 seconds
[2023-12-24T01:41:29.782+0000] {processor.py:157} INFO - Started process (PID=43) to work on /home/airflow/.local/lib/python3.8/site-packages/airflow/example_dags/example_skip_dag.py
[2023-12-24T01:41:29.784+0000] {processor.py:829} INFO - Processing file /home/airflow/.local/lib/python3.8/site-packages/airflow/example_dags/example_skip_dag.py for tasks to queue
[2023-12-24T01:41:29.787+0000] {logging_mixin.py:154} INFO - [2023-12-24T01:41:29.787+0000] {dagbag.py:536} INFO - Filling up the DagBag from /home/airflow/.local/lib/python3.8/site-packages/airflow/example_dags/example_skip_dag.py
[2023-12-24T01:41:29.798+0000] {processor.py:839} INFO - DAG(s) dict_keys(['example_skip_dag']) retrieved from /home/airflow/.local/lib/python3.8/site-packages/airflow/example_dags/example_skip_dag.py
[2023-12-24T01:41:29.810+0000] {logging_mixin.py:154} INFO - [2023-12-24T01:41:29.809+0000] {dag.py:2941} INFO - Sync 1 DAGs
[2023-12-24T01:41:29.826+0000] {logging_mixin.py:154} INFO - [2023-12-24T01:41:29.826+0000] {dag.py:3722} INFO - Setting next_dagrun for example_skip_dag to 2023-12-23T01:41:29.826674+00:00, run_after=2023-12-24T01:41:29.826674+00:00
[2023-12-24T01:41:29.840+0000] {processor.py:179} INFO - Processing /home/airflow/.local/lib/python3.8/site-packages/airflow/example_dags/example_skip_dag.py took 0.061 seconds
[2023-12-24T01:42:00.427+0000] {processor.py:157} INFO - Started process (PID=99) to work on /home/airflow/.local/lib/python3.8/site-packages/airflow/example_dags/example_skip_dag.py
[2023-12-24T01:42:00.428+0000] {processor.py:829} INFO - Processing file /home/airflow/.local/lib/python3.8/site-packages/airflow/example_dags/example_skip_dag.py for tasks to queue
[2023-12-24T01:42:00.430+0000] {logging_mixin.py:154} INFO - [2023-12-24T01:42:00.430+0000] {dagbag.py:536} INFO - Filling up the DagBag from /home/airflow/.local/lib/python3.8/site-packages/airflow/example_dags/example_skip_dag.py
[2023-12-24T01:42:00.435+0000] {processor.py:839} INFO - DAG(s) dict_keys(['example_skip_dag']) retrieved from /home/airflow/.local/lib/python3.8/site-packages/airflow/example_dags/example_skip_dag.py
[2023-12-24T01:42:00.448+0000] {logging_mixin.py:154} INFO - [2023-12-24T01:42:00.448+0000] {dag.py:2941} INFO - Sync 1 DAGs
[2023-12-24T01:42:00.460+0000] {logging_mixin.py:154} INFO - [2023-12-24T01:42:00.460+0000] {dag.py:3722} INFO - Setting next_dagrun for example_skip_dag to 2023-12-23T01:42:00.460069+00:00, run_after=2023-12-24T01:42:00.460069+00:00
[2023-12-24T01:42:00.470+0000] {processor.py:179} INFO - Processing /home/airflow/.local/lib/python3.8/site-packages/airflow/example_dags/example_skip_dag.py took 0.046 seconds
[2023-12-24T01:42:30.709+0000] {processor.py:157} INFO - Started process (PID=154) to work on /home/airflow/.local/lib/python3.8/site-packages/airflow/example_dags/example_skip_dag.py
[2023-12-24T01:42:30.710+0000] {processor.py:829} INFO - Processing file /home/airflow/.local/lib/python3.8/site-packages/airflow/example_dags/example_skip_dag.py for tasks to queue
[2023-12-24T01:42:30.712+0000] {logging_mixin.py:154} INFO - [2023-12-24T01:42:30.712+0000] {dagbag.py:536} INFO - Filling up the DagBag from /home/airflow/.local/lib/python3.8/site-packages/airflow/example_dags/example_skip_dag.py
[2023-12-24T01:42:30.717+0000] {processor.py:839} INFO - DAG(s) dict_keys(['example_skip_dag']) retrieved from /home/airflow/.local/lib/python3.8/site-packages/airflow/example_dags/example_skip_dag.py
[2023-12-24T01:42:30.730+0000] {logging_mixin.py:154} INFO - [2023-12-24T01:42:30.730+0000] {dag.py:2941} INFO - Sync 1 DAGs
[2023-12-24T01:42:30.744+0000] {logging_mixin.py:154} INFO - [2023-12-24T01:42:30.744+0000] {dag.py:3722} INFO - Setting next_dagrun for example_skip_dag to 2023-12-23T01:42:30.744014+00:00, run_after=2023-12-24T01:42:30.744014+00:00
[2023-12-24T01:42:30.754+0000] {processor.py:179} INFO - Processing /home/airflow/.local/lib/python3.8/site-packages/airflow/example_dags/example_skip_dag.py took 0.047 seconds
[2023-12-24T01:43:01.136+0000] {processor.py:157} INFO - Started process (PID=209) to work on /home/airflow/.local/lib/python3.8/site-packages/airflow/example_dags/example_skip_dag.py
[2023-12-24T01:43:01.138+0000] {processor.py:829} INFO - Processing file /home/airflow/.local/lib/python3.8/site-packages/airflow/example_dags/example_skip_dag.py for tasks to queue
[2023-12-24T01:43:01.140+0000] {logging_mixin.py:154} INFO - [2023-12-24T01:43:01.140+0000] {dagbag.py:536} INFO - Filling up the DagBag from /home/airflow/.local/lib/python3.8/site-packages/airflow/example_dags/example_skip_dag.py
[2023-12-24T01:43:01.146+0000] {processor.py:839} INFO - DAG(s) dict_keys(['example_skip_dag']) retrieved from /home/airflow/.local/lib/python3.8/site-packages/airflow/example_dags/example_skip_dag.py
[2023-12-24T01:43:01.161+0000] {logging_mixin.py:154} INFO - [2023-12-24T01:43:01.161+0000] {dag.py:2941} INFO - Sync 1 DAGs
[2023-12-24T01:43:01.177+0000] {logging_mixin.py:154} INFO - [2023-12-24T01:43:01.177+0000] {dag.py:3722} INFO - Setting next_dagrun for example_skip_dag to 2023-12-23T01:43:01.177575+00:00, run_after=2023-12-24T01:43:01.177575+00:00
[2023-12-24T01:43:01.311+0000] {processor.py:179} INFO - Processing /home/airflow/.local/lib/python3.8/site-packages/airflow/example_dags/example_skip_dag.py took 0.178 seconds
[2023-12-24T01:43:31.597+0000] {processor.py:157} INFO - Started process (PID=265) to work on /home/airflow/.local/lib/python3.8/site-packages/airflow/example_dags/example_skip_dag.py
[2023-12-24T01:43:31.598+0000] {processor.py:829} INFO - Processing file /home/airflow/.local/lib/python3.8/site-packages/airflow/example_dags/example_skip_dag.py for tasks to queue
[2023-12-24T01:43:31.600+0000] {logging_mixin.py:154} INFO - [2023-12-24T01:43:31.599+0000] {dagbag.py:536} INFO - Filling up the DagBag from /home/airflow/.local/lib/python3.8/site-packages/airflow/example_dags/example_skip_dag.py
[2023-12-24T01:43:31.604+0000] {processor.py:839} INFO - DAG(s) dict_keys(['example_skip_dag']) retrieved from /home/airflow/.local/lib/python3.8/site-packages/airflow/example_dags/example_skip_dag.py
[2023-12-24T01:43:31.617+0000] {logging_mixin.py:154} INFO - [2023-12-24T01:43:31.617+0000] {dag.py:2941} INFO - Sync 1 DAGs
[2023-12-24T01:43:31.628+0000] {logging_mixin.py:154} INFO - [2023-12-24T01:43:31.628+0000] {dag.py:3722} INFO - Setting next_dagrun for example_skip_dag to 2023-12-23T01:43:31.628391+00:00, run_after=2023-12-24T01:43:31.628391+00:00
[2023-12-24T01:43:31.639+0000] {processor.py:179} INFO - Processing /home/airflow/.local/lib/python3.8/site-packages/airflow/example_dags/example_skip_dag.py took 0.045 seconds
[2023-12-24T01:44:01.827+0000] {processor.py:157} INFO - Started process (PID=320) to work on /home/airflow/.local/lib/python3.8/site-packages/airflow/example_dags/example_skip_dag.py
[2023-12-24T01:44:01.828+0000] {processor.py:829} INFO - Processing file /home/airflow/.local/lib/python3.8/site-packages/airflow/example_dags/example_skip_dag.py for tasks to queue
[2023-12-24T01:44:01.829+0000] {logging_mixin.py:154} INFO - [2023-12-24T01:44:01.829+0000] {dagbag.py:536} INFO - Filling up the DagBag from /home/airflow/.local/lib/python3.8/site-packages/airflow/example_dags/example_skip_dag.py
[2023-12-24T01:44:01.834+0000] {processor.py:839} INFO - DAG(s) dict_keys(['example_skip_dag']) retrieved from /home/airflow/.local/lib/python3.8/site-packages/airflow/example_dags/example_skip_dag.py
[2023-12-24T01:44:01.847+0000] {logging_mixin.py:154} INFO - [2023-12-24T01:44:01.847+0000] {dag.py:2941} INFO - Sync 1 DAGs
[2023-12-24T01:44:01.860+0000] {logging_mixin.py:154} INFO - [2023-12-24T01:44:01.859+0000] {dag.py:3722} INFO - Setting next_dagrun for example_skip_dag to 2023-12-23T01:44:01.859746+00:00, run_after=2023-12-24T01:44:01.859746+00:00
[2023-12-24T01:44:01.870+0000] {processor.py:179} INFO - Processing /home/airflow/.local/lib/python3.8/site-packages/airflow/example_dags/example_skip_dag.py took 0.046 seconds
[2023-12-24T01:44:32.689+0000] {processor.py:157} INFO - Started process (PID=376) to work on /home/airflow/.local/lib/python3.8/site-packages/airflow/example_dags/example_skip_dag.py
[2023-12-24T01:44:32.691+0000] {processor.py:829} INFO - Processing file /home/airflow/.local/lib/python3.8/site-packages/airflow/example_dags/example_skip_dag.py for tasks to queue
[2023-12-24T01:44:32.693+0000] {logging_mixin.py:154} INFO - [2023-12-24T01:44:32.693+0000] {dagbag.py:536} INFO - Filling up the DagBag from /home/airflow/.local/lib/python3.8/site-packages/airflow/example_dags/example_skip_dag.py
[2023-12-24T01:44:32.698+0000] {processor.py:839} INFO - DAG(s) dict_keys(['example_skip_dag']) retrieved from /home/airflow/.local/lib/python3.8/site-packages/airflow/example_dags/example_skip_dag.py
[2023-12-24T01:44:32.713+0000] {logging_mixin.py:154} INFO - [2023-12-24T01:44:32.713+0000] {dag.py:2941} INFO - Sync 1 DAGs
[2023-12-24T01:44:32.840+0000] {logging_mixin.py:154} INFO - [2023-12-24T01:44:32.840+0000] {dag.py:3722} INFO - Setting next_dagrun for example_skip_dag to 2023-12-23T01:44:32.840671+00:00, run_after=2023-12-24T01:44:32.840671+00:00
[2023-12-24T01:44:32.850+0000] {processor.py:179} INFO - Processing /home/airflow/.local/lib/python3.8/site-packages/airflow/example_dags/example_skip_dag.py took 0.163 seconds
[2023-12-24T01:45:03.194+0000] {processor.py:157} INFO - Started process (PID=431) to work on /home/airflow/.local/lib/python3.8/site-packages/airflow/example_dags/example_skip_dag.py
[2023-12-24T01:45:03.213+0000] {processor.py:829} INFO - Processing file /home/airflow/.local/lib/python3.8/site-packages/airflow/example_dags/example_skip_dag.py for tasks to queue
[2023-12-24T01:45:03.215+0000] {logging_mixin.py:154} INFO - [2023-12-24T01:45:03.215+0000] {dagbag.py:536} INFO - Filling up the DagBag from /home/airflow/.local/lib/python3.8/site-packages/airflow/example_dags/example_skip_dag.py
[2023-12-24T01:45:03.220+0000] {processor.py:839} INFO - DAG(s) dict_keys(['example_skip_dag']) retrieved from /home/airflow/.local/lib/python3.8/site-packages/airflow/example_dags/example_skip_dag.py
[2023-12-24T01:45:03.235+0000] {logging_mixin.py:154} INFO - [2023-12-24T01:45:03.235+0000] {dag.py:2941} INFO - Sync 1 DAGs
[2023-12-24T01:45:03.249+0000] {logging_mixin.py:154} INFO - [2023-12-24T01:45:03.248+0000] {dag.py:3722} INFO - Setting next_dagrun for example_skip_dag to 2023-12-23T01:45:03.248778+00:00, run_after=2023-12-24T01:45:03.248778+00:00
[2023-12-24T01:45:03.365+0000] {processor.py:179} INFO - Processing /home/airflow/.local/lib/python3.8/site-packages/airflow/example_dags/example_skip_dag.py took 0.174 seconds
[2023-12-24T01:45:33.395+0000] {processor.py:157} INFO - Started process (PID=488) to work on /home/airflow/.local/lib/python3.8/site-packages/airflow/example_dags/example_skip_dag.py
[2023-12-24T01:45:33.396+0000] {processor.py:829} INFO - Processing file /home/airflow/.local/lib/python3.8/site-packages/airflow/example_dags/example_skip_dag.py for tasks to queue
[2023-12-24T01:45:33.398+0000] {logging_mixin.py:154} INFO - [2023-12-24T01:45:33.398+0000] {dagbag.py:536} INFO - Filling up the DagBag from /home/airflow/.local/lib/python3.8/site-packages/airflow/example_dags/example_skip_dag.py
[2023-12-24T01:45:33.403+0000] {processor.py:839} INFO - DAG(s) dict_keys(['example_skip_dag']) retrieved from /home/airflow/.local/lib/python3.8/site-packages/airflow/example_dags/example_skip_dag.py
[2023-12-24T01:45:33.416+0000] {logging_mixin.py:154} INFO - [2023-12-24T01:45:33.416+0000] {dag.py:2941} INFO - Sync 1 DAGs
[2023-12-24T01:45:33.427+0000] {logging_mixin.py:154} INFO - [2023-12-24T01:45:33.427+0000] {dag.py:3722} INFO - Setting next_dagrun for example_skip_dag to 2023-12-23T01:45:33.427298+00:00, run_after=2023-12-24T01:45:33.427298+00:00
[2023-12-24T01:45:33.436+0000] {processor.py:179} INFO - Processing /home/airflow/.local/lib/python3.8/site-packages/airflow/example_dags/example_skip_dag.py took 0.043 seconds
[2023-12-24T01:46:03.850+0000] {processor.py:157} INFO - Started process (PID=542) to work on /home/airflow/.local/lib/python3.8/site-packages/airflow/example_dags/example_skip_dag.py
[2023-12-24T01:46:03.851+0000] {processor.py:829} INFO - Processing file /home/airflow/.local/lib/python3.8/site-packages/airflow/example_dags/example_skip_dag.py for tasks to queue
[2023-12-24T01:46:03.853+0000] {logging_mixin.py:154} INFO - [2023-12-24T01:46:03.853+0000] {dagbag.py:536} INFO - Filling up the DagBag from /home/airflow/.local/lib/python3.8/site-packages/airflow/example_dags/example_skip_dag.py
[2023-12-24T01:46:03.858+0000] {processor.py:839} INFO - DAG(s) dict_keys(['example_skip_dag']) retrieved from /home/airflow/.local/lib/python3.8/site-packages/airflow/example_dags/example_skip_dag.py
[2023-12-24T01:46:03.872+0000] {logging_mixin.py:154} INFO - [2023-12-24T01:46:03.872+0000] {dag.py:2941} INFO - Sync 1 DAGs
[2023-12-24T01:46:03.884+0000] {logging_mixin.py:154} INFO - [2023-12-24T01:46:03.884+0000] {dag.py:3722} INFO - Setting next_dagrun for example_skip_dag to 2023-12-23T01:46:03.884254+00:00, run_after=2023-12-24T01:46:03.884254+00:00
[2023-12-24T01:46:03.894+0000] {processor.py:179} INFO - Processing /home/airflow/.local/lib/python3.8/site-packages/airflow/example_dags/example_skip_dag.py took 0.046 seconds
[2023-12-24T01:46:35.181+0000] {processor.py:157} INFO - Started process (PID=597) to work on /home/airflow/.local/lib/python3.8/site-packages/airflow/example_dags/example_skip_dag.py
[2023-12-24T01:46:35.182+0000] {processor.py:829} INFO - Processing file /home/airflow/.local/lib/python3.8/site-packages/airflow/example_dags/example_skip_dag.py for tasks to queue
[2023-12-24T01:46:35.184+0000] {logging_mixin.py:154} INFO - [2023-12-24T01:46:35.184+0000] {dagbag.py:536} INFO - Filling up the DagBag from /home/airflow/.local/lib/python3.8/site-packages/airflow/example_dags/example_skip_dag.py
[2023-12-24T01:46:35.189+0000] {processor.py:839} INFO - DAG(s) dict_keys(['example_skip_dag']) retrieved from /home/airflow/.local/lib/python3.8/site-packages/airflow/example_dags/example_skip_dag.py
[2023-12-24T01:46:35.320+0000] {logging_mixin.py:154} INFO - [2023-12-24T01:46:35.320+0000] {dag.py:2941} INFO - Sync 1 DAGs
[2023-12-24T01:46:35.331+0000] {logging_mixin.py:154} INFO - [2023-12-24T01:46:35.331+0000] {dag.py:3722} INFO - Setting next_dagrun for example_skip_dag to 2023-12-23T01:46:35.331055+00:00, run_after=2023-12-24T01:46:35.331055+00:00
[2023-12-24T01:46:35.341+0000] {processor.py:179} INFO - Processing /home/airflow/.local/lib/python3.8/site-packages/airflow/example_dags/example_skip_dag.py took 0.162 seconds
[2023-12-24T01:50:39.139+0000] {processor.py:157} INFO - Started process (PID=1030) to work on /home/airflow/.local/lib/python3.8/site-packages/airflow/example_dags/example_skip_dag.py
[2023-12-24T01:50:39.141+0000] {processor.py:829} INFO - Processing file /home/airflow/.local/lib/python3.8/site-packages/airflow/example_dags/example_skip_dag.py for tasks to queue
[2023-12-24T01:50:39.142+0000] {logging_mixin.py:154} INFO - [2023-12-24T01:50:39.142+0000] {dagbag.py:536} INFO - Filling up the DagBag from /home/airflow/.local/lib/python3.8/site-packages/airflow/example_dags/example_skip_dag.py
[2023-12-24T01:50:39.147+0000] {processor.py:839} INFO - DAG(s) dict_keys(['example_skip_dag']) retrieved from /home/airflow/.local/lib/python3.8/site-packages/airflow/example_dags/example_skip_dag.py
[2023-12-24T01:50:39.205+0000] {logging_mixin.py:154} INFO - [2023-12-24T01:50:39.205+0000] {dag.py:2941} INFO - Sync 1 DAGs
[2023-12-24T01:50:39.215+0000] {logging_mixin.py:154} INFO - [2023-12-24T01:50:39.215+0000] {dag.py:3722} INFO - Setting next_dagrun for example_skip_dag to 2023-12-23T01:50:39.215070+00:00, run_after=2023-12-24T01:50:39.215070+00:00
[2023-12-24T01:50:39.226+0000] {processor.py:179} INFO - Processing /home/airflow/.local/lib/python3.8/site-packages/airflow/example_dags/example_skip_dag.py took 0.089 seconds
[2023-12-24T01:51:09.316+0000] {processor.py:157} INFO - Started process (PID=1085) to work on /home/airflow/.local/lib/python3.8/site-packages/airflow/example_dags/example_skip_dag.py
[2023-12-24T01:51:09.317+0000] {processor.py:829} INFO - Processing file /home/airflow/.local/lib/python3.8/site-packages/airflow/example_dags/example_skip_dag.py for tasks to queue
[2023-12-24T01:51:09.318+0000] {logging_mixin.py:154} INFO - [2023-12-24T01:51:09.318+0000] {dagbag.py:536} INFO - Filling up the DagBag from /home/airflow/.local/lib/python3.8/site-packages/airflow/example_dags/example_skip_dag.py
[2023-12-24T01:51:09.324+0000] {processor.py:839} INFO - DAG(s) dict_keys(['example_skip_dag']) retrieved from /home/airflow/.local/lib/python3.8/site-packages/airflow/example_dags/example_skip_dag.py
[2023-12-24T01:51:09.337+0000] {logging_mixin.py:154} INFO - [2023-12-24T01:51:09.337+0000] {dag.py:2941} INFO - Sync 1 DAGs
[2023-12-24T01:51:09.349+0000] {logging_mixin.py:154} INFO - [2023-12-24T01:51:09.349+0000] {dag.py:3722} INFO - Setting next_dagrun for example_skip_dag to 2023-12-23T01:51:09.349652+00:00, run_after=2023-12-24T01:51:09.349652+00:00
[2023-12-24T01:51:09.359+0000] {processor.py:179} INFO - Processing /home/airflow/.local/lib/python3.8/site-packages/airflow/example_dags/example_skip_dag.py took 0.045 seconds
[2023-12-24T01:51:39.589+0000] {processor.py:157} INFO - Started process (PID=1141) to work on /home/airflow/.local/lib/python3.8/site-packages/airflow/example_dags/example_skip_dag.py
[2023-12-24T01:51:39.591+0000] {processor.py:829} INFO - Processing file /home/airflow/.local/lib/python3.8/site-packages/airflow/example_dags/example_skip_dag.py for tasks to queue
[2023-12-24T01:51:39.592+0000] {logging_mixin.py:154} INFO - [2023-12-24T01:51:39.592+0000] {dagbag.py:536} INFO - Filling up the DagBag from /home/airflow/.local/lib/python3.8/site-packages/airflow/example_dags/example_skip_dag.py
[2023-12-24T01:51:39.598+0000] {processor.py:839} INFO - DAG(s) dict_keys(['example_skip_dag']) retrieved from /home/airflow/.local/lib/python3.8/site-packages/airflow/example_dags/example_skip_dag.py
[2023-12-24T01:51:39.614+0000] {logging_mixin.py:154} INFO - [2023-12-24T01:51:39.613+0000] {dag.py:2941} INFO - Sync 1 DAGs
[2023-12-24T01:51:39.627+0000] {logging_mixin.py:154} INFO - [2023-12-24T01:51:39.627+0000] {dag.py:3722} INFO - Setting next_dagrun for example_skip_dag to 2023-12-23T01:51:39.626898+00:00, run_after=2023-12-24T01:51:39.626898+00:00
[2023-12-24T01:51:39.638+0000] {processor.py:179} INFO - Processing /home/airflow/.local/lib/python3.8/site-packages/airflow/example_dags/example_skip_dag.py took 0.052 seconds
[2023-12-24T01:52:09.734+0000] {processor.py:157} INFO - Started process (PID=1196) to work on /home/airflow/.local/lib/python3.8/site-packages/airflow/example_dags/example_skip_dag.py
[2023-12-24T01:52:09.735+0000] {processor.py:829} INFO - Processing file /home/airflow/.local/lib/python3.8/site-packages/airflow/example_dags/example_skip_dag.py for tasks to queue
[2023-12-24T01:52:09.737+0000] {logging_mixin.py:154} INFO - [2023-12-24T01:52:09.736+0000] {dagbag.py:536} INFO - Filling up the DagBag from /home/airflow/.local/lib/python3.8/site-packages/airflow/example_dags/example_skip_dag.py
[2023-12-24T01:52:09.743+0000] {processor.py:839} INFO - DAG(s) dict_keys(['example_skip_dag']) retrieved from /home/airflow/.local/lib/python3.8/site-packages/airflow/example_dags/example_skip_dag.py
[2023-12-24T01:52:09.758+0000] {logging_mixin.py:154} INFO - [2023-12-24T01:52:09.758+0000] {dag.py:2941} INFO - Sync 1 DAGs
[2023-12-24T01:52:09.772+0000] {logging_mixin.py:154} INFO - [2023-12-24T01:52:09.772+0000] {dag.py:3722} INFO - Setting next_dagrun for example_skip_dag to 2023-12-23T01:52:09.772418+00:00, run_after=2023-12-24T01:52:09.772418+00:00
[2023-12-24T01:52:09.786+0000] {processor.py:179} INFO - Processing /home/airflow/.local/lib/python3.8/site-packages/airflow/example_dags/example_skip_dag.py took 0.055 seconds
[2023-12-24T01:52:40.007+0000] {processor.py:157} INFO - Started process (PID=1251) to work on /home/airflow/.local/lib/python3.8/site-packages/airflow/example_dags/example_skip_dag.py
[2023-12-24T01:52:40.008+0000] {processor.py:829} INFO - Processing file /home/airflow/.local/lib/python3.8/site-packages/airflow/example_dags/example_skip_dag.py for tasks to queue
[2023-12-24T01:52:40.009+0000] {logging_mixin.py:154} INFO - [2023-12-24T01:52:40.009+0000] {dagbag.py:536} INFO - Filling up the DagBag from /home/airflow/.local/lib/python3.8/site-packages/airflow/example_dags/example_skip_dag.py
[2023-12-24T01:52:40.014+0000] {processor.py:839} INFO - DAG(s) dict_keys(['example_skip_dag']) retrieved from /home/airflow/.local/lib/python3.8/site-packages/airflow/example_dags/example_skip_dag.py
[2023-12-24T01:52:40.027+0000] {logging_mixin.py:154} INFO - [2023-12-24T01:52:40.027+0000] {dag.py:2941} INFO - Sync 1 DAGs
[2023-12-24T01:52:40.040+0000] {logging_mixin.py:154} INFO - [2023-12-24T01:52:40.040+0000] {dag.py:3722} INFO - Setting next_dagrun for example_skip_dag to 2023-12-23T01:52:40.040222+00:00, run_after=2023-12-24T01:52:40.040222+00:00
[2023-12-24T01:52:40.050+0000] {processor.py:179} INFO - Processing /home/airflow/.local/lib/python3.8/site-packages/airflow/example_dags/example_skip_dag.py took 0.045 seconds
[2023-12-24T01:53:10.273+0000] {processor.py:157} INFO - Started process (PID=1307) to work on /home/airflow/.local/lib/python3.8/site-packages/airflow/example_dags/example_skip_dag.py
[2023-12-24T01:53:10.274+0000] {processor.py:829} INFO - Processing file /home/airflow/.local/lib/python3.8/site-packages/airflow/example_dags/example_skip_dag.py for tasks to queue
[2023-12-24T01:53:10.275+0000] {logging_mixin.py:154} INFO - [2023-12-24T01:53:10.275+0000] {dagbag.py:536} INFO - Filling up the DagBag from /home/airflow/.local/lib/python3.8/site-packages/airflow/example_dags/example_skip_dag.py
[2023-12-24T01:53:10.281+0000] {processor.py:839} INFO - DAG(s) dict_keys(['example_skip_dag']) retrieved from /home/airflow/.local/lib/python3.8/site-packages/airflow/example_dags/example_skip_dag.py
[2023-12-24T01:53:10.294+0000] {logging_mixin.py:154} INFO - [2023-12-24T01:53:10.294+0000] {dag.py:2941} INFO - Sync 1 DAGs
[2023-12-24T01:53:10.307+0000] {logging_mixin.py:154} INFO - [2023-12-24T01:53:10.307+0000] {dag.py:3722} INFO - Setting next_dagrun for example_skip_dag to 2023-12-23T01:53:10.306952+00:00, run_after=2023-12-24T01:53:10.306952+00:00
[2023-12-24T01:53:10.317+0000] {processor.py:179} INFO - Processing /home/airflow/.local/lib/python3.8/site-packages/airflow/example_dags/example_skip_dag.py took 0.046 seconds
