[2023-12-24T00:16:11.909+0000] {processor.py:157} INFO - Started process (PID=6219) to work on /home/airflow/.local/lib/python3.8/site-packages/airflow/example_dags/tutorial_dag.py
[2023-12-24T00:16:11.912+0000] {processor.py:829} INFO - Processing file /home/airflow/.local/lib/python3.8/site-packages/airflow/example_dags/tutorial_dag.py for tasks to queue
[2023-12-24T00:16:11.916+0000] {logging_mixin.py:154} INFO - [2023-12-24T00:16:11.916+0000] {dagbag.py:536} INFO - Filling up the DagBag from /home/airflow/.local/lib/python3.8/site-packages/airflow/example_dags/tutorial_dag.py
[2023-12-24T00:16:11.923+0000] {processor.py:839} INFO - DAG(s) dict_keys(['tutorial_dag']) retrieved from /home/airflow/.local/lib/python3.8/site-packages/airflow/example_dags/tutorial_dag.py
[2023-12-24T00:16:11.944+0000] {logging_mixin.py:154} INFO - [2023-12-24T00:16:11.944+0000] {dag.py:2941} INFO - Sync 1 DAGs
[2023-12-24T00:16:11.954+0000] {logging_mixin.py:154} INFO - [2023-12-24T00:16:11.954+0000] {dag.py:3722} INFO - Setting next_dagrun for tutorial_dag to None, run_after=None
[2023-12-24T00:16:11.968+0000] {processor.py:179} INFO - Processing /home/airflow/.local/lib/python3.8/site-packages/airflow/example_dags/tutorial_dag.py took 0.064 seconds
[2023-12-24T00:16:42.275+0000] {processor.py:157} INFO - Started process (PID=6275) to work on /home/airflow/.local/lib/python3.8/site-packages/airflow/example_dags/tutorial_dag.py
[2023-12-24T00:16:42.276+0000] {processor.py:829} INFO - Processing file /home/airflow/.local/lib/python3.8/site-packages/airflow/example_dags/tutorial_dag.py for tasks to queue
[2023-12-24T00:16:42.278+0000] {logging_mixin.py:154} INFO - [2023-12-24T00:16:42.278+0000] {dagbag.py:536} INFO - Filling up the DagBag from /home/airflow/.local/lib/python3.8/site-packages/airflow/example_dags/tutorial_dag.py
[2023-12-24T00:16:42.282+0000] {processor.py:839} INFO - DAG(s) dict_keys(['tutorial_dag']) retrieved from /home/airflow/.local/lib/python3.8/site-packages/airflow/example_dags/tutorial_dag.py
[2023-12-24T00:16:42.296+0000] {logging_mixin.py:154} INFO - [2023-12-24T00:16:42.296+0000] {dag.py:2941} INFO - Sync 1 DAGs
[2023-12-24T00:16:42.303+0000] {logging_mixin.py:154} INFO - [2023-12-24T00:16:42.302+0000] {dag.py:3722} INFO - Setting next_dagrun for tutorial_dag to None, run_after=None
[2023-12-24T00:16:42.313+0000] {processor.py:179} INFO - Processing /home/airflow/.local/lib/python3.8/site-packages/airflow/example_dags/tutorial_dag.py took 0.040 seconds
[2023-12-24T00:33:51.135+0000] {processor.py:157} INFO - Started process (PID=6331) to work on /home/airflow/.local/lib/python3.8/site-packages/airflow/example_dags/tutorial_dag.py
[2023-12-24T00:33:51.137+0000] {processor.py:829} INFO - Processing file /home/airflow/.local/lib/python3.8/site-packages/airflow/example_dags/tutorial_dag.py for tasks to queue
[2023-12-24T00:33:51.138+0000] {logging_mixin.py:154} INFO - [2023-12-24T00:33:51.138+0000] {dagbag.py:536} INFO - Filling up the DagBag from /home/airflow/.local/lib/python3.8/site-packages/airflow/example_dags/tutorial_dag.py
[2023-12-24T00:33:51.143+0000] {processor.py:839} INFO - DAG(s) dict_keys(['tutorial_dag']) retrieved from /home/airflow/.local/lib/python3.8/site-packages/airflow/example_dags/tutorial_dag.py
[2023-12-24T00:33:51.155+0000] {logging_mixin.py:154} INFO - [2023-12-24T00:33:51.155+0000] {dag.py:2941} INFO - Sync 1 DAGs
[2023-12-24T00:33:51.162+0000] {logging_mixin.py:154} INFO - [2023-12-24T00:33:51.162+0000] {dag.py:3722} INFO - Setting next_dagrun for tutorial_dag to None, run_after=None
[2023-12-24T00:33:51.173+0000] {processor.py:179} INFO - Processing /home/airflow/.local/lib/python3.8/site-packages/airflow/example_dags/tutorial_dag.py took 0.040 seconds
[2023-12-24T00:34:21.393+0000] {processor.py:157} INFO - Started process (PID=6387) to work on /home/airflow/.local/lib/python3.8/site-packages/airflow/example_dags/tutorial_dag.py
[2023-12-24T00:34:21.394+0000] {processor.py:829} INFO - Processing file /home/airflow/.local/lib/python3.8/site-packages/airflow/example_dags/tutorial_dag.py for tasks to queue
[2023-12-24T00:34:21.397+0000] {logging_mixin.py:154} INFO - [2023-12-24T00:34:21.397+0000] {dagbag.py:536} INFO - Filling up the DagBag from /home/airflow/.local/lib/python3.8/site-packages/airflow/example_dags/tutorial_dag.py
[2023-12-24T00:34:21.401+0000] {processor.py:839} INFO - DAG(s) dict_keys(['tutorial_dag']) retrieved from /home/airflow/.local/lib/python3.8/site-packages/airflow/example_dags/tutorial_dag.py
[2023-12-24T00:34:21.413+0000] {logging_mixin.py:154} INFO - [2023-12-24T00:34:21.413+0000] {dag.py:2941} INFO - Sync 1 DAGs
[2023-12-24T00:34:21.421+0000] {logging_mixin.py:154} INFO - [2023-12-24T00:34:21.421+0000] {dag.py:3722} INFO - Setting next_dagrun for tutorial_dag to None, run_after=None
[2023-12-24T00:34:21.431+0000] {processor.py:179} INFO - Processing /home/airflow/.local/lib/python3.8/site-packages/airflow/example_dags/tutorial_dag.py took 0.040 seconds
[2023-12-24T00:51:36.542+0000] {processor.py:157} INFO - Started process (PID=6442) to work on /home/airflow/.local/lib/python3.8/site-packages/airflow/example_dags/tutorial_dag.py
[2023-12-24T00:51:36.544+0000] {processor.py:829} INFO - Processing file /home/airflow/.local/lib/python3.8/site-packages/airflow/example_dags/tutorial_dag.py for tasks to queue
[2023-12-24T00:51:36.546+0000] {logging_mixin.py:154} INFO - [2023-12-24T00:51:36.546+0000] {dagbag.py:536} INFO - Filling up the DagBag from /home/airflow/.local/lib/python3.8/site-packages/airflow/example_dags/tutorial_dag.py
[2023-12-24T00:51:36.551+0000] {processor.py:839} INFO - DAG(s) dict_keys(['tutorial_dag']) retrieved from /home/airflow/.local/lib/python3.8/site-packages/airflow/example_dags/tutorial_dag.py
[2023-12-24T00:51:36.566+0000] {logging_mixin.py:154} INFO - [2023-12-24T00:51:36.566+0000] {dag.py:2941} INFO - Sync 1 DAGs
[2023-12-24T00:51:36.574+0000] {logging_mixin.py:154} INFO - [2023-12-24T00:51:36.574+0000] {dag.py:3722} INFO - Setting next_dagrun for tutorial_dag to None, run_after=None
[2023-12-24T00:51:36.587+0000] {processor.py:179} INFO - Processing /home/airflow/.local/lib/python3.8/site-packages/airflow/example_dags/tutorial_dag.py took 0.048 seconds
[2023-12-24T00:52:06.969+0000] {processor.py:157} INFO - Started process (PID=6497) to work on /home/airflow/.local/lib/python3.8/site-packages/airflow/example_dags/tutorial_dag.py
[2023-12-24T00:52:06.970+0000] {processor.py:829} INFO - Processing file /home/airflow/.local/lib/python3.8/site-packages/airflow/example_dags/tutorial_dag.py for tasks to queue
[2023-12-24T00:52:06.972+0000] {logging_mixin.py:154} INFO - [2023-12-24T00:52:06.972+0000] {dagbag.py:536} INFO - Filling up the DagBag from /home/airflow/.local/lib/python3.8/site-packages/airflow/example_dags/tutorial_dag.py
[2023-12-24T00:52:06.976+0000] {processor.py:839} INFO - DAG(s) dict_keys(['tutorial_dag']) retrieved from /home/airflow/.local/lib/python3.8/site-packages/airflow/example_dags/tutorial_dag.py
[2023-12-24T00:52:06.989+0000] {logging_mixin.py:154} INFO - [2023-12-24T00:52:06.988+0000] {dag.py:2941} INFO - Sync 1 DAGs
[2023-12-24T00:52:06.996+0000] {logging_mixin.py:154} INFO - [2023-12-24T00:52:06.995+0000] {dag.py:3722} INFO - Setting next_dagrun for tutorial_dag to None, run_after=None
[2023-12-24T00:52:07.005+0000] {processor.py:179} INFO - Processing /home/airflow/.local/lib/python3.8/site-packages/airflow/example_dags/tutorial_dag.py took 0.038 seconds
[2023-12-24T01:08:53.267+0000] {processor.py:157} INFO - Started process (PID=6552) to work on /home/airflow/.local/lib/python3.8/site-packages/airflow/example_dags/tutorial_dag.py
[2023-12-24T01:08:53.268+0000] {processor.py:829} INFO - Processing file /home/airflow/.local/lib/python3.8/site-packages/airflow/example_dags/tutorial_dag.py for tasks to queue
[2023-12-24T01:08:53.270+0000] {logging_mixin.py:154} INFO - [2023-12-24T01:08:53.269+0000] {dagbag.py:536} INFO - Filling up the DagBag from /home/airflow/.local/lib/python3.8/site-packages/airflow/example_dags/tutorial_dag.py
[2023-12-24T01:08:53.274+0000] {processor.py:839} INFO - DAG(s) dict_keys(['tutorial_dag']) retrieved from /home/airflow/.local/lib/python3.8/site-packages/airflow/example_dags/tutorial_dag.py
[2023-12-24T01:08:53.287+0000] {logging_mixin.py:154} INFO - [2023-12-24T01:08:53.287+0000] {dag.py:2941} INFO - Sync 1 DAGs
[2023-12-24T01:08:53.294+0000] {logging_mixin.py:154} INFO - [2023-12-24T01:08:53.294+0000] {dag.py:3722} INFO - Setting next_dagrun for tutorial_dag to None, run_after=None
[2023-12-24T01:08:53.304+0000] {processor.py:179} INFO - Processing /home/airflow/.local/lib/python3.8/site-packages/airflow/example_dags/tutorial_dag.py took 0.039 seconds
[2023-12-24T01:26:17.462+0000] {processor.py:157} INFO - Started process (PID=6608) to work on /home/airflow/.local/lib/python3.8/site-packages/airflow/example_dags/tutorial_dag.py
[2023-12-24T01:26:17.463+0000] {processor.py:829} INFO - Processing file /home/airflow/.local/lib/python3.8/site-packages/airflow/example_dags/tutorial_dag.py for tasks to queue
[2023-12-24T01:26:17.465+0000] {logging_mixin.py:154} INFO - [2023-12-24T01:26:17.465+0000] {dagbag.py:536} INFO - Filling up the DagBag from /home/airflow/.local/lib/python3.8/site-packages/airflow/example_dags/tutorial_dag.py
[2023-12-24T01:26:17.470+0000] {processor.py:839} INFO - DAG(s) dict_keys(['tutorial_dag']) retrieved from /home/airflow/.local/lib/python3.8/site-packages/airflow/example_dags/tutorial_dag.py
[2023-12-24T01:26:17.483+0000] {logging_mixin.py:154} INFO - [2023-12-24T01:26:17.483+0000] {dag.py:2941} INFO - Sync 1 DAGs
[2023-12-24T01:26:17.490+0000] {logging_mixin.py:154} INFO - [2023-12-24T01:26:17.490+0000] {dag.py:3722} INFO - Setting next_dagrun for tutorial_dag to None, run_after=None
[2023-12-24T01:26:17.501+0000] {processor.py:179} INFO - Processing /home/airflow/.local/lib/python3.8/site-packages/airflow/example_dags/tutorial_dag.py took 0.041 seconds
[2023-12-24T01:26:47.766+0000] {processor.py:157} INFO - Started process (PID=6664) to work on /home/airflow/.local/lib/python3.8/site-packages/airflow/example_dags/tutorial_dag.py
[2023-12-24T01:26:47.767+0000] {processor.py:829} INFO - Processing file /home/airflow/.local/lib/python3.8/site-packages/airflow/example_dags/tutorial_dag.py for tasks to queue
[2023-12-24T01:26:47.769+0000] {logging_mixin.py:154} INFO - [2023-12-24T01:26:47.769+0000] {dagbag.py:536} INFO - Filling up the DagBag from /home/airflow/.local/lib/python3.8/site-packages/airflow/example_dags/tutorial_dag.py
[2023-12-24T01:26:47.773+0000] {processor.py:839} INFO - DAG(s) dict_keys(['tutorial_dag']) retrieved from /home/airflow/.local/lib/python3.8/site-packages/airflow/example_dags/tutorial_dag.py
[2023-12-24T01:26:47.786+0000] {logging_mixin.py:154} INFO - [2023-12-24T01:26:47.786+0000] {dag.py:2941} INFO - Sync 1 DAGs
[2023-12-24T01:26:47.794+0000] {logging_mixin.py:154} INFO - [2023-12-24T01:26:47.794+0000] {dag.py:3722} INFO - Setting next_dagrun for tutorial_dag to None, run_after=None
[2023-12-24T01:26:47.803+0000] {processor.py:179} INFO - Processing /home/airflow/.local/lib/python3.8/site-packages/airflow/example_dags/tutorial_dag.py took 0.040 seconds
[2023-12-24T01:39:27.338+0000] {processor.py:157} INFO - Started process (PID=6721) to work on /home/airflow/.local/lib/python3.8/site-packages/airflow/example_dags/tutorial_dag.py
[2023-12-24T01:39:27.339+0000] {processor.py:829} INFO - Processing file /home/airflow/.local/lib/python3.8/site-packages/airflow/example_dags/tutorial_dag.py for tasks to queue
[2023-12-24T01:39:27.341+0000] {logging_mixin.py:154} INFO - [2023-12-24T01:39:27.341+0000] {dagbag.py:536} INFO - Filling up the DagBag from /home/airflow/.local/lib/python3.8/site-packages/airflow/example_dags/tutorial_dag.py
[2023-12-24T01:39:27.345+0000] {processor.py:839} INFO - DAG(s) dict_keys(['tutorial_dag']) retrieved from /home/airflow/.local/lib/python3.8/site-packages/airflow/example_dags/tutorial_dag.py
[2023-12-24T01:39:27.357+0000] {logging_mixin.py:154} INFO - [2023-12-24T01:39:27.357+0000] {dag.py:2941} INFO - Sync 1 DAGs
[2023-12-24T01:39:27.365+0000] {logging_mixin.py:154} INFO - [2023-12-24T01:39:27.365+0000] {dag.py:3722} INFO - Setting next_dagrun for tutorial_dag to None, run_after=None
[2023-12-24T01:39:27.375+0000] {processor.py:179} INFO - Processing /home/airflow/.local/lib/python3.8/site-packages/airflow/example_dags/tutorial_dag.py took 0.039 seconds
[2023-12-24T01:39:57.616+0000] {processor.py:157} INFO - Started process (PID=6776) to work on /home/airflow/.local/lib/python3.8/site-packages/airflow/example_dags/tutorial_dag.py
[2023-12-24T01:39:57.618+0000] {processor.py:829} INFO - Processing file /home/airflow/.local/lib/python3.8/site-packages/airflow/example_dags/tutorial_dag.py for tasks to queue
[2023-12-24T01:39:57.620+0000] {logging_mixin.py:154} INFO - [2023-12-24T01:39:57.620+0000] {dagbag.py:536} INFO - Filling up the DagBag from /home/airflow/.local/lib/python3.8/site-packages/airflow/example_dags/tutorial_dag.py
[2023-12-24T01:39:57.625+0000] {processor.py:839} INFO - DAG(s) dict_keys(['tutorial_dag']) retrieved from /home/airflow/.local/lib/python3.8/site-packages/airflow/example_dags/tutorial_dag.py
[2023-12-24T01:39:57.638+0000] {logging_mixin.py:154} INFO - [2023-12-24T01:39:57.638+0000] {dag.py:2941} INFO - Sync 1 DAGs
[2023-12-24T01:39:57.646+0000] {logging_mixin.py:154} INFO - [2023-12-24T01:39:57.646+0000] {dag.py:3722} INFO - Setting next_dagrun for tutorial_dag to None, run_after=None
[2023-12-24T01:39:57.658+0000] {processor.py:179} INFO - Processing /home/airflow/.local/lib/python3.8/site-packages/airflow/example_dags/tutorial_dag.py took 0.044 seconds
[2023-12-24T01:40:27.926+0000] {processor.py:157} INFO - Started process (PID=6831) to work on /home/airflow/.local/lib/python3.8/site-packages/airflow/example_dags/tutorial_dag.py
[2023-12-24T01:40:27.927+0000] {processor.py:829} INFO - Processing file /home/airflow/.local/lib/python3.8/site-packages/airflow/example_dags/tutorial_dag.py for tasks to queue
[2023-12-24T01:40:27.929+0000] {logging_mixin.py:154} INFO - [2023-12-24T01:40:27.929+0000] {dagbag.py:536} INFO - Filling up the DagBag from /home/airflow/.local/lib/python3.8/site-packages/airflow/example_dags/tutorial_dag.py
[2023-12-24T01:40:27.934+0000] {processor.py:839} INFO - DAG(s) dict_keys(['tutorial_dag']) retrieved from /home/airflow/.local/lib/python3.8/site-packages/airflow/example_dags/tutorial_dag.py
[2023-12-24T01:40:27.948+0000] {logging_mixin.py:154} INFO - [2023-12-24T01:40:27.947+0000] {dag.py:2941} INFO - Sync 1 DAGs
[2023-12-24T01:40:27.955+0000] {logging_mixin.py:154} INFO - [2023-12-24T01:40:27.955+0000] {dag.py:3722} INFO - Setting next_dagrun for tutorial_dag to None, run_after=None
[2023-12-24T01:40:27.967+0000] {processor.py:179} INFO - Processing /home/airflow/.local/lib/python3.8/site-packages/airflow/example_dags/tutorial_dag.py took 0.043 seconds
[2023-12-24T01:41:30.538+0000] {processor.py:157} INFO - Started process (PID=58) to work on /home/airflow/.local/lib/python3.8/site-packages/airflow/example_dags/tutorial_dag.py
[2023-12-24T01:41:30.539+0000] {processor.py:829} INFO - Processing file /home/airflow/.local/lib/python3.8/site-packages/airflow/example_dags/tutorial_dag.py for tasks to queue
[2023-12-24T01:41:30.542+0000] {logging_mixin.py:154} INFO - [2023-12-24T01:41:30.542+0000] {dagbag.py:536} INFO - Filling up the DagBag from /home/airflow/.local/lib/python3.8/site-packages/airflow/example_dags/tutorial_dag.py
[2023-12-24T01:41:30.550+0000] {processor.py:839} INFO - DAG(s) dict_keys(['tutorial_dag']) retrieved from /home/airflow/.local/lib/python3.8/site-packages/airflow/example_dags/tutorial_dag.py
[2023-12-24T01:41:30.561+0000] {logging_mixin.py:154} INFO - [2023-12-24T01:41:30.560+0000] {dag.py:2941} INFO - Sync 1 DAGs
[2023-12-24T01:41:30.571+0000] {logging_mixin.py:154} INFO - [2023-12-24T01:41:30.571+0000] {dag.py:3722} INFO - Setting next_dagrun for tutorial_dag to None, run_after=None
[2023-12-24T01:41:30.587+0000] {processor.py:179} INFO - Processing /home/airflow/.local/lib/python3.8/site-packages/airflow/example_dags/tutorial_dag.py took 0.052 seconds
[2023-12-24T01:42:01.043+0000] {processor.py:157} INFO - Started process (PID=114) to work on /home/airflow/.local/lib/python3.8/site-packages/airflow/example_dags/tutorial_dag.py
[2023-12-24T01:42:01.045+0000] {processor.py:829} INFO - Processing file /home/airflow/.local/lib/python3.8/site-packages/airflow/example_dags/tutorial_dag.py for tasks to queue
[2023-12-24T01:42:01.047+0000] {logging_mixin.py:154} INFO - [2023-12-24T01:42:01.047+0000] {dagbag.py:536} INFO - Filling up the DagBag from /home/airflow/.local/lib/python3.8/site-packages/airflow/example_dags/tutorial_dag.py
[2023-12-24T01:42:01.051+0000] {processor.py:839} INFO - DAG(s) dict_keys(['tutorial_dag']) retrieved from /home/airflow/.local/lib/python3.8/site-packages/airflow/example_dags/tutorial_dag.py
[2023-12-24T01:42:01.064+0000] {logging_mixin.py:154} INFO - [2023-12-24T01:42:01.064+0000] {dag.py:2941} INFO - Sync 1 DAGs
[2023-12-24T01:42:01.071+0000] {logging_mixin.py:154} INFO - [2023-12-24T01:42:01.071+0000] {dag.py:3722} INFO - Setting next_dagrun for tutorial_dag to None, run_after=None
[2023-12-24T01:42:01.081+0000] {processor.py:179} INFO - Processing /home/airflow/.local/lib/python3.8/site-packages/airflow/example_dags/tutorial_dag.py took 0.041 seconds
[2023-12-24T01:42:31.270+0000] {processor.py:157} INFO - Started process (PID=169) to work on /home/airflow/.local/lib/python3.8/site-packages/airflow/example_dags/tutorial_dag.py
[2023-12-24T01:42:31.271+0000] {processor.py:829} INFO - Processing file /home/airflow/.local/lib/python3.8/site-packages/airflow/example_dags/tutorial_dag.py for tasks to queue
[2023-12-24T01:42:31.273+0000] {logging_mixin.py:154} INFO - [2023-12-24T01:42:31.273+0000] {dagbag.py:536} INFO - Filling up the DagBag from /home/airflow/.local/lib/python3.8/site-packages/airflow/example_dags/tutorial_dag.py
[2023-12-24T01:42:31.277+0000] {processor.py:839} INFO - DAG(s) dict_keys(['tutorial_dag']) retrieved from /home/airflow/.local/lib/python3.8/site-packages/airflow/example_dags/tutorial_dag.py
[2023-12-24T01:42:31.290+0000] {logging_mixin.py:154} INFO - [2023-12-24T01:42:31.290+0000] {dag.py:2941} INFO - Sync 1 DAGs
[2023-12-24T01:42:31.297+0000] {logging_mixin.py:154} INFO - [2023-12-24T01:42:31.297+0000] {dag.py:3722} INFO - Setting next_dagrun for tutorial_dag to None, run_after=None
[2023-12-24T01:42:31.307+0000] {processor.py:179} INFO - Processing /home/airflow/.local/lib/python3.8/site-packages/airflow/example_dags/tutorial_dag.py took 0.040 seconds
[2023-12-24T01:43:02.644+0000] {processor.py:157} INFO - Started process (PID=224) to work on /home/airflow/.local/lib/python3.8/site-packages/airflow/example_dags/tutorial_dag.py
[2023-12-24T01:43:02.645+0000] {processor.py:829} INFO - Processing file /home/airflow/.local/lib/python3.8/site-packages/airflow/example_dags/tutorial_dag.py for tasks to queue
[2023-12-24T01:43:02.647+0000] {logging_mixin.py:154} INFO - [2023-12-24T01:43:02.647+0000] {dagbag.py:536} INFO - Filling up the DagBag from /home/airflow/.local/lib/python3.8/site-packages/airflow/example_dags/tutorial_dag.py
[2023-12-24T01:43:02.651+0000] {processor.py:839} INFO - DAG(s) dict_keys(['tutorial_dag']) retrieved from /home/airflow/.local/lib/python3.8/site-packages/airflow/example_dags/tutorial_dag.py
[2023-12-24T01:43:02.665+0000] {logging_mixin.py:154} INFO - [2023-12-24T01:43:02.665+0000] {dag.py:2941} INFO - Sync 1 DAGs
[2023-12-24T01:43:02.673+0000] {logging_mixin.py:154} INFO - [2023-12-24T01:43:02.672+0000] {dag.py:3722} INFO - Setting next_dagrun for tutorial_dag to None, run_after=None
[2023-12-24T01:43:02.793+0000] {processor.py:179} INFO - Processing /home/airflow/.local/lib/python3.8/site-packages/airflow/example_dags/tutorial_dag.py took 0.151 seconds
[2023-12-24T01:43:33.312+0000] {processor.py:157} INFO - Started process (PID=281) to work on /home/airflow/.local/lib/python3.8/site-packages/airflow/example_dags/tutorial_dag.py
[2023-12-24T01:43:33.314+0000] {processor.py:829} INFO - Processing file /home/airflow/.local/lib/python3.8/site-packages/airflow/example_dags/tutorial_dag.py for tasks to queue
[2023-12-24T01:43:33.315+0000] {logging_mixin.py:154} INFO - [2023-12-24T01:43:33.315+0000] {dagbag.py:536} INFO - Filling up the DagBag from /home/airflow/.local/lib/python3.8/site-packages/airflow/example_dags/tutorial_dag.py
[2023-12-24T01:43:33.320+0000] {processor.py:839} INFO - DAG(s) dict_keys(['tutorial_dag']) retrieved from /home/airflow/.local/lib/python3.8/site-packages/airflow/example_dags/tutorial_dag.py
[2023-12-24T01:43:33.333+0000] {logging_mixin.py:154} INFO - [2023-12-24T01:43:33.333+0000] {dag.py:2941} INFO - Sync 1 DAGs
[2023-12-24T01:43:33.341+0000] {logging_mixin.py:154} INFO - [2023-12-24T01:43:33.341+0000] {dag.py:3722} INFO - Setting next_dagrun for tutorial_dag to None, run_after=None
[2023-12-24T01:43:33.352+0000] {processor.py:179} INFO - Processing /home/airflow/.local/lib/python3.8/site-packages/airflow/example_dags/tutorial_dag.py took 0.041 seconds
[2023-12-24T01:44:03.394+0000] {processor.py:157} INFO - Started process (PID=335) to work on /home/airflow/.local/lib/python3.8/site-packages/airflow/example_dags/tutorial_dag.py
[2023-12-24T01:44:03.395+0000] {processor.py:829} INFO - Processing file /home/airflow/.local/lib/python3.8/site-packages/airflow/example_dags/tutorial_dag.py for tasks to queue
[2023-12-24T01:44:03.397+0000] {logging_mixin.py:154} INFO - [2023-12-24T01:44:03.397+0000] {dagbag.py:536} INFO - Filling up the DagBag from /home/airflow/.local/lib/python3.8/site-packages/airflow/example_dags/tutorial_dag.py
[2023-12-24T01:44:03.401+0000] {processor.py:839} INFO - DAG(s) dict_keys(['tutorial_dag']) retrieved from /home/airflow/.local/lib/python3.8/site-packages/airflow/example_dags/tutorial_dag.py
[2023-12-24T01:44:03.413+0000] {logging_mixin.py:154} INFO - [2023-12-24T01:44:03.413+0000] {dag.py:2941} INFO - Sync 1 DAGs
[2023-12-24T01:44:03.421+0000] {logging_mixin.py:154} INFO - [2023-12-24T01:44:03.421+0000] {dag.py:3722} INFO - Setting next_dagrun for tutorial_dag to None, run_after=None
[2023-12-24T01:44:03.430+0000] {processor.py:179} INFO - Processing /home/airflow/.local/lib/python3.8/site-packages/airflow/example_dags/tutorial_dag.py took 0.038 seconds
[2023-12-24T01:44:34.368+0000] {processor.py:157} INFO - Started process (PID=391) to work on /home/airflow/.local/lib/python3.8/site-packages/airflow/example_dags/tutorial_dag.py
[2023-12-24T01:44:34.369+0000] {processor.py:829} INFO - Processing file /home/airflow/.local/lib/python3.8/site-packages/airflow/example_dags/tutorial_dag.py for tasks to queue
[2023-12-24T01:44:34.371+0000] {logging_mixin.py:154} INFO - [2023-12-24T01:44:34.371+0000] {dagbag.py:536} INFO - Filling up the DagBag from /home/airflow/.local/lib/python3.8/site-packages/airflow/example_dags/tutorial_dag.py
[2023-12-24T01:44:34.375+0000] {processor.py:839} INFO - DAG(s) dict_keys(['tutorial_dag']) retrieved from /home/airflow/.local/lib/python3.8/site-packages/airflow/example_dags/tutorial_dag.py
[2023-12-24T01:44:34.388+0000] {logging_mixin.py:154} INFO - [2023-12-24T01:44:34.387+0000] {dag.py:2941} INFO - Sync 1 DAGs
[2023-12-24T01:44:34.394+0000] {logging_mixin.py:154} INFO - [2023-12-24T01:44:34.394+0000] {dag.py:3722} INFO - Setting next_dagrun for tutorial_dag to None, run_after=None
[2023-12-24T01:44:34.404+0000] {processor.py:179} INFO - Processing /home/airflow/.local/lib/python3.8/site-packages/airflow/example_dags/tutorial_dag.py took 0.038 seconds
[2023-12-24T01:45:05.455+0000] {processor.py:157} INFO - Started process (PID=446) to work on /home/airflow/.local/lib/python3.8/site-packages/airflow/example_dags/tutorial_dag.py
[2023-12-24T01:45:05.456+0000] {processor.py:829} INFO - Processing file /home/airflow/.local/lib/python3.8/site-packages/airflow/example_dags/tutorial_dag.py for tasks to queue
[2023-12-24T01:45:05.458+0000] {logging_mixin.py:154} INFO - [2023-12-24T01:45:05.458+0000] {dagbag.py:536} INFO - Filling up the DagBag from /home/airflow/.local/lib/python3.8/site-packages/airflow/example_dags/tutorial_dag.py
[2023-12-24T01:45:05.462+0000] {processor.py:839} INFO - DAG(s) dict_keys(['tutorial_dag']) retrieved from /home/airflow/.local/lib/python3.8/site-packages/airflow/example_dags/tutorial_dag.py
[2023-12-24T01:45:05.476+0000] {logging_mixin.py:154} INFO - [2023-12-24T01:45:05.476+0000] {dag.py:2941} INFO - Sync 1 DAGs
[2023-12-24T01:45:05.585+0000] {logging_mixin.py:154} INFO - [2023-12-24T01:45:05.585+0000] {dag.py:3722} INFO - Setting next_dagrun for tutorial_dag to None, run_after=None
[2023-12-24T01:45:05.594+0000] {processor.py:179} INFO - Processing /home/airflow/.local/lib/python3.8/site-packages/airflow/example_dags/tutorial_dag.py took 0.141 seconds
[2023-12-24T01:45:36.162+0000] {processor.py:157} INFO - Started process (PID=502) to work on /home/airflow/.local/lib/python3.8/site-packages/airflow/example_dags/tutorial_dag.py
[2023-12-24T01:45:36.163+0000] {processor.py:829} INFO - Processing file /home/airflow/.local/lib/python3.8/site-packages/airflow/example_dags/tutorial_dag.py for tasks to queue
[2023-12-24T01:45:36.165+0000] {logging_mixin.py:154} INFO - [2023-12-24T01:45:36.165+0000] {dagbag.py:536} INFO - Filling up the DagBag from /home/airflow/.local/lib/python3.8/site-packages/airflow/example_dags/tutorial_dag.py
[2023-12-24T01:45:36.169+0000] {processor.py:839} INFO - DAG(s) dict_keys(['tutorial_dag']) retrieved from /home/airflow/.local/lib/python3.8/site-packages/airflow/example_dags/tutorial_dag.py
[2023-12-24T01:45:36.182+0000] {logging_mixin.py:154} INFO - [2023-12-24T01:45:36.182+0000] {dag.py:2941} INFO - Sync 1 DAGs
[2023-12-24T01:45:36.190+0000] {logging_mixin.py:154} INFO - [2023-12-24T01:45:36.190+0000] {dag.py:3722} INFO - Setting next_dagrun for tutorial_dag to None, run_after=None
[2023-12-24T01:45:36.200+0000] {processor.py:179} INFO - Processing /home/airflow/.local/lib/python3.8/site-packages/airflow/example_dags/tutorial_dag.py took 0.040 seconds
[2023-12-24T01:46:06.532+0000] {processor.py:157} INFO - Started process (PID=557) to work on /home/airflow/.local/lib/python3.8/site-packages/airflow/example_dags/tutorial_dag.py
[2023-12-24T01:46:06.533+0000] {processor.py:829} INFO - Processing file /home/airflow/.local/lib/python3.8/site-packages/airflow/example_dags/tutorial_dag.py for tasks to queue
[2023-12-24T01:46:06.535+0000] {logging_mixin.py:154} INFO - [2023-12-24T01:46:06.535+0000] {dagbag.py:536} INFO - Filling up the DagBag from /home/airflow/.local/lib/python3.8/site-packages/airflow/example_dags/tutorial_dag.py
[2023-12-24T01:46:06.539+0000] {processor.py:839} INFO - DAG(s) dict_keys(['tutorial_dag']) retrieved from /home/airflow/.local/lib/python3.8/site-packages/airflow/example_dags/tutorial_dag.py
[2023-12-24T01:46:06.551+0000] {logging_mixin.py:154} INFO - [2023-12-24T01:46:06.551+0000] {dag.py:2941} INFO - Sync 1 DAGs
[2023-12-24T01:46:06.558+0000] {logging_mixin.py:154} INFO - [2023-12-24T01:46:06.558+0000] {dag.py:3722} INFO - Setting next_dagrun for tutorial_dag to None, run_after=None
[2023-12-24T01:46:06.569+0000] {processor.py:179} INFO - Processing /home/airflow/.local/lib/python3.8/site-packages/airflow/example_dags/tutorial_dag.py took 0.039 seconds
[2023-12-24T01:46:37.625+0000] {processor.py:157} INFO - Started process (PID=612) to work on /home/airflow/.local/lib/python3.8/site-packages/airflow/example_dags/tutorial_dag.py
[2023-12-24T01:46:37.626+0000] {processor.py:829} INFO - Processing file /home/airflow/.local/lib/python3.8/site-packages/airflow/example_dags/tutorial_dag.py for tasks to queue
[2023-12-24T01:46:37.628+0000] {logging_mixin.py:154} INFO - [2023-12-24T01:46:37.628+0000] {dagbag.py:536} INFO - Filling up the DagBag from /home/airflow/.local/lib/python3.8/site-packages/airflow/example_dags/tutorial_dag.py
[2023-12-24T01:46:37.747+0000] {processor.py:839} INFO - DAG(s) dict_keys(['tutorial_dag']) retrieved from /home/airflow/.local/lib/python3.8/site-packages/airflow/example_dags/tutorial_dag.py
[2023-12-24T01:46:37.761+0000] {logging_mixin.py:154} INFO - [2023-12-24T01:46:37.761+0000] {dag.py:2941} INFO - Sync 1 DAGs
[2023-12-24T01:46:37.769+0000] {logging_mixin.py:154} INFO - [2023-12-24T01:46:37.769+0000] {dag.py:3722} INFO - Setting next_dagrun for tutorial_dag to None, run_after=None
[2023-12-24T01:46:37.782+0000] {processor.py:179} INFO - Processing /home/airflow/.local/lib/python3.8/site-packages/airflow/example_dags/tutorial_dag.py took 0.160 seconds
