[2023-12-24T00:16:12.365+0000] {processor.py:157} INFO - Started process (PID=6229) to work on /home/airflow/.local/lib/python3.8/site-packages/airflow/example_dags/tutorial.py
[2023-12-24T00:16:12.366+0000] {processor.py:829} INFO - Processing file /home/airflow/.local/lib/python3.8/site-packages/airflow/example_dags/tutorial.py for tasks to queue
[2023-12-24T00:16:12.368+0000] {logging_mixin.py:154} INFO - [2023-12-24T00:16:12.368+0000] {dagbag.py:536} INFO - Filling up the DagBag from /home/airflow/.local/lib/python3.8/site-packages/airflow/example_dags/tutorial.py
[2023-12-24T00:16:12.372+0000] {processor.py:839} INFO - DAG(s) dict_keys(['tutorial']) retrieved from /home/airflow/.local/lib/python3.8/site-packages/airflow/example_dags/tutorial.py
[2023-12-24T00:16:12.386+0000] {logging_mixin.py:154} INFO - [2023-12-24T00:16:12.386+0000] {dag.py:2941} INFO - Sync 1 DAGs
[2023-12-24T00:16:12.399+0000] {logging_mixin.py:154} INFO - [2023-12-24T00:16:12.398+0000] {dag.py:3722} INFO - Setting next_dagrun for tutorial to 2023-12-23T00:16:12.398816+00:00, run_after=2023-12-24T00:16:12.398816+00:00
[2023-12-24T00:16:12.412+0000] {processor.py:179} INFO - Processing /home/airflow/.local/lib/python3.8/site-packages/airflow/example_dags/tutorial.py took 0.049 seconds
[2023-12-24T00:16:42.613+0000] {processor.py:157} INFO - Started process (PID=6285) to work on /home/airflow/.local/lib/python3.8/site-packages/airflow/example_dags/tutorial.py
[2023-12-24T00:16:42.615+0000] {processor.py:829} INFO - Processing file /home/airflow/.local/lib/python3.8/site-packages/airflow/example_dags/tutorial.py for tasks to queue
[2023-12-24T00:16:42.616+0000] {logging_mixin.py:154} INFO - [2023-12-24T00:16:42.616+0000] {dagbag.py:536} INFO - Filling up the DagBag from /home/airflow/.local/lib/python3.8/site-packages/airflow/example_dags/tutorial.py
[2023-12-24T00:16:42.621+0000] {processor.py:839} INFO - DAG(s) dict_keys(['tutorial']) retrieved from /home/airflow/.local/lib/python3.8/site-packages/airflow/example_dags/tutorial.py
[2023-12-24T00:16:42.634+0000] {logging_mixin.py:154} INFO - [2023-12-24T00:16:42.634+0000] {dag.py:2941} INFO - Sync 1 DAGs
[2023-12-24T00:16:42.646+0000] {logging_mixin.py:154} INFO - [2023-12-24T00:16:42.646+0000] {dag.py:3722} INFO - Setting next_dagrun for tutorial to 2023-12-23T00:16:42.646579+00:00, run_after=2023-12-24T00:16:42.646579+00:00
[2023-12-24T00:16:42.656+0000] {processor.py:179} INFO - Processing /home/airflow/.local/lib/python3.8/site-packages/airflow/example_dags/tutorial.py took 0.045 seconds
[2023-12-24T00:33:51.520+0000] {processor.py:157} INFO - Started process (PID=6341) to work on /home/airflow/.local/lib/python3.8/site-packages/airflow/example_dags/tutorial.py
[2023-12-24T00:33:51.522+0000] {processor.py:829} INFO - Processing file /home/airflow/.local/lib/python3.8/site-packages/airflow/example_dags/tutorial.py for tasks to queue
[2023-12-24T00:33:51.524+0000] {logging_mixin.py:154} INFO - [2023-12-24T00:33:51.523+0000] {dagbag.py:536} INFO - Filling up the DagBag from /home/airflow/.local/lib/python3.8/site-packages/airflow/example_dags/tutorial.py
[2023-12-24T00:33:51.528+0000] {processor.py:839} INFO - DAG(s) dict_keys(['tutorial']) retrieved from /home/airflow/.local/lib/python3.8/site-packages/airflow/example_dags/tutorial.py
[2023-12-24T00:33:51.540+0000] {logging_mixin.py:154} INFO - [2023-12-24T00:33:51.540+0000] {dag.py:2941} INFO - Sync 1 DAGs
[2023-12-24T00:33:51.553+0000] {logging_mixin.py:154} INFO - [2023-12-24T00:33:51.552+0000] {dag.py:3722} INFO - Setting next_dagrun for tutorial to 2023-12-23T00:33:51.552724+00:00, run_after=2023-12-24T00:33:51.552724+00:00
[2023-12-24T00:33:51.563+0000] {processor.py:179} INFO - Processing /home/airflow/.local/lib/python3.8/site-packages/airflow/example_dags/tutorial.py took 0.044 seconds
[2023-12-24T00:34:21.792+0000] {processor.py:157} INFO - Started process (PID=6397) to work on /home/airflow/.local/lib/python3.8/site-packages/airflow/example_dags/tutorial.py
[2023-12-24T00:34:21.794+0000] {processor.py:829} INFO - Processing file /home/airflow/.local/lib/python3.8/site-packages/airflow/example_dags/tutorial.py for tasks to queue
[2023-12-24T00:34:21.796+0000] {logging_mixin.py:154} INFO - [2023-12-24T00:34:21.796+0000] {dagbag.py:536} INFO - Filling up the DagBag from /home/airflow/.local/lib/python3.8/site-packages/airflow/example_dags/tutorial.py
[2023-12-24T00:34:21.800+0000] {processor.py:839} INFO - DAG(s) dict_keys(['tutorial']) retrieved from /home/airflow/.local/lib/python3.8/site-packages/airflow/example_dags/tutorial.py
[2023-12-24T00:34:21.813+0000] {logging_mixin.py:154} INFO - [2023-12-24T00:34:21.813+0000] {dag.py:2941} INFO - Sync 1 DAGs
[2023-12-24T00:34:21.825+0000] {logging_mixin.py:154} INFO - [2023-12-24T00:34:21.825+0000] {dag.py:3722} INFO - Setting next_dagrun for tutorial to 2023-12-23T00:34:21.824864+00:00, run_after=2023-12-24T00:34:21.824864+00:00
[2023-12-24T00:34:21.834+0000] {processor.py:179} INFO - Processing /home/airflow/.local/lib/python3.8/site-packages/airflow/example_dags/tutorial.py took 0.044 seconds
[2023-12-24T00:51:36.961+0000] {processor.py:157} INFO - Started process (PID=6452) to work on /home/airflow/.local/lib/python3.8/site-packages/airflow/example_dags/tutorial.py
[2023-12-24T00:51:36.962+0000] {processor.py:829} INFO - Processing file /home/airflow/.local/lib/python3.8/site-packages/airflow/example_dags/tutorial.py for tasks to queue
[2023-12-24T00:51:36.964+0000] {logging_mixin.py:154} INFO - [2023-12-24T00:51:36.964+0000] {dagbag.py:536} INFO - Filling up the DagBag from /home/airflow/.local/lib/python3.8/site-packages/airflow/example_dags/tutorial.py
[2023-12-24T00:51:36.968+0000] {processor.py:839} INFO - DAG(s) dict_keys(['tutorial']) retrieved from /home/airflow/.local/lib/python3.8/site-packages/airflow/example_dags/tutorial.py
[2023-12-24T00:51:36.981+0000] {logging_mixin.py:154} INFO - [2023-12-24T00:51:36.981+0000] {dag.py:2941} INFO - Sync 1 DAGs
[2023-12-24T00:51:36.993+0000] {logging_mixin.py:154} INFO - [2023-12-24T00:51:36.993+0000] {dag.py:3722} INFO - Setting next_dagrun for tutorial to 2023-12-23T00:51:36.993019+00:00, run_after=2023-12-24T00:51:36.993019+00:00
[2023-12-24T00:51:37.003+0000] {processor.py:179} INFO - Processing /home/airflow/.local/lib/python3.8/site-packages/airflow/example_dags/tutorial.py took 0.044 seconds
[2023-12-24T00:52:07.312+0000] {processor.py:157} INFO - Started process (PID=6507) to work on /home/airflow/.local/lib/python3.8/site-packages/airflow/example_dags/tutorial.py
[2023-12-24T00:52:07.313+0000] {processor.py:829} INFO - Processing file /home/airflow/.local/lib/python3.8/site-packages/airflow/example_dags/tutorial.py for tasks to queue
[2023-12-24T00:52:07.315+0000] {logging_mixin.py:154} INFO - [2023-12-24T00:52:07.315+0000] {dagbag.py:536} INFO - Filling up the DagBag from /home/airflow/.local/lib/python3.8/site-packages/airflow/example_dags/tutorial.py
[2023-12-24T00:52:07.319+0000] {processor.py:839} INFO - DAG(s) dict_keys(['tutorial']) retrieved from /home/airflow/.local/lib/python3.8/site-packages/airflow/example_dags/tutorial.py
[2023-12-24T00:52:07.331+0000] {logging_mixin.py:154} INFO - [2023-12-24T00:52:07.331+0000] {dag.py:2941} INFO - Sync 1 DAGs
[2023-12-24T00:52:07.343+0000] {logging_mixin.py:154} INFO - [2023-12-24T00:52:07.343+0000] {dag.py:3722} INFO - Setting next_dagrun for tutorial to 2023-12-23T00:52:07.342872+00:00, run_after=2023-12-24T00:52:07.342872+00:00
[2023-12-24T00:52:07.352+0000] {processor.py:179} INFO - Processing /home/airflow/.local/lib/python3.8/site-packages/airflow/example_dags/tutorial.py took 0.042 seconds
[2023-12-24T01:08:53.679+0000] {processor.py:157} INFO - Started process (PID=6562) to work on /home/airflow/.local/lib/python3.8/site-packages/airflow/example_dags/tutorial.py
[2023-12-24T01:08:53.680+0000] {processor.py:829} INFO - Processing file /home/airflow/.local/lib/python3.8/site-packages/airflow/example_dags/tutorial.py for tasks to queue
[2023-12-24T01:08:53.683+0000] {logging_mixin.py:154} INFO - [2023-12-24T01:08:53.683+0000] {dagbag.py:536} INFO - Filling up the DagBag from /home/airflow/.local/lib/python3.8/site-packages/airflow/example_dags/tutorial.py
[2023-12-24T01:08:53.688+0000] {processor.py:839} INFO - DAG(s) dict_keys(['tutorial']) retrieved from /home/airflow/.local/lib/python3.8/site-packages/airflow/example_dags/tutorial.py
[2023-12-24T01:08:53.700+0000] {logging_mixin.py:154} INFO - [2023-12-24T01:08:53.700+0000] {dag.py:2941} INFO - Sync 1 DAGs
[2023-12-24T01:08:53.713+0000] {logging_mixin.py:154} INFO - [2023-12-24T01:08:53.712+0000] {dag.py:3722} INFO - Setting next_dagrun for tutorial to 2023-12-23T01:08:53.712791+00:00, run_after=2023-12-24T01:08:53.712791+00:00
[2023-12-24T01:08:53.722+0000] {processor.py:179} INFO - Processing /home/airflow/.local/lib/python3.8/site-packages/airflow/example_dags/tutorial.py took 0.045 seconds
[2023-12-24T01:26:17.844+0000] {processor.py:157} INFO - Started process (PID=6618) to work on /home/airflow/.local/lib/python3.8/site-packages/airflow/example_dags/tutorial.py
[2023-12-24T01:26:17.845+0000] {processor.py:829} INFO - Processing file /home/airflow/.local/lib/python3.8/site-packages/airflow/example_dags/tutorial.py for tasks to queue
[2023-12-24T01:26:17.847+0000] {logging_mixin.py:154} INFO - [2023-12-24T01:26:17.846+0000] {dagbag.py:536} INFO - Filling up the DagBag from /home/airflow/.local/lib/python3.8/site-packages/airflow/example_dags/tutorial.py
[2023-12-24T01:26:17.851+0000] {processor.py:839} INFO - DAG(s) dict_keys(['tutorial']) retrieved from /home/airflow/.local/lib/python3.8/site-packages/airflow/example_dags/tutorial.py
[2023-12-24T01:26:17.864+0000] {logging_mixin.py:154} INFO - [2023-12-24T01:26:17.864+0000] {dag.py:2941} INFO - Sync 1 DAGs
[2023-12-24T01:26:17.876+0000] {logging_mixin.py:154} INFO - [2023-12-24T01:26:17.876+0000] {dag.py:3722} INFO - Setting next_dagrun for tutorial to 2023-12-23T01:26:17.875885+00:00, run_after=2023-12-24T01:26:17.875885+00:00
[2023-12-24T01:26:17.885+0000] {processor.py:179} INFO - Processing /home/airflow/.local/lib/python3.8/site-packages/airflow/example_dags/tutorial.py took 0.044 seconds
[2023-12-24T01:26:48.108+0000] {processor.py:157} INFO - Started process (PID=6674) to work on /home/airflow/.local/lib/python3.8/site-packages/airflow/example_dags/tutorial.py
[2023-12-24T01:26:48.109+0000] {processor.py:829} INFO - Processing file /home/airflow/.local/lib/python3.8/site-packages/airflow/example_dags/tutorial.py for tasks to queue
[2023-12-24T01:26:48.111+0000] {logging_mixin.py:154} INFO - [2023-12-24T01:26:48.111+0000] {dagbag.py:536} INFO - Filling up the DagBag from /home/airflow/.local/lib/python3.8/site-packages/airflow/example_dags/tutorial.py
[2023-12-24T01:26:48.115+0000] {processor.py:839} INFO - DAG(s) dict_keys(['tutorial']) retrieved from /home/airflow/.local/lib/python3.8/site-packages/airflow/example_dags/tutorial.py
[2023-12-24T01:26:48.127+0000] {logging_mixin.py:154} INFO - [2023-12-24T01:26:48.127+0000] {dag.py:2941} INFO - Sync 1 DAGs
[2023-12-24T01:26:48.138+0000] {logging_mixin.py:154} INFO - [2023-12-24T01:26:48.138+0000] {dag.py:3722} INFO - Setting next_dagrun for tutorial to 2023-12-23T01:26:48.138238+00:00, run_after=2023-12-24T01:26:48.138238+00:00
[2023-12-24T01:26:48.148+0000] {processor.py:179} INFO - Processing /home/airflow/.local/lib/python3.8/site-packages/airflow/example_dags/tutorial.py took 0.042 seconds
[2023-12-24T01:39:27.738+0000] {processor.py:157} INFO - Started process (PID=6731) to work on /home/airflow/.local/lib/python3.8/site-packages/airflow/example_dags/tutorial.py
[2023-12-24T01:39:27.739+0000] {processor.py:829} INFO - Processing file /home/airflow/.local/lib/python3.8/site-packages/airflow/example_dags/tutorial.py for tasks to queue
[2023-12-24T01:39:27.741+0000] {logging_mixin.py:154} INFO - [2023-12-24T01:39:27.741+0000] {dagbag.py:536} INFO - Filling up the DagBag from /home/airflow/.local/lib/python3.8/site-packages/airflow/example_dags/tutorial.py
[2023-12-24T01:39:27.745+0000] {processor.py:839} INFO - DAG(s) dict_keys(['tutorial']) retrieved from /home/airflow/.local/lib/python3.8/site-packages/airflow/example_dags/tutorial.py
[2023-12-24T01:39:27.757+0000] {logging_mixin.py:154} INFO - [2023-12-24T01:39:27.757+0000] {dag.py:2941} INFO - Sync 1 DAGs
[2023-12-24T01:39:27.770+0000] {logging_mixin.py:154} INFO - [2023-12-24T01:39:27.770+0000] {dag.py:3722} INFO - Setting next_dagrun for tutorial to 2023-12-23T01:39:27.770412+00:00, run_after=2023-12-24T01:39:27.770412+00:00
[2023-12-24T01:39:27.780+0000] {processor.py:179} INFO - Processing /home/airflow/.local/lib/python3.8/site-packages/airflow/example_dags/tutorial.py took 0.045 seconds
[2023-12-24T01:39:58.052+0000] {processor.py:157} INFO - Started process (PID=6786) to work on /home/airflow/.local/lib/python3.8/site-packages/airflow/example_dags/tutorial.py
[2023-12-24T01:39:58.054+0000] {processor.py:829} INFO - Processing file /home/airflow/.local/lib/python3.8/site-packages/airflow/example_dags/tutorial.py for tasks to queue
[2023-12-24T01:39:58.057+0000] {logging_mixin.py:154} INFO - [2023-12-24T01:39:58.056+0000] {dagbag.py:536} INFO - Filling up the DagBag from /home/airflow/.local/lib/python3.8/site-packages/airflow/example_dags/tutorial.py
[2023-12-24T01:39:58.062+0000] {processor.py:839} INFO - DAG(s) dict_keys(['tutorial']) retrieved from /home/airflow/.local/lib/python3.8/site-packages/airflow/example_dags/tutorial.py
[2023-12-24T01:39:58.078+0000] {logging_mixin.py:154} INFO - [2023-12-24T01:39:58.078+0000] {dag.py:2941} INFO - Sync 1 DAGs
[2023-12-24T01:39:58.091+0000] {logging_mixin.py:154} INFO - [2023-12-24T01:39:58.091+0000] {dag.py:3722} INFO - Setting next_dagrun for tutorial to 2023-12-23T01:39:58.091460+00:00, run_after=2023-12-24T01:39:58.091460+00:00
[2023-12-24T01:39:58.102+0000] {processor.py:179} INFO - Processing /home/airflow/.local/lib/python3.8/site-packages/airflow/example_dags/tutorial.py took 0.052 seconds
[2023-12-24T01:40:28.348+0000] {processor.py:157} INFO - Started process (PID=6841) to work on /home/airflow/.local/lib/python3.8/site-packages/airflow/example_dags/tutorial.py
[2023-12-24T01:40:28.349+0000] {processor.py:829} INFO - Processing file /home/airflow/.local/lib/python3.8/site-packages/airflow/example_dags/tutorial.py for tasks to queue
[2023-12-24T01:40:28.351+0000] {logging_mixin.py:154} INFO - [2023-12-24T01:40:28.351+0000] {dagbag.py:536} INFO - Filling up the DagBag from /home/airflow/.local/lib/python3.8/site-packages/airflow/example_dags/tutorial.py
[2023-12-24T01:40:28.355+0000] {processor.py:839} INFO - DAG(s) dict_keys(['tutorial']) retrieved from /home/airflow/.local/lib/python3.8/site-packages/airflow/example_dags/tutorial.py
[2023-12-24T01:40:28.369+0000] {logging_mixin.py:154} INFO - [2023-12-24T01:40:28.369+0000] {dag.py:2941} INFO - Sync 1 DAGs
[2023-12-24T01:40:28.381+0000] {logging_mixin.py:154} INFO - [2023-12-24T01:40:28.381+0000] {dag.py:3722} INFO - Setting next_dagrun for tutorial to 2023-12-23T01:40:28.380998+00:00, run_after=2023-12-24T01:40:28.380998+00:00
[2023-12-24T01:40:28.391+0000] {processor.py:179} INFO - Processing /home/airflow/.local/lib/python3.8/site-packages/airflow/example_dags/tutorial.py took 0.045 seconds
[2023-12-24T01:41:30.921+0000] {processor.py:157} INFO - Started process (PID=68) to work on /home/airflow/.local/lib/python3.8/site-packages/airflow/example_dags/tutorial.py
[2023-12-24T01:41:30.924+0000] {processor.py:829} INFO - Processing file /home/airflow/.local/lib/python3.8/site-packages/airflow/example_dags/tutorial.py for tasks to queue
[2023-12-24T01:41:30.928+0000] {logging_mixin.py:154} INFO - [2023-12-24T01:41:30.927+0000] {dagbag.py:536} INFO - Filling up the DagBag from /home/airflow/.local/lib/python3.8/site-packages/airflow/example_dags/tutorial.py
[2023-12-24T01:41:30.936+0000] {processor.py:839} INFO - DAG(s) dict_keys(['tutorial']) retrieved from /home/airflow/.local/lib/python3.8/site-packages/airflow/example_dags/tutorial.py
[2023-12-24T01:41:30.947+0000] {logging_mixin.py:154} INFO - [2023-12-24T01:41:30.947+0000] {dag.py:2941} INFO - Sync 1 DAGs
[2023-12-24T01:41:30.963+0000] {logging_mixin.py:154} INFO - [2023-12-24T01:41:30.963+0000] {dag.py:3722} INFO - Setting next_dagrun for tutorial to 2023-12-23T01:41:30.963447+00:00, run_after=2023-12-24T01:41:30.963447+00:00
[2023-12-24T01:41:30.983+0000] {processor.py:179} INFO - Processing /home/airflow/.local/lib/python3.8/site-packages/airflow/example_dags/tutorial.py took 0.068 seconds
[2023-12-24T01:42:01.385+0000] {processor.py:157} INFO - Started process (PID=124) to work on /home/airflow/.local/lib/python3.8/site-packages/airflow/example_dags/tutorial.py
[2023-12-24T01:42:01.386+0000] {processor.py:829} INFO - Processing file /home/airflow/.local/lib/python3.8/site-packages/airflow/example_dags/tutorial.py for tasks to queue
[2023-12-24T01:42:01.388+0000] {logging_mixin.py:154} INFO - [2023-12-24T01:42:01.388+0000] {dagbag.py:536} INFO - Filling up the DagBag from /home/airflow/.local/lib/python3.8/site-packages/airflow/example_dags/tutorial.py
[2023-12-24T01:42:01.392+0000] {processor.py:839} INFO - DAG(s) dict_keys(['tutorial']) retrieved from /home/airflow/.local/lib/python3.8/site-packages/airflow/example_dags/tutorial.py
[2023-12-24T01:42:01.405+0000] {logging_mixin.py:154} INFO - [2023-12-24T01:42:01.405+0000] {dag.py:2941} INFO - Sync 1 DAGs
[2023-12-24T01:42:01.417+0000] {logging_mixin.py:154} INFO - [2023-12-24T01:42:01.417+0000] {dag.py:3722} INFO - Setting next_dagrun for tutorial to 2023-12-23T01:42:01.416871+00:00, run_after=2023-12-24T01:42:01.416871+00:00
[2023-12-24T01:42:01.428+0000] {processor.py:179} INFO - Processing /home/airflow/.local/lib/python3.8/site-packages/airflow/example_dags/tutorial.py took 0.045 seconds
[2023-12-24T01:42:31.662+0000] {processor.py:157} INFO - Started process (PID=179) to work on /home/airflow/.local/lib/python3.8/site-packages/airflow/example_dags/tutorial.py
[2023-12-24T01:42:31.664+0000] {processor.py:829} INFO - Processing file /home/airflow/.local/lib/python3.8/site-packages/airflow/example_dags/tutorial.py for tasks to queue
[2023-12-24T01:42:31.665+0000] {logging_mixin.py:154} INFO - [2023-12-24T01:42:31.665+0000] {dagbag.py:536} INFO - Filling up the DagBag from /home/airflow/.local/lib/python3.8/site-packages/airflow/example_dags/tutorial.py
[2023-12-24T01:42:31.670+0000] {processor.py:839} INFO - DAG(s) dict_keys(['tutorial']) retrieved from /home/airflow/.local/lib/python3.8/site-packages/airflow/example_dags/tutorial.py
[2023-12-24T01:42:31.683+0000] {logging_mixin.py:154} INFO - [2023-12-24T01:42:31.683+0000] {dag.py:2941} INFO - Sync 1 DAGs
[2023-12-24T01:42:31.696+0000] {logging_mixin.py:154} INFO - [2023-12-24T01:42:31.696+0000] {dag.py:3722} INFO - Setting next_dagrun for tutorial to 2023-12-23T01:42:31.696274+00:00, run_after=2023-12-24T01:42:31.696274+00:00
[2023-12-24T01:42:31.707+0000] {processor.py:179} INFO - Processing /home/airflow/.local/lib/python3.8/site-packages/airflow/example_dags/tutorial.py took 0.046 seconds
[2023-12-24T01:43:03.364+0000] {processor.py:157} INFO - Started process (PID=234) to work on /home/airflow/.local/lib/python3.8/site-packages/airflow/example_dags/tutorial.py
[2023-12-24T01:43:03.365+0000] {processor.py:829} INFO - Processing file /home/airflow/.local/lib/python3.8/site-packages/airflow/example_dags/tutorial.py for tasks to queue
[2023-12-24T01:43:03.367+0000] {logging_mixin.py:154} INFO - [2023-12-24T01:43:03.366+0000] {dagbag.py:536} INFO - Filling up the DagBag from /home/airflow/.local/lib/python3.8/site-packages/airflow/example_dags/tutorial.py
[2023-12-24T01:43:03.371+0000] {processor.py:839} INFO - DAG(s) dict_keys(['tutorial']) retrieved from /home/airflow/.local/lib/python3.8/site-packages/airflow/example_dags/tutorial.py
[2023-12-24T01:43:03.385+0000] {logging_mixin.py:154} INFO - [2023-12-24T01:43:03.384+0000] {dag.py:2941} INFO - Sync 1 DAGs
[2023-12-24T01:43:03.398+0000] {logging_mixin.py:154} INFO - [2023-12-24T01:43:03.398+0000] {dag.py:3722} INFO - Setting next_dagrun for tutorial to 2023-12-23T01:43:03.398473+00:00, run_after=2023-12-24T01:43:03.398473+00:00
[2023-12-24T01:43:03.410+0000] {processor.py:179} INFO - Processing /home/airflow/.local/lib/python3.8/site-packages/airflow/example_dags/tutorial.py took 0.049 seconds
[2023-12-24T01:43:34.027+0000] {processor.py:157} INFO - Started process (PID=290) to work on /home/airflow/.local/lib/python3.8/site-packages/airflow/example_dags/tutorial.py
[2023-12-24T01:43:34.029+0000] {processor.py:829} INFO - Processing file /home/airflow/.local/lib/python3.8/site-packages/airflow/example_dags/tutorial.py for tasks to queue
[2023-12-24T01:43:34.031+0000] {logging_mixin.py:154} INFO - [2023-12-24T01:43:34.031+0000] {dagbag.py:536} INFO - Filling up the DagBag from /home/airflow/.local/lib/python3.8/site-packages/airflow/example_dags/tutorial.py
[2023-12-24T01:43:34.036+0000] {processor.py:839} INFO - DAG(s) dict_keys(['tutorial']) retrieved from /home/airflow/.local/lib/python3.8/site-packages/airflow/example_dags/tutorial.py
[2023-12-24T01:43:34.053+0000] {logging_mixin.py:154} INFO - [2023-12-24T01:43:34.053+0000] {dag.py:2941} INFO - Sync 1 DAGs
[2023-12-24T01:43:34.175+0000] {logging_mixin.py:154} INFO - [2023-12-24T01:43:34.175+0000] {dag.py:3722} INFO - Setting next_dagrun for tutorial to 2023-12-23T01:43:34.175205+00:00, run_after=2023-12-24T01:43:34.175205+00:00
[2023-12-24T01:43:34.186+0000] {processor.py:179} INFO - Processing /home/airflow/.local/lib/python3.8/site-packages/airflow/example_dags/tutorial.py took 0.162 seconds
[2023-12-24T01:44:04.842+0000] {processor.py:157} INFO - Started process (PID=345) to work on /home/airflow/.local/lib/python3.8/site-packages/airflow/example_dags/tutorial.py
[2023-12-24T01:44:04.844+0000] {processor.py:829} INFO - Processing file /home/airflow/.local/lib/python3.8/site-packages/airflow/example_dags/tutorial.py for tasks to queue
[2023-12-24T01:44:04.846+0000] {logging_mixin.py:154} INFO - [2023-12-24T01:44:04.846+0000] {dagbag.py:536} INFO - Filling up the DagBag from /home/airflow/.local/lib/python3.8/site-packages/airflow/example_dags/tutorial.py
[2023-12-24T01:44:04.851+0000] {processor.py:839} INFO - DAG(s) dict_keys(['tutorial']) retrieved from /home/airflow/.local/lib/python3.8/site-packages/airflow/example_dags/tutorial.py
[2023-12-24T01:44:04.866+0000] {logging_mixin.py:154} INFO - [2023-12-24T01:44:04.866+0000] {dag.py:2941} INFO - Sync 1 DAGs
[2023-12-24T01:44:04.879+0000] {logging_mixin.py:154} INFO - [2023-12-24T01:44:04.879+0000] {dag.py:3722} INFO - Setting next_dagrun for tutorial to 2023-12-23T01:44:04.879501+00:00, run_after=2023-12-24T01:44:04.879501+00:00
[2023-12-24T01:44:04.893+0000] {processor.py:179} INFO - Processing /home/airflow/.local/lib/python3.8/site-packages/airflow/example_dags/tutorial.py took 0.053 seconds
[2023-12-24T01:44:35.753+0000] {processor.py:157} INFO - Started process (PID=401) to work on /home/airflow/.local/lib/python3.8/site-packages/airflow/example_dags/tutorial.py
[2023-12-24T01:44:35.754+0000] {processor.py:829} INFO - Processing file /home/airflow/.local/lib/python3.8/site-packages/airflow/example_dags/tutorial.py for tasks to queue
[2023-12-24T01:44:35.756+0000] {logging_mixin.py:154} INFO - [2023-12-24T01:44:35.756+0000] {dagbag.py:536} INFO - Filling up the DagBag from /home/airflow/.local/lib/python3.8/site-packages/airflow/example_dags/tutorial.py
[2023-12-24T01:44:35.761+0000] {processor.py:839} INFO - DAG(s) dict_keys(['tutorial']) retrieved from /home/airflow/.local/lib/python3.8/site-packages/airflow/example_dags/tutorial.py
[2023-12-24T01:44:35.775+0000] {logging_mixin.py:154} INFO - [2023-12-24T01:44:35.775+0000] {dag.py:2941} INFO - Sync 1 DAGs
[2023-12-24T01:44:35.788+0000] {logging_mixin.py:154} INFO - [2023-12-24T01:44:35.788+0000] {dag.py:3722} INFO - Setting next_dagrun for tutorial to 2023-12-23T01:44:35.788109+00:00, run_after=2023-12-24T01:44:35.788109+00:00
[2023-12-24T01:44:35.798+0000] {processor.py:179} INFO - Processing /home/airflow/.local/lib/python3.8/site-packages/airflow/example_dags/tutorial.py took 0.047 seconds
[2023-12-24T01:45:06.472+0000] {processor.py:157} INFO - Started process (PID=456) to work on /home/airflow/.local/lib/python3.8/site-packages/airflow/example_dags/tutorial.py
[2023-12-24T01:45:06.474+0000] {processor.py:829} INFO - Processing file /home/airflow/.local/lib/python3.8/site-packages/airflow/example_dags/tutorial.py for tasks to queue
[2023-12-24T01:45:06.476+0000] {logging_mixin.py:154} INFO - [2023-12-24T01:45:06.476+0000] {dagbag.py:536} INFO - Filling up the DagBag from /home/airflow/.local/lib/python3.8/site-packages/airflow/example_dags/tutorial.py
[2023-12-24T01:45:06.481+0000] {processor.py:839} INFO - DAG(s) dict_keys(['tutorial']) retrieved from /home/airflow/.local/lib/python3.8/site-packages/airflow/example_dags/tutorial.py
[2023-12-24T01:45:06.596+0000] {logging_mixin.py:154} INFO - [2023-12-24T01:45:06.596+0000] {dag.py:2941} INFO - Sync 1 DAGs
[2023-12-24T01:45:06.606+0000] {logging_mixin.py:154} INFO - [2023-12-24T01:45:06.606+0000] {dag.py:3722} INFO - Setting next_dagrun for tutorial to 2023-12-23T01:45:06.606000+00:00, run_after=2023-12-24T01:45:06.606000+00:00
[2023-12-24T01:45:06.616+0000] {processor.py:179} INFO - Processing /home/airflow/.local/lib/python3.8/site-packages/airflow/example_dags/tutorial.py took 0.146 seconds
[2023-12-24T01:45:37.082+0000] {processor.py:157} INFO - Started process (PID=512) to work on /home/airflow/.local/lib/python3.8/site-packages/airflow/example_dags/tutorial.py
[2023-12-24T01:45:37.084+0000] {processor.py:829} INFO - Processing file /home/airflow/.local/lib/python3.8/site-packages/airflow/example_dags/tutorial.py for tasks to queue
[2023-12-24T01:45:37.086+0000] {logging_mixin.py:154} INFO - [2023-12-24T01:45:37.086+0000] {dagbag.py:536} INFO - Filling up the DagBag from /home/airflow/.local/lib/python3.8/site-packages/airflow/example_dags/tutorial.py
[2023-12-24T01:45:37.091+0000] {processor.py:839} INFO - DAG(s) dict_keys(['tutorial']) retrieved from /home/airflow/.local/lib/python3.8/site-packages/airflow/example_dags/tutorial.py
[2023-12-24T01:45:37.104+0000] {logging_mixin.py:154} INFO - [2023-12-24T01:45:37.104+0000] {dag.py:2941} INFO - Sync 1 DAGs
[2023-12-24T01:45:37.235+0000] {logging_mixin.py:154} INFO - [2023-12-24T01:45:37.235+0000] {dag.py:3722} INFO - Setting next_dagrun for tutorial to 2023-12-23T01:45:37.235220+00:00, run_after=2023-12-24T01:45:37.235220+00:00
[2023-12-24T01:45:37.246+0000] {processor.py:179} INFO - Processing /home/airflow/.local/lib/python3.8/site-packages/airflow/example_dags/tutorial.py took 0.166 seconds
[2023-12-24T01:46:07.983+0000] {processor.py:157} INFO - Started process (PID=567) to work on /home/airflow/.local/lib/python3.8/site-packages/airflow/example_dags/tutorial.py
[2023-12-24T01:46:07.984+0000] {processor.py:829} INFO - Processing file /home/airflow/.local/lib/python3.8/site-packages/airflow/example_dags/tutorial.py for tasks to queue
[2023-12-24T01:46:07.986+0000] {logging_mixin.py:154} INFO - [2023-12-24T01:46:07.986+0000] {dagbag.py:536} INFO - Filling up the DagBag from /home/airflow/.local/lib/python3.8/site-packages/airflow/example_dags/tutorial.py
[2023-12-24T01:46:07.991+0000] {processor.py:839} INFO - DAG(s) dict_keys(['tutorial']) retrieved from /home/airflow/.local/lib/python3.8/site-packages/airflow/example_dags/tutorial.py
[2023-12-24T01:46:08.005+0000] {logging_mixin.py:154} INFO - [2023-12-24T01:46:08.005+0000] {dag.py:2941} INFO - Sync 1 DAGs
[2023-12-24T01:46:08.019+0000] {logging_mixin.py:154} INFO - [2023-12-24T01:46:08.019+0000] {dag.py:3722} INFO - Setting next_dagrun for tutorial to 2023-12-23T01:46:08.019579+00:00, run_after=2023-12-24T01:46:08.019579+00:00
[2023-12-24T01:46:08.143+0000] {processor.py:179} INFO - Processing /home/airflow/.local/lib/python3.8/site-packages/airflow/example_dags/tutorial.py took 0.162 seconds
[2023-12-24T01:46:38.174+0000] {processor.py:157} INFO - Started process (PID=622) to work on /home/airflow/.local/lib/python3.8/site-packages/airflow/example_dags/tutorial.py
[2023-12-24T01:46:38.175+0000] {processor.py:829} INFO - Processing file /home/airflow/.local/lib/python3.8/site-packages/airflow/example_dags/tutorial.py for tasks to queue
[2023-12-24T01:46:38.177+0000] {logging_mixin.py:154} INFO - [2023-12-24T01:46:38.177+0000] {dagbag.py:536} INFO - Filling up the DagBag from /home/airflow/.local/lib/python3.8/site-packages/airflow/example_dags/tutorial.py
[2023-12-24T01:46:38.182+0000] {processor.py:839} INFO - DAG(s) dict_keys(['tutorial']) retrieved from /home/airflow/.local/lib/python3.8/site-packages/airflow/example_dags/tutorial.py
[2023-12-24T01:46:38.195+0000] {logging_mixin.py:154} INFO - [2023-12-24T01:46:38.195+0000] {dag.py:2941} INFO - Sync 1 DAGs
[2023-12-24T01:46:38.206+0000] {logging_mixin.py:154} INFO - [2023-12-24T01:46:38.206+0000] {dag.py:3722} INFO - Setting next_dagrun for tutorial to 2023-12-23T01:46:38.206495+00:00, run_after=2023-12-24T01:46:38.206495+00:00
[2023-12-24T01:46:38.216+0000] {processor.py:179} INFO - Processing /home/airflow/.local/lib/python3.8/site-packages/airflow/example_dags/tutorial.py took 0.045 seconds
